<?xml version="1.0" encoding="UTF-8"?>
<testsuite xmlns:xsi="http://www.w3.org/2001/XMLSchema-instance" xsi:noNamespaceSchemaLocation="https://maven.apache.org/surefire/maven-surefire-plugin/xsd/surefire-test-report-3.0.xsd" version="3.0" name="com.example.tests.APITests" time="53.451" tests="8" errors="0" skipped="0" failures="0">
  <properties>
    <property name="java.specification.version" value="17"/>
    <property name="sun.jnu.encoding" value="UTF-8"/>
    <property name="java.class.path" value="/Users/kimphung/PaymentOrderAPI/target/test-classes:/Users/kimphung/PaymentOrderAPI/target/classes:/Users/kimphung/.m2/repository/org/junit/jupiter/junit-jupiter-api/5.10.2/junit-jupiter-api-5.10.2.jar:/Users/kimphung/.m2/repository/org/opentest4j/opentest4j/1.3.0/opentest4j-1.3.0.jar:/Users/kimphung/.m2/repository/org/junit/platform/junit-platform-commons/1.10.2/junit-platform-commons-1.10.2.jar:/Users/kimphung/.m2/repository/org/apiguardian/apiguardian-api/1.1.2/apiguardian-api-1.1.2.jar:/Users/kimphung/.m2/repository/org/junit/jupiter/junit-jupiter-engine/5.10.2/junit-jupiter-engine-5.10.2.jar:/Users/kimphung/.m2/repository/org/junit/platform/junit-platform-engine/1.10.2/junit-platform-engine-1.10.2.jar:/Users/kimphung/.m2/repository/ch/qos/logback/logback-classic/1.4.14/logback-classic-1.4.14.jar:/Users/kimphung/.m2/repository/ch/qos/logback/logback-core/1.4.14/logback-core-1.4.14.jar:/Users/kimphung/.m2/repository/org/slf4j/slf4j-api/2.0.7/slf4j-api-2.0.7.jar:/Users/kimphung/.m2/repository/com/fasterxml/jackson/core/jackson-databind/2.15.2/jackson-databind-2.15.2.jar:/Users/kimphung/.m2/repository/com/fasterxml/jackson/core/jackson-annotations/2.15.2/jackson-annotations-2.15.2.jar:/Users/kimphung/.m2/repository/com/fasterxml/jackson/core/jackson-core/2.15.2/jackson-core-2.15.2.jar:/Users/kimphung/.m2/repository/commons-codec/commons-codec/1.16.0/commons-codec-1.16.0.jar:/Users/kimphung/.m2/repository/io/qameta/allure/allure-junit5/2.27.0/allure-junit5-2.27.0.jar:/Users/kimphung/.m2/repository/io/qameta/allure/allure-junit-platform/2.27.0/allure-junit-platform-2.27.0.jar:/Users/kimphung/.m2/repository/io/qameta/allure/allure-test-filter/2.27.0/allure-test-filter-2.27.0.jar:/Users/kimphung/.m2/repository/org/junit/platform/junit-platform-launcher/1.9.2/junit-platform-launcher-1.9.2.jar:/Users/kimphung/.m2/repository/io/qameta/allure/allure-java-commons/2.27.0/allure-java-commons-2.27.0.jar:/Users/kimphung/.m2/repository/io/qameta/allure/allure-model/2.27.0/allure-model-2.27.0.jar:/Users/kimphung/.m2/repository/io/rest-assured/rest-assured/5.1.1/rest-assured-5.1.1.jar:/Users/kimphung/.m2/repository/org/apache/groovy/groovy/4.0.1/groovy-4.0.1.jar:/Users/kimphung/.m2/repository/org/apache/groovy/groovy-xml/4.0.1/groovy-xml-4.0.1.jar:/Users/kimphung/.m2/repository/org/apache/httpcomponents/httpclient/4.5.13/httpclient-4.5.13.jar:/Users/kimphung/.m2/repository/org/apache/httpcomponents/httpcore/4.4.13/httpcore-4.4.13.jar:/Users/kimphung/.m2/repository/commons-logging/commons-logging/1.2/commons-logging-1.2.jar:/Users/kimphung/.m2/repository/org/apache/httpcomponents/httpmime/4.5.13/httpmime-4.5.13.jar:/Users/kimphung/.m2/repository/org/hamcrest/hamcrest/2.1/hamcrest-2.1.jar:/Users/kimphung/.m2/repository/org/ccil/cowan/tagsoup/tagsoup/1.2.1/tagsoup-1.2.1.jar:/Users/kimphung/.m2/repository/io/rest-assured/json-path/5.1.1/json-path-5.1.1.jar:/Users/kimphung/.m2/repository/org/apache/groovy/groovy-json/4.0.1/groovy-json-4.0.1.jar:/Users/kimphung/.m2/repository/io/rest-assured/rest-assured-common/5.1.1/rest-assured-common-5.1.1.jar:/Users/kimphung/.m2/repository/io/rest-assured/xml-path/5.1.1/xml-path-5.1.1.jar:/Users/kimphung/.m2/repository/org/apache/commons/commons-lang3/3.11/commons-lang3-3.11.jar:/Users/kimphung/.m2/repository/org/bouncycastle/bcpkix-jdk18on/1.78/bcpkix-jdk18on-1.78.jar:/Users/kimphung/.m2/repository/org/bouncycastle/bcprov-jdk18on/1.78/bcprov-jdk18on-1.78.jar:/Users/kimphung/.m2/repository/org/bouncycastle/bcutil-jdk18on/1.78/bcutil-jdk18on-1.78.jar:/Users/kimphung/.m2/repository/org/springframework/spring-context/6.1.5/spring-context-6.1.5.jar:/Users/kimphung/.m2/repository/org/springframework/spring-aop/6.1.5/spring-aop-6.1.5.jar:/Users/kimphung/.m2/repository/org/springframework/spring-beans/6.1.5/spring-beans-6.1.5.jar:/Users/kimphung/.m2/repository/org/springframework/spring-core/6.1.5/spring-core-6.1.5.jar:/Users/kimphung/.m2/repository/org/springframework/spring-jcl/6.1.5/spring-jcl-6.1.5.jar:/Users/kimphung/.m2/repository/org/springframework/spring-expression/6.1.5/spring-expression-6.1.5.jar:/Users/kimphung/.m2/repository/io/micrometer/micrometer-observation/1.12.4/micrometer-observation-1.12.4.jar:/Users/kimphung/.m2/repository/io/micrometer/micrometer-commons/1.12.4/micrometer-commons-1.12.4.jar:/Users/kimphung/.m2/repository/org/springframework/spring-test/6.1.5/spring-test-6.1.5.jar:/Users/kimphung/.m2/repository/org/springframework/boot/spring-boot-starter-test/3.1.5/spring-boot-starter-test-3.1.5.jar:/Users/kimphung/.m2/repository/org/springframework/boot/spring-boot-starter/3.1.5/spring-boot-starter-3.1.5.jar:/Users/kimphung/.m2/repository/org/springframework/boot/spring-boot/3.1.5/spring-boot-3.1.5.jar:/Users/kimphung/.m2/repository/org/springframework/boot/spring-boot-autoconfigure/3.1.5/spring-boot-autoconfigure-3.1.5.jar:/Users/kimphung/.m2/repository/org/springframework/boot/spring-boot-starter-logging/3.1.5/spring-boot-starter-logging-3.1.5.jar:/Users/kimphung/.m2/repository/org/apache/logging/log4j/log4j-to-slf4j/2.20.0/log4j-to-slf4j-2.20.0.jar:/Users/kimphung/.m2/repository/org/apache/logging/log4j/log4j-api/2.20.0/log4j-api-2.20.0.jar:/Users/kimphung/.m2/repository/org/slf4j/jul-to-slf4j/2.0.9/jul-to-slf4j-2.0.9.jar:/Users/kimphung/.m2/repository/jakarta/annotation/jakarta.annotation-api/2.1.1/jakarta.annotation-api-2.1.1.jar:/Users/kimphung/.m2/repository/org/yaml/snakeyaml/1.33/snakeyaml-1.33.jar:/Users/kimphung/.m2/repository/org/springframework/boot/spring-boot-test/3.1.5/spring-boot-test-3.1.5.jar:/Users/kimphung/.m2/repository/org/springframework/boot/spring-boot-test-autoconfigure/3.1.5/spring-boot-test-autoconfigure-3.1.5.jar:/Users/kimphung/.m2/repository/com/jayway/jsonpath/json-path/2.8.0/json-path-2.8.0.jar:/Users/kimphung/.m2/repository/jakarta/xml/bind/jakarta.xml.bind-api/4.0.1/jakarta.xml.bind-api-4.0.1.jar:/Users/kimphung/.m2/repository/jakarta/activation/jakarta.activation-api/2.1.2/jakarta.activation-api-2.1.2.jar:/Users/kimphung/.m2/repository/net/minidev/json-smart/2.4.11/json-smart-2.4.11.jar:/Users/kimphung/.m2/repository/net/minidev/accessors-smart/2.4.11/accessors-smart-2.4.11.jar:/Users/kimphung/.m2/repository/org/ow2/asm/asm/9.3/asm-9.3.jar:/Users/kimphung/.m2/repository/org/assertj/assertj-core/3.24.2/assertj-core-3.24.2.jar:/Users/kimphung/.m2/repository/net/bytebuddy/byte-buddy/1.12.21/byte-buddy-1.12.21.jar:/Users/kimphung/.m2/repository/org/junit/jupiter/junit-jupiter/5.9.3/junit-jupiter-5.9.3.jar:/Users/kimphung/.m2/repository/org/junit/jupiter/junit-jupiter-params/5.9.3/junit-jupiter-params-5.9.3.jar:/Users/kimphung/.m2/repository/org/mockito/mockito-core/5.3.1/mockito-core-5.3.1.jar:/Users/kimphung/.m2/repository/net/bytebuddy/byte-buddy-agent/1.14.4/byte-buddy-agent-1.14.4.jar:/Users/kimphung/.m2/repository/org/objenesis/objenesis/3.3/objenesis-3.3.jar:/Users/kimphung/.m2/repository/org/mockito/mockito-junit-jupiter/5.3.1/mockito-junit-jupiter-5.3.1.jar:/Users/kimphung/.m2/repository/org/skyscreamer/jsonassert/1.5.1/jsonassert-1.5.1.jar:/Users/kimphung/.m2/repository/com/vaadin/external/google/android-json/0.0.20131108.vaadin1/android-json-0.0.20131108.vaadin1.jar:/Users/kimphung/.m2/repository/org/xmlunit/xmlunit-core/2.9.1/xmlunit-core-2.9.1.jar:"/>
    <property name="java.vm.vendor" value="Oracle Corporation"/>
    <property name="sun.arch.data.model" value="64"/>
    <property name="java.vendor.url" value="https://java.oracle.com/"/>
    <property name="user.timezone" value="Asia/Ho_Chi_Minh"/>
    <property name="os.name" value="Mac OS X"/>
    <property name="java.vm.specification.version" value="17"/>
    <property name="sun.java.launcher" value="SUN_STANDARD"/>
    <property name="user.country" value="VN"/>
    <property name="sun.boot.library.path" value="/Library/Java/JavaVirtualMachines/jdk-17.jdk/Contents/Home/lib"/>
    <property name="sun.java.command" value="/Users/kimphung/PaymentOrderAPI/target/surefire/surefirebooter-20250414032610289_3.jar /Users/kimphung/PaymentOrderAPI/target/surefire 2025-04-14T03-26-10_239-jvmRun1 surefire-20250414032610289_1tmp surefire_0-20250414032610289_2tmp"/>
    <property name="http.nonProxyHosts" value="local|*.local|169.254/16|*.169.254/16"/>
    <property name="jdk.debug" value="release"/>
    <property name="surefire.test.class.path" value="/Users/kimphung/PaymentOrderAPI/target/test-classes:/Users/kimphung/PaymentOrderAPI/target/classes:/Users/kimphung/.m2/repository/org/junit/jupiter/junit-jupiter-api/5.10.2/junit-jupiter-api-5.10.2.jar:/Users/kimphung/.m2/repository/org/opentest4j/opentest4j/1.3.0/opentest4j-1.3.0.jar:/Users/kimphung/.m2/repository/org/junit/platform/junit-platform-commons/1.10.2/junit-platform-commons-1.10.2.jar:/Users/kimphung/.m2/repository/org/apiguardian/apiguardian-api/1.1.2/apiguardian-api-1.1.2.jar:/Users/kimphung/.m2/repository/org/junit/jupiter/junit-jupiter-engine/5.10.2/junit-jupiter-engine-5.10.2.jar:/Users/kimphung/.m2/repository/org/junit/platform/junit-platform-engine/1.10.2/junit-platform-engine-1.10.2.jar:/Users/kimphung/.m2/repository/ch/qos/logback/logback-classic/1.4.14/logback-classic-1.4.14.jar:/Users/kimphung/.m2/repository/ch/qos/logback/logback-core/1.4.14/logback-core-1.4.14.jar:/Users/kimphung/.m2/repository/org/slf4j/slf4j-api/2.0.7/slf4j-api-2.0.7.jar:/Users/kimphung/.m2/repository/com/fasterxml/jackson/core/jackson-databind/2.15.2/jackson-databind-2.15.2.jar:/Users/kimphung/.m2/repository/com/fasterxml/jackson/core/jackson-annotations/2.15.2/jackson-annotations-2.15.2.jar:/Users/kimphung/.m2/repository/com/fasterxml/jackson/core/jackson-core/2.15.2/jackson-core-2.15.2.jar:/Users/kimphung/.m2/repository/commons-codec/commons-codec/1.16.0/commons-codec-1.16.0.jar:/Users/kimphung/.m2/repository/io/qameta/allure/allure-junit5/2.27.0/allure-junit5-2.27.0.jar:/Users/kimphung/.m2/repository/io/qameta/allure/allure-junit-platform/2.27.0/allure-junit-platform-2.27.0.jar:/Users/kimphung/.m2/repository/io/qameta/allure/allure-test-filter/2.27.0/allure-test-filter-2.27.0.jar:/Users/kimphung/.m2/repository/org/junit/platform/junit-platform-launcher/1.9.2/junit-platform-launcher-1.9.2.jar:/Users/kimphung/.m2/repository/io/qameta/allure/allure-java-commons/2.27.0/allure-java-commons-2.27.0.jar:/Users/kimphung/.m2/repository/io/qameta/allure/allure-model/2.27.0/allure-model-2.27.0.jar:/Users/kimphung/.m2/repository/io/rest-assured/rest-assured/5.1.1/rest-assured-5.1.1.jar:/Users/kimphung/.m2/repository/org/apache/groovy/groovy/4.0.1/groovy-4.0.1.jar:/Users/kimphung/.m2/repository/org/apache/groovy/groovy-xml/4.0.1/groovy-xml-4.0.1.jar:/Users/kimphung/.m2/repository/org/apache/httpcomponents/httpclient/4.5.13/httpclient-4.5.13.jar:/Users/kimphung/.m2/repository/org/apache/httpcomponents/httpcore/4.4.13/httpcore-4.4.13.jar:/Users/kimphung/.m2/repository/commons-logging/commons-logging/1.2/commons-logging-1.2.jar:/Users/kimphung/.m2/repository/org/apache/httpcomponents/httpmime/4.5.13/httpmime-4.5.13.jar:/Users/kimphung/.m2/repository/org/hamcrest/hamcrest/2.1/hamcrest-2.1.jar:/Users/kimphung/.m2/repository/org/ccil/cowan/tagsoup/tagsoup/1.2.1/tagsoup-1.2.1.jar:/Users/kimphung/.m2/repository/io/rest-assured/json-path/5.1.1/json-path-5.1.1.jar:/Users/kimphung/.m2/repository/org/apache/groovy/groovy-json/4.0.1/groovy-json-4.0.1.jar:/Users/kimphung/.m2/repository/io/rest-assured/rest-assured-common/5.1.1/rest-assured-common-5.1.1.jar:/Users/kimphung/.m2/repository/io/rest-assured/xml-path/5.1.1/xml-path-5.1.1.jar:/Users/kimphung/.m2/repository/org/apache/commons/commons-lang3/3.11/commons-lang3-3.11.jar:/Users/kimphung/.m2/repository/org/bouncycastle/bcpkix-jdk18on/1.78/bcpkix-jdk18on-1.78.jar:/Users/kimphung/.m2/repository/org/bouncycastle/bcprov-jdk18on/1.78/bcprov-jdk18on-1.78.jar:/Users/kimphung/.m2/repository/org/bouncycastle/bcutil-jdk18on/1.78/bcutil-jdk18on-1.78.jar:/Users/kimphung/.m2/repository/org/springframework/spring-context/6.1.5/spring-context-6.1.5.jar:/Users/kimphung/.m2/repository/org/springframework/spring-aop/6.1.5/spring-aop-6.1.5.jar:/Users/kimphung/.m2/repository/org/springframework/spring-beans/6.1.5/spring-beans-6.1.5.jar:/Users/kimphung/.m2/repository/org/springframework/spring-core/6.1.5/spring-core-6.1.5.jar:/Users/kimphung/.m2/repository/org/springframework/spring-jcl/6.1.5/spring-jcl-6.1.5.jar:/Users/kimphung/.m2/repository/org/springframework/spring-expression/6.1.5/spring-expression-6.1.5.jar:/Users/kimphung/.m2/repository/io/micrometer/micrometer-observation/1.12.4/micrometer-observation-1.12.4.jar:/Users/kimphung/.m2/repository/io/micrometer/micrometer-commons/1.12.4/micrometer-commons-1.12.4.jar:/Users/kimphung/.m2/repository/org/springframework/spring-test/6.1.5/spring-test-6.1.5.jar:/Users/kimphung/.m2/repository/org/springframework/boot/spring-boot-starter-test/3.1.5/spring-boot-starter-test-3.1.5.jar:/Users/kimphung/.m2/repository/org/springframework/boot/spring-boot-starter/3.1.5/spring-boot-starter-3.1.5.jar:/Users/kimphung/.m2/repository/org/springframework/boot/spring-boot/3.1.5/spring-boot-3.1.5.jar:/Users/kimphung/.m2/repository/org/springframework/boot/spring-boot-autoconfigure/3.1.5/spring-boot-autoconfigure-3.1.5.jar:/Users/kimphung/.m2/repository/org/springframework/boot/spring-boot-starter-logging/3.1.5/spring-boot-starter-logging-3.1.5.jar:/Users/kimphung/.m2/repository/org/apache/logging/log4j/log4j-to-slf4j/2.20.0/log4j-to-slf4j-2.20.0.jar:/Users/kimphung/.m2/repository/org/apache/logging/log4j/log4j-api/2.20.0/log4j-api-2.20.0.jar:/Users/kimphung/.m2/repository/org/slf4j/jul-to-slf4j/2.0.9/jul-to-slf4j-2.0.9.jar:/Users/kimphung/.m2/repository/jakarta/annotation/jakarta.annotation-api/2.1.1/jakarta.annotation-api-2.1.1.jar:/Users/kimphung/.m2/repository/org/yaml/snakeyaml/1.33/snakeyaml-1.33.jar:/Users/kimphung/.m2/repository/org/springframework/boot/spring-boot-test/3.1.5/spring-boot-test-3.1.5.jar:/Users/kimphung/.m2/repository/org/springframework/boot/spring-boot-test-autoconfigure/3.1.5/spring-boot-test-autoconfigure-3.1.5.jar:/Users/kimphung/.m2/repository/com/jayway/jsonpath/json-path/2.8.0/json-path-2.8.0.jar:/Users/kimphung/.m2/repository/jakarta/xml/bind/jakarta.xml.bind-api/4.0.1/jakarta.xml.bind-api-4.0.1.jar:/Users/kimphung/.m2/repository/jakarta/activation/jakarta.activation-api/2.1.2/jakarta.activation-api-2.1.2.jar:/Users/kimphung/.m2/repository/net/minidev/json-smart/2.4.11/json-smart-2.4.11.jar:/Users/kimphung/.m2/repository/net/minidev/accessors-smart/2.4.11/accessors-smart-2.4.11.jar:/Users/kimphung/.m2/repository/org/ow2/asm/asm/9.3/asm-9.3.jar:/Users/kimphung/.m2/repository/org/assertj/assertj-core/3.24.2/assertj-core-3.24.2.jar:/Users/kimphung/.m2/repository/net/bytebuddy/byte-buddy/1.12.21/byte-buddy-1.12.21.jar:/Users/kimphung/.m2/repository/org/junit/jupiter/junit-jupiter/5.9.3/junit-jupiter-5.9.3.jar:/Users/kimphung/.m2/repository/org/junit/jupiter/junit-jupiter-params/5.9.3/junit-jupiter-params-5.9.3.jar:/Users/kimphung/.m2/repository/org/mockito/mockito-core/5.3.1/mockito-core-5.3.1.jar:/Users/kimphung/.m2/repository/net/bytebuddy/byte-buddy-agent/1.14.4/byte-buddy-agent-1.14.4.jar:/Users/kimphung/.m2/repository/org/objenesis/objenesis/3.3/objenesis-3.3.jar:/Users/kimphung/.m2/repository/org/mockito/mockito-junit-jupiter/5.3.1/mockito-junit-jupiter-5.3.1.jar:/Users/kimphung/.m2/repository/org/skyscreamer/jsonassert/1.5.1/jsonassert-1.5.1.jar:/Users/kimphung/.m2/repository/com/vaadin/external/google/android-json/0.0.20131108.vaadin1/android-json-0.0.20131108.vaadin1.jar:/Users/kimphung/.m2/repository/org/xmlunit/xmlunit-core/2.9.1/xmlunit-core-2.9.1.jar:"/>
    <property name="sun.cpu.endian" value="little"/>
    <property name="user.home" value="/Users/kimphung"/>
    <property name="user.language" value="en"/>
    <property name="java.specification.vendor" value="Oracle Corporation"/>
    <property name="java.version.date" value="2024-07-16"/>
    <property name="java.home" value="/Library/Java/JavaVirtualMachines/jdk-17.jdk/Contents/Home"/>
    <property name="file.separator" value="/"/>
    <property name="basedir" value="/Users/kimphung/PaymentOrderAPI"/>
    <property name="java.vm.compressedOopsMode" value="Zero based"/>
    <property name="line.separator" value="&#10;"/>
    <property name="java.vm.specification.vendor" value="Oracle Corporation"/>
    <property name="java.specification.name" value="Java Platform API Specification"/>
    <property name="surefire.real.class.path" value="/Users/kimphung/PaymentOrderAPI/target/surefire/surefirebooter-20250414032610289_3.jar"/>
    <property name="sun.management.compiler" value="HotSpot 64-Bit Tiered Compilers"/>
    <property name="ftp.nonProxyHosts" value="local|*.local|169.254/16|*.169.254/16"/>
    <property name="java.runtime.version" value="17.0.12+8-LTS-286"/>
    <property name="user.name" value="kimphung"/>
    <property name="path.separator" value=":"/>
    <property name="os.version" value="15.0.1"/>
    <property name="java.runtime.name" value="Java(TM) SE Runtime Environment"/>
    <property name="file.encoding" value="UTF-8"/>
    <property name="java.vm.name" value="Java HotSpot(TM) 64-Bit Server VM"/>
    <property name="localRepository" value="/Users/kimphung/.m2/repository"/>
    <property name="java.vendor.url.bug" value="https://bugreport.java.com/bugreport/"/>
    <property name="java.io.tmpdir" value="/var/folders/8c/w60q5lkd7gvdpnb27fxhxlpw0000gn/T/"/>
    <property name="java.version" value="17.0.12"/>
    <property name="user.dir" value="/Users/kimphung/PaymentOrderAPI"/>
    <property name="os.arch" value="aarch64"/>
    <property name="java.vm.specification.name" value="Java Virtual Machine Specification"/>
    <property name="org.slf4j.simpleLogger.defaultLogLevel" value="debug"/>
    <property name="native.encoding" value="UTF-8"/>
    <property name="java.library.path" value="/Users/kimphung/Library/Java/Extensions:/Library/Java/Extensions:/Network/Library/Java/Extensions:/System/Library/Java/Extensions:/usr/lib/java:."/>
    <property name="java.vm.info" value="mixed mode, sharing"/>
    <property name="java.vendor" value="Oracle Corporation"/>
    <property name="java.vm.version" value="17.0.12+8-LTS-286"/>
    <property name="sun.io.unicode.encoding" value="UnicodeBig"/>
    <property name="socksNonProxyHosts" value="local|*.local|169.254/16|*.169.254/16"/>
    <property name="java.class.version" value="61.0"/>
  </properties>
  <testcase name="testAllPaymentOrders" classname="com.example.tests.APITests" time="0.917">
    <system-out><![CDATA[2025-04-14 03:26:10 [main] INFO  API_TEST - Sending Token Request to: https://sandbox.acb.com.vn/acb/open/iam/id/v1/auth/realms/soba/protocol/openid-connect/token
Standard Commons Logging discovery in action with spring-jcl: please remove commons-logging.jar from classpath in order to avoid potential conflicts
2025-04-14 03:26:11 [main] INFO  API_TEST - Access Token: eyJhbGciOiJSUzI1NiIsInR5cCIgOiAiSldUIiwia2lkIiA6ICIyTDR2cFBsXzVQRUY5clljdksxb3dWbkZYeW1GeklyT3VJN3NOZkhSUC1zIn0.eyJleHAiOjE3NDQ2MDQ3NzEsImlhdCI6MTc0NDU3NTk3MSwianRpIjoiYzAxZDU0ZGItMjRjMi00NzJjLTk2MGEtZjFmYzk1OWE3N2FkIiwiaXNzIjoiaHR0cHM6Ly9pZC5hY2Iudm4vYXV0aC9yZWFsbXMvc29iYSIsInN1YiI6ImQxNWJiYjNhLTgxNTEtNGVhOC1hYTM1LTAxMmJiZjJhZTc0OSIsInR5cCI6IkJlYXJlciIsImF6cCI6IjJmNGUxMzc5YWRkYjJjNmYwNTlkNTNmNjIyYjZiZjgwIiwic2Vzc2lvbl9zdGF0ZSI6ImRjOWJkMTQyLTM4MDUtNDY0Ny05NjMxLTAxODVkOTM0NmQ0YyIsImFjciI6IjEiLCJzY29wZSI6InNlcnZpY2U6cGF5bWVudC1vcmRlciBzZXJ2aWNlOnZpcnR1YWwtYWNjb3VudCBzZXJ2aWNlOmJlbmVmaWNpYXJ5IHNlcnZpY2U6dHJhbnNhY3Rpb24taGlzdG9yeSBzZXJ2aWNlOmFjY291bnQtaW5mb3JtYXRpb24gc2VydmljZTp0cmFuc2FjdGlvbi1ub3RpZmljYXRpb24gc2VydmljZTphdXRoZW50aWNhdGlvbiBzZXJ2aWNlOmV3YWxsZXQgc29iYS1hcGkgc2VydmljZTptZXJjaGFudC1zb2x1dGlvbiIsImN1c3RvbWVyX3R5cGUiOiJPUkciLCJjbGllbnRJZCI6IjJmNGUxMzc5YWRkYjJjNmYwNTlkNTNmNjIyYjZiZjgwIiwiY2xpZW50SG9zdCI6IjEyNy4wLjAuMSIsImFjY291bnRfbWFqb3JzIjoiQ0siLCJzZXJ2aWNlX3Byb3ZpZGVyIjp0cnVlLCJhY2NvdW50X21pbm9ycyI6IkcwMTEiLCJjbGllbnRBZGRyZXNzIjoiMTI3LjAuMC4xIiwic2VnbWVudDEiOiJQSUtBIiwiZXdhbGxldF9zcCI6IlBJS0EiLCJjdXN0b21lcl9hY2NvdW50cyI6IjgwMDYxOTU5IiwicHJvdmlkZXJfaWQiOiJQSUtBIiwiY3VzdG9tZXJfaWQiOiI4MDExNzEiLCJwcm92aWRlcl9uYW1lIjoiUElLQSJ9.DJTy3YIQbP3yb-FGnI6ImkF4I9QPsknvrP7UMcJkSN1SY4gftWNVMv0XdU1nzvHXkzThHx2LVrSxbnRNRRNyTIGmaxr1gIQD1NxS0bngRAU65ktBg6KMak7cZr6H5V9aLf45y-SQ-XfX7W-Z72OyHcWE1Erc_5EqYOVLNNfYuz4F0sXGUuZJ55vkiznKJlPxBgKBTNUCz2S15BAEKIpsnqcr5XjaN_2bZGX4bfl5IhQ1kF3VCNi3Je38as4hRpAiLEOjP74WCV7HzpgRC7lT9gbbFKaaSTYs4V4DsJ6m9lwQOoYC0RCn4D82t-ZHszbRKdie0_aYJmqH4YbsQoeTH5fZm7k3wiPQVwPSAaPihMEJAKOKImBvEkoF1Gvu1XQBHCr5MT0Y6i_GPrgVvCoQzHFflJabK4MAnyd4GhDDizd2jRqnKVpWQ_2NfKow70k0dniIz33mE1Z4flrXtca3NxU36d08__wxiqQ48pkTM7I0zBmTOSSF9mY-Z8G3qOFAa-MqvyGFv95Ij5fgvGXrV5hAMdQuBNQwMJAGRMvu4Fy0Sp0MSw-05FIaKD5JEF9dzf5BtA2WpFJtgFO9MbmASoZMf-SxwnDpmldBfCola7OI-pwGIUpNPOt8rtjP8KEJm6bXanhA7mPfJrdKbKI_K057N5_ZokvMAglbhx2FNos
2025-04-14 03:26:11 [main] INFO  API_TEST - Sending Token Request to: https://sandbox.acb.com.vn/acb/open/iam/id/v1/auth/realms/soba/protocol/openid-connect/token
2025-04-14 03:26:11 [main] INFO  API_TEST - Access Token: eyJhbGciOiJSUzI1NiIsInR5cCIgOiAiSldUIiwia2lkIiA6ICIyTDR2cFBsXzVQRUY5clljdksxb3dWbkZYeW1GeklyT3VJN3NOZkhSUC1zIn0.eyJleHAiOjE3NDQ2MDQ3NzEsImlhdCI6MTc0NDU3NTk3MSwianRpIjoiMjEwMTAzYWQtODA5NS00NzBmLTk1MGUtYmViMjJkOGI4YWMxIiwiaXNzIjoiaHR0cHM6Ly9pZC5hY2Iudm4vYXV0aC9yZWFsbXMvc29iYSIsInN1YiI6ImQxNWJiYjNhLTgxNTEtNGVhOC1hYTM1LTAxMmJiZjJhZTc0OSIsInR5cCI6IkJlYXJlciIsImF6cCI6IjJmNGUxMzc5YWRkYjJjNmYwNTlkNTNmNjIyYjZiZjgwIiwic2Vzc2lvbl9zdGF0ZSI6ImNmNjIxZjkyLTYzMTMtNDBhZC04MjhkLWE4YTk2YmU3NTM0OCIsImFjciI6IjEiLCJzY29wZSI6InNlcnZpY2U6cGF5bWVudC1vcmRlciBzZXJ2aWNlOnZpcnR1YWwtYWNjb3VudCBzZXJ2aWNlOmJlbmVmaWNpYXJ5IHNlcnZpY2U6dHJhbnNhY3Rpb24taGlzdG9yeSBzZXJ2aWNlOmFjY291bnQtaW5mb3JtYXRpb24gc2VydmljZTp0cmFuc2FjdGlvbi1ub3RpZmljYXRpb24gc2VydmljZTphdXRoZW50aWNhdGlvbiBzZXJ2aWNlOmV3YWxsZXQgc29iYS1hcGkgc2VydmljZTptZXJjaGFudC1zb2x1dGlvbiIsImN1c3RvbWVyX3R5cGUiOiJPUkciLCJjbGllbnRJZCI6IjJmNGUxMzc5YWRkYjJjNmYwNTlkNTNmNjIyYjZiZjgwIiwiY2xpZW50SG9zdCI6IjEyNy4wLjAuMSIsImFjY291bnRfbWFqb3JzIjoiQ0siLCJzZXJ2aWNlX3Byb3ZpZGVyIjp0cnVlLCJhY2NvdW50X21pbm9ycyI6IkcwMTEiLCJjbGllbnRBZGRyZXNzIjoiMTI3LjAuMC4xIiwic2VnbWVudDEiOiJQSUtBIiwiZXdhbGxldF9zcCI6IlBJS0EiLCJjdXN0b21lcl9hY2NvdW50cyI6IjgwMDYxOTU5IiwicHJvdmlkZXJfaWQiOiJQSUtBIiwiY3VzdG9tZXJfaWQiOiI4MDExNzEiLCJwcm92aWRlcl9uYW1lIjoiUElLQSJ9.rqzOC5n2tfpV9hytWKKizyOtxgIeL_FGj0TdQ8pB9T38n152zbxdtPh8ncB2QCkvW6kEJmay5ybgDOMQ_oSXJKRuU9ZYcw17NcjZV8jpYt8HIrKWZIchdtHz5Ob9GvxkZQmT1oyntMCNoa4zxX0VcbDZbiVd5AMw3KhErrGZdAVAA3ErKCnCeevDKYvB1S7CwqKxTb34wkwk-dg3N63Bmih43zdUw0xZgVF5-aWq4GW3yKxwrifpEjb4dd_IUCpxQABl2RqUtE9_AQaxkaVr3cg4V3sbxTLcOHFSBr_IjLnWEs4uzekVuqqBQ4WXgNUXWYFgN7Wk7REsR01iDC1Z8sil7FHTSDRXL1AWsT1a_IRy9zZbLcNBZGVrNNrcZFsha1KQkJ94m58hUMIEZNx5_H7xpBpmSqd-p8K_JVkqI6w0R4x-DWjqw54wJIm4VF-EbXfChPJalfHXz0HIqLWd5nM4ekQKaBvTjRGxCjhbAUJH77U6VHEC4HeX1tvKHIBcJmTlvO12qfYLf5V9uHyaDc_yobly8gh34id1902Q1FKJUoFBHhpyyzu75OmBi2i6nGr84GNxUf_nKeqAhh_YHtnNAsdLd_vl89kB01V2qvSuqaCe7KPb-Y-BNb03v4tLDGyUzKutxpwAjeUZl5OmmrVbFfQEKIypnTQFaMR7FIk
2025-04-14 03:26:11 [main] INFO  API_TEST - Access token in CreateAndQueryBulkHandler: eyJhbGciOiJSUzI1NiIsInR5cCIgOiAiSldUIiwia2lkIiA6ICIyTDR2cFBsXzVQRUY5clljdksxb3dWbkZYeW1GeklyT3VJN3NOZkhSUC1zIn0.eyJleHAiOjE3NDQ2MDQ3NzEsImlhdCI6MTc0NDU3NTk3MSwianRpIjoiMjEwMTAzYWQtODA5NS00NzBmLTk1MGUtYmViMjJkOGI4YWMxIiwiaXNzIjoiaHR0cHM6Ly9pZC5hY2Iudm4vYXV0aC9yZWFsbXMvc29iYSIsInN1YiI6ImQxNWJiYjNhLTgxNTEtNGVhOC1hYTM1LTAxMmJiZjJhZTc0OSIsInR5cCI6IkJlYXJlciIsImF6cCI6IjJmNGUxMzc5YWRkYjJjNmYwNTlkNTNmNjIyYjZiZjgwIiwic2Vzc2lvbl9zdGF0ZSI6ImNmNjIxZjkyLTYzMTMtNDBhZC04MjhkLWE4YTk2YmU3NTM0OCIsImFjciI6IjEiLCJzY29wZSI6InNlcnZpY2U6cGF5bWVudC1vcmRlciBzZXJ2aWNlOnZpcnR1YWwtYWNjb3VudCBzZXJ2aWNlOmJlbmVmaWNpYXJ5IHNlcnZpY2U6dHJhbnNhY3Rpb24taGlzdG9yeSBzZXJ2aWNlOmFjY291bnQtaW5mb3JtYXRpb24gc2VydmljZTp0cmFuc2FjdGlvbi1ub3RpZmljYXRpb24gc2VydmljZTphdXRoZW50aWNhdGlvbiBzZXJ2aWNlOmV3YWxsZXQgc29iYS1hcGkgc2VydmljZTptZXJjaGFudC1zb2x1dGlvbiIsImN1c3RvbWVyX3R5cGUiOiJPUkciLCJjbGllbnRJZCI6IjJmNGUxMzc5YWRkYjJjNmYwNTlkNTNmNjIyYjZiZjgwIiwiY2xpZW50SG9zdCI6IjEyNy4wLjAuMSIsImFjY291bnRfbWFqb3JzIjoiQ0siLCJzZXJ2aWNlX3Byb3ZpZGVyIjp0cnVlLCJhY2NvdW50X21pbm9ycyI6IkcwMTEiLCJjbGllbnRBZGRyZXNzIjoiMTI3LjAuMC4xIiwic2VnbWVudDEiOiJQSUtBIiwiZXdhbGxldF9zcCI6IlBJS0EiLCJjdXN0b21lcl9hY2NvdW50cyI6IjgwMDYxOTU5IiwicHJvdmlkZXJfaWQiOiJQSUtBIiwiY3VzdG9tZXJfaWQiOiI4MDExNzEiLCJwcm92aWRlcl9uYW1lIjoiUElLQSJ9.rqzOC5n2tfpV9hytWKKizyOtxgIeL_FGj0TdQ8pB9T38n152zbxdtPh8ncB2QCkvW6kEJmay5ybgDOMQ_oSXJKRuU9ZYcw17NcjZV8jpYt8HIrKWZIchdtHz5Ob9GvxkZQmT1oyntMCNoa4zxX0VcbDZbiVd5AMw3KhErrGZdAVAA3ErKCnCeevDKYvB1S7CwqKxTb34wkwk-dg3N63Bmih43zdUw0xZgVF5-aWq4GW3yKxwrifpEjb4dd_IUCpxQABl2RqUtE9_AQaxkaVr3cg4V3sbxTLcOHFSBr_IjLnWEs4uzekVuqqBQ4WXgNUXWYFgN7Wk7REsR01iDC1Z8sil7FHTSDRXL1AWsT1a_IRy9zZbLcNBZGVrNNrcZFsha1KQkJ94m58hUMIEZNx5_H7xpBpmSqd-p8K_JVkqI6w0R4x-DWjqw54wJIm4VF-EbXfChPJalfHXz0HIqLWd5nM4ekQKaBvTjRGxCjhbAUJH77U6VHEC4HeX1tvKHIBcJmTlvO12qfYLf5V9uHyaDc_yobly8gh34id1902Q1FKJUoFBHhpyyzu75OmBi2i6nGr84GNxUf_nKeqAhh_YHtnNAsdLd_vl89kB01V2qvSuqaCe7KPb-Y-BNb03v4tLDGyUzKutxpwAjeUZl5OmmrVbFfQEKIypnTQFaMR7FIk
2025-04-14 03:26:11 [main] INFO  API_TEST - Sending Token Request to: https://sandbox.acb.com.vn/acb/open/iam/id/v1/auth/realms/soba/protocol/openid-connect/token
2025-04-14 03:26:11 [main] INFO  API_TEST - Access Token: eyJhbGciOiJSUzI1NiIsInR5cCIgOiAiSldUIiwia2lkIiA6ICIyTDR2cFBsXzVQRUY5clljdksxb3dWbkZYeW1GeklyT3VJN3NOZkhSUC1zIn0.eyJleHAiOjE3NDQ2MDQ3NzIsImlhdCI6MTc0NDU3NTk3MiwianRpIjoiMDdmODNhYTYtMzlmOS00Y2U5LWFjN2UtZWFmN2M2NTcyNzIwIiwiaXNzIjoiaHR0cHM6Ly9pZC5hY2Iudm4vYXV0aC9yZWFsbXMvc29iYSIsInN1YiI6ImQxNWJiYjNhLTgxNTEtNGVhOC1hYTM1LTAxMmJiZjJhZTc0OSIsInR5cCI6IkJlYXJlciIsImF6cCI6IjJmNGUxMzc5YWRkYjJjNmYwNTlkNTNmNjIyYjZiZjgwIiwic2Vzc2lvbl9zdGF0ZSI6Ijg2ZjU0MzQ3LTgyZDktNGNmNC04Y2Q2LTFlNDgxYzIyNmZhMiIsImFjciI6IjEiLCJzY29wZSI6InNlcnZpY2U6cGF5bWVudC1vcmRlciBzZXJ2aWNlOnZpcnR1YWwtYWNjb3VudCBzZXJ2aWNlOmJlbmVmaWNpYXJ5IHNlcnZpY2U6dHJhbnNhY3Rpb24taGlzdG9yeSBzZXJ2aWNlOmFjY291bnQtaW5mb3JtYXRpb24gc2VydmljZTp0cmFuc2FjdGlvbi1ub3RpZmljYXRpb24gc2VydmljZTphdXRoZW50aWNhdGlvbiBzZXJ2aWNlOmV3YWxsZXQgc29iYS1hcGkgc2VydmljZTptZXJjaGFudC1zb2x1dGlvbiIsImN1c3RvbWVyX3R5cGUiOiJPUkciLCJjbGllbnRJZCI6IjJmNGUxMzc5YWRkYjJjNmYwNTlkNTNmNjIyYjZiZjgwIiwiY2xpZW50SG9zdCI6IjEyNy4wLjAuMSIsImFjY291bnRfbWFqb3JzIjoiQ0siLCJzZXJ2aWNlX3Byb3ZpZGVyIjp0cnVlLCJhY2NvdW50X21pbm9ycyI6IkcwMTEiLCJjbGllbnRBZGRyZXNzIjoiMTI3LjAuMC4xIiwic2VnbWVudDEiOiJQSUtBIiwiZXdhbGxldF9zcCI6IlBJS0EiLCJjdXN0b21lcl9hY2NvdW50cyI6IjgwMDYxOTU5IiwicHJvdmlkZXJfaWQiOiJQSUtBIiwiY3VzdG9tZXJfaWQiOiI4MDExNzEiLCJwcm92aWRlcl9uYW1lIjoiUElLQSJ9.AImmktSXiwGnAC_K1n778wlIWf_92boMLFa-H2t43k67fVjRVtAhdd_BMzEpLLWvsyOp1WbCHZmy0Zmw_I9Ipn_e3YX09freonEzyV_9lYDWr_BUcj4_RJDyUCkfPJVMNMR2T9IIDAThTLvVMprXWIT_p2Suz4dSKOPoPvRsmUBBLKz5G84jhiWPg5WgmppWKfI8rBrh3V6QJrxbS8OfVFh3ostVkCZE78PoKxaNo-GfSboJRUxhEsLp1Doxo_XwIkJHVrjUqWoNB9xz2C4oO8AIqWE5TlQMPvgDR7ZTzQDxwLXQII5AOb92xwN2lE9UI_8IuTzL1vis6j5Cv9SdbA50o71drN5wc5olddCMwzQP2CwS_buCAvwt8lELA_J6B1g7ueqVW4OUHVwAJd522S06RgMVCc_5wc0iUqCr95z_Sx_06IXzOJpmH5QihD9XW87-VfLexhQtINGcWN6dI5BL0XQPv28mb6bvBKjtJz6oIaakTV2LJMIaCHWZYjCClVOFAsp60LhJCRfzSWP63ulZpXGwigwuNTq3YHcUlSrqpVS-K4jeL4M_nDvnuCvF2CjEVd-rqeXzNLy9FQHLZyPp6nKRrCjxIBuXB7aLlVvOPY9PtmJkeCqttTh5knsm1UUSikvAomCulMrFuNEqTX_0Uc0e4TwpcUiV_bQZlOk
2025-04-14 03:26:11 [main] INFO  API_TEST - Access token in BulkTransactionHandler: eyJhbGciOiJSUzI1NiIsInR5cCIgOiAiSldUIiwia2lkIiA6ICIyTDR2cFBsXzVQRUY5clljdksxb3dWbkZYeW1GeklyT3VJN3NOZkhSUC1zIn0.eyJleHAiOjE3NDQ2MDQ3NzIsImlhdCI6MTc0NDU3NTk3MiwianRpIjoiMDdmODNhYTYtMzlmOS00Y2U5LWFjN2UtZWFmN2M2NTcyNzIwIiwiaXNzIjoiaHR0cHM6Ly9pZC5hY2Iudm4vYXV0aC9yZWFsbXMvc29iYSIsInN1YiI6ImQxNWJiYjNhLTgxNTEtNGVhOC1hYTM1LTAxMmJiZjJhZTc0OSIsInR5cCI6IkJlYXJlciIsImF6cCI6IjJmNGUxMzc5YWRkYjJjNmYwNTlkNTNmNjIyYjZiZjgwIiwic2Vzc2lvbl9zdGF0ZSI6Ijg2ZjU0MzQ3LTgyZDktNGNmNC04Y2Q2LTFlNDgxYzIyNmZhMiIsImFjciI6IjEiLCJzY29wZSI6InNlcnZpY2U6cGF5bWVudC1vcmRlciBzZXJ2aWNlOnZpcnR1YWwtYWNjb3VudCBzZXJ2aWNlOmJlbmVmaWNpYXJ5IHNlcnZpY2U6dHJhbnNhY3Rpb24taGlzdG9yeSBzZXJ2aWNlOmFjY291bnQtaW5mb3JtYXRpb24gc2VydmljZTp0cmFuc2FjdGlvbi1ub3RpZmljYXRpb24gc2VydmljZTphdXRoZW50aWNhdGlvbiBzZXJ2aWNlOmV3YWxsZXQgc29iYS1hcGkgc2VydmljZTptZXJjaGFudC1zb2x1dGlvbiIsImN1c3RvbWVyX3R5cGUiOiJPUkciLCJjbGllbnRJZCI6IjJmNGUxMzc5YWRkYjJjNmYwNTlkNTNmNjIyYjZiZjgwIiwiY2xpZW50SG9zdCI6IjEyNy4wLjAuMSIsImFjY291bnRfbWFqb3JzIjoiQ0siLCJzZXJ2aWNlX3Byb3ZpZGVyIjp0cnVlLCJhY2NvdW50X21pbm9ycyI6IkcwMTEiLCJjbGllbnRBZGRyZXNzIjoiMTI3LjAuMC4xIiwic2VnbWVudDEiOiJQSUtBIiwiZXdhbGxldF9zcCI6IlBJS0EiLCJjdXN0b21lcl9hY2NvdW50cyI6IjgwMDYxOTU5IiwicHJvdmlkZXJfaWQiOiJQSUtBIiwiY3VzdG9tZXJfaWQiOiI4MDExNzEiLCJwcm92aWRlcl9uYW1lIjoiUElLQSJ9.AImmktSXiwGnAC_K1n778wlIWf_92boMLFa-H2t43k67fVjRVtAhdd_BMzEpLLWvsyOp1WbCHZmy0Zmw_I9Ipn_e3YX09freonEzyV_9lYDWr_BUcj4_RJDyUCkfPJVMNMR2T9IIDAThTLvVMprXWIT_p2Suz4dSKOPoPvRsmUBBLKz5G84jhiWPg5WgmppWKfI8rBrh3V6QJrxbS8OfVFh3ostVkCZE78PoKxaNo-GfSboJRUxhEsLp1Doxo_XwIkJHVrjUqWoNB9xz2C4oO8AIqWE5TlQMPvgDR7ZTzQDxwLXQII5AOb92xwN2lE9UI_8IuTzL1vis6j5Cv9SdbA50o71drN5wc5olddCMwzQP2CwS_buCAvwt8lELA_J6B1g7ueqVW4OUHVwAJd522S06RgMVCc_5wc0iUqCr95z_Sx_06IXzOJpmH5QihD9XW87-VfLexhQtINGcWN6dI5BL0XQPv28mb6bvBKjtJz6oIaakTV2LJMIaCHWZYjCClVOFAsp60LhJCRfzSWP63ulZpXGwigwuNTq3YHcUlSrqpVS-K4jeL4M_nDvnuCvF2CjEVd-rqeXzNLy9FQHLZyPp6nKRrCjxIBuXB7aLlVvOPY9PtmJkeCqttTh5knsm1UUSikvAomCulMrFuNEqTX_0Uc0e4TwpcUiV_bQZlOk
2025-04-14 03:26:11 [main] INFO  com.example.utils.FileUtil - Reading test cases from file: all-payment-tests.json
2025-04-14 03:26:11 [main] INFO  com.example.utils.FileUtil - Successfully read 8 test cases from file: all-payment-tests.json
2025-04-14 03:26:11 [main] INFO  API_TEST - TEST_CASE_ID from environment: null
2025-04-14 03:26:11 [main] INFO  API_TEST - No TEST_CASE_ID specified, running all test cases
2025-04-14 03:26:12 [main] INFO  API_TEST - Processing test case TC_001 with apiType: POST_PAYMENT
2025-04-14 03:26:12 [main] INFO  com.example.utils.FileUtil - Reading request template from file: requestTemplates/inside.json
2025-04-14 03:26:12 [main] INFO  com.example.utils.FileUtil - Successfully read template from file: requestTemplates/inside.json
2025-04-14 03:26:12 [main] INFO  API_TEST - Detected single transaction template: inside
2025-04-14 03:26:12 [main] INFO  API_TEST - Generating authorizationString for authorizationId: 1526fa6a-4388-4234-99e5-846ba2c6e328
2025-04-14 03:26:12 [main] INFO  API_TEST - Base64 Data: eyJzb3VyY2VBY2NvdW50TnVtYmVyIjoiODAwNjE5NTkiLCJ0cmFuc2FjdGlvbiI6eyJ0cmFuc2FjdGlvblRyYWNlTnVtYmVyIjoiaW5zaWRlNzg1MjUzNTU4NyIsInRyYW5zYWN0aW9uVHlwZSI6IklOU0lERUJBTksiLCJiZW5lZmljaWFyeSI6eyJpbnNpZGUiOnsiYWNjb3VudCI6eyJhY2NvdW50TnVtYmVyIjoiQTQ2QTQ2UDEwMDIxMSIsImJlbmVmaWNpYXJ5TmFtZSI6IkFEQU0gMjUxOTMifX19LCJhbW91bnQiOnsic291cmNlQ3VycmVuY3kiOiJWTkQiLCJ0YXJnZXRDdXJyZW5jeSI6IlZORCIsImFtb3VudCI6IjIwMDAwMCIsImV4Y2hhbmdlUmF0ZSI6IjEiLCJleGNoYW5nZUFtb3VudCI6IjIwMDAwMCJ9LCJyZW1hcmtzIjoiQ2hpIGRvbiJ9fQ==
2025-04-14 03:26:12 [main] INFO  API_TEST - SHA-256 Hex Data: 1c7df9e5e8933a7ca37afd3b7a83f580ce7a22ebb134be72f4fdd3ac870082ca
2025-04-14 03:26:12 [main] INFO  API_TEST - Generated Signature for cuong pham a10: MIAGCSqGSIb3DQEHAqCAMIACAQExCzAJBgUrDgMCGgUAMIAGCSqGSIb3DQEHAaCAJIAEgYAxAGMANwBkAGYAOQBlADUAZQA4ADkAMwAzAGEANwBjAGEAMwA3AGEAZgBkADMAYgA3AGEAOAAzAGYANQA4ADAAYwBlADcAYQAyADIAZQBiAGIAMQAzADQAYgBlADcAMgBmADQAZgBkAGQAMwBhAGMAOAA3ADAAMAA4ADIAYwBhAAAAAAAAAKCAMIIDRDCCAiygAwIBAgIEY4V5pDANBgkqhkiG9w0BAQsFADBkMQswCQYDVQQGEwJWTjEMMAoGA1UECAwDSENNMQwwCgYDVQQHDANIQ00xDDAKBgNVBAoMA0FDQjESMBAGA1UECwwJSVQgLSBEVktOMRcwFQYDVQQDDA5DdW9uZyBQaGFtIEExMDAeFw0yMjExMjkwMzE2NTJaFw0zMjExMjkwMzE2NTJaMGQxCzAJBgNVBAYTAlZOMQwwCgYDVQQIDANIQ00xDDAKBgNVBAcMA0hDTTEMMAoGA1UECgwDQUNCMRIwEAYDVQQLDAlJVCAtIERWS04xFzAVBgNVBAMMDkN1b25nIFBoYW0gQTEwMIIBIjANBgkqhkiG9w0BAQEFAAOCAQ8AMIIBCgKCAQEAiNUdY2zCxZnyFHO81b2OQAqW5rHylxlD+kLVDcwMUtSYEVVdxOtVK0fWni8e+9dz6wXuJI6bs/NgsLl4jPZVfzzLhDstrc8fWj0+BdIoQJe9CZuew8GLQc/pZ0mTH97ol6GWezL97ODZpf7PSsrA0b9UCV9n1PnAmBb7sM2AiEJy/ZuqSkPe0b8KRnyuE0ED94ScVoaiz6axYVISeF7QPRH00Gvi4fdJCdTiFlukp/0i9ZuhJxDO0JZ1eZlj2YI80vPo6WHeMDKeJ4JP2WPc4hfh8knNg+iKH2AoX2Co8T8DUhJjNDfFy6vO2Ej7B2qxZ4xXr+nSpcRdX1r0M3sr9QIDAQABMA0GCSqGSIb3DQEBCwUAA4IBAQBAXikxeNOzMknfMZsJg+vXUsMy5KXF2Jf5xm1FCRCbBVxmZXE1+6njsGaCixS1Lpi4/KbfwQ6XC1k8Dv40Pd6Koscnx5BuSjkLYkFFMlzHdchmLTJxrn86c6UMnb/MUXoQtqJ3bYBdwlc//YDc3XVKBDsOipZ0QY8zDpsz/4GaRQ3ua3UL2VyD94u1WKUB7JYPCxeRcDDgszLExOQ6FOHFGvZiF+yrQLXfYpktg4cgBXx4J6cDlvha8YBDM1DYX6sLwDy2XixDlACLtNxcRODC3rpVS/bSHC4WQkfTadwfkHoFB6iBm22P4KdxcHV2VP5YnHJ/Vaza4ghv/fEgxIWLAAAxggIeMIICGgIBATBsMGQxCzAJBgNVBAYTAlZOMQwwCgYDVQQIDANIQ00xDDAKBgNVBAcMA0hDTTEMMAoGA1UECgwDQUNCMRIwEAYDVQQLDAlJVCAtIERWS04xFzAVBgNVBAMMDkN1b25nIFBoYW0gQTEwAgRjhXmkMAkGBSsOAwIaBQCggYgwGAYJKoZIhvcNAQkDMQsGCSqGSIb3DQEHATAcBgkqhkiG9w0BCQUxDxcNMjUwNDEzMjAyNjEyWjAjBgkqhkiG9w0BCQQxFgQUv3WeU7kXSUuXNv6s41DnFJGvSz0wKQYJKoZIhvcNAQk0MRwwGjAJBgUrDgMCGgUAoQ0GCSqGSIb3DQEBAQUAMA0GCSqGSIb3DQEBAQUABIIBAGVH8L48jxhhNFcTo27txpiYwU4mQ5YMtlwKs5XG+T6IlFnX0TrlOZXWtimkwIt5uMH+DfoiQ0lwPIgoiRzi4LfWrz94fZW59yiEOsV+VQUmRP0xX34wby4r6OIjcEFntuLHQnvrQnCAsi59JiXtInxDy3lUBHYDdSWbKbw02oWz4zHOpAH8PJnP7mcRsfpSiHpYLa5cJPUSfbDk7w1aruygmBjh9bDJvJDViWKFQkYTZ6/YSEyA56nDy+dlLRyPzdsJaIqFh0w62uZ6M5d0ezIRxEsPjCJGBCgTiyGrHYunTtb7DkbuncTkZK1fq28fKSyNAC/k9W4weK/RLQtSxmMAAAAAAAA=
2025-04-14 03:26:12 [main] INFO  API_TEST - Updated Request Body after adding authorizationString for authorizationId: 1526fa6a-4388-4234-99e5-846ba2c6e328: 
{
  "requestTrace" : "04ea2fdf-b26a-41e2-a403-b28ac0ea9136",
  "requestDateTime" : "2025-04-14T03:26:12.0228+07:00",
  "requestParameters" : {
    "data" : {
      "sourceAccountNumber" : "80061959",
      "transaction" : {
        "transactionTraceNumber" : "inside7852535587",
        "transactionType" : "INSIDEBANK",
        "beneficiary" : {
          "inside" : {
            "account" : {
              "accountNumber" : "A46A46P100211",
              "beneficiaryName" : "ADAM 25193"
            }
          }
        },
        "amount" : {
          "sourceCurrency" : "VND",
          "targetCurrency" : "VND",
          "amount" : "200000",
          "exchangeRate" : "1",
          "exchangeAmount" : "200000"
        },
        "remarks" : "Chi don"
      }
    },
    "authorizations" : [ {
      "authorizationString" : "MIAGCSqGSIb3DQEHAqCAMIACAQExCzAJBgUrDgMCGgUAMIAGCSqGSIb3DQEHAaCAJIAEgYAxAGMANwBkAGYAOQBlADUAZQA4ADkAMwAzAGEANwBjAGEAMwA3AGEAZgBkADMAYgA3AGEAOAAzAGYANQA4ADAAYwBlADcAYQAyADIAZQBiAGIAMQAzADQAYgBlADcAMgBmADQAZgBkAGQAMwBhAGMAOAA3ADAAMAA4ADIAYwBhAAAAAAAAAKCAMIIDRDCCAiygAwIBAgIEY4V5pDANBgkqhkiG9w0BAQsFADBkMQswCQYDVQQGEwJWTjEMMAoGA1UECAwDSENNMQwwCgYDVQQHDANIQ00xDDAKBgNVBAoMA0FDQjESMBAGA1UECwwJSVQgLSBEVktOMRcwFQYDVQQDDA5DdW9uZyBQaGFtIEExMDAeFw0yMjExMjkwMzE2NTJaFw0zMjExMjkwMzE2NTJaMGQxCzAJBgNVBAYTAlZOMQwwCgYDVQQIDANIQ00xDDAKBgNVBAcMA0hDTTEMMAoGA1UECgwDQUNCMRIwEAYDVQQLDAlJVCAtIERWS04xFzAVBgNVBAMMDkN1b25nIFBoYW0gQTEwMIIBIjANBgkqhkiG9w0BAQEFAAOCAQ8AMIIBCgKCAQEAiNUdY2zCxZnyFHO81b2OQAqW5rHylxlD+kLVDcwMUtSYEVVdxOtVK0fWni8e+9dz6wXuJI6bs/NgsLl4jPZVfzzLhDstrc8fWj0+BdIoQJe9CZuew8GLQc/pZ0mTH97ol6GWezL97ODZpf7PSsrA0b9UCV9n1PnAmBb7sM2AiEJy/ZuqSkPe0b8KRnyuE0ED94ScVoaiz6axYVISeF7QPRH00Gvi4fdJCdTiFlukp/0i9ZuhJxDO0JZ1eZlj2YI80vPo6WHeMDKeJ4JP2WPc4hfh8knNg+iKH2AoX2Co8T8DUhJjNDfFy6vO2Ej7B2qxZ4xXr+nSpcRdX1r0M3sr9QIDAQABMA0GCSqGSIb3DQEBCwUAA4IBAQBAXikxeNOzMknfMZsJg+vXUsMy5KXF2Jf5xm1FCRCbBVxmZXE1+6njsGaCixS1Lpi4/KbfwQ6XC1k8Dv40Pd6Koscnx5BuSjkLYkFFMlzHdchmLTJxrn86c6UMnb/MUXoQtqJ3bYBdwlc//YDc3XVKBDsOipZ0QY8zDpsz/4GaRQ3ua3UL2VyD94u1WKUB7JYPCxeRcDDgszLExOQ6FOHFGvZiF+yrQLXfYpktg4cgBXx4J6cDlvha8YBDM1DYX6sLwDy2XixDlACLtNxcRODC3rpVS/bSHC4WQkfTadwfkHoFB6iBm22P4KdxcHV2VP5YnHJ/Vaza4ghv/fEgxIWLAAAxggIeMIICGgIBATBsMGQxCzAJBgNVBAYTAlZOMQwwCgYDVQQIDANIQ00xDDAKBgNVBAcMA0hDTTEMMAoGA1UECgwDQUNCMRIwEAYDVQQLDAlJVCAtIERWS04xFzAVBgNVBAMMDkN1b25nIFBoYW0gQTEwAgRjhXmkMAkGBSsOAwIaBQCggYgwGAYJKoZIhvcNAQkDMQsGCSqGSIb3DQEHATAcBgkqhkiG9w0BCQUxDxcNMjUwNDEzMjAyNjEyWjAjBgkqhkiG9w0BCQQxFgQUv3WeU7kXSUuXNv6s41DnFJGvSz0wKQYJKoZIhvcNAQk0MRwwGjAJBgUrDgMCGgUAoQ0GCSqGSIb3DQEBAQUAMA0GCSqGSIb3DQEBAQUABIIBAGVH8L48jxhhNFcTo27txpiYwU4mQ5YMtlwKs5XG+T6IlFnX0TrlOZXWtimkwIt5uMH+DfoiQ0lwPIgoiRzi4LfWrz94fZW59yiEOsV+VQUmRP0xX34wby4r6OIjcEFntuLHQnvrQnCAsi59JiXtInxDy3lUBHYDdSWbKbw02oWz4zHOpAH8PJnP7mcRsfpSiHpYLa5cJPUSfbDk7w1aruygmBjh9bDJvJDViWKFQkYTZ6/YSEyA56nDy+dlLRyPzdsJaIqFh0w62uZ6M5d0ezIRxEsPjCJGBCgTiyGrHYunTtb7DkbuncTkZK1fq28fKSyNAC/k9W4weK/RLQtSxmMAAAAAAAA=",
      "authorizationId" : "1526fa6a-4388-4234-99e5-846ba2c6e328"
    }, {
      "authorizationString" : "",
      "authorizationId" : "72d9c963-4a20-40f3-bef1-9b773369826b"
    } ]
  }
}
2025-04-14 03:26:12 [main] INFO  API_TEST - Generating authorizationString for authorizationId: 72d9c963-4a20-40f3-bef1-9b773369826b
2025-04-14 03:26:12 [main] INFO  API_TEST - Base64 Data: eyJzb3VyY2VBY2NvdW50TnVtYmVyIjoiODAwNjE5NTkiLCJ0cmFuc2FjdGlvbiI6eyJ0cmFuc2FjdGlvblRyYWNlTnVtYmVyIjoiaW5zaWRlNzg1MjUzNTU4NyIsInRyYW5zYWN0aW9uVHlwZSI6IklOU0lERUJBTksiLCJiZW5lZmljaWFyeSI6eyJpbnNpZGUiOnsiYWNjb3VudCI6eyJhY2NvdW50TnVtYmVyIjoiQTQ2QTQ2UDEwMDIxMSIsImJlbmVmaWNpYXJ5TmFtZSI6IkFEQU0gMjUxOTMifX19LCJhbW91bnQiOnsic291cmNlQ3VycmVuY3kiOiJWTkQiLCJ0YXJnZXRDdXJyZW5jeSI6IlZORCIsImFtb3VudCI6IjIwMDAwMCIsImV4Y2hhbmdlUmF0ZSI6IjEiLCJleGNoYW5nZUFtb3VudCI6IjIwMDAwMCJ9LCJyZW1hcmtzIjoiQ2hpIGRvbiJ9fQ==
2025-04-14 03:26:12 [main] INFO  API_TEST - SHA-256 Hex Data: 1c7df9e5e8933a7ca37afd3b7a83f580ce7a22ebb134be72f4fdd3ac870082ca
2025-04-14 03:26:12 [main] INFO  API_TEST - Generated Signature for cuong pham b10: MIAGCSqGSIb3DQEHAqCAMIACAQExCzAJBgUrDgMCGgUAMIAGCSqGSIb3DQEHAaCAJIAEgYAxAGMANwBkAGYAOQBlADUAZQA4ADkAMwAzAGEANwBjAGEAMwA3AGEAZgBkADMAYgA3AGEAOAAzAGYANQA4ADAAYwBlADcAYQAyADIAZQBiAGIAMQAzADQAYgBlADcAMgBmADQAZgBkAGQAMwBhAGMAOAA3ADAAMAA4ADIAYwBhAAAAAAAAAKCAMIIDRDCCAiygAwIBAgIEY4V53jANBgkqhkiG9w0BAQsFADBkMQswCQYDVQQGEwJWTjEMMAoGA1UECAwDSENNMQwwCgYDVQQHDANIQ00xDDAKBgNVBAoMA0FDQjESMBAGA1UECwwJSVQgLSBEVktOMRcwFQYDVQQDDA5DdW9uZyBQaGFtIEIxMDAeFw0yMjExMjkwMzE3NTBaFw0zMjExMjkwMzE3NTBaMGQxCzAJBgNVBAYTAlZOMQwwCgYDVQQIDANIQ00xDDAKBgNVBAcMA0hDTTEMMAoGA1UECgwDQUNCMRIwEAYDVQQLDAlJVCAtIERWS04xFzAVBgNVBAMMDkN1b25nIFBoYW0gQjEwMIIBIjANBgkqhkiG9w0BAQEFAAOCAQ8AMIIBCgKCAQEAorTh+kRlrLfQSt/ZqHxTDlPZaqzJFDWYgybIn95f21WnQYZeQJBNAE9N+aEZlLXT8pcPy3fkfUVdc34NEI1GDCcXxa9EdBPupFFiW+1rU9Do0I12x6VqWDvEj+7YVW8Gd/0kn7AY5YfqjSVPpa7+I69kpa/vHqo8HBjkl97j16nSO1sYj3aN2v2XYInac5TiIouykdxlv3b2y+iTf5KTnqus/9w5IUn33zNJ42A8woZW4SD7Lcv0ZxL6JiX59wKz90nRWeTAxi+Bf4wMYV9y0WzzNaLAnbmThoyjWcL11IHIJWLV1UqV30X9m4hvfI/zDIUIhdXu1WIlvBXDDn4f9QIDAQABMA0GCSqGSIb3DQEBCwUAA4IBAQBjAzbybbHskE2gogcTwUHvkKgJRcP/vAJgTLpeytB4pIdscLmeKDMwQCqGxYDC90kvmtRtWfSfeu3aUDA2ICtTQLvryDgvhlXqQ1PXAT7jSp2/XO1Ips4wNBPDazrgX9pVNCk1itiO1bx+fMPLtliyAxbDOkRt3CWFFgo2pimLCgyQeUY2QqpRmNP7HK0MYlIVJW2u0YeI/QH4KTjj0vLdDte6byz5TTaa0zi2z4Rr303rrmmia5zw8674plWyLJU6GHzC+PrAe14DfzFA4cK2Ip8Ya7eicrCWk1/DM+HKKR0253WIoi8o5yMs0q5JJSM7lvFpYLu+sYtRXl5Pm1L6AAAxggIeMIICGgIBATBsMGQxCzAJBgNVBAYTAlZOMQwwCgYDVQQIDANIQ00xDDAKBgNVBAcMA0hDTTEMMAoGA1UECgwDQUNCMRIwEAYDVQQLDAlJVCAtIERWS04xFzAVBgNVBAMMDkN1b25nIFBoYW0gQjEwAgRjhXneMAkGBSsOAwIaBQCggYgwGAYJKoZIhvcNAQkDMQsGCSqGSIb3DQEHATAcBgkqhkiG9w0BCQUxDxcNMjUwNDEzMjAyNjEyWjAjBgkqhkiG9w0BCQQxFgQUv3WeU7kXSUuXNv6s41DnFJGvSz0wKQYJKoZIhvcNAQk0MRwwGjAJBgUrDgMCGgUAoQ0GCSqGSIb3DQEBAQUAMA0GCSqGSIb3DQEBAQUABIIBAFEyjJOaQ/TRP5iBXkrsJHEDaH9wJwqnwW/Xs959MZLBZXMLumeVW5CNgdMxNAL3w8jGqDHDNcAonlEYmDdHhTeaVRDb0T0xZFO67MSG7Ru7kR0Xsdwyrdf1MCjoW3JjYRfNuQJ986PPRGx0C0r7ga4W4NqpCvqTp55dXbZtlX6gNzuOVAG4MadPgDvRfIn4NA9mupdccXgp3RpzSyhG+XKV2CAf2cUJTvVuuLylnei6y7srq7kdz9YCXIfVcU3nXD3ITEIzuewD537e9cwXOXpVGVO4hSAzG7wmyPwGnZUs+ySFmeWDSseTaUFjrqZk2lsPRh+Gt4gJmHPuyUSRn6IAAAAAAAA=
2025-04-14 03:26:12 [main] INFO  API_TEST - Updated Request Body after adding authorizationString for authorizationId: 72d9c963-4a20-40f3-bef1-9b773369826b: 
{
  "requestTrace" : "04ea2fdf-b26a-41e2-a403-b28ac0ea9136",
  "requestDateTime" : "2025-04-14T03:26:12.0228+07:00",
  "requestParameters" : {
    "data" : {
      "sourceAccountNumber" : "80061959",
      "transaction" : {
        "transactionTraceNumber" : "inside7852535587",
        "transactionType" : "INSIDEBANK",
        "beneficiary" : {
          "inside" : {
            "account" : {
              "accountNumber" : "A46A46P100211",
              "beneficiaryName" : "ADAM 25193"
            }
          }
        },
        "amount" : {
          "sourceCurrency" : "VND",
          "targetCurrency" : "VND",
          "amount" : "200000",
          "exchangeRate" : "1",
          "exchangeAmount" : "200000"
        },
        "remarks" : "Chi don"
      }
    },
    "authorizations" : [ {
      "authorizationString" : "MIAGCSqGSIb3DQEHAqCAMIACAQExCzAJBgUrDgMCGgUAMIAGCSqGSIb3DQEHAaCAJIAEgYAxAGMANwBkAGYAOQBlADUAZQA4ADkAMwAzAGEANwBjAGEAMwA3AGEAZgBkADMAYgA3AGEAOAAzAGYANQA4ADAAYwBlADcAYQAyADIAZQBiAGIAMQAzADQAYgBlADcAMgBmADQAZgBkAGQAMwBhAGMAOAA3ADAAMAA4ADIAYwBhAAAAAAAAAKCAMIIDRDCCAiygAwIBAgIEY4V5pDANBgkqhkiG9w0BAQsFADBkMQswCQYDVQQGEwJWTjEMMAoGA1UECAwDSENNMQwwCgYDVQQHDANIQ00xDDAKBgNVBAoMA0FDQjESMBAGA1UECwwJSVQgLSBEVktOMRcwFQYDVQQDDA5DdW9uZyBQaGFtIEExMDAeFw0yMjExMjkwMzE2NTJaFw0zMjExMjkwMzE2NTJaMGQxCzAJBgNVBAYTAlZOMQwwCgYDVQQIDANIQ00xDDAKBgNVBAcMA0hDTTEMMAoGA1UECgwDQUNCMRIwEAYDVQQLDAlJVCAtIERWS04xFzAVBgNVBAMMDkN1b25nIFBoYW0gQTEwMIIBIjANBgkqhkiG9w0BAQEFAAOCAQ8AMIIBCgKCAQEAiNUdY2zCxZnyFHO81b2OQAqW5rHylxlD+kLVDcwMUtSYEVVdxOtVK0fWni8e+9dz6wXuJI6bs/NgsLl4jPZVfzzLhDstrc8fWj0+BdIoQJe9CZuew8GLQc/pZ0mTH97ol6GWezL97ODZpf7PSsrA0b9UCV9n1PnAmBb7sM2AiEJy/ZuqSkPe0b8KRnyuE0ED94ScVoaiz6axYVISeF7QPRH00Gvi4fdJCdTiFlukp/0i9ZuhJxDO0JZ1eZlj2YI80vPo6WHeMDKeJ4JP2WPc4hfh8knNg+iKH2AoX2Co8T8DUhJjNDfFy6vO2Ej7B2qxZ4xXr+nSpcRdX1r0M3sr9QIDAQABMA0GCSqGSIb3DQEBCwUAA4IBAQBAXikxeNOzMknfMZsJg+vXUsMy5KXF2Jf5xm1FCRCbBVxmZXE1+6njsGaCixS1Lpi4/KbfwQ6XC1k8Dv40Pd6Koscnx5BuSjkLYkFFMlzHdchmLTJxrn86c6UMnb/MUXoQtqJ3bYBdwlc//YDc3XVKBDsOipZ0QY8zDpsz/4GaRQ3ua3UL2VyD94u1WKUB7JYPCxeRcDDgszLExOQ6FOHFGvZiF+yrQLXfYpktg4cgBXx4J6cDlvha8YBDM1DYX6sLwDy2XixDlACLtNxcRODC3rpVS/bSHC4WQkfTadwfkHoFB6iBm22P4KdxcHV2VP5YnHJ/Vaza4ghv/fEgxIWLAAAxggIeMIICGgIBATBsMGQxCzAJBgNVBAYTAlZOMQwwCgYDVQQIDANIQ00xDDAKBgNVBAcMA0hDTTEMMAoGA1UECgwDQUNCMRIwEAYDVQQLDAlJVCAtIERWS04xFzAVBgNVBAMMDkN1b25nIFBoYW0gQTEwAgRjhXmkMAkGBSsOAwIaBQCggYgwGAYJKoZIhvcNAQkDMQsGCSqGSIb3DQEHATAcBgkqhkiG9w0BCQUxDxcNMjUwNDEzMjAyNjEyWjAjBgkqhkiG9w0BCQQxFgQUv3WeU7kXSUuXNv6s41DnFJGvSz0wKQYJKoZIhvcNAQk0MRwwGjAJBgUrDgMCGgUAoQ0GCSqGSIb3DQEBAQUAMA0GCSqGSIb3DQEBAQUABIIBAGVH8L48jxhhNFcTo27txpiYwU4mQ5YMtlwKs5XG+T6IlFnX0TrlOZXWtimkwIt5uMH+DfoiQ0lwPIgoiRzi4LfWrz94fZW59yiEOsV+VQUmRP0xX34wby4r6OIjcEFntuLHQnvrQnCAsi59JiXtInxDy3lUBHYDdSWbKbw02oWz4zHOpAH8PJnP7mcRsfpSiHpYLa5cJPUSfbDk7w1aruygmBjh9bDJvJDViWKFQkYTZ6/YSEyA56nDy+dlLRyPzdsJaIqFh0w62uZ6M5d0ezIRxEsPjCJGBCgTiyGrHYunTtb7DkbuncTkZK1fq28fKSyNAC/k9W4weK/RLQtSxmMAAAAAAAA=",
      "authorizationId" : "1526fa6a-4388-4234-99e5-846ba2c6e328"
    }, {
      "authorizationString" : "MIAGCSqGSIb3DQEHAqCAMIACAQExCzAJBgUrDgMCGgUAMIAGCSqGSIb3DQEHAaCAJIAEgYAxAGMANwBkAGYAOQBlADUAZQA4ADkAMwAzAGEANwBjAGEAMwA3AGEAZgBkADMAYgA3AGEAOAAzAGYANQA4ADAAYwBlADcAYQAyADIAZQBiAGIAMQAzADQAYgBlADcAMgBmADQAZgBkAGQAMwBhAGMAOAA3ADAAMAA4ADIAYwBhAAAAAAAAAKCAMIIDRDCCAiygAwIBAgIEY4V53jANBgkqhkiG9w0BAQsFADBkMQswCQYDVQQGEwJWTjEMMAoGA1UECAwDSENNMQwwCgYDVQQHDANIQ00xDDAKBgNVBAoMA0FDQjESMBAGA1UECwwJSVQgLSBEVktOMRcwFQYDVQQDDA5DdW9uZyBQaGFtIEIxMDAeFw0yMjExMjkwMzE3NTBaFw0zMjExMjkwMzE3NTBaMGQxCzAJBgNVBAYTAlZOMQwwCgYDVQQIDANIQ00xDDAKBgNVBAcMA0hDTTEMMAoGA1UECgwDQUNCMRIwEAYDVQQLDAlJVCAtIERWS04xFzAVBgNVBAMMDkN1b25nIFBoYW0gQjEwMIIBIjANBgkqhkiG9w0BAQEFAAOCAQ8AMIIBCgKCAQEAorTh+kRlrLfQSt/ZqHxTDlPZaqzJFDWYgybIn95f21WnQYZeQJBNAE9N+aEZlLXT8pcPy3fkfUVdc34NEI1GDCcXxa9EdBPupFFiW+1rU9Do0I12x6VqWDvEj+7YVW8Gd/0kn7AY5YfqjSVPpa7+I69kpa/vHqo8HBjkl97j16nSO1sYj3aN2v2XYInac5TiIouykdxlv3b2y+iTf5KTnqus/9w5IUn33zNJ42A8woZW4SD7Lcv0ZxL6JiX59wKz90nRWeTAxi+Bf4wMYV9y0WzzNaLAnbmThoyjWcL11IHIJWLV1UqV30X9m4hvfI/zDIUIhdXu1WIlvBXDDn4f9QIDAQABMA0GCSqGSIb3DQEBCwUAA4IBAQBjAzbybbHskE2gogcTwUHvkKgJRcP/vAJgTLpeytB4pIdscLmeKDMwQCqGxYDC90kvmtRtWfSfeu3aUDA2ICtTQLvryDgvhlXqQ1PXAT7jSp2/XO1Ips4wNBPDazrgX9pVNCk1itiO1bx+fMPLtliyAxbDOkRt3CWFFgo2pimLCgyQeUY2QqpRmNP7HK0MYlIVJW2u0YeI/QH4KTjj0vLdDte6byz5TTaa0zi2z4Rr303rrmmia5zw8674plWyLJU6GHzC+PrAe14DfzFA4cK2Ip8Ya7eicrCWk1/DM+HKKR0253WIoi8o5yMs0q5JJSM7lvFpYLu+sYtRXl5Pm1L6AAAxggIeMIICGgIBATBsMGQxCzAJBgNVBAYTAlZOMQwwCgYDVQQIDANIQ00xDDAKBgNVBAcMA0hDTTEMMAoGA1UECgwDQUNCMRIwEAYDVQQLDAlJVCAtIERWS04xFzAVBgNVBAMMDkN1b25nIFBoYW0gQjEwAgRjhXneMAkGBSsOAwIaBQCggYgwGAYJKoZIhvcNAQkDMQsGCSqGSIb3DQEHATAcBgkqhkiG9w0BCQUxDxcNMjUwNDEzMjAyNjEyWjAjBgkqhkiG9w0BCQQxFgQUv3WeU7kXSUuXNv6s41DnFJGvSz0wKQYJKoZIhvcNAQk0MRwwGjAJBgUrDgMCGgUAoQ0GCSqGSIb3DQEBAQUAMA0GCSqGSIb3DQEBAQUABIIBAFEyjJOaQ/TRP5iBXkrsJHEDaH9wJwqnwW/Xs959MZLBZXMLumeVW5CNgdMxNAL3w8jGqDHDNcAonlEYmDdHhTeaVRDb0T0xZFO67MSG7Ru7kR0Xsdwyrdf1MCjoW3JjYRfNuQJ986PPRGx0C0r7ga4W4NqpCvqTp55dXbZtlX6gNzuOVAG4MadPgDvRfIn4NA9mupdccXgp3RpzSyhG+XKV2CAf2cUJTvVuuLylnei6y7srq7kdz9YCXIfVcU3nXD3ITEIzuewD537e9cwXOXpVGVO4hSAzG7wmyPwGnZUs+ySFmeWDSseTaUFjrqZk2lsPRh+Gt4gJmHPuyUSRn6IAAAAAAAA=",
      "authorizationId" : "72d9c963-4a20-40f3-bef1-9b773369826b"
    } ]
  }
}
2025-04-14 03:26:12 [main] INFO  API_TEST - Sending Payment Order Request to: https://sandbox.acb.com.vn/acb/open/payments/payment-order/v2/transaction
2025-04-14 03:26:12 [main] INFO  API_TEST - Request Headers: io.restassured.internal.RequestSpecificationImpl@5df92089
2025-04-14 03:26:12 [main] INFO  API_TEST - Request Body: 
{
  "requestTrace" : "04ea2fdf-b26a-41e2-a403-b28ac0ea9136",
  "requestDateTime" : "2025-04-14T03:26:12.0228+07:00",
  "requestParameters" : {
    "data" : {
      "sourceAccountNumber" : "80061959",
      "transaction" : {
        "transactionTraceNumber" : "inside7852535587",
        "transactionType" : "INSIDEBANK",
        "beneficiary" : {
          "inside" : {
            "account" : {
              "accountNumber" : "A46A46P100211",
              "beneficiaryName" : "ADAM 25193"
            }
          }
        },
        "amount" : {
          "sourceCurrency" : "VND",
          "targetCurrency" : "VND",
          "amount" : "200000",
          "exchangeRate" : "1",
          "exchangeAmount" : "200000"
        },
        "remarks" : "Chi don"
      }
    },
    "authorizations" : [ {
      "authorizationString" : "MIAGCSqGSIb3DQEHAqCAMIACAQExCzAJBgUrDgMCGgUAMIAGCSqGSIb3DQEHAaCAJIAEgYAxAGMANwBkAGYAOQBlADUAZQA4ADkAMwAzAGEANwBjAGEAMwA3AGEAZgBkADMAYgA3AGEAOAAzAGYANQA4ADAAYwBlADcAYQAyADIAZQBiAGIAMQAzADQAYgBlADcAMgBmADQAZgBkAGQAMwBhAGMAOAA3ADAAMAA4ADIAYwBhAAAAAAAAAKCAMIIDRDCCAiygAwIBAgIEY4V5pDANBgkqhkiG9w0BAQsFADBkMQswCQYDVQQGEwJWTjEMMAoGA1UECAwDSENNMQwwCgYDVQQHDANIQ00xDDAKBgNVBAoMA0FDQjESMBAGA1UECwwJSVQgLSBEVktOMRcwFQYDVQQDDA5DdW9uZyBQaGFtIEExMDAeFw0yMjExMjkwMzE2NTJaFw0zMjExMjkwMzE2NTJaMGQxCzAJBgNVBAYTAlZOMQwwCgYDVQQIDANIQ00xDDAKBgNVBAcMA0hDTTEMMAoGA1UECgwDQUNCMRIwEAYDVQQLDAlJVCAtIERWS04xFzAVBgNVBAMMDkN1b25nIFBoYW0gQTEwMIIBIjANBgkqhkiG9w0BAQEFAAOCAQ8AMIIBCgKCAQEAiNUdY2zCxZnyFHO81b2OQAqW5rHylxlD+kLVDcwMUtSYEVVdxOtVK0fWni8e+9dz6wXuJI6bs/NgsLl4jPZVfzzLhDstrc8fWj0+BdIoQJe9CZuew8GLQc/pZ0mTH97ol6GWezL97ODZpf7PSsrA0b9UCV9n1PnAmBb7sM2AiEJy/ZuqSkPe0b8KRnyuE0ED94ScVoaiz6axYVISeF7QPRH00Gvi4fdJCdTiFlukp/0i9ZuhJxDO0JZ1eZlj2YI80vPo6WHeMDKeJ4JP2WPc4hfh8knNg+iKH2AoX2Co8T8DUhJjNDfFy6vO2Ej7B2qxZ4xXr+nSpcRdX1r0M3sr9QIDAQABMA0GCSqGSIb3DQEBCwUAA4IBAQBAXikxeNOzMknfMZsJg+vXUsMy5KXF2Jf5xm1FCRCbBVxmZXE1+6njsGaCixS1Lpi4/KbfwQ6XC1k8Dv40Pd6Koscnx5BuSjkLYkFFMlzHdchmLTJxrn86c6UMnb/MUXoQtqJ3bYBdwlc//YDc3XVKBDsOipZ0QY8zDpsz/4GaRQ3ua3UL2VyD94u1WKUB7JYPCxeRcDDgszLExOQ6FOHFGvZiF+yrQLXfYpktg4cgBXx4J6cDlvha8YBDM1DYX6sLwDy2XixDlACLtNxcRODC3rpVS/bSHC4WQkfTadwfkHoFB6iBm22P4KdxcHV2VP5YnHJ/Vaza4ghv/fEgxIWLAAAxggIeMIICGgIBATBsMGQxCzAJBgNVBAYTAlZOMQwwCgYDVQQIDANIQ00xDDAKBgNVBAcMA0hDTTEMMAoGA1UECgwDQUNCMRIwEAYDVQQLDAlJVCAtIERWS04xFzAVBgNVBAMMDkN1b25nIFBoYW0gQTEwAgRjhXmkMAkGBSsOAwIaBQCggYgwGAYJKoZIhvcNAQkDMQsGCSqGSIb3DQEHATAcBgkqhkiG9w0BCQUxDxcNMjUwNDEzMjAyNjEyWjAjBgkqhkiG9w0BCQQxFgQUv3WeU7kXSUuXNv6s41DnFJGvSz0wKQYJKoZIhvcNAQk0MRwwGjAJBgUrDgMCGgUAoQ0GCSqGSIb3DQEBAQUAMA0GCSqGSIb3DQEBAQUABIIBAGVH8L48jxhhNFcTo27txpiYwU4mQ5YMtlwKs5XG+T6IlFnX0TrlOZXWtimkwIt5uMH+DfoiQ0lwPIgoiRzi4LfWrz94fZW59yiEOsV+VQUmRP0xX34wby4r6OIjcEFntuLHQnvrQnCAsi59JiXtInxDy3lUBHYDdSWbKbw02oWz4zHOpAH8PJnP7mcRsfpSiHpYLa5cJPUSfbDk7w1aruygmBjh9bDJvJDViWKFQkYTZ6/YSEyA56nDy+dlLRyPzdsJaIqFh0w62uZ6M5d0ezIRxEsPjCJGBCgTiyGrHYunTtb7DkbuncTkZK1fq28fKSyNAC/k9W4weK/RLQtSxmMAAAAAAAA=",
      "authorizationId" : "1526fa6a-4388-4234-99e5-846ba2c6e328"
    }, {
      "authorizationString" : "MIAGCSqGSIb3DQEHAqCAMIACAQExCzAJBgUrDgMCGgUAMIAGCSqGSIb3DQEHAaCAJIAEgYAxAGMANwBkAGYAOQBlADUAZQA4ADkAMwAzAGEANwBjAGEAMwA3AGEAZgBkADMAYgA3AGEAOAAzAGYANQA4ADAAYwBlADcAYQAyADIAZQBiAGIAMQAzADQAYgBlADcAMgBmADQAZgBkAGQAMwBhAGMAOAA3ADAAMAA4ADIAYwBhAAAAAAAAAKCAMIIDRDCCAiygAwIBAgIEY4V53jANBgkqhkiG9w0BAQsFADBkMQswCQYDVQQGEwJWTjEMMAoGA1UECAwDSENNMQwwCgYDVQQHDANIQ00xDDAKBgNVBAoMA0FDQjESMBAGA1UECwwJSVQgLSBEVktOMRcwFQYDVQQDDA5DdW9uZyBQaGFtIEIxMDAeFw0yMjExMjkwMzE3NTBaFw0zMjExMjkwMzE3NTBaMGQxCzAJBgNVBAYTAlZOMQwwCgYDVQQIDANIQ00xDDAKBgNVBAcMA0hDTTEMMAoGA1UECgwDQUNCMRIwEAYDVQQLDAlJVCAtIERWS04xFzAVBgNVBAMMDkN1b25nIFBoYW0gQjEwMIIBIjANBgkqhkiG9w0BAQEFAAOCAQ8AMIIBCgKCAQEAorTh+kRlrLfQSt/ZqHxTDlPZaqzJFDWYgybIn95f21WnQYZeQJBNAE9N+aEZlLXT8pcPy3fkfUVdc34NEI1GDCcXxa9EdBPupFFiW+1rU9Do0I12x6VqWDvEj+7YVW8Gd/0kn7AY5YfqjSVPpa7+I69kpa/vHqo8HBjkl97j16nSO1sYj3aN2v2XYInac5TiIouykdxlv3b2y+iTf5KTnqus/9w5IUn33zNJ42A8woZW4SD7Lcv0ZxL6JiX59wKz90nRWeTAxi+Bf4wMYV9y0WzzNaLAnbmThoyjWcL11IHIJWLV1UqV30X9m4hvfI/zDIUIhdXu1WIlvBXDDn4f9QIDAQABMA0GCSqGSIb3DQEBCwUAA4IBAQBjAzbybbHskE2gogcTwUHvkKgJRcP/vAJgTLpeytB4pIdscLmeKDMwQCqGxYDC90kvmtRtWfSfeu3aUDA2ICtTQLvryDgvhlXqQ1PXAT7jSp2/XO1Ips4wNBPDazrgX9pVNCk1itiO1bx+fMPLtliyAxbDOkRt3CWFFgo2pimLCgyQeUY2QqpRmNP7HK0MYlIVJW2u0YeI/QH4KTjj0vLdDte6byz5TTaa0zi2z4Rr303rrmmia5zw8674plWyLJU6GHzC+PrAe14DfzFA4cK2Ip8Ya7eicrCWk1/DM+HKKR0253WIoi8o5yMs0q5JJSM7lvFpYLu+sYtRXl5Pm1L6AAAxggIeMIICGgIBATBsMGQxCzAJBgNVBAYTAlZOMQwwCgYDVQQIDANIQ00xDDAKBgNVBAcMA0hDTTEMMAoGA1UECgwDQUNCMRIwEAYDVQQLDAlJVCAtIERWS04xFzAVBgNVBAMMDkN1b25nIFBoYW0gQjEwAgRjhXneMAkGBSsOAwIaBQCggYgwGAYJKoZIhvcNAQkDMQsGCSqGSIb3DQEHATAcBgkqhkiG9w0BCQUxDxcNMjUwNDEzMjAyNjEyWjAjBgkqhkiG9w0BCQQxFgQUv3WeU7kXSUuXNv6s41DnFJGvSz0wKQYJKoZIhvcNAQk0MRwwGjAJBgUrDgMCGgUAoQ0GCSqGSIb3DQEBAQUAMA0GCSqGSIb3DQEBAQUABIIBAFEyjJOaQ/TRP5iBXkrsJHEDaH9wJwqnwW/Xs959MZLBZXMLumeVW5CNgdMxNAL3w8jGqDHDNcAonlEYmDdHhTeaVRDb0T0xZFO67MSG7Ru7kR0Xsdwyrdf1MCjoW3JjYRfNuQJ986PPRGx0C0r7ga4W4NqpCvqTp55dXbZtlX6gNzuOVAG4MadPgDvRfIn4NA9mupdccXgp3RpzSyhG+XKV2CAf2cUJTvVuuLylnei6y7srq7kdz9YCXIfVcU3nXD3ITEIzuewD537e9cwXOXpVGVO4hSAzG7wmyPwGnZUs+ySFmeWDSseTaUFjrqZk2lsPRh+Gt4gJmHPuyUSRn6IAAAAAAAA=",
      "authorizationId" : "72d9c963-4a20-40f3-bef1-9b773369826b"
    } ]
  }
}
Headers:		Authorization=Bearer eyJhbGciOiJSUzI1NiIsInR5cCIgOiAiSldUIiwia2lkIiA6ICIyTDR2cFBsXzVQRUY5clljdksxb3dWbkZYeW1GeklyT3VJN3NOZkhSUC1zIn0.eyJleHAiOjE3NDQ2MDQ3NzEsImlhdCI6MTc0NDU3NTk3MSwianRpIjoiYzAxZDU0ZGItMjRjMi00NzJjLTk2MGEtZjFmYzk1OWE3N2FkIiwiaXNzIjoiaHR0cHM6Ly9pZC5hY2Iudm4vYXV0aC9yZWFsbXMvc29iYSIsInN1YiI6ImQxNWJiYjNhLTgxNTEtNGVhOC1hYTM1LTAxMmJiZjJhZTc0OSIsInR5cCI6IkJlYXJlciIsImF6cCI6IjJmNGUxMzc5YWRkYjJjNmYwNTlkNTNmNjIyYjZiZjgwIiwic2Vzc2lvbl9zdGF0ZSI6ImRjOWJkMTQyLTM4MDUtNDY0Ny05NjMxLTAxODVkOTM0NmQ0YyIsImFjciI6IjEiLCJzY29wZSI6InNlcnZpY2U6cGF5bWVudC1vcmRlciBzZXJ2aWNlOnZpcnR1YWwtYWNjb3VudCBzZXJ2aWNlOmJlbmVmaWNpYXJ5IHNlcnZpY2U6dHJhbnNhY3Rpb24taGlzdG9yeSBzZXJ2aWNlOmFjY291bnQtaW5mb3JtYXRpb24gc2VydmljZTp0cmFuc2FjdGlvbi1ub3RpZmljYXRpb24gc2VydmljZTphdXRoZW50aWNhdGlvbiBzZXJ2aWNlOmV3YWxsZXQgc29iYS1hcGkgc2VydmljZTptZXJjaGFudC1zb2x1dGlvbiIsImN1c3RvbWVyX3R5cGUiOiJPUkciLCJjbGllbnRJZCI6IjJmNGUxMzc5YWRkYjJjNmYwNTlkNTNmNjIyYjZiZjgwIiwiY2xpZW50SG9zdCI6IjEyNy4wLjAuMSIsImFjY291bnRfbWFqb3JzIjoiQ0siLCJzZXJ2aWNlX3Byb3ZpZGVyIjp0cnVlLCJhY2NvdW50X21pbm9ycyI6IkcwMTEiLCJjbGllbnRBZGRyZXNzIjoiMTI3LjAuMC4xIiwic2VnbWVudDEiOiJQSUtBIiwiZXdhbGxldF9zcCI6IlBJS0EiLCJjdXN0b21lcl9hY2NvdW50cyI6IjgwMDYxOTU5IiwicHJvdmlkZXJfaWQiOiJQSUtBIiwiY3VzdG9tZXJfaWQiOiI4MDExNzEiLCJwcm92aWRlcl9uYW1lIjoiUElLQSJ9.DJTy3YIQbP3yb-FGnI6ImkF4I9QPsknvrP7UMcJkSN1SY4gftWNVMv0XdU1nzvHXkzThHx2LVrSxbnRNRRNyTIGmaxr1gIQD1NxS0bngRAU65ktBg6KMak7cZr6H5V9aLf45y-SQ-XfX7W-Z72OyHcWE1Erc_5EqYOVLNNfYuz4F0sXGUuZJ55vkiznKJlPxBgKBTNUCz2S15BAEKIpsnqcr5XjaN_2bZGX4bfl5IhQ1kF3VCNi3Je38as4hRpAiLEOjP74WCV7HzpgRC7lT9gbbFKaaSTYs4V4DsJ6m9lwQOoYC0RCn4D82t-ZHszbRKdie0_aYJmqH4YbsQoeTH5fZm7k3wiPQVwPSAaPihMEJAKOKImBvEkoF1Gvu1XQBHCr5MT0Y6i_GPrgVvCoQzHFflJabK4MAnyd4GhDDizd2jRqnKVpWQ_2NfKow70k0dniIz33mE1Z4flrXtca3NxU36d08__wxiqQ48pkTM7I0zBmTOSSF9mY-Z8G3qOFAa-MqvyGFv95Ij5fgvGXrV5hAMdQuBNQwMJAGRMvu4Fy0Sp0MSw-05FIaKD5JEF9dzf5BtA2WpFJtgFO9MbmASoZMf-SxwnDpmldBfCola7OI-pwGIUpNPOt8rtjP8KEJm6bXanhA7mPfJrdKbKI_K057N5_ZokvMAglbhx2FNos
				X-Channel=SOBA
				X-Client-ID=2f4e1379addb2c6f059d53f622b6bf80
				X-Provider-ID=PIKA
				X-Request-ID=6bc423ce-7881-47e7-8d59-e74d0334eb85
				Accept=*/*
				Content-Type=application/json
Headers:		Authorization=Bearer eyJhbGciOiJSUzI1NiIsInR5cCIgOiAiSldUIiwia2lkIiA6ICIyTDR2cFBsXzVQRUY5clljdksxb3dWbkZYeW1GeklyT3VJN3NOZkhSUC1zIn0.eyJleHAiOjE3NDQ2MDQ3NzEsImlhdCI6MTc0NDU3NTk3MSwianRpIjoiYzAxZDU0ZGItMjRjMi00NzJjLTk2MGEtZjFmYzk1OWE3N2FkIiwiaXNzIjoiaHR0cHM6Ly9pZC5hY2Iudm4vYXV0aC9yZWFsbXMvc29iYSIsInN1YiI6ImQxNWJiYjNhLTgxNTEtNGVhOC1hYTM1LTAxMmJiZjJhZTc0OSIsInR5cCI6IkJlYXJlciIsImF6cCI6IjJmNGUxMzc5YWRkYjJjNmYwNTlkNTNmNjIyYjZiZjgwIiwic2Vzc2lvbl9zdGF0ZSI6ImRjOWJkMTQyLTM4MDUtNDY0Ny05NjMxLTAxODVkOTM0NmQ0YyIsImFjciI6IjEiLCJzY29wZSI6InNlcnZpY2U6cGF5bWVudC1vcmRlciBzZXJ2aWNlOnZpcnR1YWwtYWNjb3VudCBzZXJ2aWNlOmJlbmVmaWNpYXJ5IHNlcnZpY2U6dHJhbnNhY3Rpb24taGlzdG9yeSBzZXJ2aWNlOmFjY291bnQtaW5mb3JtYXRpb24gc2VydmljZTp0cmFuc2FjdGlvbi1ub3RpZmljYXRpb24gc2VydmljZTphdXRoZW50aWNhdGlvbiBzZXJ2aWNlOmV3YWxsZXQgc29iYS1hcGkgc2VydmljZTptZXJjaGFudC1zb2x1dGlvbiIsImN1c3RvbWVyX3R5cGUiOiJPUkciLCJjbGllbnRJZCI6IjJmNGUxMzc5YWRkYjJjNmYwNTlkNTNmNjIyYjZiZjgwIiwiY2xpZW50SG9zdCI6IjEyNy4wLjAuMSIsImFjY291bnRfbWFqb3JzIjoiQ0siLCJzZXJ2aWNlX3Byb3ZpZGVyIjp0cnVlLCJhY2NvdW50X21pbm9ycyI6IkcwMTEiLCJjbGllbnRBZGRyZXNzIjoiMTI3LjAuMC4xIiwic2VnbWVudDEiOiJQSUtBIiwiZXdhbGxldF9zcCI6IlBJS0EiLCJjdXN0b21lcl9hY2NvdW50cyI6IjgwMDYxOTU5IiwicHJvdmlkZXJfaWQiOiJQSUtBIiwiY3VzdG9tZXJfaWQiOiI4MDExNzEiLCJwcm92aWRlcl9uYW1lIjoiUElLQSJ9.DJTy3YIQbP3yb-FGnI6ImkF4I9QPsknvrP7UMcJkSN1SY4gftWNVMv0XdU1nzvHXkzThHx2LVrSxbnRNRRNyTIGmaxr1gIQD1NxS0bngRAU65ktBg6KMak7cZr6H5V9aLf45y-SQ-XfX7W-Z72OyHcWE1Erc_5EqYOVLNNfYuz4F0sXGUuZJ55vkiznKJlPxBgKBTNUCz2S15BAEKIpsnqcr5XjaN_2bZGX4bfl5IhQ1kF3VCNi3Je38as4hRpAiLEOjP74WCV7HzpgRC7lT9gbbFKaaSTYs4V4DsJ6m9lwQOoYC0RCn4D82t-ZHszbRKdie0_aYJmqH4YbsQoeTH5fZm7k3wiPQVwPSAaPihMEJAKOKImBvEkoF1Gvu1XQBHCr5MT0Y6i_GPrgVvCoQzHFflJabK4MAnyd4GhDDizd2jRqnKVpWQ_2NfKow70k0dniIz33mE1Z4flrXtca3NxU36d08__wxiqQ48pkTM7I0zBmTOSSF9mY-Z8G3qOFAa-MqvyGFv95Ij5fgvGXrV5hAMdQuBNQwMJAGRMvu4Fy0Sp0MSw-05FIaKD5JEF9dzf5BtA2WpFJtgFO9MbmASoZMf-SxwnDpmldBfCola7OI-pwGIUpNPOt8rtjP8KEJm6bXanhA7mPfJrdKbKI_K057N5_ZokvMAglbhx2FNos
				X-Channel=SOBA
				X-Client-ID=2f4e1379addb2c6f059d53f622b6bf80
				X-Provider-ID=PIKA
				X-Request-ID=6bc423ce-7881-47e7-8d59-e74d0334eb85
				Accept=*/*
				Content-Type=application/json
2025-04-14 03:26:12 [main] INFO  API_TEST - Payment Order Response - Status Code: 200
2025-04-14 03:26:12 [main] INFO  API_TEST - Payment Order Response - Headers: Connection=Keep-Alive
Transfer-Encoding=chunked
Date=Sun, 13 Apr 2025 20:26:12 GMT
Content-Type=application/json; charset=utf-8
X-Powered-By=Express
X-Request-Id=6bc423ce-7881-47e7-8d59-e74d0334eb85
ETag=W/"161-cgsL3XSS9OISMHtKiWmOy+fFxMI"
Strict-Transport-Security=max-age=63072000; includeSubDomains; preload
X-Global-Transaction-ID=09cb96d367fc1d4802033d23
X-RateLimit-Limit=name=Default rate-limit,200;
X-RateLimit-Remaining=name=Default rate-limit,199;
X-BurstLimit-Limit=name=Default burst-limit,10;
X-BurstLimit-Remaining=name=Default burst-limit,9;
Content-Encoding=gzip
Set-Cookie=acb=386078986.58148.0000; path=/; Httponly; Secure
2025-04-14 03:26:12 [main] INFO  API_TEST - Payment Order Response - Body: 
{
    "requestTrace": "04ea2fdf-b26a-41e2-a403-b28ac0ea9136",
    "responseDateTime": "2025-04-14T03:26:12+07:00",
    "responseStatus": {
        "responseCode": "00000000",
        "responseMessage": "success"
    },
    "responseData": {
        "transaction": {
            "transactionTraceNumber": "inside7852535587",
            "status": "ORIG",
            "statusMessage": "Waiting for processed",
            "createdDateTime": "2025-04-13T20:26:12.000Z"
        }
    }
}
2025-04-14 03:26:12 [main] INFO  API_TEST - Sending Request Body: 
{
  "requestTrace" : "04ea2fdf-b26a-41e2-a403-b28ac0ea9136",
  "requestDateTime" : "2025-04-14T03:26:12.0228+07:00",
  "requestParameters" : {
    "data" : {
      "sourceAccountNumber" : "80061959",
      "transaction" : {
        "transactionTraceNumber" : "inside7852535587",
        "transactionType" : "INSIDEBANK",
        "beneficiary" : {
          "inside" : {
            "account" : {
              "accountNumber" : "A46A46P100211",
              "beneficiaryName" : "ADAM 25193"
            }
          }
        },
        "amount" : {
          "sourceCurrency" : "VND",
          "targetCurrency" : "VND",
          "amount" : "200000",
          "exchangeRate" : "1",
          "exchangeAmount" : "200000"
        },
        "remarks" : "Chi don"
      }
    },
    "authorizations" : [ {
      "authorizationString" : "MIAGCSqGSIb3DQEHAqCAMIACAQExCzAJBgUrDgMCGgUAMIAGCSqGSIb3DQEHAaCAJIAEgYAxAGMANwBkAGYAOQBlADUAZQA4ADkAMwAzAGEANwBjAGEAMwA3AGEAZgBkADMAYgA3AGEAOAAzAGYANQA4ADAAYwBlADcAYQAyADIAZQBiAGIAMQAzADQAYgBlADcAMgBmADQAZgBkAGQAMwBhAGMAOAA3ADAAMAA4ADIAYwBhAAAAAAAAAKCAMIIDRDCCAiygAwIBAgIEY4V5pDANBgkqhkiG9w0BAQsFADBkMQswCQYDVQQGEwJWTjEMMAoGA1UECAwDSENNMQwwCgYDVQQHDANIQ00xDDAKBgNVBAoMA0FDQjESMBAGA1UECwwJSVQgLSBEVktOMRcwFQYDVQQDDA5DdW9uZyBQaGFtIEExMDAeFw0yMjExMjkwMzE2NTJaFw0zMjExMjkwMzE2NTJaMGQxCzAJBgNVBAYTAlZOMQwwCgYDVQQIDANIQ00xDDAKBgNVBAcMA0hDTTEMMAoGA1UECgwDQUNCMRIwEAYDVQQLDAlJVCAtIERWS04xFzAVBgNVBAMMDkN1b25nIFBoYW0gQTEwMIIBIjANBgkqhkiG9w0BAQEFAAOCAQ8AMIIBCgKCAQEAiNUdY2zCxZnyFHO81b2OQAqW5rHylxlD+kLVDcwMUtSYEVVdxOtVK0fWni8e+9dz6wXuJI6bs/NgsLl4jPZVfzzLhDstrc8fWj0+BdIoQJe9CZuew8GLQc/pZ0mTH97ol6GWezL97ODZpf7PSsrA0b9UCV9n1PnAmBb7sM2AiEJy/ZuqSkPe0b8KRnyuE0ED94ScVoaiz6axYVISeF7QPRH00Gvi4fdJCdTiFlukp/0i9ZuhJxDO0JZ1eZlj2YI80vPo6WHeMDKeJ4JP2WPc4hfh8knNg+iKH2AoX2Co8T8DUhJjNDfFy6vO2Ej7B2qxZ4xXr+nSpcRdX1r0M3sr9QIDAQABMA0GCSqGSIb3DQEBCwUAA4IBAQBAXikxeNOzMknfMZsJg+vXUsMy5KXF2Jf5xm1FCRCbBVxmZXE1+6njsGaCixS1Lpi4/KbfwQ6XC1k8Dv40Pd6Koscnx5BuSjkLYkFFMlzHdchmLTJxrn86c6UMnb/MUXoQtqJ3bYBdwlc//YDc3XVKBDsOipZ0QY8zDpsz/4GaRQ3ua3UL2VyD94u1WKUB7JYPCxeRcDDgszLExOQ6FOHFGvZiF+yrQLXfYpktg4cgBXx4J6cDlvha8YBDM1DYX6sLwDy2XixDlACLtNxcRODC3rpVS/bSHC4WQkfTadwfkHoFB6iBm22P4KdxcHV2VP5YnHJ/Vaza4ghv/fEgxIWLAAAxggIeMIICGgIBATBsMGQxCzAJBgNVBAYTAlZOMQwwCgYDVQQIDANIQ00xDDAKBgNVBAcMA0hDTTEMMAoGA1UECgwDQUNCMRIwEAYDVQQLDAlJVCAtIERWS04xFzAVBgNVBAMMDkN1b25nIFBoYW0gQTEwAgRjhXmkMAkGBSsOAwIaBQCggYgwGAYJKoZIhvcNAQkDMQsGCSqGSIb3DQEHATAcBgkqhkiG9w0BCQUxDxcNMjUwNDEzMjAyNjEyWjAjBgkqhkiG9w0BCQQxFgQUv3WeU7kXSUuXNv6s41DnFJGvSz0wKQYJKoZIhvcNAQk0MRwwGjAJBgUrDgMCGgUAoQ0GCSqGSIb3DQEBAQUAMA0GCSqGSIb3DQEBAQUABIIBAGVH8L48jxhhNFcTo27txpiYwU4mQ5YMtlwKs5XG+T6IlFnX0TrlOZXWtimkwIt5uMH+DfoiQ0lwPIgoiRzi4LfWrz94fZW59yiEOsV+VQUmRP0xX34wby4r6OIjcEFntuLHQnvrQnCAsi59JiXtInxDy3lUBHYDdSWbKbw02oWz4zHOpAH8PJnP7mcRsfpSiHpYLa5cJPUSfbDk7w1aruygmBjh9bDJvJDViWKFQkYTZ6/YSEyA56nDy+dlLRyPzdsJaIqFh0w62uZ6M5d0ezIRxEsPjCJGBCgTiyGrHYunTtb7DkbuncTkZK1fq28fKSyNAC/k9W4weK/RLQtSxmMAAAAAAAA=",
      "authorizationId" : "1526fa6a-4388-4234-99e5-846ba2c6e328"
    }, {
      "authorizationString" : "MIAGCSqGSIb3DQEHAqCAMIACAQExCzAJBgUrDgMCGgUAMIAGCSqGSIb3DQEHAaCAJIAEgYAxAGMANwBkAGYAOQBlADUAZQA4ADkAMwAzAGEANwBjAGEAMwA3AGEAZgBkADMAYgA3AGEAOAAzAGYANQA4ADAAYwBlADcAYQAyADIAZQBiAGIAMQAzADQAYgBlADcAMgBmADQAZgBkAGQAMwBhAGMAOAA3ADAAMAA4ADIAYwBhAAAAAAAAAKCAMIIDRDCCAiygAwIBAgIEY4V53jANBgkqhkiG9w0BAQsFADBkMQswCQYDVQQGEwJWTjEMMAoGA1UECAwDSENNMQwwCgYDVQQHDANIQ00xDDAKBgNVBAoMA0FDQjESMBAGA1UECwwJSVQgLSBEVktOMRcwFQYDVQQDDA5DdW9uZyBQaGFtIEIxMDAeFw0yMjExMjkwMzE3NTBaFw0zMjExMjkwMzE3NTBaMGQxCzAJBgNVBAYTAlZOMQwwCgYDVQQIDANIQ00xDDAKBgNVBAcMA0hDTTEMMAoGA1UECgwDQUNCMRIwEAYDVQQLDAlJVCAtIERWS04xFzAVBgNVBAMMDkN1b25nIFBoYW0gQjEwMIIBIjANBgkqhkiG9w0BAQEFAAOCAQ8AMIIBCgKCAQEAorTh+kRlrLfQSt/ZqHxTDlPZaqzJFDWYgybIn95f21WnQYZeQJBNAE9N+aEZlLXT8pcPy3fkfUVdc34NEI1GDCcXxa9EdBPupFFiW+1rU9Do0I12x6VqWDvEj+7YVW8Gd/0kn7AY5YfqjSVPpa7+I69kpa/vHqo8HBjkl97j16nSO1sYj3aN2v2XYInac5TiIouykdxlv3b2y+iTf5KTnqus/9w5IUn33zNJ42A8woZW4SD7Lcv0ZxL6JiX59wKz90nRWeTAxi+Bf4wMYV9y0WzzNaLAnbmThoyjWcL11IHIJWLV1UqV30X9m4hvfI/zDIUIhdXu1WIlvBXDDn4f9QIDAQABMA0GCSqGSIb3DQEBCwUAA4IBAQBjAzbybbHskE2gogcTwUHvkKgJRcP/vAJgTLpeytB4pIdscLmeKDMwQCqGxYDC90kvmtRtWfSfeu3aUDA2ICtTQLvryDgvhlXqQ1PXAT7jSp2/XO1Ips4wNBPDazrgX9pVNCk1itiO1bx+fMPLtliyAxbDOkRt3CWFFgo2pimLCgyQeUY2QqpRmNP7HK0MYlIVJW2u0YeI/QH4KTjj0vLdDte6byz5TTaa0zi2z4Rr303rrmmia5zw8674plWyLJU6GHzC+PrAe14DfzFA4cK2Ip8Ya7eicrCWk1/DM+HKKR0253WIoi8o5yMs0q5JJSM7lvFpYLu+sYtRXl5Pm1L6AAAxggIeMIICGgIBATBsMGQxCzAJBgNVBAYTAlZOMQwwCgYDVQQIDANIQ00xDDAKBgNVBAcMA0hDTTEMMAoGA1UECgwDQUNCMRIwEAYDVQQLDAlJVCAtIERWS04xFzAVBgNVBAMMDkN1b25nIFBoYW0gQjEwAgRjhXneMAkGBSsOAwIaBQCggYgwGAYJKoZIhvcNAQkDMQsGCSqGSIb3DQEHATAcBgkqhkiG9w0BCQUxDxcNMjUwNDEzMjAyNjEyWjAjBgkqhkiG9w0BCQQxFgQUv3WeU7kXSUuXNv6s41DnFJGvSz0wKQYJKoZIhvcNAQk0MRwwGjAJBgUrDgMCGgUAoQ0GCSqGSIb3DQEBAQUAMA0GCSqGSIb3DQEBAQUABIIBAFEyjJOaQ/TRP5iBXkrsJHEDaH9wJwqnwW/Xs959MZLBZXMLumeVW5CNgdMxNAL3w8jGqDHDNcAonlEYmDdHhTeaVRDb0T0xZFO67MSG7Ru7kR0Xsdwyrdf1MCjoW3JjYRfNuQJ986PPRGx0C0r7ga4W4NqpCvqTp55dXbZtlX6gNzuOVAG4MadPgDvRfIn4NA9mupdccXgp3RpzSyhG+XKV2CAf2cUJTvVuuLylnei6y7srq7kdz9YCXIfVcU3nXD3ITEIzuewD537e9cwXOXpVGVO4hSAzG7wmyPwGnZUs+ySFmeWDSseTaUFjrqZk2lsPRh+Gt4gJmHPuyUSRn6IAAAAAAAA=",
      "authorizationId" : "72d9c963-4a20-40f3-bef1-9b773369826b"
    } ]
  }
}
2025-04-14 03:26:12 [main] INFO  API_TEST - Response - Status Code: 200
2025-04-14 03:26:12 [main] INFO  API_TEST - Response - Headers: Connection=Keep-Alive
Transfer-Encoding=chunked
Date=Sun, 13 Apr 2025 20:26:12 GMT
Content-Type=application/json; charset=utf-8
X-Powered-By=Express
X-Request-Id=6bc423ce-7881-47e7-8d59-e74d0334eb85
ETag=W/"161-cgsL3XSS9OISMHtKiWmOy+fFxMI"
Strict-Transport-Security=max-age=63072000; includeSubDomains; preload
X-Global-Transaction-ID=09cb96d367fc1d4802033d23
X-RateLimit-Limit=name=Default rate-limit,200;
X-RateLimit-Remaining=name=Default rate-limit,199;
X-BurstLimit-Limit=name=Default burst-limit,10;
X-BurstLimit-Remaining=name=Default burst-limit,9;
Content-Encoding=gzip
Set-Cookie=acb=386078986.58148.0000; path=/; Httponly; Secure
2025-04-14 03:26:12 [main] INFO  API_TEST - Response - Body: 
{
    "requestTrace": "04ea2fdf-b26a-41e2-a403-b28ac0ea9136",
    "responseDateTime": "2025-04-14T03:26:12+07:00",
    "responseStatus": {
        "responseCode": "00000000",
        "responseMessage": "success"
    },
    "responseData": {
        "transaction": {
            "transactionTraceNumber": "inside7852535587",
            "status": "ORIG",
            "statusMessage": "Waiting for processed",
            "createdDateTime": "2025-04-13T20:26:12.000Z"
        }
    }
}
]]></system-out>
  </testcase>
  <testcase name="testAllPaymentOrders" classname="com.example.tests.APITests" time="1.5">
    <system-out><![CDATA[2025-04-14 03:26:12 [main] INFO  API_TEST - Processing test case TC_002 with apiType: GET_TRANSACTION
2025-04-14 03:26:12 [main] INFO  API_TEST - Sending Transaction History Request to: https://sandbox.acb.com.vn/acb/open/payments/payment-order/v2/transaction?transactionTraceNumber=trace00020&fromDate=2025-04-10&toDate=2025-04-10
2025-04-14 03:26:12 [main] INFO  API_TEST - Request Headers: X-Channel=SOBA, X-Client-ID=2f4e1379addb2c6f059d53f622b6bf80, X-Provider-ID=PAYMENT-ORDER, X-Request-ID=c70523c4-b32c-4873-bbc4-a8e371de7dce, Authorization=Bearer eyJhbGciOiJSUzI1NiIsInR5cCIgOiAiSldUIiwia2lkIiA6ICIyTDR2cFBsXzVQRUY5clljdksxb3dWbkZYeW1GeklyT3VJN3NOZkhSUC1zIn0.eyJleHAiOjE3NDQ2MDQ3NzEsImlhdCI6MTc0NDU3NTk3MSwianRpIjoiYzAxZDU0ZGItMjRjMi00NzJjLTk2MGEtZjFmYzk1OWE3N2FkIiwiaXNzIjoiaHR0cHM6Ly9pZC5hY2Iudm4vYXV0aC9yZWFsbXMvc29iYSIsInN1YiI6ImQxNWJiYjNhLTgxNTEtNGVhOC1hYTM1LTAxMmJiZjJhZTc0OSIsInR5cCI6IkJlYXJlciIsImF6cCI6IjJmNGUxMzc5YWRkYjJjNmYwNTlkNTNmNjIyYjZiZjgwIiwic2Vzc2lvbl9zdGF0ZSI6ImRjOWJkMTQyLTM4MDUtNDY0Ny05NjMxLTAxODVkOTM0NmQ0YyIsImFjciI6IjEiLCJzY29wZSI6InNlcnZpY2U6cGF5bWVudC1vcmRlciBzZXJ2aWNlOnZpcnR1YWwtYWNjb3VudCBzZXJ2aWNlOmJlbmVmaWNpYXJ5IHNlcnZpY2U6dHJhbnNhY3Rpb24taGlzdG9yeSBzZXJ2aWNlOmFjY291bnQtaW5mb3JtYXRpb24gc2VydmljZTp0cmFuc2FjdGlvbi1ub3RpZmljYXRpb24gc2VydmljZTphdXRoZW50aWNhdGlvbiBzZXJ2aWNlOmV3YWxsZXQgc29iYS1hcGkgc2VydmljZTptZXJjaGFudC1zb2x1dGlvbiIsImN1c3RvbWVyX3R5cGUiOiJPUkciLCJjbGllbnRJZCI6IjJmNGUxMzc5YWRkYjJjNmYwNTlkNTNmNjIyYjZiZjgwIiwiY2xpZW50SG9zdCI6IjEyNy4wLjAuMSIsImFjY291bnRfbWFqb3JzIjoiQ0siLCJzZXJ2aWNlX3Byb3ZpZGVyIjp0cnVlLCJhY2NvdW50X21pbm9ycyI6IkcwMTEiLCJjbGllbnRBZGRyZXNzIjoiMTI3LjAuMC4xIiwic2VnbWVudDEiOiJQSUtBIiwiZXdhbGxldF9zcCI6IlBJS0EiLCJjdXN0b21lcl9hY2NvdW50cyI6IjgwMDYxOTU5IiwicHJvdmlkZXJfaWQiOiJQSUtBIiwiY3VzdG9tZXJfaWQiOiI4MDExNzEiLCJwcm92aWRlcl9uYW1lIjoiUElLQSJ9.DJTy3YIQbP3yb-FGnI6ImkF4I9QPsknvrP7UMcJkSN1SY4gftWNVMv0XdU1nzvHXkzThHx2LVrSxbnRNRRNyTIGmaxr1gIQD1NxS0bngRAU65ktBg6KMak7cZr6H5V9aLf45y-SQ-XfX7W-Z72OyHcWE1Erc_5EqYOVLNNfYuz4F0sXGUuZJ55vkiznKJlPxBgKBTNUCz2S15BAEKIpsnqcr5XjaN_2bZGX4bfl5IhQ1kF3VCNi3Je38as4hRpAiLEOjP74WCV7HzpgRC7lT9gbbFKaaSTYs4V4DsJ6m9lwQOoYC0RCn4D82t-ZHszbRKdie0_aYJmqH4YbsQoeTH5fZm7k3wiPQVwPSAaPihMEJAKOKImBvEkoF1Gvu1XQBHCr5MT0Y6i_GPrgVvCoQzHFflJabK4MAnyd4GhDDizd2jRqnKVpWQ_2NfKow70k0dniIz33mE1Z4flrXtca3NxU36d08__wxiqQ48pkTM7I0zBmTOSSF9mY-Z8G3qOFAa-MqvyGFv95Ij5fgvGXrV5hAMdQuBNQwMJAGRMvu4Fy0Sp0MSw-05FIaKD5JEF9dzf5BtA2WpFJtgFO9MbmASoZMf-SxwnDpmldBfCola7OI-pwGIUpNPOt8rtjP8KEJm6bXanhA7mPfJrdKbKI_K057N5_ZokvMAglbhx2FNos
2025-04-14 03:26:14 [main] INFO  API_TEST - Response Status Code: 200
2025-04-14 03:26:14 [main] INFO  API_TEST - Response Headers: Connection=Keep-Alive
Transfer-Encoding=chunked
Date=Sun, 13 Apr 2025 20:26:14 GMT
Content-Type=application/json; charset=utf-8
X-Powered-By=Express
X-Request-Id=c70523c4-b32c-4873-bbc4-a8e371de7dce
ETag=W/"2a5-kVK0FjvxLOSVeX5Qk0xcCeVTTa8"
Strict-Transport-Security=max-age=63072000; includeSubDomains; preload
X-Global-Transaction-ID=09cb96d367fc1d4804ca6962
X-RateLimit-Limit=name=Default rate-limit,200;
X-RateLimit-Remaining=name=Default rate-limit,198;
X-BurstLimit-Limit=name=Default burst-limit,10;
X-BurstLimit-Remaining=name=Default burst-limit,8;
Content-Encoding=gzip
Set-Cookie=acb=386078986.58148.0000; path=/; Httponly; Secure
2025-04-14 03:26:14 [main] INFO  API_TEST - Response Body: {"responseDateTime":"2025-04-14T03:26:14+07:00","responseStatus":{"responseCode":"00000000","responseMessage":"success"},"responseData":{"transactions":[{"transactionTraceNumber":"trace00020","status":"TRAN","statusMessage":"Success transfer transaction","serviceChargeAmount":0,"sourceAcocuntNumber":"80061959","transactionNumber":13232,"amount":{"sourceCurrency":"VND","targetCurrency":"VND","amount":"200000","exchangeRate":"1","exchangeAmount":"200000"},"remarks":"Chi don","transactionType":"INSIDEBANK","beneficiary":{"inside":{"account":{"accountNumber":"A46A46P100211","beneficiaryName":"ADAM 25193"}}}}],"pagination":{"totalRows":1,"totalPages":1,"page":1,"size":20}}}
2025-04-14 03:26:14 [main] INFO  API_TEST - Sending Request Body: 
None (GET request)
2025-04-14 03:26:14 [main] INFO  API_TEST - Response - Status Code: 200
2025-04-14 03:26:14 [main] INFO  API_TEST - Response - Headers: Connection=Keep-Alive
Transfer-Encoding=chunked
Date=Sun, 13 Apr 2025 20:26:14 GMT
Content-Type=application/json; charset=utf-8
X-Powered-By=Express
X-Request-Id=c70523c4-b32c-4873-bbc4-a8e371de7dce
ETag=W/"2a5-kVK0FjvxLOSVeX5Qk0xcCeVTTa8"
Strict-Transport-Security=max-age=63072000; includeSubDomains; preload
X-Global-Transaction-ID=09cb96d367fc1d4804ca6962
X-RateLimit-Limit=name=Default rate-limit,200;
X-RateLimit-Remaining=name=Default rate-limit,198;
X-BurstLimit-Limit=name=Default burst-limit,10;
X-BurstLimit-Remaining=name=Default burst-limit,8;
Content-Encoding=gzip
Set-Cookie=acb=386078986.58148.0000; path=/; Httponly; Secure
2025-04-14 03:26:14 [main] INFO  API_TEST - Response - Body: 
{
    "responseDateTime": "2025-04-14T03:26:14+07:00",
    "responseStatus": {
        "responseCode": "00000000",
        "responseMessage": "success"
    },
    "responseData": {
        "transactions": [
            {
                "transactionTraceNumber": "trace00020",
                "status": "TRAN",
                "statusMessage": "Success transfer transaction",
                "serviceChargeAmount": 0,
                "sourceAcocuntNumber": "80061959",
                "transactionNumber": 13232,
                "amount": {
                    "sourceCurrency": "VND",
                    "targetCurrency": "VND",
                    "amount": "200000",
                    "exchangeRate": "1",
                    "exchangeAmount": "200000"
                },
                "remarks": "Chi don",
                "transactionType": "INSIDEBANK",
                "beneficiary": {
                    "inside": {
                        "account": {
                            "accountNumber": "A46A46P100211",
                            "beneficiaryName": "ADAM 25193"
                        }
                    }
                }
            }
        ],
        "pagination": {
            "totalRows": 1,
            "totalPages": 1,
            "page": 1,
            "size": 20
        }
    }
}
]]></system-out>
  </testcase>
  <testcase name="testAllPaymentOrders" classname="com.example.tests.APITests" time="11.25">
    <system-out><![CDATA[2025-04-14 03:26:14 [main] INFO  API_TEST - Processing test case TC_003 with apiType: CREATE_AND_QUERY
2025-04-14 03:26:14 [main] INFO  com.example.utils.FileUtil - Reading request template from file: requestTemplates/inside.json
2025-04-14 03:26:14 [main] INFO  com.example.utils.FileUtil - Successfully read template from file: requestTemplates/inside.json
2025-04-14 03:26:14 [main] INFO  API_TEST - Generating authorizationString for authorizationId: 1526fa6a-4388-4234-99e5-846ba2c6e328
2025-04-14 03:26:14 [main] INFO  API_TEST - Base64 Data: eyJzb3VyY2VBY2NvdW50TnVtYmVyIjoiODAwNjE5NTkiLCJ0cmFuc2FjdGlvbiI6eyJ0cmFuc2FjdGlvblRyYWNlTnVtYmVyIjoiaW5zaWRlNjQ2MzI3Njg0MCIsInRyYW5zYWN0aW9uVHlwZSI6IklOU0lERUJBTksiLCJiZW5lZmljaWFyeSI6eyJpbnNpZGUiOnsiYWNjb3VudCI6eyJhY2NvdW50TnVtYmVyIjoiQTQ2QTQ2UDEwMDIxMSIsImJlbmVmaWNpYXJ5TmFtZSI6IkFEQU0gMjUxOTMifX19LCJhbW91bnQiOnsic291cmNlQ3VycmVuY3kiOiJWTkQiLCJ0YXJnZXRDdXJyZW5jeSI6IlZORCIsImFtb3VudCI6IjIwMDAwMCIsImV4Y2hhbmdlUmF0ZSI6IjEiLCJleGNoYW5nZUFtb3VudCI6IjIwMDAwMCJ9LCJyZW1hcmtzIjoiQ2hpIGRvbiJ9fQ==
2025-04-14 03:26:14 [main] INFO  API_TEST - SHA-256 Hex Data: 026058d75502d2c075745a3f6a1182a5fd042873a8bb5d8a54579a35a7203b99
2025-04-14 03:26:14 [main] INFO  API_TEST - Generated Signature for cuong pham a10: MIAGCSqGSIb3DQEHAqCAMIACAQExCzAJBgUrDgMCGgUAMIAGCSqGSIb3DQEHAaCAJIAEgYAwADIANgAwADUAOABkADcANQA1ADAAMgBkADIAYwAwADcANQA3ADQANQBhADMAZgA2AGEAMQAxADgAMgBhADUAZgBkADAANAAyADgANwAzAGEAOABiAGIANQBkADgAYQA1ADQANQA3ADkAYQAzADUAYQA3ADIAMAAzAGIAOQA5AAAAAAAAAKCAMIIDRDCCAiygAwIBAgIEY4V5pDANBgkqhkiG9w0BAQsFADBkMQswCQYDVQQGEwJWTjEMMAoGA1UECAwDSENNMQwwCgYDVQQHDANIQ00xDDAKBgNVBAoMA0FDQjESMBAGA1UECwwJSVQgLSBEVktOMRcwFQYDVQQDDA5DdW9uZyBQaGFtIEExMDAeFw0yMjExMjkwMzE2NTJaFw0zMjExMjkwMzE2NTJaMGQxCzAJBgNVBAYTAlZOMQwwCgYDVQQIDANIQ00xDDAKBgNVBAcMA0hDTTEMMAoGA1UECgwDQUNCMRIwEAYDVQQLDAlJVCAtIERWS04xFzAVBgNVBAMMDkN1b25nIFBoYW0gQTEwMIIBIjANBgkqhkiG9w0BAQEFAAOCAQ8AMIIBCgKCAQEAiNUdY2zCxZnyFHO81b2OQAqW5rHylxlD+kLVDcwMUtSYEVVdxOtVK0fWni8e+9dz6wXuJI6bs/NgsLl4jPZVfzzLhDstrc8fWj0+BdIoQJe9CZuew8GLQc/pZ0mTH97ol6GWezL97ODZpf7PSsrA0b9UCV9n1PnAmBb7sM2AiEJy/ZuqSkPe0b8KRnyuE0ED94ScVoaiz6axYVISeF7QPRH00Gvi4fdJCdTiFlukp/0i9ZuhJxDO0JZ1eZlj2YI80vPo6WHeMDKeJ4JP2WPc4hfh8knNg+iKH2AoX2Co8T8DUhJjNDfFy6vO2Ej7B2qxZ4xXr+nSpcRdX1r0M3sr9QIDAQABMA0GCSqGSIb3DQEBCwUAA4IBAQBAXikxeNOzMknfMZsJg+vXUsMy5KXF2Jf5xm1FCRCbBVxmZXE1+6njsGaCixS1Lpi4/KbfwQ6XC1k8Dv40Pd6Koscnx5BuSjkLYkFFMlzHdchmLTJxrn86c6UMnb/MUXoQtqJ3bYBdwlc//YDc3XVKBDsOipZ0QY8zDpsz/4GaRQ3ua3UL2VyD94u1WKUB7JYPCxeRcDDgszLExOQ6FOHFGvZiF+yrQLXfYpktg4cgBXx4J6cDlvha8YBDM1DYX6sLwDy2XixDlACLtNxcRODC3rpVS/bSHC4WQkfTadwfkHoFB6iBm22P4KdxcHV2VP5YnHJ/Vaza4ghv/fEgxIWLAAAxggIeMIICGgIBATBsMGQxCzAJBgNVBAYTAlZOMQwwCgYDVQQIDANIQ00xDDAKBgNVBAcMA0hDTTEMMAoGA1UECgwDQUNCMRIwEAYDVQQLDAlJVCAtIERWS04xFzAVBgNVBAMMDkN1b25nIFBoYW0gQTEwAgRjhXmkMAkGBSsOAwIaBQCggYgwGAYJKoZIhvcNAQkDMQsGCSqGSIb3DQEHATAcBgkqhkiG9w0BCQUxDxcNMjUwNDEzMjAyNjE0WjAjBgkqhkiG9w0BCQQxFgQUmNylTi1P6pEPJuwi9EGu02z6imIwKQYJKoZIhvcNAQk0MRwwGjAJBgUrDgMCGgUAoQ0GCSqGSIb3DQEBAQUAMA0GCSqGSIb3DQEBAQUABIIBADNJD4ITzBC+cut7+cNXB8znE0ydlqBk1knJqfZlN5ocMB6dLYxSzRh8wKnlgtqDe9Hxr+EUIZnHO7K5ebPQ7gZnIAIAVqMzNrAKyVQygl1CWtAejqGBgxH5+IJ5zCtKrUPiZxkK2NKd4NHoKeW3Q0jOvAeC1w8S80svGg/cOoidvSmzlwZJoiL0ctxFAs8I0Y/D3LnKxE0n8mGVAXWgt4mOOL5SZV6lgmiKC7oSFWAkijtofOoQeLOzsmht5rT5/ItOogS/dBaCjK3Z89OCNmrSUb52Skz07Bs74LEpNONtkhqdOKWGFsUR3ZorJCFD783wi2e4i/GFVPd4RcHRbf0AAAAAAAA=
2025-04-14 03:26:14 [main] INFO  API_TEST - Updated Request Body after adding authorizationString for authorizationId: 1526fa6a-4388-4234-99e5-846ba2c6e328: 
{
  "requestTrace" : "57dee08e-8670-4bfc-a64b-2a74a39ff8d0",
  "requestDateTime" : "2025-04-14T03:26:14.432418+07:00",
  "requestParameters" : {
    "data" : {
      "sourceAccountNumber" : "80061959",
      "transaction" : {
        "transactionTraceNumber" : "inside6463276840",
        "transactionType" : "INSIDEBANK",
        "beneficiary" : {
          "inside" : {
            "account" : {
              "accountNumber" : "A46A46P100211",
              "beneficiaryName" : "ADAM 25193"
            }
          }
        },
        "amount" : {
          "sourceCurrency" : "VND",
          "targetCurrency" : "VND",
          "amount" : "200000",
          "exchangeRate" : "1",
          "exchangeAmount" : "200000"
        },
        "remarks" : "Chi don"
      }
    },
    "authorizations" : [ {
      "authorizationString" : "MIAGCSqGSIb3DQEHAqCAMIACAQExCzAJBgUrDgMCGgUAMIAGCSqGSIb3DQEHAaCAJIAEgYAwADIANgAwADUAOABkADcANQA1ADAAMgBkADIAYwAwADcANQA3ADQANQBhADMAZgA2AGEAMQAxADgAMgBhADUAZgBkADAANAAyADgANwAzAGEAOABiAGIANQBkADgAYQA1ADQANQA3ADkAYQAzADUAYQA3ADIAMAAzAGIAOQA5AAAAAAAAAKCAMIIDRDCCAiygAwIBAgIEY4V5pDANBgkqhkiG9w0BAQsFADBkMQswCQYDVQQGEwJWTjEMMAoGA1UECAwDSENNMQwwCgYDVQQHDANIQ00xDDAKBgNVBAoMA0FDQjESMBAGA1UECwwJSVQgLSBEVktOMRcwFQYDVQQDDA5DdW9uZyBQaGFtIEExMDAeFw0yMjExMjkwMzE2NTJaFw0zMjExMjkwMzE2NTJaMGQxCzAJBgNVBAYTAlZOMQwwCgYDVQQIDANIQ00xDDAKBgNVBAcMA0hDTTEMMAoGA1UECgwDQUNCMRIwEAYDVQQLDAlJVCAtIERWS04xFzAVBgNVBAMMDkN1b25nIFBoYW0gQTEwMIIBIjANBgkqhkiG9w0BAQEFAAOCAQ8AMIIBCgKCAQEAiNUdY2zCxZnyFHO81b2OQAqW5rHylxlD+kLVDcwMUtSYEVVdxOtVK0fWni8e+9dz6wXuJI6bs/NgsLl4jPZVfzzLhDstrc8fWj0+BdIoQJe9CZuew8GLQc/pZ0mTH97ol6GWezL97ODZpf7PSsrA0b9UCV9n1PnAmBb7sM2AiEJy/ZuqSkPe0b8KRnyuE0ED94ScVoaiz6axYVISeF7QPRH00Gvi4fdJCdTiFlukp/0i9ZuhJxDO0JZ1eZlj2YI80vPo6WHeMDKeJ4JP2WPc4hfh8knNg+iKH2AoX2Co8T8DUhJjNDfFy6vO2Ej7B2qxZ4xXr+nSpcRdX1r0M3sr9QIDAQABMA0GCSqGSIb3DQEBCwUAA4IBAQBAXikxeNOzMknfMZsJg+vXUsMy5KXF2Jf5xm1FCRCbBVxmZXE1+6njsGaCixS1Lpi4/KbfwQ6XC1k8Dv40Pd6Koscnx5BuSjkLYkFFMlzHdchmLTJxrn86c6UMnb/MUXoQtqJ3bYBdwlc//YDc3XVKBDsOipZ0QY8zDpsz/4GaRQ3ua3UL2VyD94u1WKUB7JYPCxeRcDDgszLExOQ6FOHFGvZiF+yrQLXfYpktg4cgBXx4J6cDlvha8YBDM1DYX6sLwDy2XixDlACLtNxcRODC3rpVS/bSHC4WQkfTadwfkHoFB6iBm22P4KdxcHV2VP5YnHJ/Vaza4ghv/fEgxIWLAAAxggIeMIICGgIBATBsMGQxCzAJBgNVBAYTAlZOMQwwCgYDVQQIDANIQ00xDDAKBgNVBAcMA0hDTTEMMAoGA1UECgwDQUNCMRIwEAYDVQQLDAlJVCAtIERWS04xFzAVBgNVBAMMDkN1b25nIFBoYW0gQTEwAgRjhXmkMAkGBSsOAwIaBQCggYgwGAYJKoZIhvcNAQkDMQsGCSqGSIb3DQEHATAcBgkqhkiG9w0BCQUxDxcNMjUwNDEzMjAyNjE0WjAjBgkqhkiG9w0BCQQxFgQUmNylTi1P6pEPJuwi9EGu02z6imIwKQYJKoZIhvcNAQk0MRwwGjAJBgUrDgMCGgUAoQ0GCSqGSIb3DQEBAQUAMA0GCSqGSIb3DQEBAQUABIIBADNJD4ITzBC+cut7+cNXB8znE0ydlqBk1knJqfZlN5ocMB6dLYxSzRh8wKnlgtqDe9Hxr+EUIZnHO7K5ebPQ7gZnIAIAVqMzNrAKyVQygl1CWtAejqGBgxH5+IJ5zCtKrUPiZxkK2NKd4NHoKeW3Q0jOvAeC1w8S80svGg/cOoidvSmzlwZJoiL0ctxFAs8I0Y/D3LnKxE0n8mGVAXWgt4mOOL5SZV6lgmiKC7oSFWAkijtofOoQeLOzsmht5rT5/ItOogS/dBaCjK3Z89OCNmrSUb52Skz07Bs74LEpNONtkhqdOKWGFsUR3ZorJCFD783wi2e4i/GFVPd4RcHRbf0AAAAAAAA=",
      "authorizationId" : "1526fa6a-4388-4234-99e5-846ba2c6e328"
    }, {
      "authorizationString" : "",
      "authorizationId" : "72d9c963-4a20-40f3-bef1-9b773369826b"
    } ]
  }
}
2025-04-14 03:26:14 [main] INFO  API_TEST - Generating authorizationString for authorizationId: 72d9c963-4a20-40f3-bef1-9b773369826b
2025-04-14 03:26:14 [main] INFO  API_TEST - Base64 Data: eyJzb3VyY2VBY2NvdW50TnVtYmVyIjoiODAwNjE5NTkiLCJ0cmFuc2FjdGlvbiI6eyJ0cmFuc2FjdGlvblRyYWNlTnVtYmVyIjoiaW5zaWRlNjQ2MzI3Njg0MCIsInRyYW5zYWN0aW9uVHlwZSI6IklOU0lERUJBTksiLCJiZW5lZmljaWFyeSI6eyJpbnNpZGUiOnsiYWNjb3VudCI6eyJhY2NvdW50TnVtYmVyIjoiQTQ2QTQ2UDEwMDIxMSIsImJlbmVmaWNpYXJ5TmFtZSI6IkFEQU0gMjUxOTMifX19LCJhbW91bnQiOnsic291cmNlQ3VycmVuY3kiOiJWTkQiLCJ0YXJnZXRDdXJyZW5jeSI6IlZORCIsImFtb3VudCI6IjIwMDAwMCIsImV4Y2hhbmdlUmF0ZSI6IjEiLCJleGNoYW5nZUFtb3VudCI6IjIwMDAwMCJ9LCJyZW1hcmtzIjoiQ2hpIGRvbiJ9fQ==
2025-04-14 03:26:14 [main] INFO  API_TEST - SHA-256 Hex Data: 026058d75502d2c075745a3f6a1182a5fd042873a8bb5d8a54579a35a7203b99
2025-04-14 03:26:14 [main] INFO  API_TEST - Generated Signature for cuong pham b10: MIAGCSqGSIb3DQEHAqCAMIACAQExCzAJBgUrDgMCGgUAMIAGCSqGSIb3DQEHAaCAJIAEgYAwADIANgAwADUAOABkADcANQA1ADAAMgBkADIAYwAwADcANQA3ADQANQBhADMAZgA2AGEAMQAxADgAMgBhADUAZgBkADAANAAyADgANwAzAGEAOABiAGIANQBkADgAYQA1ADQANQA3ADkAYQAzADUAYQA3ADIAMAAzAGIAOQA5AAAAAAAAAKCAMIIDRDCCAiygAwIBAgIEY4V53jANBgkqhkiG9w0BAQsFADBkMQswCQYDVQQGEwJWTjEMMAoGA1UECAwDSENNMQwwCgYDVQQHDANIQ00xDDAKBgNVBAoMA0FDQjESMBAGA1UECwwJSVQgLSBEVktOMRcwFQYDVQQDDA5DdW9uZyBQaGFtIEIxMDAeFw0yMjExMjkwMzE3NTBaFw0zMjExMjkwMzE3NTBaMGQxCzAJBgNVBAYTAlZOMQwwCgYDVQQIDANIQ00xDDAKBgNVBAcMA0hDTTEMMAoGA1UECgwDQUNCMRIwEAYDVQQLDAlJVCAtIERWS04xFzAVBgNVBAMMDkN1b25nIFBoYW0gQjEwMIIBIjANBgkqhkiG9w0BAQEFAAOCAQ8AMIIBCgKCAQEAorTh+kRlrLfQSt/ZqHxTDlPZaqzJFDWYgybIn95f21WnQYZeQJBNAE9N+aEZlLXT8pcPy3fkfUVdc34NEI1GDCcXxa9EdBPupFFiW+1rU9Do0I12x6VqWDvEj+7YVW8Gd/0kn7AY5YfqjSVPpa7+I69kpa/vHqo8HBjkl97j16nSO1sYj3aN2v2XYInac5TiIouykdxlv3b2y+iTf5KTnqus/9w5IUn33zNJ42A8woZW4SD7Lcv0ZxL6JiX59wKz90nRWeTAxi+Bf4wMYV9y0WzzNaLAnbmThoyjWcL11IHIJWLV1UqV30X9m4hvfI/zDIUIhdXu1WIlvBXDDn4f9QIDAQABMA0GCSqGSIb3DQEBCwUAA4IBAQBjAzbybbHskE2gogcTwUHvkKgJRcP/vAJgTLpeytB4pIdscLmeKDMwQCqGxYDC90kvmtRtWfSfeu3aUDA2ICtTQLvryDgvhlXqQ1PXAT7jSp2/XO1Ips4wNBPDazrgX9pVNCk1itiO1bx+fMPLtliyAxbDOkRt3CWFFgo2pimLCgyQeUY2QqpRmNP7HK0MYlIVJW2u0YeI/QH4KTjj0vLdDte6byz5TTaa0zi2z4Rr303rrmmia5zw8674plWyLJU6GHzC+PrAe14DfzFA4cK2Ip8Ya7eicrCWk1/DM+HKKR0253WIoi8o5yMs0q5JJSM7lvFpYLu+sYtRXl5Pm1L6AAAxggIeMIICGgIBATBsMGQxCzAJBgNVBAYTAlZOMQwwCgYDVQQIDANIQ00xDDAKBgNVBAcMA0hDTTEMMAoGA1UECgwDQUNCMRIwEAYDVQQLDAlJVCAtIERWS04xFzAVBgNVBAMMDkN1b25nIFBoYW0gQjEwAgRjhXneMAkGBSsOAwIaBQCggYgwGAYJKoZIhvcNAQkDMQsGCSqGSIb3DQEHATAcBgkqhkiG9w0BCQUxDxcNMjUwNDEzMjAyNjE0WjAjBgkqhkiG9w0BCQQxFgQUmNylTi1P6pEPJuwi9EGu02z6imIwKQYJKoZIhvcNAQk0MRwwGjAJBgUrDgMCGgUAoQ0GCSqGSIb3DQEBAQUAMA0GCSqGSIb3DQEBAQUABIIBAJ8V+l09fbR6O7RfsZc6J2D1DBFCUYjjcnDHGgl0DiJ6aQKhGnU+BfVPDoXR6gGgIWjXxjkfuArgei7PlqJyJNfW2wAVsZXhqmrim0ThHNnoqA4PgADYo1DlUMZ6KCnkzGnPL5BbS4P/MJA1m2lw2kZg3TMlMQg8xItg8jKrvpMrnTDrSbdSpOwXsgORCMY2uOwpVy9tOweigTGXnk7tXg4oayEegAxf1jsilb4Iwh+T2PJvKssjzOIp2XL4GtPI8Bz7zL5L7uUS2bpeZ2CJhpg8RDXzgfTJJ/11KSzE0jHweRa1Ho+2HQK2jrRnNoJmQOo5/SGLFS8TPe9h68qKbcYAAAAAAAA=
2025-04-14 03:26:14 [main] INFO  API_TEST - Updated Request Body after adding authorizationString for authorizationId: 72d9c963-4a20-40f3-bef1-9b773369826b: 
{
  "requestTrace" : "57dee08e-8670-4bfc-a64b-2a74a39ff8d0",
  "requestDateTime" : "2025-04-14T03:26:14.432418+07:00",
  "requestParameters" : {
    "data" : {
      "sourceAccountNumber" : "80061959",
      "transaction" : {
        "transactionTraceNumber" : "inside6463276840",
        "transactionType" : "INSIDEBANK",
        "beneficiary" : {
          "inside" : {
            "account" : {
              "accountNumber" : "A46A46P100211",
              "beneficiaryName" : "ADAM 25193"
            }
          }
        },
        "amount" : {
          "sourceCurrency" : "VND",
          "targetCurrency" : "VND",
          "amount" : "200000",
          "exchangeRate" : "1",
          "exchangeAmount" : "200000"
        },
        "remarks" : "Chi don"
      }
    },
    "authorizations" : [ {
      "authorizationString" : "MIAGCSqGSIb3DQEHAqCAMIACAQExCzAJBgUrDgMCGgUAMIAGCSqGSIb3DQEHAaCAJIAEgYAwADIANgAwADUAOABkADcANQA1ADAAMgBkADIAYwAwADcANQA3ADQANQBhADMAZgA2AGEAMQAxADgAMgBhADUAZgBkADAANAAyADgANwAzAGEAOABiAGIANQBkADgAYQA1ADQANQA3ADkAYQAzADUAYQA3ADIAMAAzAGIAOQA5AAAAAAAAAKCAMIIDRDCCAiygAwIBAgIEY4V5pDANBgkqhkiG9w0BAQsFADBkMQswCQYDVQQGEwJWTjEMMAoGA1UECAwDSENNMQwwCgYDVQQHDANIQ00xDDAKBgNVBAoMA0FDQjESMBAGA1UECwwJSVQgLSBEVktOMRcwFQYDVQQDDA5DdW9uZyBQaGFtIEExMDAeFw0yMjExMjkwMzE2NTJaFw0zMjExMjkwMzE2NTJaMGQxCzAJBgNVBAYTAlZOMQwwCgYDVQQIDANIQ00xDDAKBgNVBAcMA0hDTTEMMAoGA1UECgwDQUNCMRIwEAYDVQQLDAlJVCAtIERWS04xFzAVBgNVBAMMDkN1b25nIFBoYW0gQTEwMIIBIjANBgkqhkiG9w0BAQEFAAOCAQ8AMIIBCgKCAQEAiNUdY2zCxZnyFHO81b2OQAqW5rHylxlD+kLVDcwMUtSYEVVdxOtVK0fWni8e+9dz6wXuJI6bs/NgsLl4jPZVfzzLhDstrc8fWj0+BdIoQJe9CZuew8GLQc/pZ0mTH97ol6GWezL97ODZpf7PSsrA0b9UCV9n1PnAmBb7sM2AiEJy/ZuqSkPe0b8KRnyuE0ED94ScVoaiz6axYVISeF7QPRH00Gvi4fdJCdTiFlukp/0i9ZuhJxDO0JZ1eZlj2YI80vPo6WHeMDKeJ4JP2WPc4hfh8knNg+iKH2AoX2Co8T8DUhJjNDfFy6vO2Ej7B2qxZ4xXr+nSpcRdX1r0M3sr9QIDAQABMA0GCSqGSIb3DQEBCwUAA4IBAQBAXikxeNOzMknfMZsJg+vXUsMy5KXF2Jf5xm1FCRCbBVxmZXE1+6njsGaCixS1Lpi4/KbfwQ6XC1k8Dv40Pd6Koscnx5BuSjkLYkFFMlzHdchmLTJxrn86c6UMnb/MUXoQtqJ3bYBdwlc//YDc3XVKBDsOipZ0QY8zDpsz/4GaRQ3ua3UL2VyD94u1WKUB7JYPCxeRcDDgszLExOQ6FOHFGvZiF+yrQLXfYpktg4cgBXx4J6cDlvha8YBDM1DYX6sLwDy2XixDlACLtNxcRODC3rpVS/bSHC4WQkfTadwfkHoFB6iBm22P4KdxcHV2VP5YnHJ/Vaza4ghv/fEgxIWLAAAxggIeMIICGgIBATBsMGQxCzAJBgNVBAYTAlZOMQwwCgYDVQQIDANIQ00xDDAKBgNVBAcMA0hDTTEMMAoGA1UECgwDQUNCMRIwEAYDVQQLDAlJVCAtIERWS04xFzAVBgNVBAMMDkN1b25nIFBoYW0gQTEwAgRjhXmkMAkGBSsOAwIaBQCggYgwGAYJKoZIhvcNAQkDMQsGCSqGSIb3DQEHATAcBgkqhkiG9w0BCQUxDxcNMjUwNDEzMjAyNjE0WjAjBgkqhkiG9w0BCQQxFgQUmNylTi1P6pEPJuwi9EGu02z6imIwKQYJKoZIhvcNAQk0MRwwGjAJBgUrDgMCGgUAoQ0GCSqGSIb3DQEBAQUAMA0GCSqGSIb3DQEBAQUABIIBADNJD4ITzBC+cut7+cNXB8znE0ydlqBk1knJqfZlN5ocMB6dLYxSzRh8wKnlgtqDe9Hxr+EUIZnHO7K5ebPQ7gZnIAIAVqMzNrAKyVQygl1CWtAejqGBgxH5+IJ5zCtKrUPiZxkK2NKd4NHoKeW3Q0jOvAeC1w8S80svGg/cOoidvSmzlwZJoiL0ctxFAs8I0Y/D3LnKxE0n8mGVAXWgt4mOOL5SZV6lgmiKC7oSFWAkijtofOoQeLOzsmht5rT5/ItOogS/dBaCjK3Z89OCNmrSUb52Skz07Bs74LEpNONtkhqdOKWGFsUR3ZorJCFD783wi2e4i/GFVPd4RcHRbf0AAAAAAAA=",
      "authorizationId" : "1526fa6a-4388-4234-99e5-846ba2c6e328"
    }, {
      "authorizationString" : "MIAGCSqGSIb3DQEHAqCAMIACAQExCzAJBgUrDgMCGgUAMIAGCSqGSIb3DQEHAaCAJIAEgYAwADIANgAwADUAOABkADcANQA1ADAAMgBkADIAYwAwADcANQA3ADQANQBhADMAZgA2AGEAMQAxADgAMgBhADUAZgBkADAANAAyADgANwAzAGEAOABiAGIANQBkADgAYQA1ADQANQA3ADkAYQAzADUAYQA3ADIAMAAzAGIAOQA5AAAAAAAAAKCAMIIDRDCCAiygAwIBAgIEY4V53jANBgkqhkiG9w0BAQsFADBkMQswCQYDVQQGEwJWTjEMMAoGA1UECAwDSENNMQwwCgYDVQQHDANIQ00xDDAKBgNVBAoMA0FDQjESMBAGA1UECwwJSVQgLSBEVktOMRcwFQYDVQQDDA5DdW9uZyBQaGFtIEIxMDAeFw0yMjExMjkwMzE3NTBaFw0zMjExMjkwMzE3NTBaMGQxCzAJBgNVBAYTAlZOMQwwCgYDVQQIDANIQ00xDDAKBgNVBAcMA0hDTTEMMAoGA1UECgwDQUNCMRIwEAYDVQQLDAlJVCAtIERWS04xFzAVBgNVBAMMDkN1b25nIFBoYW0gQjEwMIIBIjANBgkqhkiG9w0BAQEFAAOCAQ8AMIIBCgKCAQEAorTh+kRlrLfQSt/ZqHxTDlPZaqzJFDWYgybIn95f21WnQYZeQJBNAE9N+aEZlLXT8pcPy3fkfUVdc34NEI1GDCcXxa9EdBPupFFiW+1rU9Do0I12x6VqWDvEj+7YVW8Gd/0kn7AY5YfqjSVPpa7+I69kpa/vHqo8HBjkl97j16nSO1sYj3aN2v2XYInac5TiIouykdxlv3b2y+iTf5KTnqus/9w5IUn33zNJ42A8woZW4SD7Lcv0ZxL6JiX59wKz90nRWeTAxi+Bf4wMYV9y0WzzNaLAnbmThoyjWcL11IHIJWLV1UqV30X9m4hvfI/zDIUIhdXu1WIlvBXDDn4f9QIDAQABMA0GCSqGSIb3DQEBCwUAA4IBAQBjAzbybbHskE2gogcTwUHvkKgJRcP/vAJgTLpeytB4pIdscLmeKDMwQCqGxYDC90kvmtRtWfSfeu3aUDA2ICtTQLvryDgvhlXqQ1PXAT7jSp2/XO1Ips4wNBPDazrgX9pVNCk1itiO1bx+fMPLtliyAxbDOkRt3CWFFgo2pimLCgyQeUY2QqpRmNP7HK0MYlIVJW2u0YeI/QH4KTjj0vLdDte6byz5TTaa0zi2z4Rr303rrmmia5zw8674plWyLJU6GHzC+PrAe14DfzFA4cK2Ip8Ya7eicrCWk1/DM+HKKR0253WIoi8o5yMs0q5JJSM7lvFpYLu+sYtRXl5Pm1L6AAAxggIeMIICGgIBATBsMGQxCzAJBgNVBAYTAlZOMQwwCgYDVQQIDANIQ00xDDAKBgNVBAcMA0hDTTEMMAoGA1UECgwDQUNCMRIwEAYDVQQLDAlJVCAtIERWS04xFzAVBgNVBAMMDkN1b25nIFBoYW0gQjEwAgRjhXneMAkGBSsOAwIaBQCggYgwGAYJKoZIhvcNAQkDMQsGCSqGSIb3DQEHATAcBgkqhkiG9w0BCQUxDxcNMjUwNDEzMjAyNjE0WjAjBgkqhkiG9w0BCQQxFgQUmNylTi1P6pEPJuwi9EGu02z6imIwKQYJKoZIhvcNAQk0MRwwGjAJBgUrDgMCGgUAoQ0GCSqGSIb3DQEBAQUAMA0GCSqGSIb3DQEBAQUABIIBAJ8V+l09fbR6O7RfsZc6J2D1DBFCUYjjcnDHGgl0DiJ6aQKhGnU+BfVPDoXR6gGgIWjXxjkfuArgei7PlqJyJNfW2wAVsZXhqmrim0ThHNnoqA4PgADYo1DlUMZ6KCnkzGnPL5BbS4P/MJA1m2lw2kZg3TMlMQg8xItg8jKrvpMrnTDrSbdSpOwXsgORCMY2uOwpVy9tOweigTGXnk7tXg4oayEegAxf1jsilb4Iwh+T2PJvKssjzOIp2XL4GtPI8Bz7zL5L7uUS2bpeZ2CJhpg8RDXzgfTJJ/11KSzE0jHweRa1Ho+2HQK2jrRnNoJmQOo5/SGLFS8TPe9h68qKbcYAAAAAAAA=",
      "authorizationId" : "72d9c963-4a20-40f3-bef1-9b773369826b"
    } ]
  }
}
2025-04-14 03:26:14 [main] INFO  API_TEST - Sending Payment Order Request to: https://sandbox.acb.com.vn/acb/open/payments/payment-order/v2/transaction
2025-04-14 03:26:14 [main] INFO  API_TEST - Request Headers: io.restassured.internal.RequestSpecificationImpl@4a4b288a
2025-04-14 03:26:14 [main] INFO  API_TEST - Request Body: 
{
  "requestTrace" : "57dee08e-8670-4bfc-a64b-2a74a39ff8d0",
  "requestDateTime" : "2025-04-14T03:26:14.432418+07:00",
  "requestParameters" : {
    "data" : {
      "sourceAccountNumber" : "80061959",
      "transaction" : {
        "transactionTraceNumber" : "inside6463276840",
        "transactionType" : "INSIDEBANK",
        "beneficiary" : {
          "inside" : {
            "account" : {
              "accountNumber" : "A46A46P100211",
              "beneficiaryName" : "ADAM 25193"
            }
          }
        },
        "amount" : {
          "sourceCurrency" : "VND",
          "targetCurrency" : "VND",
          "amount" : "200000",
          "exchangeRate" : "1",
          "exchangeAmount" : "200000"
        },
        "remarks" : "Chi don"
      }
    },
    "authorizations" : [ {
      "authorizationString" : "MIAGCSqGSIb3DQEHAqCAMIACAQExCzAJBgUrDgMCGgUAMIAGCSqGSIb3DQEHAaCAJIAEgYAwADIANgAwADUAOABkADcANQA1ADAAMgBkADIAYwAwADcANQA3ADQANQBhADMAZgA2AGEAMQAxADgAMgBhADUAZgBkADAANAAyADgANwAzAGEAOABiAGIANQBkADgAYQA1ADQANQA3ADkAYQAzADUAYQA3ADIAMAAzAGIAOQA5AAAAAAAAAKCAMIIDRDCCAiygAwIBAgIEY4V5pDANBgkqhkiG9w0BAQsFADBkMQswCQYDVQQGEwJWTjEMMAoGA1UECAwDSENNMQwwCgYDVQQHDANIQ00xDDAKBgNVBAoMA0FDQjESMBAGA1UECwwJSVQgLSBEVktOMRcwFQYDVQQDDA5DdW9uZyBQaGFtIEExMDAeFw0yMjExMjkwMzE2NTJaFw0zMjExMjkwMzE2NTJaMGQxCzAJBgNVBAYTAlZOMQwwCgYDVQQIDANIQ00xDDAKBgNVBAcMA0hDTTEMMAoGA1UECgwDQUNCMRIwEAYDVQQLDAlJVCAtIERWS04xFzAVBgNVBAMMDkN1b25nIFBoYW0gQTEwMIIBIjANBgkqhkiG9w0BAQEFAAOCAQ8AMIIBCgKCAQEAiNUdY2zCxZnyFHO81b2OQAqW5rHylxlD+kLVDcwMUtSYEVVdxOtVK0fWni8e+9dz6wXuJI6bs/NgsLl4jPZVfzzLhDstrc8fWj0+BdIoQJe9CZuew8GLQc/pZ0mTH97ol6GWezL97ODZpf7PSsrA0b9UCV9n1PnAmBb7sM2AiEJy/ZuqSkPe0b8KRnyuE0ED94ScVoaiz6axYVISeF7QPRH00Gvi4fdJCdTiFlukp/0i9ZuhJxDO0JZ1eZlj2YI80vPo6WHeMDKeJ4JP2WPc4hfh8knNg+iKH2AoX2Co8T8DUhJjNDfFy6vO2Ej7B2qxZ4xXr+nSpcRdX1r0M3sr9QIDAQABMA0GCSqGSIb3DQEBCwUAA4IBAQBAXikxeNOzMknfMZsJg+vXUsMy5KXF2Jf5xm1FCRCbBVxmZXE1+6njsGaCixS1Lpi4/KbfwQ6XC1k8Dv40Pd6Koscnx5BuSjkLYkFFMlzHdchmLTJxrn86c6UMnb/MUXoQtqJ3bYBdwlc//YDc3XVKBDsOipZ0QY8zDpsz/4GaRQ3ua3UL2VyD94u1WKUB7JYPCxeRcDDgszLExOQ6FOHFGvZiF+yrQLXfYpktg4cgBXx4J6cDlvha8YBDM1DYX6sLwDy2XixDlACLtNxcRODC3rpVS/bSHC4WQkfTadwfkHoFB6iBm22P4KdxcHV2VP5YnHJ/Vaza4ghv/fEgxIWLAAAxggIeMIICGgIBATBsMGQxCzAJBgNVBAYTAlZOMQwwCgYDVQQIDANIQ00xDDAKBgNVBAcMA0hDTTEMMAoGA1UECgwDQUNCMRIwEAYDVQQLDAlJVCAtIERWS04xFzAVBgNVBAMMDkN1b25nIFBoYW0gQTEwAgRjhXmkMAkGBSsOAwIaBQCggYgwGAYJKoZIhvcNAQkDMQsGCSqGSIb3DQEHATAcBgkqhkiG9w0BCQUxDxcNMjUwNDEzMjAyNjE0WjAjBgkqhkiG9w0BCQQxFgQUmNylTi1P6pEPJuwi9EGu02z6imIwKQYJKoZIhvcNAQk0MRwwGjAJBgUrDgMCGgUAoQ0GCSqGSIb3DQEBAQUAMA0GCSqGSIb3DQEBAQUABIIBADNJD4ITzBC+cut7+cNXB8znE0ydlqBk1knJqfZlN5ocMB6dLYxSzRh8wKnlgtqDe9Hxr+EUIZnHO7K5ebPQ7gZnIAIAVqMzNrAKyVQygl1CWtAejqGBgxH5+IJ5zCtKrUPiZxkK2NKd4NHoKeW3Q0jOvAeC1w8S80svGg/cOoidvSmzlwZJoiL0ctxFAs8I0Y/D3LnKxE0n8mGVAXWgt4mOOL5SZV6lgmiKC7oSFWAkijtofOoQeLOzsmht5rT5/ItOogS/dBaCjK3Z89OCNmrSUb52Skz07Bs74LEpNONtkhqdOKWGFsUR3ZorJCFD783wi2e4i/GFVPd4RcHRbf0AAAAAAAA=",
      "authorizationId" : "1526fa6a-4388-4234-99e5-846ba2c6e328"
    }, {
      "authorizationString" : "MIAGCSqGSIb3DQEHAqCAMIACAQExCzAJBgUrDgMCGgUAMIAGCSqGSIb3DQEHAaCAJIAEgYAwADIANgAwADUAOABkADcANQA1ADAAMgBkADIAYwAwADcANQA3ADQANQBhADMAZgA2AGEAMQAxADgAMgBhADUAZgBkADAANAAyADgANwAzAGEAOABiAGIANQBkADgAYQA1ADQANQA3ADkAYQAzADUAYQA3ADIAMAAzAGIAOQA5AAAAAAAAAKCAMIIDRDCCAiygAwIBAgIEY4V53jANBgkqhkiG9w0BAQsFADBkMQswCQYDVQQGEwJWTjEMMAoGA1UECAwDSENNMQwwCgYDVQQHDANIQ00xDDAKBgNVBAoMA0FDQjESMBAGA1UECwwJSVQgLSBEVktOMRcwFQYDVQQDDA5DdW9uZyBQaGFtIEIxMDAeFw0yMjExMjkwMzE3NTBaFw0zMjExMjkwMzE3NTBaMGQxCzAJBgNVBAYTAlZOMQwwCgYDVQQIDANIQ00xDDAKBgNVBAcMA0hDTTEMMAoGA1UECgwDQUNCMRIwEAYDVQQLDAlJVCAtIERWS04xFzAVBgNVBAMMDkN1b25nIFBoYW0gQjEwMIIBIjANBgkqhkiG9w0BAQEFAAOCAQ8AMIIBCgKCAQEAorTh+kRlrLfQSt/ZqHxTDlPZaqzJFDWYgybIn95f21WnQYZeQJBNAE9N+aEZlLXT8pcPy3fkfUVdc34NEI1GDCcXxa9EdBPupFFiW+1rU9Do0I12x6VqWDvEj+7YVW8Gd/0kn7AY5YfqjSVPpa7+I69kpa/vHqo8HBjkl97j16nSO1sYj3aN2v2XYInac5TiIouykdxlv3b2y+iTf5KTnqus/9w5IUn33zNJ42A8woZW4SD7Lcv0ZxL6JiX59wKz90nRWeTAxi+Bf4wMYV9y0WzzNaLAnbmThoyjWcL11IHIJWLV1UqV30X9m4hvfI/zDIUIhdXu1WIlvBXDDn4f9QIDAQABMA0GCSqGSIb3DQEBCwUAA4IBAQBjAzbybbHskE2gogcTwUHvkKgJRcP/vAJgTLpeytB4pIdscLmeKDMwQCqGxYDC90kvmtRtWfSfeu3aUDA2ICtTQLvryDgvhlXqQ1PXAT7jSp2/XO1Ips4wNBPDazrgX9pVNCk1itiO1bx+fMPLtliyAxbDOkRt3CWFFgo2pimLCgyQeUY2QqpRmNP7HK0MYlIVJW2u0YeI/QH4KTjj0vLdDte6byz5TTaa0zi2z4Rr303rrmmia5zw8674plWyLJU6GHzC+PrAe14DfzFA4cK2Ip8Ya7eicrCWk1/DM+HKKR0253WIoi8o5yMs0q5JJSM7lvFpYLu+sYtRXl5Pm1L6AAAxggIeMIICGgIBATBsMGQxCzAJBgNVBAYTAlZOMQwwCgYDVQQIDANIQ00xDDAKBgNVBAcMA0hDTTEMMAoGA1UECgwDQUNCMRIwEAYDVQQLDAlJVCAtIERWS04xFzAVBgNVBAMMDkN1b25nIFBoYW0gQjEwAgRjhXneMAkGBSsOAwIaBQCggYgwGAYJKoZIhvcNAQkDMQsGCSqGSIb3DQEHATAcBgkqhkiG9w0BCQUxDxcNMjUwNDEzMjAyNjE0WjAjBgkqhkiG9w0BCQQxFgQUmNylTi1P6pEPJuwi9EGu02z6imIwKQYJKoZIhvcNAQk0MRwwGjAJBgUrDgMCGgUAoQ0GCSqGSIb3DQEBAQUAMA0GCSqGSIb3DQEBAQUABIIBAJ8V+l09fbR6O7RfsZc6J2D1DBFCUYjjcnDHGgl0DiJ6aQKhGnU+BfVPDoXR6gGgIWjXxjkfuArgei7PlqJyJNfW2wAVsZXhqmrim0ThHNnoqA4PgADYo1DlUMZ6KCnkzGnPL5BbS4P/MJA1m2lw2kZg3TMlMQg8xItg8jKrvpMrnTDrSbdSpOwXsgORCMY2uOwpVy9tOweigTGXnk7tXg4oayEegAxf1jsilb4Iwh+T2PJvKssjzOIp2XL4GtPI8Bz7zL5L7uUS2bpeZ2CJhpg8RDXzgfTJJ/11KSzE0jHweRa1Ho+2HQK2jrRnNoJmQOo5/SGLFS8TPe9h68qKbcYAAAAAAAA=",
      "authorizationId" : "72d9c963-4a20-40f3-bef1-9b773369826b"
    } ]
  }
}
Headers:		Authorization=Bearer eyJhbGciOiJSUzI1NiIsInR5cCIgOiAiSldUIiwia2lkIiA6ICIyTDR2cFBsXzVQRUY5clljdksxb3dWbkZYeW1GeklyT3VJN3NOZkhSUC1zIn0.eyJleHAiOjE3NDQ2MDQ3NzEsImlhdCI6MTc0NDU3NTk3MSwianRpIjoiYzAxZDU0ZGItMjRjMi00NzJjLTk2MGEtZjFmYzk1OWE3N2FkIiwiaXNzIjoiaHR0cHM6Ly9pZC5hY2Iudm4vYXV0aC9yZWFsbXMvc29iYSIsInN1YiI6ImQxNWJiYjNhLTgxNTEtNGVhOC1hYTM1LTAxMmJiZjJhZTc0OSIsInR5cCI6IkJlYXJlciIsImF6cCI6IjJmNGUxMzc5YWRkYjJjNmYwNTlkNTNmNjIyYjZiZjgwIiwic2Vzc2lvbl9zdGF0ZSI6ImRjOWJkMTQyLTM4MDUtNDY0Ny05NjMxLTAxODVkOTM0NmQ0YyIsImFjciI6IjEiLCJzY29wZSI6InNlcnZpY2U6cGF5bWVudC1vcmRlciBzZXJ2aWNlOnZpcnR1YWwtYWNjb3VudCBzZXJ2aWNlOmJlbmVmaWNpYXJ5IHNlcnZpY2U6dHJhbnNhY3Rpb24taGlzdG9yeSBzZXJ2aWNlOmFjY291bnQtaW5mb3JtYXRpb24gc2VydmljZTp0cmFuc2FjdGlvbi1ub3RpZmljYXRpb24gc2VydmljZTphdXRoZW50aWNhdGlvbiBzZXJ2aWNlOmV3YWxsZXQgc29iYS1hcGkgc2VydmljZTptZXJjaGFudC1zb2x1dGlvbiIsImN1c3RvbWVyX3R5cGUiOiJPUkciLCJjbGllbnRJZCI6IjJmNGUxMzc5YWRkYjJjNmYwNTlkNTNmNjIyYjZiZjgwIiwiY2xpZW50SG9zdCI6IjEyNy4wLjAuMSIsImFjY291bnRfbWFqb3JzIjoiQ0siLCJzZXJ2aWNlX3Byb3ZpZGVyIjp0cnVlLCJhY2NvdW50X21pbm9ycyI6IkcwMTEiLCJjbGllbnRBZGRyZXNzIjoiMTI3LjAuMC4xIiwic2VnbWVudDEiOiJQSUtBIiwiZXdhbGxldF9zcCI6IlBJS0EiLCJjdXN0b21lcl9hY2NvdW50cyI6IjgwMDYxOTU5IiwicHJvdmlkZXJfaWQiOiJQSUtBIiwiY3VzdG9tZXJfaWQiOiI4MDExNzEiLCJwcm92aWRlcl9uYW1lIjoiUElLQSJ9.DJTy3YIQbP3yb-FGnI6ImkF4I9QPsknvrP7UMcJkSN1SY4gftWNVMv0XdU1nzvHXkzThHx2LVrSxbnRNRRNyTIGmaxr1gIQD1NxS0bngRAU65ktBg6KMak7cZr6H5V9aLf45y-SQ-XfX7W-Z72OyHcWE1Erc_5EqYOVLNNfYuz4F0sXGUuZJ55vkiznKJlPxBgKBTNUCz2S15BAEKIpsnqcr5XjaN_2bZGX4bfl5IhQ1kF3VCNi3Je38as4hRpAiLEOjP74WCV7HzpgRC7lT9gbbFKaaSTYs4V4DsJ6m9lwQOoYC0RCn4D82t-ZHszbRKdie0_aYJmqH4YbsQoeTH5fZm7k3wiPQVwPSAaPihMEJAKOKImBvEkoF1Gvu1XQBHCr5MT0Y6i_GPrgVvCoQzHFflJabK4MAnyd4GhDDizd2jRqnKVpWQ_2NfKow70k0dniIz33mE1Z4flrXtca3NxU36d08__wxiqQ48pkTM7I0zBmTOSSF9mY-Z8G3qOFAa-MqvyGFv95Ij5fgvGXrV5hAMdQuBNQwMJAGRMvu4Fy0Sp0MSw-05FIaKD5JEF9dzf5BtA2WpFJtgFO9MbmASoZMf-SxwnDpmldBfCola7OI-pwGIUpNPOt8rtjP8KEJm6bXanhA7mPfJrdKbKI_K057N5_ZokvMAglbhx2FNos
				X-Channel=SOBA
				X-Client-ID=2f4e1379addb2c6f059d53f622b6bf80
				X-Provider-ID=PIKA
				X-Request-ID=9d53c8c5-4061-473a-95d4-55e3fa850ce7
				Accept=*/*
				Content-Type=application/json
Headers:		Authorization=Bearer eyJhbGciOiJSUzI1NiIsInR5cCIgOiAiSldUIiwia2lkIiA6ICIyTDR2cFBsXzVQRUY5clljdksxb3dWbkZYeW1GeklyT3VJN3NOZkhSUC1zIn0.eyJleHAiOjE3NDQ2MDQ3NzEsImlhdCI6MTc0NDU3NTk3MSwianRpIjoiYzAxZDU0ZGItMjRjMi00NzJjLTk2MGEtZjFmYzk1OWE3N2FkIiwiaXNzIjoiaHR0cHM6Ly9pZC5hY2Iudm4vYXV0aC9yZWFsbXMvc29iYSIsInN1YiI6ImQxNWJiYjNhLTgxNTEtNGVhOC1hYTM1LTAxMmJiZjJhZTc0OSIsInR5cCI6IkJlYXJlciIsImF6cCI6IjJmNGUxMzc5YWRkYjJjNmYwNTlkNTNmNjIyYjZiZjgwIiwic2Vzc2lvbl9zdGF0ZSI6ImRjOWJkMTQyLTM4MDUtNDY0Ny05NjMxLTAxODVkOTM0NmQ0YyIsImFjciI6IjEiLCJzY29wZSI6InNlcnZpY2U6cGF5bWVudC1vcmRlciBzZXJ2aWNlOnZpcnR1YWwtYWNjb3VudCBzZXJ2aWNlOmJlbmVmaWNpYXJ5IHNlcnZpY2U6dHJhbnNhY3Rpb24taGlzdG9yeSBzZXJ2aWNlOmFjY291bnQtaW5mb3JtYXRpb24gc2VydmljZTp0cmFuc2FjdGlvbi1ub3RpZmljYXRpb24gc2VydmljZTphdXRoZW50aWNhdGlvbiBzZXJ2aWNlOmV3YWxsZXQgc29iYS1hcGkgc2VydmljZTptZXJjaGFudC1zb2x1dGlvbiIsImN1c3RvbWVyX3R5cGUiOiJPUkciLCJjbGllbnRJZCI6IjJmNGUxMzc5YWRkYjJjNmYwNTlkNTNmNjIyYjZiZjgwIiwiY2xpZW50SG9zdCI6IjEyNy4wLjAuMSIsImFjY291bnRfbWFqb3JzIjoiQ0siLCJzZXJ2aWNlX3Byb3ZpZGVyIjp0cnVlLCJhY2NvdW50X21pbm9ycyI6IkcwMTEiLCJjbGllbnRBZGRyZXNzIjoiMTI3LjAuMC4xIiwic2VnbWVudDEiOiJQSUtBIiwiZXdhbGxldF9zcCI6IlBJS0EiLCJjdXN0b21lcl9hY2NvdW50cyI6IjgwMDYxOTU5IiwicHJvdmlkZXJfaWQiOiJQSUtBIiwiY3VzdG9tZXJfaWQiOiI4MDExNzEiLCJwcm92aWRlcl9uYW1lIjoiUElLQSJ9.DJTy3YIQbP3yb-FGnI6ImkF4I9QPsknvrP7UMcJkSN1SY4gftWNVMv0XdU1nzvHXkzThHx2LVrSxbnRNRRNyTIGmaxr1gIQD1NxS0bngRAU65ktBg6KMak7cZr6H5V9aLf45y-SQ-XfX7W-Z72OyHcWE1Erc_5EqYOVLNNfYuz4F0sXGUuZJ55vkiznKJlPxBgKBTNUCz2S15BAEKIpsnqcr5XjaN_2bZGX4bfl5IhQ1kF3VCNi3Je38as4hRpAiLEOjP74WCV7HzpgRC7lT9gbbFKaaSTYs4V4DsJ6m9lwQOoYC0RCn4D82t-ZHszbRKdie0_aYJmqH4YbsQoeTH5fZm7k3wiPQVwPSAaPihMEJAKOKImBvEkoF1Gvu1XQBHCr5MT0Y6i_GPrgVvCoQzHFflJabK4MAnyd4GhDDizd2jRqnKVpWQ_2NfKow70k0dniIz33mE1Z4flrXtca3NxU36d08__wxiqQ48pkTM7I0zBmTOSSF9mY-Z8G3qOFAa-MqvyGFv95Ij5fgvGXrV5hAMdQuBNQwMJAGRMvu4Fy0Sp0MSw-05FIaKD5JEF9dzf5BtA2WpFJtgFO9MbmASoZMf-SxwnDpmldBfCola7OI-pwGIUpNPOt8rtjP8KEJm6bXanhA7mPfJrdKbKI_K057N5_ZokvMAglbhx2FNos
				X-Channel=SOBA
				X-Client-ID=2f4e1379addb2c6f059d53f622b6bf80
				X-Provider-ID=PIKA
				X-Request-ID=9d53c8c5-4061-473a-95d4-55e3fa850ce7
				Accept=*/*
				Content-Type=application/json
2025-04-14 03:26:14 [main] INFO  API_TEST - Payment Order Response - Status Code: 200
2025-04-14 03:26:14 [main] INFO  API_TEST - Payment Order Response - Headers: Connection=Keep-Alive
Transfer-Encoding=chunked
Date=Sun, 13 Apr 2025 20:26:14 GMT
Content-Type=application/json; charset=utf-8
X-Powered-By=Express
X-Request-Id=9d53c8c5-4061-473a-95d4-55e3fa850ce7
ETag=W/"161-c4Q+C3B0zXPQW5zN/rN7g1faGWs"
Strict-Transport-Security=max-age=63072000; includeSubDomains; preload
X-Global-Transaction-ID=09cb96d367fc1d4a04ca6992
X-RateLimit-Limit=name=Default rate-limit,200;
X-RateLimit-Remaining=name=Default rate-limit,197;
X-BurstLimit-Limit=name=Default burst-limit,10;
X-BurstLimit-Remaining=name=Default burst-limit,9;
Content-Encoding=gzip
Set-Cookie=acb=386078986.58148.0000; path=/; Httponly; Secure
2025-04-14 03:26:14 [main] INFO  API_TEST - Payment Order Response - Body: 
{
    "requestTrace": "57dee08e-8670-4bfc-a64b-2a74a39ff8d0",
    "responseDateTime": "2025-04-14T03:26:14+07:00",
    "responseStatus": {
        "responseCode": "00000000",
        "responseMessage": "success"
    },
    "responseData": {
        "transaction": {
            "transactionTraceNumber": "inside6463276840",
            "status": "ORIG",
            "statusMessage": "Waiting for processed",
            "createdDateTime": "2025-04-13T20:26:14.000Z"
        }
    }
}
2025-04-14 03:26:14 [main] INFO  API_TEST - Sending Request Body: 
{
  "requestTrace" : "57dee08e-8670-4bfc-a64b-2a74a39ff8d0",
  "requestDateTime" : "2025-04-14T03:26:14.432418+07:00",
  "requestParameters" : {
    "data" : {
      "sourceAccountNumber" : "80061959",
      "transaction" : {
        "transactionTraceNumber" : "inside6463276840",
        "transactionType" : "INSIDEBANK",
        "beneficiary" : {
          "inside" : {
            "account" : {
              "accountNumber" : "A46A46P100211",
              "beneficiaryName" : "ADAM 25193"
            }
          }
        },
        "amount" : {
          "sourceCurrency" : "VND",
          "targetCurrency" : "VND",
          "amount" : "200000",
          "exchangeRate" : "1",
          "exchangeAmount" : "200000"
        },
        "remarks" : "Chi don"
      }
    },
    "authorizations" : [ {
      "authorizationString" : "MIAGCSqGSIb3DQEHAqCAMIACAQExCzAJBgUrDgMCGgUAMIAGCSqGSIb3DQEHAaCAJIAEgYAwADIANgAwADUAOABkADcANQA1ADAAMgBkADIAYwAwADcANQA3ADQANQBhADMAZgA2AGEAMQAxADgAMgBhADUAZgBkADAANAAyADgANwAzAGEAOABiAGIANQBkADgAYQA1ADQANQA3ADkAYQAzADUAYQA3ADIAMAAzAGIAOQA5AAAAAAAAAKCAMIIDRDCCAiygAwIBAgIEY4V5pDANBgkqhkiG9w0BAQsFADBkMQswCQYDVQQGEwJWTjEMMAoGA1UECAwDSENNMQwwCgYDVQQHDANIQ00xDDAKBgNVBAoMA0FDQjESMBAGA1UECwwJSVQgLSBEVktOMRcwFQYDVQQDDA5DdW9uZyBQaGFtIEExMDAeFw0yMjExMjkwMzE2NTJaFw0zMjExMjkwMzE2NTJaMGQxCzAJBgNVBAYTAlZOMQwwCgYDVQQIDANIQ00xDDAKBgNVBAcMA0hDTTEMMAoGA1UECgwDQUNCMRIwEAYDVQQLDAlJVCAtIERWS04xFzAVBgNVBAMMDkN1b25nIFBoYW0gQTEwMIIBIjANBgkqhkiG9w0BAQEFAAOCAQ8AMIIBCgKCAQEAiNUdY2zCxZnyFHO81b2OQAqW5rHylxlD+kLVDcwMUtSYEVVdxOtVK0fWni8e+9dz6wXuJI6bs/NgsLl4jPZVfzzLhDstrc8fWj0+BdIoQJe9CZuew8GLQc/pZ0mTH97ol6GWezL97ODZpf7PSsrA0b9UCV9n1PnAmBb7sM2AiEJy/ZuqSkPe0b8KRnyuE0ED94ScVoaiz6axYVISeF7QPRH00Gvi4fdJCdTiFlukp/0i9ZuhJxDO0JZ1eZlj2YI80vPo6WHeMDKeJ4JP2WPc4hfh8knNg+iKH2AoX2Co8T8DUhJjNDfFy6vO2Ej7B2qxZ4xXr+nSpcRdX1r0M3sr9QIDAQABMA0GCSqGSIb3DQEBCwUAA4IBAQBAXikxeNOzMknfMZsJg+vXUsMy5KXF2Jf5xm1FCRCbBVxmZXE1+6njsGaCixS1Lpi4/KbfwQ6XC1k8Dv40Pd6Koscnx5BuSjkLYkFFMlzHdchmLTJxrn86c6UMnb/MUXoQtqJ3bYBdwlc//YDc3XVKBDsOipZ0QY8zDpsz/4GaRQ3ua3UL2VyD94u1WKUB7JYPCxeRcDDgszLExOQ6FOHFGvZiF+yrQLXfYpktg4cgBXx4J6cDlvha8YBDM1DYX6sLwDy2XixDlACLtNxcRODC3rpVS/bSHC4WQkfTadwfkHoFB6iBm22P4KdxcHV2VP5YnHJ/Vaza4ghv/fEgxIWLAAAxggIeMIICGgIBATBsMGQxCzAJBgNVBAYTAlZOMQwwCgYDVQQIDANIQ00xDDAKBgNVBAcMA0hDTTEMMAoGA1UECgwDQUNCMRIwEAYDVQQLDAlJVCAtIERWS04xFzAVBgNVBAMMDkN1b25nIFBoYW0gQTEwAgRjhXmkMAkGBSsOAwIaBQCggYgwGAYJKoZIhvcNAQkDMQsGCSqGSIb3DQEHATAcBgkqhkiG9w0BCQUxDxcNMjUwNDEzMjAyNjE0WjAjBgkqhkiG9w0BCQQxFgQUmNylTi1P6pEPJuwi9EGu02z6imIwKQYJKoZIhvcNAQk0MRwwGjAJBgUrDgMCGgUAoQ0GCSqGSIb3DQEBAQUAMA0GCSqGSIb3DQEBAQUABIIBADNJD4ITzBC+cut7+cNXB8znE0ydlqBk1knJqfZlN5ocMB6dLYxSzRh8wKnlgtqDe9Hxr+EUIZnHO7K5ebPQ7gZnIAIAVqMzNrAKyVQygl1CWtAejqGBgxH5+IJ5zCtKrUPiZxkK2NKd4NHoKeW3Q0jOvAeC1w8S80svGg/cOoidvSmzlwZJoiL0ctxFAs8I0Y/D3LnKxE0n8mGVAXWgt4mOOL5SZV6lgmiKC7oSFWAkijtofOoQeLOzsmht5rT5/ItOogS/dBaCjK3Z89OCNmrSUb52Skz07Bs74LEpNONtkhqdOKWGFsUR3ZorJCFD783wi2e4i/GFVPd4RcHRbf0AAAAAAAA=",
      "authorizationId" : "1526fa6a-4388-4234-99e5-846ba2c6e328"
    }, {
      "authorizationString" : "MIAGCSqGSIb3DQEHAqCAMIACAQExCzAJBgUrDgMCGgUAMIAGCSqGSIb3DQEHAaCAJIAEgYAwADIANgAwADUAOABkADcANQA1ADAAMgBkADIAYwAwADcANQA3ADQANQBhADMAZgA2AGEAMQAxADgAMgBhADUAZgBkADAANAAyADgANwAzAGEAOABiAGIANQBkADgAYQA1ADQANQA3ADkAYQAzADUAYQA3ADIAMAAzAGIAOQA5AAAAAAAAAKCAMIIDRDCCAiygAwIBAgIEY4V53jANBgkqhkiG9w0BAQsFADBkMQswCQYDVQQGEwJWTjEMMAoGA1UECAwDSENNMQwwCgYDVQQHDANIQ00xDDAKBgNVBAoMA0FDQjESMBAGA1UECwwJSVQgLSBEVktOMRcwFQYDVQQDDA5DdW9uZyBQaGFtIEIxMDAeFw0yMjExMjkwMzE3NTBaFw0zMjExMjkwMzE3NTBaMGQxCzAJBgNVBAYTAlZOMQwwCgYDVQQIDANIQ00xDDAKBgNVBAcMA0hDTTEMMAoGA1UECgwDQUNCMRIwEAYDVQQLDAlJVCAtIERWS04xFzAVBgNVBAMMDkN1b25nIFBoYW0gQjEwMIIBIjANBgkqhkiG9w0BAQEFAAOCAQ8AMIIBCgKCAQEAorTh+kRlrLfQSt/ZqHxTDlPZaqzJFDWYgybIn95f21WnQYZeQJBNAE9N+aEZlLXT8pcPy3fkfUVdc34NEI1GDCcXxa9EdBPupFFiW+1rU9Do0I12x6VqWDvEj+7YVW8Gd/0kn7AY5YfqjSVPpa7+I69kpa/vHqo8HBjkl97j16nSO1sYj3aN2v2XYInac5TiIouykdxlv3b2y+iTf5KTnqus/9w5IUn33zNJ42A8woZW4SD7Lcv0ZxL6JiX59wKz90nRWeTAxi+Bf4wMYV9y0WzzNaLAnbmThoyjWcL11IHIJWLV1UqV30X9m4hvfI/zDIUIhdXu1WIlvBXDDn4f9QIDAQABMA0GCSqGSIb3DQEBCwUAA4IBAQBjAzbybbHskE2gogcTwUHvkKgJRcP/vAJgTLpeytB4pIdscLmeKDMwQCqGxYDC90kvmtRtWfSfeu3aUDA2ICtTQLvryDgvhlXqQ1PXAT7jSp2/XO1Ips4wNBPDazrgX9pVNCk1itiO1bx+fMPLtliyAxbDOkRt3CWFFgo2pimLCgyQeUY2QqpRmNP7HK0MYlIVJW2u0YeI/QH4KTjj0vLdDte6byz5TTaa0zi2z4Rr303rrmmia5zw8674plWyLJU6GHzC+PrAe14DfzFA4cK2Ip8Ya7eicrCWk1/DM+HKKR0253WIoi8o5yMs0q5JJSM7lvFpYLu+sYtRXl5Pm1L6AAAxggIeMIICGgIBATBsMGQxCzAJBgNVBAYTAlZOMQwwCgYDVQQIDANIQ00xDDAKBgNVBAcMA0hDTTEMMAoGA1UECgwDQUNCMRIwEAYDVQQLDAlJVCAtIERWS04xFzAVBgNVBAMMDkN1b25nIFBoYW0gQjEwAgRjhXneMAkGBSsOAwIaBQCggYgwGAYJKoZIhvcNAQkDMQsGCSqGSIb3DQEHATAcBgkqhkiG9w0BCQUxDxcNMjUwNDEzMjAyNjE0WjAjBgkqhkiG9w0BCQQxFgQUmNylTi1P6pEPJuwi9EGu02z6imIwKQYJKoZIhvcNAQk0MRwwGjAJBgUrDgMCGgUAoQ0GCSqGSIb3DQEBAQUAMA0GCSqGSIb3DQEBAQUABIIBAJ8V+l09fbR6O7RfsZc6J2D1DBFCUYjjcnDHGgl0DiJ6aQKhGnU+BfVPDoXR6gGgIWjXxjkfuArgei7PlqJyJNfW2wAVsZXhqmrim0ThHNnoqA4PgADYo1DlUMZ6KCnkzGnPL5BbS4P/MJA1m2lw2kZg3TMlMQg8xItg8jKrvpMrnTDrSbdSpOwXsgORCMY2uOwpVy9tOweigTGXnk7tXg4oayEegAxf1jsilb4Iwh+T2PJvKssjzOIp2XL4GtPI8Bz7zL5L7uUS2bpeZ2CJhpg8RDXzgfTJJ/11KSzE0jHweRa1Ho+2HQK2jrRnNoJmQOo5/SGLFS8TPe9h68qKbcYAAAAAAAA=",
      "authorizationId" : "72d9c963-4a20-40f3-bef1-9b773369826b"
    } ]
  }
}
2025-04-14 03:26:14 [main] INFO  API_TEST - Response - Status Code: 200
2025-04-14 03:26:14 [main] INFO  API_TEST - Response - Headers: Connection=Keep-Alive
Transfer-Encoding=chunked
Date=Sun, 13 Apr 2025 20:26:14 GMT
Content-Type=application/json; charset=utf-8
X-Powered-By=Express
X-Request-Id=9d53c8c5-4061-473a-95d4-55e3fa850ce7
ETag=W/"161-c4Q+C3B0zXPQW5zN/rN7g1faGWs"
Strict-Transport-Security=max-age=63072000; includeSubDomains; preload
X-Global-Transaction-ID=09cb96d367fc1d4a04ca6992
X-RateLimit-Limit=name=Default rate-limit,200;
X-RateLimit-Remaining=name=Default rate-limit,197;
X-BurstLimit-Limit=name=Default burst-limit,10;
X-BurstLimit-Remaining=name=Default burst-limit,9;
Content-Encoding=gzip
Set-Cookie=acb=386078986.58148.0000; path=/; Httponly; Secure
2025-04-14 03:26:14 [main] INFO  API_TEST - Response - Body: 
{
    "requestTrace": "57dee08e-8670-4bfc-a64b-2a74a39ff8d0",
    "responseDateTime": "2025-04-14T03:26:14+07:00",
    "responseStatus": {
        "responseCode": "00000000",
        "responseMessage": "success"
    },
    "responseData": {
        "transaction": {
            "transactionTraceNumber": "inside6463276840",
            "status": "ORIG",
            "statusMessage": "Waiting for processed",
            "createdDateTime": "2025-04-13T20:26:14.000Z"
        }
    }
}
2025-04-14 03:26:24 [main] INFO  API_TEST - fromDate not specified in test case, using current date: 2025-04-14
2025-04-14 03:26:24 [main] INFO  API_TEST - toDate not specified in test case, using current date: 2025-04-14
2025-04-14 03:26:24 [main] INFO  API_TEST - Sending Transaction History Request to: https://sandbox.acb.com.vn/acb/open/payments/payment-order/v2/transaction?transactionTraceNumber=inside6463276840&fromDate=2025-04-14&toDate=2025-04-14
2025-04-14 03:26:24 [main] INFO  API_TEST - Request Headers: X-Channel=SOBA, X-Client-ID=2f4e1379addb2c6f059d53f622b6bf80, X-Provider-ID=PAYMENT-ORDER, X-Request-ID=c48af7fc-e921-4913-9684-a01fa8d9e3b6, Authorization=Bearer eyJhbGciOiJSUzI1NiIsInR5cCIgOiAiSldUIiwia2lkIiA6ICIyTDR2cFBsXzVQRUY5clljdksxb3dWbkZYeW1GeklyT3VJN3NOZkhSUC1zIn0.eyJleHAiOjE3NDQ2MDQ3NzEsImlhdCI6MTc0NDU3NTk3MSwianRpIjoiYzAxZDU0ZGItMjRjMi00NzJjLTk2MGEtZjFmYzk1OWE3N2FkIiwiaXNzIjoiaHR0cHM6Ly9pZC5hY2Iudm4vYXV0aC9yZWFsbXMvc29iYSIsInN1YiI6ImQxNWJiYjNhLTgxNTEtNGVhOC1hYTM1LTAxMmJiZjJhZTc0OSIsInR5cCI6IkJlYXJlciIsImF6cCI6IjJmNGUxMzc5YWRkYjJjNmYwNTlkNTNmNjIyYjZiZjgwIiwic2Vzc2lvbl9zdGF0ZSI6ImRjOWJkMTQyLTM4MDUtNDY0Ny05NjMxLTAxODVkOTM0NmQ0YyIsImFjciI6IjEiLCJzY29wZSI6InNlcnZpY2U6cGF5bWVudC1vcmRlciBzZXJ2aWNlOnZpcnR1YWwtYWNjb3VudCBzZXJ2aWNlOmJlbmVmaWNpYXJ5IHNlcnZpY2U6dHJhbnNhY3Rpb24taGlzdG9yeSBzZXJ2aWNlOmFjY291bnQtaW5mb3JtYXRpb24gc2VydmljZTp0cmFuc2FjdGlvbi1ub3RpZmljYXRpb24gc2VydmljZTphdXRoZW50aWNhdGlvbiBzZXJ2aWNlOmV3YWxsZXQgc29iYS1hcGkgc2VydmljZTptZXJjaGFudC1zb2x1dGlvbiIsImN1c3RvbWVyX3R5cGUiOiJPUkciLCJjbGllbnRJZCI6IjJmNGUxMzc5YWRkYjJjNmYwNTlkNTNmNjIyYjZiZjgwIiwiY2xpZW50SG9zdCI6IjEyNy4wLjAuMSIsImFjY291bnRfbWFqb3JzIjoiQ0siLCJzZXJ2aWNlX3Byb3ZpZGVyIjp0cnVlLCJhY2NvdW50X21pbm9ycyI6IkcwMTEiLCJjbGllbnRBZGRyZXNzIjoiMTI3LjAuMC4xIiwic2VnbWVudDEiOiJQSUtBIiwiZXdhbGxldF9zcCI6IlBJS0EiLCJjdXN0b21lcl9hY2NvdW50cyI6IjgwMDYxOTU5IiwicHJvdmlkZXJfaWQiOiJQSUtBIiwiY3VzdG9tZXJfaWQiOiI4MDExNzEiLCJwcm92aWRlcl9uYW1lIjoiUElLQSJ9.DJTy3YIQbP3yb-FGnI6ImkF4I9QPsknvrP7UMcJkSN1SY4gftWNVMv0XdU1nzvHXkzThHx2LVrSxbnRNRRNyTIGmaxr1gIQD1NxS0bngRAU65ktBg6KMak7cZr6H5V9aLf45y-SQ-XfX7W-Z72OyHcWE1Erc_5EqYOVLNNfYuz4F0sXGUuZJ55vkiznKJlPxBgKBTNUCz2S15BAEKIpsnqcr5XjaN_2bZGX4bfl5IhQ1kF3VCNi3Je38as4hRpAiLEOjP74WCV7HzpgRC7lT9gbbFKaaSTYs4V4DsJ6m9lwQOoYC0RCn4D82t-ZHszbRKdie0_aYJmqH4YbsQoeTH5fZm7k3wiPQVwPSAaPihMEJAKOKImBvEkoF1Gvu1XQBHCr5MT0Y6i_GPrgVvCoQzHFflJabK4MAnyd4GhDDizd2jRqnKVpWQ_2NfKow70k0dniIz33mE1Z4flrXtca3NxU36d08__wxiqQ48pkTM7I0zBmTOSSF9mY-Z8G3qOFAa-MqvyGFv95Ij5fgvGXrV5hAMdQuBNQwMJAGRMvu4Fy0Sp0MSw-05FIaKD5JEF9dzf5BtA2WpFJtgFO9MbmASoZMf-SxwnDpmldBfCola7OI-pwGIUpNPOt8rtjP8KEJm6bXanhA7mPfJrdKbKI_K057N5_ZokvMAglbhx2FNos
2025-04-14 03:26:25 [main] INFO  API_TEST - Response Status Code: 200
2025-04-14 03:26:25 [main] INFO  API_TEST - Response Headers: Connection=Keep-Alive
Transfer-Encoding=chunked
Date=Sun, 13 Apr 2025 20:26:25 GMT
Content-Type=application/json; charset=utf-8
X-Powered-By=Express
X-Request-Id=c48af7fc-e921-4913-9684-a01fa8d9e3b6
ETag=W/"2ab-8suKOSDRlTY2oaMwCkZLDqnSxFU"
Strict-Transport-Security=max-age=63072000; includeSubDomains; preload
X-Global-Transaction-ID=09cb96d367fc1d5404ca6a02
X-RateLimit-Limit=name=Default rate-limit,200;
X-RateLimit-Remaining=name=Default rate-limit,196;
X-BurstLimit-Limit=name=Default burst-limit,10;
X-BurstLimit-Remaining=name=Default burst-limit,9;
Content-Encoding=gzip
Set-Cookie=acb=386078986.58148.0000; path=/; Httponly; Secure
2025-04-14 03:26:25 [main] INFO  API_TEST - Response Body: {"responseDateTime":"2025-04-14T03:26:25+07:00","responseStatus":{"responseCode":"00000000","responseMessage":"success"},"responseData":{"transactions":[{"transactionTraceNumber":"inside6463276840","status":"TRAN","statusMessage":"Success transfer transaction","serviceChargeAmount":0,"sourceAcocuntNumber":"80061959","transactionNumber":13517,"amount":{"sourceCurrency":"VND","targetCurrency":"VND","amount":"200000","exchangeRate":"1","exchangeAmount":"200000"},"remarks":"Chi don","transactionType":"INSIDEBANK","beneficiary":{"inside":{"account":{"accountNumber":"A46A46P100211","beneficiaryName":"ADAM 25193"}}}}],"pagination":{"totalRows":1,"totalPages":1,"page":1,"size":20}}}
2025-04-14 03:26:25 [main] INFO  API_TEST - Sending Request Body: 
None (GET request)
2025-04-14 03:26:25 [main] INFO  API_TEST - Response - Status Code: 200
2025-04-14 03:26:25 [main] INFO  API_TEST - Response - Headers: Connection=Keep-Alive
Transfer-Encoding=chunked
Date=Sun, 13 Apr 2025 20:26:25 GMT
Content-Type=application/json; charset=utf-8
X-Powered-By=Express
X-Request-Id=c48af7fc-e921-4913-9684-a01fa8d9e3b6
ETag=W/"2ab-8suKOSDRlTY2oaMwCkZLDqnSxFU"
Strict-Transport-Security=max-age=63072000; includeSubDomains; preload
X-Global-Transaction-ID=09cb96d367fc1d5404ca6a02
X-RateLimit-Limit=name=Default rate-limit,200;
X-RateLimit-Remaining=name=Default rate-limit,196;
X-BurstLimit-Limit=name=Default burst-limit,10;
X-BurstLimit-Remaining=name=Default burst-limit,9;
Content-Encoding=gzip
Set-Cookie=acb=386078986.58148.0000; path=/; Httponly; Secure
2025-04-14 03:26:25 [main] INFO  API_TEST - Response - Body: 
{
    "responseDateTime": "2025-04-14T03:26:25+07:00",
    "responseStatus": {
        "responseCode": "00000000",
        "responseMessage": "success"
    },
    "responseData": {
        "transactions": [
            {
                "transactionTraceNumber": "inside6463276840",
                "status": "TRAN",
                "statusMessage": "Success transfer transaction",
                "serviceChargeAmount": 0,
                "sourceAcocuntNumber": "80061959",
                "transactionNumber": 13517,
                "amount": {
                    "sourceCurrency": "VND",
                    "targetCurrency": "VND",
                    "amount": "200000",
                    "exchangeRate": "1",
                    "exchangeAmount": "200000"
                },
                "remarks": "Chi don",
                "transactionType": "INSIDEBANK",
                "beneficiary": {
                    "inside": {
                        "account": {
                            "accountNumber": "A46A46P100211",
                            "beneficiaryName": "ADAM 25193"
                        }
                    }
                }
            }
        ],
        "pagination": {
            "totalRows": 1,
            "totalPages": 1,
            "page": 1,
            "size": 20
        }
    }
}
]]></system-out>
  </testcase>
  <testcase name="testAllPaymentOrders" classname="com.example.tests.APITests" time="11.147">
    <system-out><![CDATA[2025-04-14 03:26:25 [main] INFO  API_TEST - Processing test case TC_004 with apiType: CREATE_AND_QUERY
2025-04-14 03:26:25 [main] INFO  com.example.utils.FileUtil - Reading request template from file: requestTemplates/ibft.json
2025-04-14 03:26:25 [main] INFO  com.example.utils.FileUtil - Successfully read template from file: requestTemplates/ibft.json
2025-04-14 03:26:25 [main] INFO  API_TEST - Generating authorizationString for authorizationId: 1526fa6a-4388-4234-99e5-846ba2c6e328
2025-04-14 03:26:25 [main] INFO  API_TEST - Base64 Data: eyJzb3VyY2VBY2NvdW50TnVtYmVyIjoiODAwNjE5NTkiLCJ0cmFuc2FjdGlvbiI6eyJ0cmFuc2FjdGlvblRyYWNlTnVtYmVyIjoiaWJmdDU5ODk0MDMzODYiLCJ0cmFuc2FjdGlvblR5cGUiOiJJQkZUIiwiYmVuZWZpY2lhcnkiOnsiaW50ZXJiYW5rIjp7ImFjY291bnROdW1iZXIiOiIwMTI5ODM3Mjk0IiwiYmVuZWZpY2lhcnlOYW1lIjoiTkdVWUVOIFZBTiBBIFZOQkMiLCJiYW5rIjp7Im5hcGFzQ29kZSI6Ijk3MDQwNiJ9fX0sImFtb3VudCI6eyJzb3VyY2VDdXJyZW5jeSI6IlZORCIsInRhcmdldEN1cnJlbmN5IjoiVk5EIiwiYW1vdW50IjoiMjAwMDAwIiwiZXhjaGFuZ2VSYXRlIjoiMSIsImV4Y2hhbmdlQW1vdW50IjoiMjAwMDAwIn0sInJlbWFya3MiOiJDaGkgZG9uICJ9fQ==
2025-04-14 03:26:25 [main] INFO  API_TEST - SHA-256 Hex Data: ae6042b5c5b659fd8f3e7e9bd3b44b2ec8184dfa9d23703b30905065845c4427
2025-04-14 03:26:25 [main] INFO  API_TEST - Generated Signature for cuong pham a10: MIAGCSqGSIb3DQEHAqCAMIACAQExCzAJBgUrDgMCGgUAMIAGCSqGSIb3DQEHAaCAJIAEgYBhAGUANgAwADQAMgBiADUAYwA1AGIANgA1ADkAZgBkADgAZgAzAGUANwBlADkAYgBkADMAYgA0ADQAYgAyAGUAYwA4ADEAOAA0AGQAZgBhADkAZAAyADMANwAwADMAYgAzADAAOQAwADUAMAA2ADUAOAA0ADUAYwA0ADQAMgA3AAAAAAAAAKCAMIIDRDCCAiygAwIBAgIEY4V5pDANBgkqhkiG9w0BAQsFADBkMQswCQYDVQQGEwJWTjEMMAoGA1UECAwDSENNMQwwCgYDVQQHDANIQ00xDDAKBgNVBAoMA0FDQjESMBAGA1UECwwJSVQgLSBEVktOMRcwFQYDVQQDDA5DdW9uZyBQaGFtIEExMDAeFw0yMjExMjkwMzE2NTJaFw0zMjExMjkwMzE2NTJaMGQxCzAJBgNVBAYTAlZOMQwwCgYDVQQIDANIQ00xDDAKBgNVBAcMA0hDTTEMMAoGA1UECgwDQUNCMRIwEAYDVQQLDAlJVCAtIERWS04xFzAVBgNVBAMMDkN1b25nIFBoYW0gQTEwMIIBIjANBgkqhkiG9w0BAQEFAAOCAQ8AMIIBCgKCAQEAiNUdY2zCxZnyFHO81b2OQAqW5rHylxlD+kLVDcwMUtSYEVVdxOtVK0fWni8e+9dz6wXuJI6bs/NgsLl4jPZVfzzLhDstrc8fWj0+BdIoQJe9CZuew8GLQc/pZ0mTH97ol6GWezL97ODZpf7PSsrA0b9UCV9n1PnAmBb7sM2AiEJy/ZuqSkPe0b8KRnyuE0ED94ScVoaiz6axYVISeF7QPRH00Gvi4fdJCdTiFlukp/0i9ZuhJxDO0JZ1eZlj2YI80vPo6WHeMDKeJ4JP2WPc4hfh8knNg+iKH2AoX2Co8T8DUhJjNDfFy6vO2Ej7B2qxZ4xXr+nSpcRdX1r0M3sr9QIDAQABMA0GCSqGSIb3DQEBCwUAA4IBAQBAXikxeNOzMknfMZsJg+vXUsMy5KXF2Jf5xm1FCRCbBVxmZXE1+6njsGaCixS1Lpi4/KbfwQ6XC1k8Dv40Pd6Koscnx5BuSjkLYkFFMlzHdchmLTJxrn86c6UMnb/MUXoQtqJ3bYBdwlc//YDc3XVKBDsOipZ0QY8zDpsz/4GaRQ3ua3UL2VyD94u1WKUB7JYPCxeRcDDgszLExOQ6FOHFGvZiF+yrQLXfYpktg4cgBXx4J6cDlvha8YBDM1DYX6sLwDy2XixDlACLtNxcRODC3rpVS/bSHC4WQkfTadwfkHoFB6iBm22P4KdxcHV2VP5YnHJ/Vaza4ghv/fEgxIWLAAAxggIeMIICGgIBATBsMGQxCzAJBgNVBAYTAlZOMQwwCgYDVQQIDANIQ00xDDAKBgNVBAcMA0hDTTEMMAoGA1UECgwDQUNCMRIwEAYDVQQLDAlJVCAtIERWS04xFzAVBgNVBAMMDkN1b25nIFBoYW0gQTEwAgRjhXmkMAkGBSsOAwIaBQCggYgwGAYJKoZIhvcNAQkDMQsGCSqGSIb3DQEHATAcBgkqhkiG9w0BCQUxDxcNMjUwNDEzMjAyNjI1WjAjBgkqhkiG9w0BCQQxFgQUQiTRO2tuxMiIE1YNcn0+exeyalkwKQYJKoZIhvcNAQk0MRwwGjAJBgUrDgMCGgUAoQ0GCSqGSIb3DQEBAQUAMA0GCSqGSIb3DQEBAQUABIIBADwKl3FWMeebpmV1CgsjOzt+Q2KPGagwJgfISrzfBbwUb25N7wPIAXPlINSOGG69jQZZduNH0GynFaoaIqRioz+pR+UYBOu8KMSB9Vp0jqR1sxvqCNyCzUuQE7BeMJnWZs4Kd7W/dwfdHluxvjwbiXPJjeZc/vplJADDowsy6FEo+Kxx9ayqKGVNJH59rkh/oC6wjgoff/Epa/fc9IwMpwB9jbhkbLJ5BGj4Ld+ThsAQRNzLrjiP+uTMGp2bD8EWrzLpA1N4W9hgqaF/UjJ1/BTqVLiyDm84J2mizJcbq47QZDZYSmxyRd0jPM803NFcGX/AgWYMS0jtLJAuE89Kl7EAAAAAAAA=
2025-04-14 03:26:25 [main] INFO  API_TEST - Updated Request Body after adding authorizationString for authorizationId: 1526fa6a-4388-4234-99e5-846ba2c6e328: 
{
  "requestTrace" : "4f913fec-93a0-4b79-b0e1-def83e5002ba",
  "requestDateTime" : "2025-04-14T03:26:25.686353+07:00",
  "requestParameters" : {
    "data" : {
      "sourceAccountNumber" : "80061959",
      "transaction" : {
        "transactionTraceNumber" : "ibft5989403386",
        "transactionType" : "IBFT",
        "beneficiary" : {
          "interbank" : {
            "accountNumber" : "0129837294",
            "beneficiaryName" : "NGUYEN VAN A VNBC",
            "bank" : {
              "napasCode" : "970406"
            }
          }
        },
        "amount" : {
          "sourceCurrency" : "VND",
          "targetCurrency" : "VND",
          "amount" : "200000",
          "exchangeRate" : "1",
          "exchangeAmount" : "200000"
        },
        "remarks" : "Chi don "
      }
    },
    "authorizations" : [ {
      "authorizationString" : "MIAGCSqGSIb3DQEHAqCAMIACAQExCzAJBgUrDgMCGgUAMIAGCSqGSIb3DQEHAaCAJIAEgYBhAGUANgAwADQAMgBiADUAYwA1AGIANgA1ADkAZgBkADgAZgAzAGUANwBlADkAYgBkADMAYgA0ADQAYgAyAGUAYwA4ADEAOAA0AGQAZgBhADkAZAAyADMANwAwADMAYgAzADAAOQAwADUAMAA2ADUAOAA0ADUAYwA0ADQAMgA3AAAAAAAAAKCAMIIDRDCCAiygAwIBAgIEY4V5pDANBgkqhkiG9w0BAQsFADBkMQswCQYDVQQGEwJWTjEMMAoGA1UECAwDSENNMQwwCgYDVQQHDANIQ00xDDAKBgNVBAoMA0FDQjESMBAGA1UECwwJSVQgLSBEVktOMRcwFQYDVQQDDA5DdW9uZyBQaGFtIEExMDAeFw0yMjExMjkwMzE2NTJaFw0zMjExMjkwMzE2NTJaMGQxCzAJBgNVBAYTAlZOMQwwCgYDVQQIDANIQ00xDDAKBgNVBAcMA0hDTTEMMAoGA1UECgwDQUNCMRIwEAYDVQQLDAlJVCAtIERWS04xFzAVBgNVBAMMDkN1b25nIFBoYW0gQTEwMIIBIjANBgkqhkiG9w0BAQEFAAOCAQ8AMIIBCgKCAQEAiNUdY2zCxZnyFHO81b2OQAqW5rHylxlD+kLVDcwMUtSYEVVdxOtVK0fWni8e+9dz6wXuJI6bs/NgsLl4jPZVfzzLhDstrc8fWj0+BdIoQJe9CZuew8GLQc/pZ0mTH97ol6GWezL97ODZpf7PSsrA0b9UCV9n1PnAmBb7sM2AiEJy/ZuqSkPe0b8KRnyuE0ED94ScVoaiz6axYVISeF7QPRH00Gvi4fdJCdTiFlukp/0i9ZuhJxDO0JZ1eZlj2YI80vPo6WHeMDKeJ4JP2WPc4hfh8knNg+iKH2AoX2Co8T8DUhJjNDfFy6vO2Ej7B2qxZ4xXr+nSpcRdX1r0M3sr9QIDAQABMA0GCSqGSIb3DQEBCwUAA4IBAQBAXikxeNOzMknfMZsJg+vXUsMy5KXF2Jf5xm1FCRCbBVxmZXE1+6njsGaCixS1Lpi4/KbfwQ6XC1k8Dv40Pd6Koscnx5BuSjkLYkFFMlzHdchmLTJxrn86c6UMnb/MUXoQtqJ3bYBdwlc//YDc3XVKBDsOipZ0QY8zDpsz/4GaRQ3ua3UL2VyD94u1WKUB7JYPCxeRcDDgszLExOQ6FOHFGvZiF+yrQLXfYpktg4cgBXx4J6cDlvha8YBDM1DYX6sLwDy2XixDlACLtNxcRODC3rpVS/bSHC4WQkfTadwfkHoFB6iBm22P4KdxcHV2VP5YnHJ/Vaza4ghv/fEgxIWLAAAxggIeMIICGgIBATBsMGQxCzAJBgNVBAYTAlZOMQwwCgYDVQQIDANIQ00xDDAKBgNVBAcMA0hDTTEMMAoGA1UECgwDQUNCMRIwEAYDVQQLDAlJVCAtIERWS04xFzAVBgNVBAMMDkN1b25nIFBoYW0gQTEwAgRjhXmkMAkGBSsOAwIaBQCggYgwGAYJKoZIhvcNAQkDMQsGCSqGSIb3DQEHATAcBgkqhkiG9w0BCQUxDxcNMjUwNDEzMjAyNjI1WjAjBgkqhkiG9w0BCQQxFgQUQiTRO2tuxMiIE1YNcn0+exeyalkwKQYJKoZIhvcNAQk0MRwwGjAJBgUrDgMCGgUAoQ0GCSqGSIb3DQEBAQUAMA0GCSqGSIb3DQEBAQUABIIBADwKl3FWMeebpmV1CgsjOzt+Q2KPGagwJgfISrzfBbwUb25N7wPIAXPlINSOGG69jQZZduNH0GynFaoaIqRioz+pR+UYBOu8KMSB9Vp0jqR1sxvqCNyCzUuQE7BeMJnWZs4Kd7W/dwfdHluxvjwbiXPJjeZc/vplJADDowsy6FEo+Kxx9ayqKGVNJH59rkh/oC6wjgoff/Epa/fc9IwMpwB9jbhkbLJ5BGj4Ld+ThsAQRNzLrjiP+uTMGp2bD8EWrzLpA1N4W9hgqaF/UjJ1/BTqVLiyDm84J2mizJcbq47QZDZYSmxyRd0jPM803NFcGX/AgWYMS0jtLJAuE89Kl7EAAAAAAAA=",
      "authorizationId" : "1526fa6a-4388-4234-99e5-846ba2c6e328"
    }, {
      "authorizationString" : "",
      "authorizationId" : "72d9c963-4a20-40f3-bef1-9b773369826b"
    } ]
  }
}
2025-04-14 03:26:25 [main] INFO  API_TEST - Generating authorizationString for authorizationId: 72d9c963-4a20-40f3-bef1-9b773369826b
2025-04-14 03:26:25 [main] INFO  API_TEST - Base64 Data: eyJzb3VyY2VBY2NvdW50TnVtYmVyIjoiODAwNjE5NTkiLCJ0cmFuc2FjdGlvbiI6eyJ0cmFuc2FjdGlvblRyYWNlTnVtYmVyIjoiaWJmdDU5ODk0MDMzODYiLCJ0cmFuc2FjdGlvblR5cGUiOiJJQkZUIiwiYmVuZWZpY2lhcnkiOnsiaW50ZXJiYW5rIjp7ImFjY291bnROdW1iZXIiOiIwMTI5ODM3Mjk0IiwiYmVuZWZpY2lhcnlOYW1lIjoiTkdVWUVOIFZBTiBBIFZOQkMiLCJiYW5rIjp7Im5hcGFzQ29kZSI6Ijk3MDQwNiJ9fX0sImFtb3VudCI6eyJzb3VyY2VDdXJyZW5jeSI6IlZORCIsInRhcmdldEN1cnJlbmN5IjoiVk5EIiwiYW1vdW50IjoiMjAwMDAwIiwiZXhjaGFuZ2VSYXRlIjoiMSIsImV4Y2hhbmdlQW1vdW50IjoiMjAwMDAwIn0sInJlbWFya3MiOiJDaGkgZG9uICJ9fQ==
2025-04-14 03:26:25 [main] INFO  API_TEST - SHA-256 Hex Data: ae6042b5c5b659fd8f3e7e9bd3b44b2ec8184dfa9d23703b30905065845c4427
2025-04-14 03:26:25 [main] INFO  API_TEST - Generated Signature for cuong pham b10: MIAGCSqGSIb3DQEHAqCAMIACAQExCzAJBgUrDgMCGgUAMIAGCSqGSIb3DQEHAaCAJIAEgYBhAGUANgAwADQAMgBiADUAYwA1AGIANgA1ADkAZgBkADgAZgAzAGUANwBlADkAYgBkADMAYgA0ADQAYgAyAGUAYwA4ADEAOAA0AGQAZgBhADkAZAAyADMANwAwADMAYgAzADAAOQAwADUAMAA2ADUAOAA0ADUAYwA0ADQAMgA3AAAAAAAAAKCAMIIDRDCCAiygAwIBAgIEY4V53jANBgkqhkiG9w0BAQsFADBkMQswCQYDVQQGEwJWTjEMMAoGA1UECAwDSENNMQwwCgYDVQQHDANIQ00xDDAKBgNVBAoMA0FDQjESMBAGA1UECwwJSVQgLSBEVktOMRcwFQYDVQQDDA5DdW9uZyBQaGFtIEIxMDAeFw0yMjExMjkwMzE3NTBaFw0zMjExMjkwMzE3NTBaMGQxCzAJBgNVBAYTAlZOMQwwCgYDVQQIDANIQ00xDDAKBgNVBAcMA0hDTTEMMAoGA1UECgwDQUNCMRIwEAYDVQQLDAlJVCAtIERWS04xFzAVBgNVBAMMDkN1b25nIFBoYW0gQjEwMIIBIjANBgkqhkiG9w0BAQEFAAOCAQ8AMIIBCgKCAQEAorTh+kRlrLfQSt/ZqHxTDlPZaqzJFDWYgybIn95f21WnQYZeQJBNAE9N+aEZlLXT8pcPy3fkfUVdc34NEI1GDCcXxa9EdBPupFFiW+1rU9Do0I12x6VqWDvEj+7YVW8Gd/0kn7AY5YfqjSVPpa7+I69kpa/vHqo8HBjkl97j16nSO1sYj3aN2v2XYInac5TiIouykdxlv3b2y+iTf5KTnqus/9w5IUn33zNJ42A8woZW4SD7Lcv0ZxL6JiX59wKz90nRWeTAxi+Bf4wMYV9y0WzzNaLAnbmThoyjWcL11IHIJWLV1UqV30X9m4hvfI/zDIUIhdXu1WIlvBXDDn4f9QIDAQABMA0GCSqGSIb3DQEBCwUAA4IBAQBjAzbybbHskE2gogcTwUHvkKgJRcP/vAJgTLpeytB4pIdscLmeKDMwQCqGxYDC90kvmtRtWfSfeu3aUDA2ICtTQLvryDgvhlXqQ1PXAT7jSp2/XO1Ips4wNBPDazrgX9pVNCk1itiO1bx+fMPLtliyAxbDOkRt3CWFFgo2pimLCgyQeUY2QqpRmNP7HK0MYlIVJW2u0YeI/QH4KTjj0vLdDte6byz5TTaa0zi2z4Rr303rrmmia5zw8674plWyLJU6GHzC+PrAe14DfzFA4cK2Ip8Ya7eicrCWk1/DM+HKKR0253WIoi8o5yMs0q5JJSM7lvFpYLu+sYtRXl5Pm1L6AAAxggIeMIICGgIBATBsMGQxCzAJBgNVBAYTAlZOMQwwCgYDVQQIDANIQ00xDDAKBgNVBAcMA0hDTTEMMAoGA1UECgwDQUNCMRIwEAYDVQQLDAlJVCAtIERWS04xFzAVBgNVBAMMDkN1b25nIFBoYW0gQjEwAgRjhXneMAkGBSsOAwIaBQCggYgwGAYJKoZIhvcNAQkDMQsGCSqGSIb3DQEHATAcBgkqhkiG9w0BCQUxDxcNMjUwNDEzMjAyNjI1WjAjBgkqhkiG9w0BCQQxFgQUQiTRO2tuxMiIE1YNcn0+exeyalkwKQYJKoZIhvcNAQk0MRwwGjAJBgUrDgMCGgUAoQ0GCSqGSIb3DQEBAQUAMA0GCSqGSIb3DQEBAQUABIIBAA9OFQ+j4TCXxOHSxQ+49CJCXEc+Q7PdjSU4G2Unvt8iZbfSuY0EEPdo+inGK2LYdSvdWahnNDPnWHv0XvTXGJ6+LXWpq+bkKhpLW5ragzoZZ3bXgfyeVkQNcfpU7horJo1+4lda+5mHgHgQhKiITmufSgKIAW9KKe0ZXk9zdsPWSodvN2LfckO69tdVqtF+VDk4OreqFJ7Tano1RSHfDG8L41n8+/c7Q2GBQmQJjfmeF04ZtZU57gIprGlidWYh7MWfIS9WnkAYW5ixHRXF7s4fBh1GJm//yApQsWDTbtXgCwVUM9gC0X+vYxxToaFW8ODXw+qbQ4vDxIQjVX5X2yMAAAAAAAA=
2025-04-14 03:26:25 [main] INFO  API_TEST - Updated Request Body after adding authorizationString for authorizationId: 72d9c963-4a20-40f3-bef1-9b773369826b: 
{
  "requestTrace" : "4f913fec-93a0-4b79-b0e1-def83e5002ba",
  "requestDateTime" : "2025-04-14T03:26:25.686353+07:00",
  "requestParameters" : {
    "data" : {
      "sourceAccountNumber" : "80061959",
      "transaction" : {
        "transactionTraceNumber" : "ibft5989403386",
        "transactionType" : "IBFT",
        "beneficiary" : {
          "interbank" : {
            "accountNumber" : "0129837294",
            "beneficiaryName" : "NGUYEN VAN A VNBC",
            "bank" : {
              "napasCode" : "970406"
            }
          }
        },
        "amount" : {
          "sourceCurrency" : "VND",
          "targetCurrency" : "VND",
          "amount" : "200000",
          "exchangeRate" : "1",
          "exchangeAmount" : "200000"
        },
        "remarks" : "Chi don "
      }
    },
    "authorizations" : [ {
      "authorizationString" : "MIAGCSqGSIb3DQEHAqCAMIACAQExCzAJBgUrDgMCGgUAMIAGCSqGSIb3DQEHAaCAJIAEgYBhAGUANgAwADQAMgBiADUAYwA1AGIANgA1ADkAZgBkADgAZgAzAGUANwBlADkAYgBkADMAYgA0ADQAYgAyAGUAYwA4ADEAOAA0AGQAZgBhADkAZAAyADMANwAwADMAYgAzADAAOQAwADUAMAA2ADUAOAA0ADUAYwA0ADQAMgA3AAAAAAAAAKCAMIIDRDCCAiygAwIBAgIEY4V5pDANBgkqhkiG9w0BAQsFADBkMQswCQYDVQQGEwJWTjEMMAoGA1UECAwDSENNMQwwCgYDVQQHDANIQ00xDDAKBgNVBAoMA0FDQjESMBAGA1UECwwJSVQgLSBEVktOMRcwFQYDVQQDDA5DdW9uZyBQaGFtIEExMDAeFw0yMjExMjkwMzE2NTJaFw0zMjExMjkwMzE2NTJaMGQxCzAJBgNVBAYTAlZOMQwwCgYDVQQIDANIQ00xDDAKBgNVBAcMA0hDTTEMMAoGA1UECgwDQUNCMRIwEAYDVQQLDAlJVCAtIERWS04xFzAVBgNVBAMMDkN1b25nIFBoYW0gQTEwMIIBIjANBgkqhkiG9w0BAQEFAAOCAQ8AMIIBCgKCAQEAiNUdY2zCxZnyFHO81b2OQAqW5rHylxlD+kLVDcwMUtSYEVVdxOtVK0fWni8e+9dz6wXuJI6bs/NgsLl4jPZVfzzLhDstrc8fWj0+BdIoQJe9CZuew8GLQc/pZ0mTH97ol6GWezL97ODZpf7PSsrA0b9UCV9n1PnAmBb7sM2AiEJy/ZuqSkPe0b8KRnyuE0ED94ScVoaiz6axYVISeF7QPRH00Gvi4fdJCdTiFlukp/0i9ZuhJxDO0JZ1eZlj2YI80vPo6WHeMDKeJ4JP2WPc4hfh8knNg+iKH2AoX2Co8T8DUhJjNDfFy6vO2Ej7B2qxZ4xXr+nSpcRdX1r0M3sr9QIDAQABMA0GCSqGSIb3DQEBCwUAA4IBAQBAXikxeNOzMknfMZsJg+vXUsMy5KXF2Jf5xm1FCRCbBVxmZXE1+6njsGaCixS1Lpi4/KbfwQ6XC1k8Dv40Pd6Koscnx5BuSjkLYkFFMlzHdchmLTJxrn86c6UMnb/MUXoQtqJ3bYBdwlc//YDc3XVKBDsOipZ0QY8zDpsz/4GaRQ3ua3UL2VyD94u1WKUB7JYPCxeRcDDgszLExOQ6FOHFGvZiF+yrQLXfYpktg4cgBXx4J6cDlvha8YBDM1DYX6sLwDy2XixDlACLtNxcRODC3rpVS/bSHC4WQkfTadwfkHoFB6iBm22P4KdxcHV2VP5YnHJ/Vaza4ghv/fEgxIWLAAAxggIeMIICGgIBATBsMGQxCzAJBgNVBAYTAlZOMQwwCgYDVQQIDANIQ00xDDAKBgNVBAcMA0hDTTEMMAoGA1UECgwDQUNCMRIwEAYDVQQLDAlJVCAtIERWS04xFzAVBgNVBAMMDkN1b25nIFBoYW0gQTEwAgRjhXmkMAkGBSsOAwIaBQCggYgwGAYJKoZIhvcNAQkDMQsGCSqGSIb3DQEHATAcBgkqhkiG9w0BCQUxDxcNMjUwNDEzMjAyNjI1WjAjBgkqhkiG9w0BCQQxFgQUQiTRO2tuxMiIE1YNcn0+exeyalkwKQYJKoZIhvcNAQk0MRwwGjAJBgUrDgMCGgUAoQ0GCSqGSIb3DQEBAQUAMA0GCSqGSIb3DQEBAQUABIIBADwKl3FWMeebpmV1CgsjOzt+Q2KPGagwJgfISrzfBbwUb25N7wPIAXPlINSOGG69jQZZduNH0GynFaoaIqRioz+pR+UYBOu8KMSB9Vp0jqR1sxvqCNyCzUuQE7BeMJnWZs4Kd7W/dwfdHluxvjwbiXPJjeZc/vplJADDowsy6FEo+Kxx9ayqKGVNJH59rkh/oC6wjgoff/Epa/fc9IwMpwB9jbhkbLJ5BGj4Ld+ThsAQRNzLrjiP+uTMGp2bD8EWrzLpA1N4W9hgqaF/UjJ1/BTqVLiyDm84J2mizJcbq47QZDZYSmxyRd0jPM803NFcGX/AgWYMS0jtLJAuE89Kl7EAAAAAAAA=",
      "authorizationId" : "1526fa6a-4388-4234-99e5-846ba2c6e328"
    }, {
      "authorizationString" : "MIAGCSqGSIb3DQEHAqCAMIACAQExCzAJBgUrDgMCGgUAMIAGCSqGSIb3DQEHAaCAJIAEgYBhAGUANgAwADQAMgBiADUAYwA1AGIANgA1ADkAZgBkADgAZgAzAGUANwBlADkAYgBkADMAYgA0ADQAYgAyAGUAYwA4ADEAOAA0AGQAZgBhADkAZAAyADMANwAwADMAYgAzADAAOQAwADUAMAA2ADUAOAA0ADUAYwA0ADQAMgA3AAAAAAAAAKCAMIIDRDCCAiygAwIBAgIEY4V53jANBgkqhkiG9w0BAQsFADBkMQswCQYDVQQGEwJWTjEMMAoGA1UECAwDSENNMQwwCgYDVQQHDANIQ00xDDAKBgNVBAoMA0FDQjESMBAGA1UECwwJSVQgLSBEVktOMRcwFQYDVQQDDA5DdW9uZyBQaGFtIEIxMDAeFw0yMjExMjkwMzE3NTBaFw0zMjExMjkwMzE3NTBaMGQxCzAJBgNVBAYTAlZOMQwwCgYDVQQIDANIQ00xDDAKBgNVBAcMA0hDTTEMMAoGA1UECgwDQUNCMRIwEAYDVQQLDAlJVCAtIERWS04xFzAVBgNVBAMMDkN1b25nIFBoYW0gQjEwMIIBIjANBgkqhkiG9w0BAQEFAAOCAQ8AMIIBCgKCAQEAorTh+kRlrLfQSt/ZqHxTDlPZaqzJFDWYgybIn95f21WnQYZeQJBNAE9N+aEZlLXT8pcPy3fkfUVdc34NEI1GDCcXxa9EdBPupFFiW+1rU9Do0I12x6VqWDvEj+7YVW8Gd/0kn7AY5YfqjSVPpa7+I69kpa/vHqo8HBjkl97j16nSO1sYj3aN2v2XYInac5TiIouykdxlv3b2y+iTf5KTnqus/9w5IUn33zNJ42A8woZW4SD7Lcv0ZxL6JiX59wKz90nRWeTAxi+Bf4wMYV9y0WzzNaLAnbmThoyjWcL11IHIJWLV1UqV30X9m4hvfI/zDIUIhdXu1WIlvBXDDn4f9QIDAQABMA0GCSqGSIb3DQEBCwUAA4IBAQBjAzbybbHskE2gogcTwUHvkKgJRcP/vAJgTLpeytB4pIdscLmeKDMwQCqGxYDC90kvmtRtWfSfeu3aUDA2ICtTQLvryDgvhlXqQ1PXAT7jSp2/XO1Ips4wNBPDazrgX9pVNCk1itiO1bx+fMPLtliyAxbDOkRt3CWFFgo2pimLCgyQeUY2QqpRmNP7HK0MYlIVJW2u0YeI/QH4KTjj0vLdDte6byz5TTaa0zi2z4Rr303rrmmia5zw8674plWyLJU6GHzC+PrAe14DfzFA4cK2Ip8Ya7eicrCWk1/DM+HKKR0253WIoi8o5yMs0q5JJSM7lvFpYLu+sYtRXl5Pm1L6AAAxggIeMIICGgIBATBsMGQxCzAJBgNVBAYTAlZOMQwwCgYDVQQIDANIQ00xDDAKBgNVBAcMA0hDTTEMMAoGA1UECgwDQUNCMRIwEAYDVQQLDAlJVCAtIERWS04xFzAVBgNVBAMMDkN1b25nIFBoYW0gQjEwAgRjhXneMAkGBSsOAwIaBQCggYgwGAYJKoZIhvcNAQkDMQsGCSqGSIb3DQEHATAcBgkqhkiG9w0BCQUxDxcNMjUwNDEzMjAyNjI1WjAjBgkqhkiG9w0BCQQxFgQUQiTRO2tuxMiIE1YNcn0+exeyalkwKQYJKoZIhvcNAQk0MRwwGjAJBgUrDgMCGgUAoQ0GCSqGSIb3DQEBAQUAMA0GCSqGSIb3DQEBAQUABIIBAA9OFQ+j4TCXxOHSxQ+49CJCXEc+Q7PdjSU4G2Unvt8iZbfSuY0EEPdo+inGK2LYdSvdWahnNDPnWHv0XvTXGJ6+LXWpq+bkKhpLW5ragzoZZ3bXgfyeVkQNcfpU7horJo1+4lda+5mHgHgQhKiITmufSgKIAW9KKe0ZXk9zdsPWSodvN2LfckO69tdVqtF+VDk4OreqFJ7Tano1RSHfDG8L41n8+/c7Q2GBQmQJjfmeF04ZtZU57gIprGlidWYh7MWfIS9WnkAYW5ixHRXF7s4fBh1GJm//yApQsWDTbtXgCwVUM9gC0X+vYxxToaFW8ODXw+qbQ4vDxIQjVX5X2yMAAAAAAAA=",
      "authorizationId" : "72d9c963-4a20-40f3-bef1-9b773369826b"
    } ]
  }
}
2025-04-14 03:26:25 [main] INFO  API_TEST - Sending Payment Order Request to: https://sandbox.acb.com.vn/acb/open/payments/payment-order/v2/transaction
2025-04-14 03:26:25 [main] INFO  API_TEST - Request Headers: io.restassured.internal.RequestSpecificationImpl@55d1f065
2025-04-14 03:26:25 [main] INFO  API_TEST - Request Body: 
{
  "requestTrace" : "4f913fec-93a0-4b79-b0e1-def83e5002ba",
  "requestDateTime" : "2025-04-14T03:26:25.686353+07:00",
  "requestParameters" : {
    "data" : {
      "sourceAccountNumber" : "80061959",
      "transaction" : {
        "transactionTraceNumber" : "ibft5989403386",
        "transactionType" : "IBFT",
        "beneficiary" : {
          "interbank" : {
            "accountNumber" : "0129837294",
            "beneficiaryName" : "NGUYEN VAN A VNBC",
            "bank" : {
              "napasCode" : "970406"
            }
          }
        },
        "amount" : {
          "sourceCurrency" : "VND",
          "targetCurrency" : "VND",
          "amount" : "200000",
          "exchangeRate" : "1",
          "exchangeAmount" : "200000"
        },
        "remarks" : "Chi don "
      }
    },
    "authorizations" : [ {
      "authorizationString" : "MIAGCSqGSIb3DQEHAqCAMIACAQExCzAJBgUrDgMCGgUAMIAGCSqGSIb3DQEHAaCAJIAEgYBhAGUANgAwADQAMgBiADUAYwA1AGIANgA1ADkAZgBkADgAZgAzAGUANwBlADkAYgBkADMAYgA0ADQAYgAyAGUAYwA4ADEAOAA0AGQAZgBhADkAZAAyADMANwAwADMAYgAzADAAOQAwADUAMAA2ADUAOAA0ADUAYwA0ADQAMgA3AAAAAAAAAKCAMIIDRDCCAiygAwIBAgIEY4V5pDANBgkqhkiG9w0BAQsFADBkMQswCQYDVQQGEwJWTjEMMAoGA1UECAwDSENNMQwwCgYDVQQHDANIQ00xDDAKBgNVBAoMA0FDQjESMBAGA1UECwwJSVQgLSBEVktOMRcwFQYDVQQDDA5DdW9uZyBQaGFtIEExMDAeFw0yMjExMjkwMzE2NTJaFw0zMjExMjkwMzE2NTJaMGQxCzAJBgNVBAYTAlZOMQwwCgYDVQQIDANIQ00xDDAKBgNVBAcMA0hDTTEMMAoGA1UECgwDQUNCMRIwEAYDVQQLDAlJVCAtIERWS04xFzAVBgNVBAMMDkN1b25nIFBoYW0gQTEwMIIBIjANBgkqhkiG9w0BAQEFAAOCAQ8AMIIBCgKCAQEAiNUdY2zCxZnyFHO81b2OQAqW5rHylxlD+kLVDcwMUtSYEVVdxOtVK0fWni8e+9dz6wXuJI6bs/NgsLl4jPZVfzzLhDstrc8fWj0+BdIoQJe9CZuew8GLQc/pZ0mTH97ol6GWezL97ODZpf7PSsrA0b9UCV9n1PnAmBb7sM2AiEJy/ZuqSkPe0b8KRnyuE0ED94ScVoaiz6axYVISeF7QPRH00Gvi4fdJCdTiFlukp/0i9ZuhJxDO0JZ1eZlj2YI80vPo6WHeMDKeJ4JP2WPc4hfh8knNg+iKH2AoX2Co8T8DUhJjNDfFy6vO2Ej7B2qxZ4xXr+nSpcRdX1r0M3sr9QIDAQABMA0GCSqGSIb3DQEBCwUAA4IBAQBAXikxeNOzMknfMZsJg+vXUsMy5KXF2Jf5xm1FCRCbBVxmZXE1+6njsGaCixS1Lpi4/KbfwQ6XC1k8Dv40Pd6Koscnx5BuSjkLYkFFMlzHdchmLTJxrn86c6UMnb/MUXoQtqJ3bYBdwlc//YDc3XVKBDsOipZ0QY8zDpsz/4GaRQ3ua3UL2VyD94u1WKUB7JYPCxeRcDDgszLExOQ6FOHFGvZiF+yrQLXfYpktg4cgBXx4J6cDlvha8YBDM1DYX6sLwDy2XixDlACLtNxcRODC3rpVS/bSHC4WQkfTadwfkHoFB6iBm22P4KdxcHV2VP5YnHJ/Vaza4ghv/fEgxIWLAAAxggIeMIICGgIBATBsMGQxCzAJBgNVBAYTAlZOMQwwCgYDVQQIDANIQ00xDDAKBgNVBAcMA0hDTTEMMAoGA1UECgwDQUNCMRIwEAYDVQQLDAlJVCAtIERWS04xFzAVBgNVBAMMDkN1b25nIFBoYW0gQTEwAgRjhXmkMAkGBSsOAwIaBQCggYgwGAYJKoZIhvcNAQkDMQsGCSqGSIb3DQEHATAcBgkqhkiG9w0BCQUxDxcNMjUwNDEzMjAyNjI1WjAjBgkqhkiG9w0BCQQxFgQUQiTRO2tuxMiIE1YNcn0+exeyalkwKQYJKoZIhvcNAQk0MRwwGjAJBgUrDgMCGgUAoQ0GCSqGSIb3DQEBAQUAMA0GCSqGSIb3DQEBAQUABIIBADwKl3FWMeebpmV1CgsjOzt+Q2KPGagwJgfISrzfBbwUb25N7wPIAXPlINSOGG69jQZZduNH0GynFaoaIqRioz+pR+UYBOu8KMSB9Vp0jqR1sxvqCNyCzUuQE7BeMJnWZs4Kd7W/dwfdHluxvjwbiXPJjeZc/vplJADDowsy6FEo+Kxx9ayqKGVNJH59rkh/oC6wjgoff/Epa/fc9IwMpwB9jbhkbLJ5BGj4Ld+ThsAQRNzLrjiP+uTMGp2bD8EWrzLpA1N4W9hgqaF/UjJ1/BTqVLiyDm84J2mizJcbq47QZDZYSmxyRd0jPM803NFcGX/AgWYMS0jtLJAuE89Kl7EAAAAAAAA=",
      "authorizationId" : "1526fa6a-4388-4234-99e5-846ba2c6e328"
    }, {
      "authorizationString" : "MIAGCSqGSIb3DQEHAqCAMIACAQExCzAJBgUrDgMCGgUAMIAGCSqGSIb3DQEHAaCAJIAEgYBhAGUANgAwADQAMgBiADUAYwA1AGIANgA1ADkAZgBkADgAZgAzAGUANwBlADkAYgBkADMAYgA0ADQAYgAyAGUAYwA4ADEAOAA0AGQAZgBhADkAZAAyADMANwAwADMAYgAzADAAOQAwADUAMAA2ADUAOAA0ADUAYwA0ADQAMgA3AAAAAAAAAKCAMIIDRDCCAiygAwIBAgIEY4V53jANBgkqhkiG9w0BAQsFADBkMQswCQYDVQQGEwJWTjEMMAoGA1UECAwDSENNMQwwCgYDVQQHDANIQ00xDDAKBgNVBAoMA0FDQjESMBAGA1UECwwJSVQgLSBEVktOMRcwFQYDVQQDDA5DdW9uZyBQaGFtIEIxMDAeFw0yMjExMjkwMzE3NTBaFw0zMjExMjkwMzE3NTBaMGQxCzAJBgNVBAYTAlZOMQwwCgYDVQQIDANIQ00xDDAKBgNVBAcMA0hDTTEMMAoGA1UECgwDQUNCMRIwEAYDVQQLDAlJVCAtIERWS04xFzAVBgNVBAMMDkN1b25nIFBoYW0gQjEwMIIBIjANBgkqhkiG9w0BAQEFAAOCAQ8AMIIBCgKCAQEAorTh+kRlrLfQSt/ZqHxTDlPZaqzJFDWYgybIn95f21WnQYZeQJBNAE9N+aEZlLXT8pcPy3fkfUVdc34NEI1GDCcXxa9EdBPupFFiW+1rU9Do0I12x6VqWDvEj+7YVW8Gd/0kn7AY5YfqjSVPpa7+I69kpa/vHqo8HBjkl97j16nSO1sYj3aN2v2XYInac5TiIouykdxlv3b2y+iTf5KTnqus/9w5IUn33zNJ42A8woZW4SD7Lcv0ZxL6JiX59wKz90nRWeTAxi+Bf4wMYV9y0WzzNaLAnbmThoyjWcL11IHIJWLV1UqV30X9m4hvfI/zDIUIhdXu1WIlvBXDDn4f9QIDAQABMA0GCSqGSIb3DQEBCwUAA4IBAQBjAzbybbHskE2gogcTwUHvkKgJRcP/vAJgTLpeytB4pIdscLmeKDMwQCqGxYDC90kvmtRtWfSfeu3aUDA2ICtTQLvryDgvhlXqQ1PXAT7jSp2/XO1Ips4wNBPDazrgX9pVNCk1itiO1bx+fMPLtliyAxbDOkRt3CWFFgo2pimLCgyQeUY2QqpRmNP7HK0MYlIVJW2u0YeI/QH4KTjj0vLdDte6byz5TTaa0zi2z4Rr303rrmmia5zw8674plWyLJU6GHzC+PrAe14DfzFA4cK2Ip8Ya7eicrCWk1/DM+HKKR0253WIoi8o5yMs0q5JJSM7lvFpYLu+sYtRXl5Pm1L6AAAxggIeMIICGgIBATBsMGQxCzAJBgNVBAYTAlZOMQwwCgYDVQQIDANIQ00xDDAKBgNVBAcMA0hDTTEMMAoGA1UECgwDQUNCMRIwEAYDVQQLDAlJVCAtIERWS04xFzAVBgNVBAMMDkN1b25nIFBoYW0gQjEwAgRjhXneMAkGBSsOAwIaBQCggYgwGAYJKoZIhvcNAQkDMQsGCSqGSIb3DQEHATAcBgkqhkiG9w0BCQUxDxcNMjUwNDEzMjAyNjI1WjAjBgkqhkiG9w0BCQQxFgQUQiTRO2tuxMiIE1YNcn0+exeyalkwKQYJKoZIhvcNAQk0MRwwGjAJBgUrDgMCGgUAoQ0GCSqGSIb3DQEBAQUAMA0GCSqGSIb3DQEBAQUABIIBAA9OFQ+j4TCXxOHSxQ+49CJCXEc+Q7PdjSU4G2Unvt8iZbfSuY0EEPdo+inGK2LYdSvdWahnNDPnWHv0XvTXGJ6+LXWpq+bkKhpLW5ragzoZZ3bXgfyeVkQNcfpU7horJo1+4lda+5mHgHgQhKiITmufSgKIAW9KKe0ZXk9zdsPWSodvN2LfckO69tdVqtF+VDk4OreqFJ7Tano1RSHfDG8L41n8+/c7Q2GBQmQJjfmeF04ZtZU57gIprGlidWYh7MWfIS9WnkAYW5ixHRXF7s4fBh1GJm//yApQsWDTbtXgCwVUM9gC0X+vYxxToaFW8ODXw+qbQ4vDxIQjVX5X2yMAAAAAAAA=",
      "authorizationId" : "72d9c963-4a20-40f3-bef1-9b773369826b"
    } ]
  }
}
Headers:		Authorization=Bearer eyJhbGciOiJSUzI1NiIsInR5cCIgOiAiSldUIiwia2lkIiA6ICIyTDR2cFBsXzVQRUY5clljdksxb3dWbkZYeW1GeklyT3VJN3NOZkhSUC1zIn0.eyJleHAiOjE3NDQ2MDQ3NzEsImlhdCI6MTc0NDU3NTk3MSwianRpIjoiYzAxZDU0ZGItMjRjMi00NzJjLTk2MGEtZjFmYzk1OWE3N2FkIiwiaXNzIjoiaHR0cHM6Ly9pZC5hY2Iudm4vYXV0aC9yZWFsbXMvc29iYSIsInN1YiI6ImQxNWJiYjNhLTgxNTEtNGVhOC1hYTM1LTAxMmJiZjJhZTc0OSIsInR5cCI6IkJlYXJlciIsImF6cCI6IjJmNGUxMzc5YWRkYjJjNmYwNTlkNTNmNjIyYjZiZjgwIiwic2Vzc2lvbl9zdGF0ZSI6ImRjOWJkMTQyLTM4MDUtNDY0Ny05NjMxLTAxODVkOTM0NmQ0YyIsImFjciI6IjEiLCJzY29wZSI6InNlcnZpY2U6cGF5bWVudC1vcmRlciBzZXJ2aWNlOnZpcnR1YWwtYWNjb3VudCBzZXJ2aWNlOmJlbmVmaWNpYXJ5IHNlcnZpY2U6dHJhbnNhY3Rpb24taGlzdG9yeSBzZXJ2aWNlOmFjY291bnQtaW5mb3JtYXRpb24gc2VydmljZTp0cmFuc2FjdGlvbi1ub3RpZmljYXRpb24gc2VydmljZTphdXRoZW50aWNhdGlvbiBzZXJ2aWNlOmV3YWxsZXQgc29iYS1hcGkgc2VydmljZTptZXJjaGFudC1zb2x1dGlvbiIsImN1c3RvbWVyX3R5cGUiOiJPUkciLCJjbGllbnRJZCI6IjJmNGUxMzc5YWRkYjJjNmYwNTlkNTNmNjIyYjZiZjgwIiwiY2xpZW50SG9zdCI6IjEyNy4wLjAuMSIsImFjY291bnRfbWFqb3JzIjoiQ0siLCJzZXJ2aWNlX3Byb3ZpZGVyIjp0cnVlLCJhY2NvdW50X21pbm9ycyI6IkcwMTEiLCJjbGllbnRBZGRyZXNzIjoiMTI3LjAuMC4xIiwic2VnbWVudDEiOiJQSUtBIiwiZXdhbGxldF9zcCI6IlBJS0EiLCJjdXN0b21lcl9hY2NvdW50cyI6IjgwMDYxOTU5IiwicHJvdmlkZXJfaWQiOiJQSUtBIiwiY3VzdG9tZXJfaWQiOiI4MDExNzEiLCJwcm92aWRlcl9uYW1lIjoiUElLQSJ9.DJTy3YIQbP3yb-FGnI6ImkF4I9QPsknvrP7UMcJkSN1SY4gftWNVMv0XdU1nzvHXkzThHx2LVrSxbnRNRRNyTIGmaxr1gIQD1NxS0bngRAU65ktBg6KMak7cZr6H5V9aLf45y-SQ-XfX7W-Z72OyHcWE1Erc_5EqYOVLNNfYuz4F0sXGUuZJ55vkiznKJlPxBgKBTNUCz2S15BAEKIpsnqcr5XjaN_2bZGX4bfl5IhQ1kF3VCNi3Je38as4hRpAiLEOjP74WCV7HzpgRC7lT9gbbFKaaSTYs4V4DsJ6m9lwQOoYC0RCn4D82t-ZHszbRKdie0_aYJmqH4YbsQoeTH5fZm7k3wiPQVwPSAaPihMEJAKOKImBvEkoF1Gvu1XQBHCr5MT0Y6i_GPrgVvCoQzHFflJabK4MAnyd4GhDDizd2jRqnKVpWQ_2NfKow70k0dniIz33mE1Z4flrXtca3NxU36d08__wxiqQ48pkTM7I0zBmTOSSF9mY-Z8G3qOFAa-MqvyGFv95Ij5fgvGXrV5hAMdQuBNQwMJAGRMvu4Fy0Sp0MSw-05FIaKD5JEF9dzf5BtA2WpFJtgFO9MbmASoZMf-SxwnDpmldBfCola7OI-pwGIUpNPOt8rtjP8KEJm6bXanhA7mPfJrdKbKI_K057N5_ZokvMAglbhx2FNos
				X-Channel=SOBA
				X-Client-ID=2f4e1379addb2c6f059d53f622b6bf80
				X-Provider-ID=PIKA
				X-Request-ID=6e06074d-b1b1-4f51-a695-49955e97bc13
				Accept=*/*
				Content-Type=application/json
Headers:		Authorization=Bearer eyJhbGciOiJSUzI1NiIsInR5cCIgOiAiSldUIiwia2lkIiA6ICIyTDR2cFBsXzVQRUY5clljdksxb3dWbkZYeW1GeklyT3VJN3NOZkhSUC1zIn0.eyJleHAiOjE3NDQ2MDQ3NzEsImlhdCI6MTc0NDU3NTk3MSwianRpIjoiYzAxZDU0ZGItMjRjMi00NzJjLTk2MGEtZjFmYzk1OWE3N2FkIiwiaXNzIjoiaHR0cHM6Ly9pZC5hY2Iudm4vYXV0aC9yZWFsbXMvc29iYSIsInN1YiI6ImQxNWJiYjNhLTgxNTEtNGVhOC1hYTM1LTAxMmJiZjJhZTc0OSIsInR5cCI6IkJlYXJlciIsImF6cCI6IjJmNGUxMzc5YWRkYjJjNmYwNTlkNTNmNjIyYjZiZjgwIiwic2Vzc2lvbl9zdGF0ZSI6ImRjOWJkMTQyLTM4MDUtNDY0Ny05NjMxLTAxODVkOTM0NmQ0YyIsImFjciI6IjEiLCJzY29wZSI6InNlcnZpY2U6cGF5bWVudC1vcmRlciBzZXJ2aWNlOnZpcnR1YWwtYWNjb3VudCBzZXJ2aWNlOmJlbmVmaWNpYXJ5IHNlcnZpY2U6dHJhbnNhY3Rpb24taGlzdG9yeSBzZXJ2aWNlOmFjY291bnQtaW5mb3JtYXRpb24gc2VydmljZTp0cmFuc2FjdGlvbi1ub3RpZmljYXRpb24gc2VydmljZTphdXRoZW50aWNhdGlvbiBzZXJ2aWNlOmV3YWxsZXQgc29iYS1hcGkgc2VydmljZTptZXJjaGFudC1zb2x1dGlvbiIsImN1c3RvbWVyX3R5cGUiOiJPUkciLCJjbGllbnRJZCI6IjJmNGUxMzc5YWRkYjJjNmYwNTlkNTNmNjIyYjZiZjgwIiwiY2xpZW50SG9zdCI6IjEyNy4wLjAuMSIsImFjY291bnRfbWFqb3JzIjoiQ0siLCJzZXJ2aWNlX3Byb3ZpZGVyIjp0cnVlLCJhY2NvdW50X21pbm9ycyI6IkcwMTEiLCJjbGllbnRBZGRyZXNzIjoiMTI3LjAuMC4xIiwic2VnbWVudDEiOiJQSUtBIiwiZXdhbGxldF9zcCI6IlBJS0EiLCJjdXN0b21lcl9hY2NvdW50cyI6IjgwMDYxOTU5IiwicHJvdmlkZXJfaWQiOiJQSUtBIiwiY3VzdG9tZXJfaWQiOiI4MDExNzEiLCJwcm92aWRlcl9uYW1lIjoiUElLQSJ9.DJTy3YIQbP3yb-FGnI6ImkF4I9QPsknvrP7UMcJkSN1SY4gftWNVMv0XdU1nzvHXkzThHx2LVrSxbnRNRRNyTIGmaxr1gIQD1NxS0bngRAU65ktBg6KMak7cZr6H5V9aLf45y-SQ-XfX7W-Z72OyHcWE1Erc_5EqYOVLNNfYuz4F0sXGUuZJ55vkiznKJlPxBgKBTNUCz2S15BAEKIpsnqcr5XjaN_2bZGX4bfl5IhQ1kF3VCNi3Je38as4hRpAiLEOjP74WCV7HzpgRC7lT9gbbFKaaSTYs4V4DsJ6m9lwQOoYC0RCn4D82t-ZHszbRKdie0_aYJmqH4YbsQoeTH5fZm7k3wiPQVwPSAaPihMEJAKOKImBvEkoF1Gvu1XQBHCr5MT0Y6i_GPrgVvCoQzHFflJabK4MAnyd4GhDDizd2jRqnKVpWQ_2NfKow70k0dniIz33mE1Z4flrXtca3NxU36d08__wxiqQ48pkTM7I0zBmTOSSF9mY-Z8G3qOFAa-MqvyGFv95Ij5fgvGXrV5hAMdQuBNQwMJAGRMvu4Fy0Sp0MSw-05FIaKD5JEF9dzf5BtA2WpFJtgFO9MbmASoZMf-SxwnDpmldBfCola7OI-pwGIUpNPOt8rtjP8KEJm6bXanhA7mPfJrdKbKI_K057N5_ZokvMAglbhx2FNos
				X-Channel=SOBA
				X-Client-ID=2f4e1379addb2c6f059d53f622b6bf80
				X-Provider-ID=PIKA
				X-Request-ID=6e06074d-b1b1-4f51-a695-49955e97bc13
				Accept=*/*
				Content-Type=application/json
2025-04-14 03:26:26 [main] INFO  API_TEST - Payment Order Response - Status Code: 200
2025-04-14 03:26:26 [main] INFO  API_TEST - Payment Order Response - Headers: Connection=Keep-Alive
Transfer-Encoding=chunked
Date=Sun, 13 Apr 2025 20:26:26 GMT
Content-Type=application/json; charset=utf-8
X-Powered-By=Express
X-Request-Id=6e06074d-b1b1-4f51-a695-49955e97bc13
ETag=W/"15f-TUw+IilFzUCQUDSOcm44GsWYfeA"
Strict-Transport-Security=max-age=63072000; includeSubDomains; preload
X-Global-Transaction-ID=09cb96d367fc1d5504ca6a12
X-RateLimit-Limit=name=Default rate-limit,200;
X-RateLimit-Remaining=name=Default rate-limit,195;
X-BurstLimit-Limit=name=Default burst-limit,10;
X-BurstLimit-Remaining=name=Default burst-limit,9;
Content-Encoding=gzip
Set-Cookie=acb=386078986.58148.0000; path=/; Httponly; Secure
2025-04-14 03:26:26 [main] INFO  API_TEST - Payment Order Response - Body: 
{
    "requestTrace": "4f913fec-93a0-4b79-b0e1-def83e5002ba",
    "responseDateTime": "2025-04-14T03:26:26+07:00",
    "responseStatus": {
        "responseCode": "00000000",
        "responseMessage": "success"
    },
    "responseData": {
        "transaction": {
            "transactionTraceNumber": "ibft5989403386",
            "status": "ORIG",
            "statusMessage": "Waiting for processed",
            "createdDateTime": "2025-04-13T20:26:26.000Z"
        }
    }
}
2025-04-14 03:26:26 [main] INFO  API_TEST - Sending Request Body: 
{
  "requestTrace" : "4f913fec-93a0-4b79-b0e1-def83e5002ba",
  "requestDateTime" : "2025-04-14T03:26:25.686353+07:00",
  "requestParameters" : {
    "data" : {
      "sourceAccountNumber" : "80061959",
      "transaction" : {
        "transactionTraceNumber" : "ibft5989403386",
        "transactionType" : "IBFT",
        "beneficiary" : {
          "interbank" : {
            "accountNumber" : "0129837294",
            "beneficiaryName" : "NGUYEN VAN A VNBC",
            "bank" : {
              "napasCode" : "970406"
            }
          }
        },
        "amount" : {
          "sourceCurrency" : "VND",
          "targetCurrency" : "VND",
          "amount" : "200000",
          "exchangeRate" : "1",
          "exchangeAmount" : "200000"
        },
        "remarks" : "Chi don "
      }
    },
    "authorizations" : [ {
      "authorizationString" : "MIAGCSqGSIb3DQEHAqCAMIACAQExCzAJBgUrDgMCGgUAMIAGCSqGSIb3DQEHAaCAJIAEgYBhAGUANgAwADQAMgBiADUAYwA1AGIANgA1ADkAZgBkADgAZgAzAGUANwBlADkAYgBkADMAYgA0ADQAYgAyAGUAYwA4ADEAOAA0AGQAZgBhADkAZAAyADMANwAwADMAYgAzADAAOQAwADUAMAA2ADUAOAA0ADUAYwA0ADQAMgA3AAAAAAAAAKCAMIIDRDCCAiygAwIBAgIEY4V5pDANBgkqhkiG9w0BAQsFADBkMQswCQYDVQQGEwJWTjEMMAoGA1UECAwDSENNMQwwCgYDVQQHDANIQ00xDDAKBgNVBAoMA0FDQjESMBAGA1UECwwJSVQgLSBEVktOMRcwFQYDVQQDDA5DdW9uZyBQaGFtIEExMDAeFw0yMjExMjkwMzE2NTJaFw0zMjExMjkwMzE2NTJaMGQxCzAJBgNVBAYTAlZOMQwwCgYDVQQIDANIQ00xDDAKBgNVBAcMA0hDTTEMMAoGA1UECgwDQUNCMRIwEAYDVQQLDAlJVCAtIERWS04xFzAVBgNVBAMMDkN1b25nIFBoYW0gQTEwMIIBIjANBgkqhkiG9w0BAQEFAAOCAQ8AMIIBCgKCAQEAiNUdY2zCxZnyFHO81b2OQAqW5rHylxlD+kLVDcwMUtSYEVVdxOtVK0fWni8e+9dz6wXuJI6bs/NgsLl4jPZVfzzLhDstrc8fWj0+BdIoQJe9CZuew8GLQc/pZ0mTH97ol6GWezL97ODZpf7PSsrA0b9UCV9n1PnAmBb7sM2AiEJy/ZuqSkPe0b8KRnyuE0ED94ScVoaiz6axYVISeF7QPRH00Gvi4fdJCdTiFlukp/0i9ZuhJxDO0JZ1eZlj2YI80vPo6WHeMDKeJ4JP2WPc4hfh8knNg+iKH2AoX2Co8T8DUhJjNDfFy6vO2Ej7B2qxZ4xXr+nSpcRdX1r0M3sr9QIDAQABMA0GCSqGSIb3DQEBCwUAA4IBAQBAXikxeNOzMknfMZsJg+vXUsMy5KXF2Jf5xm1FCRCbBVxmZXE1+6njsGaCixS1Lpi4/KbfwQ6XC1k8Dv40Pd6Koscnx5BuSjkLYkFFMlzHdchmLTJxrn86c6UMnb/MUXoQtqJ3bYBdwlc//YDc3XVKBDsOipZ0QY8zDpsz/4GaRQ3ua3UL2VyD94u1WKUB7JYPCxeRcDDgszLExOQ6FOHFGvZiF+yrQLXfYpktg4cgBXx4J6cDlvha8YBDM1DYX6sLwDy2XixDlACLtNxcRODC3rpVS/bSHC4WQkfTadwfkHoFB6iBm22P4KdxcHV2VP5YnHJ/Vaza4ghv/fEgxIWLAAAxggIeMIICGgIBATBsMGQxCzAJBgNVBAYTAlZOMQwwCgYDVQQIDANIQ00xDDAKBgNVBAcMA0hDTTEMMAoGA1UECgwDQUNCMRIwEAYDVQQLDAlJVCAtIERWS04xFzAVBgNVBAMMDkN1b25nIFBoYW0gQTEwAgRjhXmkMAkGBSsOAwIaBQCggYgwGAYJKoZIhvcNAQkDMQsGCSqGSIb3DQEHATAcBgkqhkiG9w0BCQUxDxcNMjUwNDEzMjAyNjI1WjAjBgkqhkiG9w0BCQQxFgQUQiTRO2tuxMiIE1YNcn0+exeyalkwKQYJKoZIhvcNAQk0MRwwGjAJBgUrDgMCGgUAoQ0GCSqGSIb3DQEBAQUAMA0GCSqGSIb3DQEBAQUABIIBADwKl3FWMeebpmV1CgsjOzt+Q2KPGagwJgfISrzfBbwUb25N7wPIAXPlINSOGG69jQZZduNH0GynFaoaIqRioz+pR+UYBOu8KMSB9Vp0jqR1sxvqCNyCzUuQE7BeMJnWZs4Kd7W/dwfdHluxvjwbiXPJjeZc/vplJADDowsy6FEo+Kxx9ayqKGVNJH59rkh/oC6wjgoff/Epa/fc9IwMpwB9jbhkbLJ5BGj4Ld+ThsAQRNzLrjiP+uTMGp2bD8EWrzLpA1N4W9hgqaF/UjJ1/BTqVLiyDm84J2mizJcbq47QZDZYSmxyRd0jPM803NFcGX/AgWYMS0jtLJAuE89Kl7EAAAAAAAA=",
      "authorizationId" : "1526fa6a-4388-4234-99e5-846ba2c6e328"
    }, {
      "authorizationString" : "MIAGCSqGSIb3DQEHAqCAMIACAQExCzAJBgUrDgMCGgUAMIAGCSqGSIb3DQEHAaCAJIAEgYBhAGUANgAwADQAMgBiADUAYwA1AGIANgA1ADkAZgBkADgAZgAzAGUANwBlADkAYgBkADMAYgA0ADQAYgAyAGUAYwA4ADEAOAA0AGQAZgBhADkAZAAyADMANwAwADMAYgAzADAAOQAwADUAMAA2ADUAOAA0ADUAYwA0ADQAMgA3AAAAAAAAAKCAMIIDRDCCAiygAwIBAgIEY4V53jANBgkqhkiG9w0BAQsFADBkMQswCQYDVQQGEwJWTjEMMAoGA1UECAwDSENNMQwwCgYDVQQHDANIQ00xDDAKBgNVBAoMA0FDQjESMBAGA1UECwwJSVQgLSBEVktOMRcwFQYDVQQDDA5DdW9uZyBQaGFtIEIxMDAeFw0yMjExMjkwMzE3NTBaFw0zMjExMjkwMzE3NTBaMGQxCzAJBgNVBAYTAlZOMQwwCgYDVQQIDANIQ00xDDAKBgNVBAcMA0hDTTEMMAoGA1UECgwDQUNCMRIwEAYDVQQLDAlJVCAtIERWS04xFzAVBgNVBAMMDkN1b25nIFBoYW0gQjEwMIIBIjANBgkqhkiG9w0BAQEFAAOCAQ8AMIIBCgKCAQEAorTh+kRlrLfQSt/ZqHxTDlPZaqzJFDWYgybIn95f21WnQYZeQJBNAE9N+aEZlLXT8pcPy3fkfUVdc34NEI1GDCcXxa9EdBPupFFiW+1rU9Do0I12x6VqWDvEj+7YVW8Gd/0kn7AY5YfqjSVPpa7+I69kpa/vHqo8HBjkl97j16nSO1sYj3aN2v2XYInac5TiIouykdxlv3b2y+iTf5KTnqus/9w5IUn33zNJ42A8woZW4SD7Lcv0ZxL6JiX59wKz90nRWeTAxi+Bf4wMYV9y0WzzNaLAnbmThoyjWcL11IHIJWLV1UqV30X9m4hvfI/zDIUIhdXu1WIlvBXDDn4f9QIDAQABMA0GCSqGSIb3DQEBCwUAA4IBAQBjAzbybbHskE2gogcTwUHvkKgJRcP/vAJgTLpeytB4pIdscLmeKDMwQCqGxYDC90kvmtRtWfSfeu3aUDA2ICtTQLvryDgvhlXqQ1PXAT7jSp2/XO1Ips4wNBPDazrgX9pVNCk1itiO1bx+fMPLtliyAxbDOkRt3CWFFgo2pimLCgyQeUY2QqpRmNP7HK0MYlIVJW2u0YeI/QH4KTjj0vLdDte6byz5TTaa0zi2z4Rr303rrmmia5zw8674plWyLJU6GHzC+PrAe14DfzFA4cK2Ip8Ya7eicrCWk1/DM+HKKR0253WIoi8o5yMs0q5JJSM7lvFpYLu+sYtRXl5Pm1L6AAAxggIeMIICGgIBATBsMGQxCzAJBgNVBAYTAlZOMQwwCgYDVQQIDANIQ00xDDAKBgNVBAcMA0hDTTEMMAoGA1UECgwDQUNCMRIwEAYDVQQLDAlJVCAtIERWS04xFzAVBgNVBAMMDkN1b25nIFBoYW0gQjEwAgRjhXneMAkGBSsOAwIaBQCggYgwGAYJKoZIhvcNAQkDMQsGCSqGSIb3DQEHATAcBgkqhkiG9w0BCQUxDxcNMjUwNDEzMjAyNjI1WjAjBgkqhkiG9w0BCQQxFgQUQiTRO2tuxMiIE1YNcn0+exeyalkwKQYJKoZIhvcNAQk0MRwwGjAJBgUrDgMCGgUAoQ0GCSqGSIb3DQEBAQUAMA0GCSqGSIb3DQEBAQUABIIBAA9OFQ+j4TCXxOHSxQ+49CJCXEc+Q7PdjSU4G2Unvt8iZbfSuY0EEPdo+inGK2LYdSvdWahnNDPnWHv0XvTXGJ6+LXWpq+bkKhpLW5ragzoZZ3bXgfyeVkQNcfpU7horJo1+4lda+5mHgHgQhKiITmufSgKIAW9KKe0ZXk9zdsPWSodvN2LfckO69tdVqtF+VDk4OreqFJ7Tano1RSHfDG8L41n8+/c7Q2GBQmQJjfmeF04ZtZU57gIprGlidWYh7MWfIS9WnkAYW5ixHRXF7s4fBh1GJm//yApQsWDTbtXgCwVUM9gC0X+vYxxToaFW8ODXw+qbQ4vDxIQjVX5X2yMAAAAAAAA=",
      "authorizationId" : "72d9c963-4a20-40f3-bef1-9b773369826b"
    } ]
  }
}
2025-04-14 03:26:26 [main] INFO  API_TEST - Response - Status Code: 200
2025-04-14 03:26:26 [main] INFO  API_TEST - Response - Headers: Connection=Keep-Alive
Transfer-Encoding=chunked
Date=Sun, 13 Apr 2025 20:26:26 GMT
Content-Type=application/json; charset=utf-8
X-Powered-By=Express
X-Request-Id=6e06074d-b1b1-4f51-a695-49955e97bc13
ETag=W/"15f-TUw+IilFzUCQUDSOcm44GsWYfeA"
Strict-Transport-Security=max-age=63072000; includeSubDomains; preload
X-Global-Transaction-ID=09cb96d367fc1d5504ca6a12
X-RateLimit-Limit=name=Default rate-limit,200;
X-RateLimit-Remaining=name=Default rate-limit,195;
X-BurstLimit-Limit=name=Default burst-limit,10;
X-BurstLimit-Remaining=name=Default burst-limit,9;
Content-Encoding=gzip
Set-Cookie=acb=386078986.58148.0000; path=/; Httponly; Secure
2025-04-14 03:26:26 [main] INFO  API_TEST - Response - Body: 
{
    "requestTrace": "4f913fec-93a0-4b79-b0e1-def83e5002ba",
    "responseDateTime": "2025-04-14T03:26:26+07:00",
    "responseStatus": {
        "responseCode": "00000000",
        "responseMessage": "success"
    },
    "responseData": {
        "transaction": {
            "transactionTraceNumber": "ibft5989403386",
            "status": "ORIG",
            "statusMessage": "Waiting for processed",
            "createdDateTime": "2025-04-13T20:26:26.000Z"
        }
    }
}
2025-04-14 03:26:36 [main] INFO  API_TEST - fromDate not specified in test case, using current date: 2025-04-14
2025-04-14 03:26:36 [main] INFO  API_TEST - toDate not specified in test case, using current date: 2025-04-14
2025-04-14 03:26:36 [main] INFO  API_TEST - Sending Transaction History Request to: https://sandbox.acb.com.vn/acb/open/payments/payment-order/v2/transaction?transactionTraceNumber=ibft5989403386&fromDate=2025-04-14&toDate=2025-04-14
2025-04-14 03:26:36 [main] INFO  API_TEST - Request Headers: X-Channel=SOBA, X-Client-ID=2f4e1379addb2c6f059d53f622b6bf80, X-Provider-ID=PAYMENT-ORDER, X-Request-ID=572744f2-262c-4f9b-89de-aca131cd3981, Authorization=Bearer eyJhbGciOiJSUzI1NiIsInR5cCIgOiAiSldUIiwia2lkIiA6ICIyTDR2cFBsXzVQRUY5clljdksxb3dWbkZYeW1GeklyT3VJN3NOZkhSUC1zIn0.eyJleHAiOjE3NDQ2MDQ3NzEsImlhdCI6MTc0NDU3NTk3MSwianRpIjoiYzAxZDU0ZGItMjRjMi00NzJjLTk2MGEtZjFmYzk1OWE3N2FkIiwiaXNzIjoiaHR0cHM6Ly9pZC5hY2Iudm4vYXV0aC9yZWFsbXMvc29iYSIsInN1YiI6ImQxNWJiYjNhLTgxNTEtNGVhOC1hYTM1LTAxMmJiZjJhZTc0OSIsInR5cCI6IkJlYXJlciIsImF6cCI6IjJmNGUxMzc5YWRkYjJjNmYwNTlkNTNmNjIyYjZiZjgwIiwic2Vzc2lvbl9zdGF0ZSI6ImRjOWJkMTQyLTM4MDUtNDY0Ny05NjMxLTAxODVkOTM0NmQ0YyIsImFjciI6IjEiLCJzY29wZSI6InNlcnZpY2U6cGF5bWVudC1vcmRlciBzZXJ2aWNlOnZpcnR1YWwtYWNjb3VudCBzZXJ2aWNlOmJlbmVmaWNpYXJ5IHNlcnZpY2U6dHJhbnNhY3Rpb24taGlzdG9yeSBzZXJ2aWNlOmFjY291bnQtaW5mb3JtYXRpb24gc2VydmljZTp0cmFuc2FjdGlvbi1ub3RpZmljYXRpb24gc2VydmljZTphdXRoZW50aWNhdGlvbiBzZXJ2aWNlOmV3YWxsZXQgc29iYS1hcGkgc2VydmljZTptZXJjaGFudC1zb2x1dGlvbiIsImN1c3RvbWVyX3R5cGUiOiJPUkciLCJjbGllbnRJZCI6IjJmNGUxMzc5YWRkYjJjNmYwNTlkNTNmNjIyYjZiZjgwIiwiY2xpZW50SG9zdCI6IjEyNy4wLjAuMSIsImFjY291bnRfbWFqb3JzIjoiQ0siLCJzZXJ2aWNlX3Byb3ZpZGVyIjp0cnVlLCJhY2NvdW50X21pbm9ycyI6IkcwMTEiLCJjbGllbnRBZGRyZXNzIjoiMTI3LjAuMC4xIiwic2VnbWVudDEiOiJQSUtBIiwiZXdhbGxldF9zcCI6IlBJS0EiLCJjdXN0b21lcl9hY2NvdW50cyI6IjgwMDYxOTU5IiwicHJvdmlkZXJfaWQiOiJQSUtBIiwiY3VzdG9tZXJfaWQiOiI4MDExNzEiLCJwcm92aWRlcl9uYW1lIjoiUElLQSJ9.DJTy3YIQbP3yb-FGnI6ImkF4I9QPsknvrP7UMcJkSN1SY4gftWNVMv0XdU1nzvHXkzThHx2LVrSxbnRNRRNyTIGmaxr1gIQD1NxS0bngRAU65ktBg6KMak7cZr6H5V9aLf45y-SQ-XfX7W-Z72OyHcWE1Erc_5EqYOVLNNfYuz4F0sXGUuZJ55vkiznKJlPxBgKBTNUCz2S15BAEKIpsnqcr5XjaN_2bZGX4bfl5IhQ1kF3VCNi3Je38as4hRpAiLEOjP74WCV7HzpgRC7lT9gbbFKaaSTYs4V4DsJ6m9lwQOoYC0RCn4D82t-ZHszbRKdie0_aYJmqH4YbsQoeTH5fZm7k3wiPQVwPSAaPihMEJAKOKImBvEkoF1Gvu1XQBHCr5MT0Y6i_GPrgVvCoQzHFflJabK4MAnyd4GhDDizd2jRqnKVpWQ_2NfKow70k0dniIz33mE1Z4flrXtca3NxU36d08__wxiqQ48pkTM7I0zBmTOSSF9mY-Z8G3qOFAa-MqvyGFv95Ij5fgvGXrV5hAMdQuBNQwMJAGRMvu4Fy0Sp0MSw-05FIaKD5JEF9dzf5BtA2WpFJtgFO9MbmASoZMf-SxwnDpmldBfCola7OI-pwGIUpNPOt8rtjP8KEJm6bXanhA7mPfJrdKbKI_K057N5_ZokvMAglbhx2FNos
2025-04-14 03:26:36 [main] INFO  API_TEST - Response Status Code: 200
2025-04-14 03:26:36 [main] INFO  API_TEST - Response Headers: Connection=Keep-Alive
Transfer-Encoding=chunked
Date=Sun, 13 Apr 2025 20:26:36 GMT
Content-Type=application/json; charset=utf-8
X-Powered-By=Express
X-Request-Id=572744f2-262c-4f9b-89de-aca131cd3981
ETag=W/"2c9-S1SLSx+Jcs1G8a/puYOUFfdDdfA"
Strict-Transport-Security=max-age=63072000; includeSubDomains; preload
X-Global-Transaction-ID=09cb96d367fc1d5f04ca6a82
X-RateLimit-Limit=name=Default rate-limit,200;
X-RateLimit-Remaining=name=Default rate-limit,194;
X-BurstLimit-Limit=name=Default burst-limit,10;
X-BurstLimit-Remaining=name=Default burst-limit,9;
Content-Encoding=gzip
Set-Cookie=acb=386078986.58148.0000; path=/; Httponly; Secure
2025-04-14 03:26:36 [main] INFO  API_TEST - Response Body: {"responseDateTime":"2025-04-14T03:26:36+07:00","responseStatus":{"responseCode":"00000000","responseMessage":"success"},"responseData":{"transactions":[{"transactionTraceNumber":"ibft5989403386","status":"TRAN","statusMessage":"Success transfer transaction","serviceChargeAmount":0,"sourceAcocuntNumber":"80061959","transactionNumber":13518,"amount":{"sourceCurrency":"VND","targetCurrency":"VND","amount":"200000","exchangeRate":"1","exchangeAmount":"200000"},"remarks":"Chi don ","transactionType":"IBFT","beneficiary":{"interbank":{"accountNumber":"0129837294","beneficiaryName":"NGUYEN VAN A VNBC","bank":{"code":"21","napasCode":"970406"}}}}],"pagination":{"totalRows":1,"totalPages":1,"page":1,"size":20}}}
2025-04-14 03:26:36 [main] INFO  API_TEST - Sending Request Body: 
None (GET request)
2025-04-14 03:26:36 [main] INFO  API_TEST - Response - Status Code: 200
2025-04-14 03:26:36 [main] INFO  API_TEST - Response - Headers: Connection=Keep-Alive
Transfer-Encoding=chunked
Date=Sun, 13 Apr 2025 20:26:36 GMT
Content-Type=application/json; charset=utf-8
X-Powered-By=Express
X-Request-Id=572744f2-262c-4f9b-89de-aca131cd3981
ETag=W/"2c9-S1SLSx+Jcs1G8a/puYOUFfdDdfA"
Strict-Transport-Security=max-age=63072000; includeSubDomains; preload
X-Global-Transaction-ID=09cb96d367fc1d5f04ca6a82
X-RateLimit-Limit=name=Default rate-limit,200;
X-RateLimit-Remaining=name=Default rate-limit,194;
X-BurstLimit-Limit=name=Default burst-limit,10;
X-BurstLimit-Remaining=name=Default burst-limit,9;
Content-Encoding=gzip
Set-Cookie=acb=386078986.58148.0000; path=/; Httponly; Secure
2025-04-14 03:26:36 [main] INFO  API_TEST - Response - Body: 
{
    "responseDateTime": "2025-04-14T03:26:36+07:00",
    "responseStatus": {
        "responseCode": "00000000",
        "responseMessage": "success"
    },
    "responseData": {
        "transactions": [
            {
                "transactionTraceNumber": "ibft5989403386",
                "status": "TRAN",
                "statusMessage": "Success transfer transaction",
                "serviceChargeAmount": 0,
                "sourceAcocuntNumber": "80061959",
                "transactionNumber": 13518,
                "amount": {
                    "sourceCurrency": "VND",
                    "targetCurrency": "VND",
                    "amount": "200000",
                    "exchangeRate": "1",
                    "exchangeAmount": "200000"
                },
                "remarks": "Chi don ",
                "transactionType": "IBFT",
                "beneficiary": {
                    "interbank": {
                        "accountNumber": "0129837294",
                        "beneficiaryName": "NGUYEN VAN A VNBC",
                        "bank": {
                            "code": "21",
                            "napasCode": "970406"
                        }
                    }
                }
            }
        ],
        "pagination": {
            "totalRows": 1,
            "totalPages": 1,
            "page": 1,
            "size": 20
        }
    }
}
]]></system-out>
  </testcase>
  <testcase name="testAllPaymentOrders" classname="com.example.tests.APITests" time="11.19">
    <system-out><![CDATA[2025-04-14 03:26:36 [main] INFO  API_TEST - Processing test case TC_005 with apiType: CREATE_AND_QUERY
2025-04-14 03:26:36 [main] INFO  com.example.utils.FileUtil - Reading request template from file: requestTemplates/citad.json
2025-04-14 03:26:36 [main] INFO  com.example.utils.FileUtil - Successfully read template from file: requestTemplates/citad.json
2025-04-14 03:26:36 [main] INFO  API_TEST - Generating authorizationString for authorizationId: 1526fa6a-4388-4234-99e5-846ba2c6e328
2025-04-14 03:26:36 [main] INFO  API_TEST - Base64 Data: eyJzb3VyY2VBY2NvdW50TnVtYmVyIjoiODAwNjE5NTkiLCJ0cmFuc2FjdGlvbiI6eyJ0cmFuc2FjdGlvblRyYWNlTnVtYmVyIjoiY2l0YWQ1NjAwNjMxMTU4IiwidHJhbnNhY3Rpb25UeXBlIjoiQ0lUQUQiLCJiZW5lZmljaWFyeSI6eyJjaXRhZCI6eyJiYW5rIjp7ImNpdGFkQ29kZSI6IjAxMjAxMDAxIn0sInRhcmdldCI6eyJhY2NvdW50Ijp7ImFjY291bnROdW1iZXIiOiIxMDE1Njk5MzI5IiwiYmVuZWZpY2lhcnlOYW1lIjoiTkdVWUVOIFZBTiBDIn19fX0sImFtb3VudCI6eyJzb3VyY2VDdXJyZW5jeSI6IlZORCIsInRhcmdldEN1cnJlbmN5IjoiVk5EIiwiYW1vdW50IjoiMjAwMDAwIiwiZXhjaGFuZ2VSYXRlIjoiMSIsImV4Y2hhbmdlQW1vdW50IjoiMjAwMDAwIn0sInJlbWFya3MiOiJDaGkgZG9uICJ9fQ==
2025-04-14 03:26:36 [main] INFO  API_TEST - SHA-256 Hex Data: af95ef9ae9e18509496e4711b29ac6304d955fc985bc5311b5847ab4cf941f77
2025-04-14 03:26:36 [main] INFO  API_TEST - Generated Signature for cuong pham a10: MIAGCSqGSIb3DQEHAqCAMIACAQExCzAJBgUrDgMCGgUAMIAGCSqGSIb3DQEHAaCAJIAEgYBhAGYAOQA1AGUAZgA5AGEAZQA5AGUAMQA4ADUAMAA5ADQAOQA2AGUANAA3ADEAMQBiADIAOQBhAGMANgAzADAANABkADkANQA1AGYAYwA5ADgANQBiAGMANQAzADEAMQBiADUAOAA0ADcAYQBiADQAYwBmADkANAAxAGYANwA3AAAAAAAAAKCAMIIDRDCCAiygAwIBAgIEY4V5pDANBgkqhkiG9w0BAQsFADBkMQswCQYDVQQGEwJWTjEMMAoGA1UECAwDSENNMQwwCgYDVQQHDANIQ00xDDAKBgNVBAoMA0FDQjESMBAGA1UECwwJSVQgLSBEVktOMRcwFQYDVQQDDA5DdW9uZyBQaGFtIEExMDAeFw0yMjExMjkwMzE2NTJaFw0zMjExMjkwMzE2NTJaMGQxCzAJBgNVBAYTAlZOMQwwCgYDVQQIDANIQ00xDDAKBgNVBAcMA0hDTTEMMAoGA1UECgwDQUNCMRIwEAYDVQQLDAlJVCAtIERWS04xFzAVBgNVBAMMDkN1b25nIFBoYW0gQTEwMIIBIjANBgkqhkiG9w0BAQEFAAOCAQ8AMIIBCgKCAQEAiNUdY2zCxZnyFHO81b2OQAqW5rHylxlD+kLVDcwMUtSYEVVdxOtVK0fWni8e+9dz6wXuJI6bs/NgsLl4jPZVfzzLhDstrc8fWj0+BdIoQJe9CZuew8GLQc/pZ0mTH97ol6GWezL97ODZpf7PSsrA0b9UCV9n1PnAmBb7sM2AiEJy/ZuqSkPe0b8KRnyuE0ED94ScVoaiz6axYVISeF7QPRH00Gvi4fdJCdTiFlukp/0i9ZuhJxDO0JZ1eZlj2YI80vPo6WHeMDKeJ4JP2WPc4hfh8knNg+iKH2AoX2Co8T8DUhJjNDfFy6vO2Ej7B2qxZ4xXr+nSpcRdX1r0M3sr9QIDAQABMA0GCSqGSIb3DQEBCwUAA4IBAQBAXikxeNOzMknfMZsJg+vXUsMy5KXF2Jf5xm1FCRCbBVxmZXE1+6njsGaCixS1Lpi4/KbfwQ6XC1k8Dv40Pd6Koscnx5BuSjkLYkFFMlzHdchmLTJxrn86c6UMnb/MUXoQtqJ3bYBdwlc//YDc3XVKBDsOipZ0QY8zDpsz/4GaRQ3ua3UL2VyD94u1WKUB7JYPCxeRcDDgszLExOQ6FOHFGvZiF+yrQLXfYpktg4cgBXx4J6cDlvha8YBDM1DYX6sLwDy2XixDlACLtNxcRODC3rpVS/bSHC4WQkfTadwfkHoFB6iBm22P4KdxcHV2VP5YnHJ/Vaza4ghv/fEgxIWLAAAxggIeMIICGgIBATBsMGQxCzAJBgNVBAYTAlZOMQwwCgYDVQQIDANIQ00xDDAKBgNVBAcMA0hDTTEMMAoGA1UECgwDQUNCMRIwEAYDVQQLDAlJVCAtIERWS04xFzAVBgNVBAMMDkN1b25nIFBoYW0gQTEwAgRjhXmkMAkGBSsOAwIaBQCggYgwGAYJKoZIhvcNAQkDMQsGCSqGSIb3DQEHATAcBgkqhkiG9w0BCQUxDxcNMjUwNDEzMjAyNjM2WjAjBgkqhkiG9w0BCQQxFgQU/olD3gRbeFDLnhD7ZsaqPgnJlbQwKQYJKoZIhvcNAQk0MRwwGjAJBgUrDgMCGgUAoQ0GCSqGSIb3DQEBAQUAMA0GCSqGSIb3DQEBAQUABIIBAD/rO5eJZeVjzooF8cQB59EBVg6W7NZvyRh/U6mTVMtTua1HituuQy1LgjE1bVYY3OOj7bFCdZsAfN9iHIxo+zMzRQkjAPEEqSfltLvD+wCEqSCeSp/RlBVB3RARti59DKW+uh9S0yVcxxRqSmrF4KcL/r1WFWSsEK2/nu+ULAUQQt/74nT/S6lzUDW0gardjhcuY7a93XkDYCHmeK6oXsUn6uRukzWaIiq9IJ+bD0k+2Ju16JQ7EXFxfps+JXmtEBYYDXXgxJJwUJwcRteTT1ZKQza762EfSoGRtMciTn389XJQTP37CjIzFfg7pxADVLofA0cyDPPxnCM/93HHQvAAAAAAAAA=
2025-04-14 03:26:36 [main] INFO  API_TEST - Updated Request Body after adding authorizationString for authorizationId: 1526fa6a-4388-4234-99e5-846ba2c6e328: 
{
  "requestTrace" : "b7b84344-2cc4-4cdc-bc70-47eeedea3631",
  "requestDateTime" : "2025-04-14T03:26:36.840301+07:00",
  "requestParameters" : {
    "data" : {
      "sourceAccountNumber" : "80061959",
      "transaction" : {
        "transactionTraceNumber" : "citad5600631158",
        "transactionType" : "CITAD",
        "beneficiary" : {
          "citad" : {
            "bank" : {
              "citadCode" : "01201001"
            },
            "target" : {
              "account" : {
                "accountNumber" : "1015699329",
                "beneficiaryName" : "NGUYEN VAN C"
              }
            }
          }
        },
        "amount" : {
          "sourceCurrency" : "VND",
          "targetCurrency" : "VND",
          "amount" : "200000",
          "exchangeRate" : "1",
          "exchangeAmount" : "200000"
        },
        "remarks" : "Chi don "
      }
    },
    "authorizations" : [ {
      "authorizationString" : "MIAGCSqGSIb3DQEHAqCAMIACAQExCzAJBgUrDgMCGgUAMIAGCSqGSIb3DQEHAaCAJIAEgYBhAGYAOQA1AGUAZgA5AGEAZQA5AGUAMQA4ADUAMAA5ADQAOQA2AGUANAA3ADEAMQBiADIAOQBhAGMANgAzADAANABkADkANQA1AGYAYwA5ADgANQBiAGMANQAzADEAMQBiADUAOAA0ADcAYQBiADQAYwBmADkANAAxAGYANwA3AAAAAAAAAKCAMIIDRDCCAiygAwIBAgIEY4V5pDANBgkqhkiG9w0BAQsFADBkMQswCQYDVQQGEwJWTjEMMAoGA1UECAwDSENNMQwwCgYDVQQHDANIQ00xDDAKBgNVBAoMA0FDQjESMBAGA1UECwwJSVQgLSBEVktOMRcwFQYDVQQDDA5DdW9uZyBQaGFtIEExMDAeFw0yMjExMjkwMzE2NTJaFw0zMjExMjkwMzE2NTJaMGQxCzAJBgNVBAYTAlZOMQwwCgYDVQQIDANIQ00xDDAKBgNVBAcMA0hDTTEMMAoGA1UECgwDQUNCMRIwEAYDVQQLDAlJVCAtIERWS04xFzAVBgNVBAMMDkN1b25nIFBoYW0gQTEwMIIBIjANBgkqhkiG9w0BAQEFAAOCAQ8AMIIBCgKCAQEAiNUdY2zCxZnyFHO81b2OQAqW5rHylxlD+kLVDcwMUtSYEVVdxOtVK0fWni8e+9dz6wXuJI6bs/NgsLl4jPZVfzzLhDstrc8fWj0+BdIoQJe9CZuew8GLQc/pZ0mTH97ol6GWezL97ODZpf7PSsrA0b9UCV9n1PnAmBb7sM2AiEJy/ZuqSkPe0b8KRnyuE0ED94ScVoaiz6axYVISeF7QPRH00Gvi4fdJCdTiFlukp/0i9ZuhJxDO0JZ1eZlj2YI80vPo6WHeMDKeJ4JP2WPc4hfh8knNg+iKH2AoX2Co8T8DUhJjNDfFy6vO2Ej7B2qxZ4xXr+nSpcRdX1r0M3sr9QIDAQABMA0GCSqGSIb3DQEBCwUAA4IBAQBAXikxeNOzMknfMZsJg+vXUsMy5KXF2Jf5xm1FCRCbBVxmZXE1+6njsGaCixS1Lpi4/KbfwQ6XC1k8Dv40Pd6Koscnx5BuSjkLYkFFMlzHdchmLTJxrn86c6UMnb/MUXoQtqJ3bYBdwlc//YDc3XVKBDsOipZ0QY8zDpsz/4GaRQ3ua3UL2VyD94u1WKUB7JYPCxeRcDDgszLExOQ6FOHFGvZiF+yrQLXfYpktg4cgBXx4J6cDlvha8YBDM1DYX6sLwDy2XixDlACLtNxcRODC3rpVS/bSHC4WQkfTadwfkHoFB6iBm22P4KdxcHV2VP5YnHJ/Vaza4ghv/fEgxIWLAAAxggIeMIICGgIBATBsMGQxCzAJBgNVBAYTAlZOMQwwCgYDVQQIDANIQ00xDDAKBgNVBAcMA0hDTTEMMAoGA1UECgwDQUNCMRIwEAYDVQQLDAlJVCAtIERWS04xFzAVBgNVBAMMDkN1b25nIFBoYW0gQTEwAgRjhXmkMAkGBSsOAwIaBQCggYgwGAYJKoZIhvcNAQkDMQsGCSqGSIb3DQEHATAcBgkqhkiG9w0BCQUxDxcNMjUwNDEzMjAyNjM2WjAjBgkqhkiG9w0BCQQxFgQU/olD3gRbeFDLnhD7ZsaqPgnJlbQwKQYJKoZIhvcNAQk0MRwwGjAJBgUrDgMCGgUAoQ0GCSqGSIb3DQEBAQUAMA0GCSqGSIb3DQEBAQUABIIBAD/rO5eJZeVjzooF8cQB59EBVg6W7NZvyRh/U6mTVMtTua1HituuQy1LgjE1bVYY3OOj7bFCdZsAfN9iHIxo+zMzRQkjAPEEqSfltLvD+wCEqSCeSp/RlBVB3RARti59DKW+uh9S0yVcxxRqSmrF4KcL/r1WFWSsEK2/nu+ULAUQQt/74nT/S6lzUDW0gardjhcuY7a93XkDYCHmeK6oXsUn6uRukzWaIiq9IJ+bD0k+2Ju16JQ7EXFxfps+JXmtEBYYDXXgxJJwUJwcRteTT1ZKQza762EfSoGRtMciTn389XJQTP37CjIzFfg7pxADVLofA0cyDPPxnCM/93HHQvAAAAAAAAA=",
      "authorizationId" : "1526fa6a-4388-4234-99e5-846ba2c6e328"
    }, {
      "authorizationString" : "",
      "authorizationId" : "72d9c963-4a20-40f3-bef1-9b773369826b"
    } ]
  }
}
2025-04-14 03:26:36 [main] INFO  API_TEST - Generating authorizationString for authorizationId: 72d9c963-4a20-40f3-bef1-9b773369826b
2025-04-14 03:26:36 [main] INFO  API_TEST - Base64 Data: eyJzb3VyY2VBY2NvdW50TnVtYmVyIjoiODAwNjE5NTkiLCJ0cmFuc2FjdGlvbiI6eyJ0cmFuc2FjdGlvblRyYWNlTnVtYmVyIjoiY2l0YWQ1NjAwNjMxMTU4IiwidHJhbnNhY3Rpb25UeXBlIjoiQ0lUQUQiLCJiZW5lZmljaWFyeSI6eyJjaXRhZCI6eyJiYW5rIjp7ImNpdGFkQ29kZSI6IjAxMjAxMDAxIn0sInRhcmdldCI6eyJhY2NvdW50Ijp7ImFjY291bnROdW1iZXIiOiIxMDE1Njk5MzI5IiwiYmVuZWZpY2lhcnlOYW1lIjoiTkdVWUVOIFZBTiBDIn19fX0sImFtb3VudCI6eyJzb3VyY2VDdXJyZW5jeSI6IlZORCIsInRhcmdldEN1cnJlbmN5IjoiVk5EIiwiYW1vdW50IjoiMjAwMDAwIiwiZXhjaGFuZ2VSYXRlIjoiMSIsImV4Y2hhbmdlQW1vdW50IjoiMjAwMDAwIn0sInJlbWFya3MiOiJDaGkgZG9uICJ9fQ==
2025-04-14 03:26:36 [main] INFO  API_TEST - SHA-256 Hex Data: af95ef9ae9e18509496e4711b29ac6304d955fc985bc5311b5847ab4cf941f77
2025-04-14 03:26:37 [main] INFO  API_TEST - Generated Signature for cuong pham b10: MIAGCSqGSIb3DQEHAqCAMIACAQExCzAJBgUrDgMCGgUAMIAGCSqGSIb3DQEHAaCAJIAEgYBhAGYAOQA1AGUAZgA5AGEAZQA5AGUAMQA4ADUAMAA5ADQAOQA2AGUANAA3ADEAMQBiADIAOQBhAGMANgAzADAANABkADkANQA1AGYAYwA5ADgANQBiAGMANQAzADEAMQBiADUAOAA0ADcAYQBiADQAYwBmADkANAAxAGYANwA3AAAAAAAAAKCAMIIDRDCCAiygAwIBAgIEY4V53jANBgkqhkiG9w0BAQsFADBkMQswCQYDVQQGEwJWTjEMMAoGA1UECAwDSENNMQwwCgYDVQQHDANIQ00xDDAKBgNVBAoMA0FDQjESMBAGA1UECwwJSVQgLSBEVktOMRcwFQYDVQQDDA5DdW9uZyBQaGFtIEIxMDAeFw0yMjExMjkwMzE3NTBaFw0zMjExMjkwMzE3NTBaMGQxCzAJBgNVBAYTAlZOMQwwCgYDVQQIDANIQ00xDDAKBgNVBAcMA0hDTTEMMAoGA1UECgwDQUNCMRIwEAYDVQQLDAlJVCAtIERWS04xFzAVBgNVBAMMDkN1b25nIFBoYW0gQjEwMIIBIjANBgkqhkiG9w0BAQEFAAOCAQ8AMIIBCgKCAQEAorTh+kRlrLfQSt/ZqHxTDlPZaqzJFDWYgybIn95f21WnQYZeQJBNAE9N+aEZlLXT8pcPy3fkfUVdc34NEI1GDCcXxa9EdBPupFFiW+1rU9Do0I12x6VqWDvEj+7YVW8Gd/0kn7AY5YfqjSVPpa7+I69kpa/vHqo8HBjkl97j16nSO1sYj3aN2v2XYInac5TiIouykdxlv3b2y+iTf5KTnqus/9w5IUn33zNJ42A8woZW4SD7Lcv0ZxL6JiX59wKz90nRWeTAxi+Bf4wMYV9y0WzzNaLAnbmThoyjWcL11IHIJWLV1UqV30X9m4hvfI/zDIUIhdXu1WIlvBXDDn4f9QIDAQABMA0GCSqGSIb3DQEBCwUAA4IBAQBjAzbybbHskE2gogcTwUHvkKgJRcP/vAJgTLpeytB4pIdscLmeKDMwQCqGxYDC90kvmtRtWfSfeu3aUDA2ICtTQLvryDgvhlXqQ1PXAT7jSp2/XO1Ips4wNBPDazrgX9pVNCk1itiO1bx+fMPLtliyAxbDOkRt3CWFFgo2pimLCgyQeUY2QqpRmNP7HK0MYlIVJW2u0YeI/QH4KTjj0vLdDte6byz5TTaa0zi2z4Rr303rrmmia5zw8674plWyLJU6GHzC+PrAe14DfzFA4cK2Ip8Ya7eicrCWk1/DM+HKKR0253WIoi8o5yMs0q5JJSM7lvFpYLu+sYtRXl5Pm1L6AAAxggIeMIICGgIBATBsMGQxCzAJBgNVBAYTAlZOMQwwCgYDVQQIDANIQ00xDDAKBgNVBAcMA0hDTTEMMAoGA1UECgwDQUNCMRIwEAYDVQQLDAlJVCAtIERWS04xFzAVBgNVBAMMDkN1b25nIFBoYW0gQjEwAgRjhXneMAkGBSsOAwIaBQCggYgwGAYJKoZIhvcNAQkDMQsGCSqGSIb3DQEHATAcBgkqhkiG9w0BCQUxDxcNMjUwNDEzMjAyNjM3WjAjBgkqhkiG9w0BCQQxFgQU/olD3gRbeFDLnhD7ZsaqPgnJlbQwKQYJKoZIhvcNAQk0MRwwGjAJBgUrDgMCGgUAoQ0GCSqGSIb3DQEBAQUAMA0GCSqGSIb3DQEBAQUABIIBAHGdsL3Jv+QM8PyMe7cnK1kDJbIuLuKcv9x33cvIKa82iR4JqRDFPvPglOrgamVCpYaxcRb2zqZgayeYbNraXyvhcdnF2jm+FR7KdLU9x3zFw0eosGP0x4vxXkc5Ipp4xG/6kjGGueb75rEkXcf3G92jDfZAKS2400WmYwcpljp08xLnxXjH/NvfxvKZvGoYXf1XelWZ0YoptfbpGWxWTBbxxP5jyF092vl3dEFwuVy0nrd9c4z3uZiecLusfdjfOVLXhuiBX6UhAYF9uQ5a7G1E4o66j2EapM5sc49PF9u0Wl0F+OSyAV0DbKetaQ0y+LERavOBKzgNQSmzYtKxS6sAAAAAAAA=
2025-04-14 03:26:37 [main] INFO  API_TEST - Updated Request Body after adding authorizationString for authorizationId: 72d9c963-4a20-40f3-bef1-9b773369826b: 
{
  "requestTrace" : "b7b84344-2cc4-4cdc-bc70-47eeedea3631",
  "requestDateTime" : "2025-04-14T03:26:36.840301+07:00",
  "requestParameters" : {
    "data" : {
      "sourceAccountNumber" : "80061959",
      "transaction" : {
        "transactionTraceNumber" : "citad5600631158",
        "transactionType" : "CITAD",
        "beneficiary" : {
          "citad" : {
            "bank" : {
              "citadCode" : "01201001"
            },
            "target" : {
              "account" : {
                "accountNumber" : "1015699329",
                "beneficiaryName" : "NGUYEN VAN C"
              }
            }
          }
        },
        "amount" : {
          "sourceCurrency" : "VND",
          "targetCurrency" : "VND",
          "amount" : "200000",
          "exchangeRate" : "1",
          "exchangeAmount" : "200000"
        },
        "remarks" : "Chi don "
      }
    },
    "authorizations" : [ {
      "authorizationString" : "MIAGCSqGSIb3DQEHAqCAMIACAQExCzAJBgUrDgMCGgUAMIAGCSqGSIb3DQEHAaCAJIAEgYBhAGYAOQA1AGUAZgA5AGEAZQA5AGUAMQA4ADUAMAA5ADQAOQA2AGUANAA3ADEAMQBiADIAOQBhAGMANgAzADAANABkADkANQA1AGYAYwA5ADgANQBiAGMANQAzADEAMQBiADUAOAA0ADcAYQBiADQAYwBmADkANAAxAGYANwA3AAAAAAAAAKCAMIIDRDCCAiygAwIBAgIEY4V5pDANBgkqhkiG9w0BAQsFADBkMQswCQYDVQQGEwJWTjEMMAoGA1UECAwDSENNMQwwCgYDVQQHDANIQ00xDDAKBgNVBAoMA0FDQjESMBAGA1UECwwJSVQgLSBEVktOMRcwFQYDVQQDDA5DdW9uZyBQaGFtIEExMDAeFw0yMjExMjkwMzE2NTJaFw0zMjExMjkwMzE2NTJaMGQxCzAJBgNVBAYTAlZOMQwwCgYDVQQIDANIQ00xDDAKBgNVBAcMA0hDTTEMMAoGA1UECgwDQUNCMRIwEAYDVQQLDAlJVCAtIERWS04xFzAVBgNVBAMMDkN1b25nIFBoYW0gQTEwMIIBIjANBgkqhkiG9w0BAQEFAAOCAQ8AMIIBCgKCAQEAiNUdY2zCxZnyFHO81b2OQAqW5rHylxlD+kLVDcwMUtSYEVVdxOtVK0fWni8e+9dz6wXuJI6bs/NgsLl4jPZVfzzLhDstrc8fWj0+BdIoQJe9CZuew8GLQc/pZ0mTH97ol6GWezL97ODZpf7PSsrA0b9UCV9n1PnAmBb7sM2AiEJy/ZuqSkPe0b8KRnyuE0ED94ScVoaiz6axYVISeF7QPRH00Gvi4fdJCdTiFlukp/0i9ZuhJxDO0JZ1eZlj2YI80vPo6WHeMDKeJ4JP2WPc4hfh8knNg+iKH2AoX2Co8T8DUhJjNDfFy6vO2Ej7B2qxZ4xXr+nSpcRdX1r0M3sr9QIDAQABMA0GCSqGSIb3DQEBCwUAA4IBAQBAXikxeNOzMknfMZsJg+vXUsMy5KXF2Jf5xm1FCRCbBVxmZXE1+6njsGaCixS1Lpi4/KbfwQ6XC1k8Dv40Pd6Koscnx5BuSjkLYkFFMlzHdchmLTJxrn86c6UMnb/MUXoQtqJ3bYBdwlc//YDc3XVKBDsOipZ0QY8zDpsz/4GaRQ3ua3UL2VyD94u1WKUB7JYPCxeRcDDgszLExOQ6FOHFGvZiF+yrQLXfYpktg4cgBXx4J6cDlvha8YBDM1DYX6sLwDy2XixDlACLtNxcRODC3rpVS/bSHC4WQkfTadwfkHoFB6iBm22P4KdxcHV2VP5YnHJ/Vaza4ghv/fEgxIWLAAAxggIeMIICGgIBATBsMGQxCzAJBgNVBAYTAlZOMQwwCgYDVQQIDANIQ00xDDAKBgNVBAcMA0hDTTEMMAoGA1UECgwDQUNCMRIwEAYDVQQLDAlJVCAtIERWS04xFzAVBgNVBAMMDkN1b25nIFBoYW0gQTEwAgRjhXmkMAkGBSsOAwIaBQCggYgwGAYJKoZIhvcNAQkDMQsGCSqGSIb3DQEHATAcBgkqhkiG9w0BCQUxDxcNMjUwNDEzMjAyNjM2WjAjBgkqhkiG9w0BCQQxFgQU/olD3gRbeFDLnhD7ZsaqPgnJlbQwKQYJKoZIhvcNAQk0MRwwGjAJBgUrDgMCGgUAoQ0GCSqGSIb3DQEBAQUAMA0GCSqGSIb3DQEBAQUABIIBAD/rO5eJZeVjzooF8cQB59EBVg6W7NZvyRh/U6mTVMtTua1HituuQy1LgjE1bVYY3OOj7bFCdZsAfN9iHIxo+zMzRQkjAPEEqSfltLvD+wCEqSCeSp/RlBVB3RARti59DKW+uh9S0yVcxxRqSmrF4KcL/r1WFWSsEK2/nu+ULAUQQt/74nT/S6lzUDW0gardjhcuY7a93XkDYCHmeK6oXsUn6uRukzWaIiq9IJ+bD0k+2Ju16JQ7EXFxfps+JXmtEBYYDXXgxJJwUJwcRteTT1ZKQza762EfSoGRtMciTn389XJQTP37CjIzFfg7pxADVLofA0cyDPPxnCM/93HHQvAAAAAAAAA=",
      "authorizationId" : "1526fa6a-4388-4234-99e5-846ba2c6e328"
    }, {
      "authorizationString" : "MIAGCSqGSIb3DQEHAqCAMIACAQExCzAJBgUrDgMCGgUAMIAGCSqGSIb3DQEHAaCAJIAEgYBhAGYAOQA1AGUAZgA5AGEAZQA5AGUAMQA4ADUAMAA5ADQAOQA2AGUANAA3ADEAMQBiADIAOQBhAGMANgAzADAANABkADkANQA1AGYAYwA5ADgANQBiAGMANQAzADEAMQBiADUAOAA0ADcAYQBiADQAYwBmADkANAAxAGYANwA3AAAAAAAAAKCAMIIDRDCCAiygAwIBAgIEY4V53jANBgkqhkiG9w0BAQsFADBkMQswCQYDVQQGEwJWTjEMMAoGA1UECAwDSENNMQwwCgYDVQQHDANIQ00xDDAKBgNVBAoMA0FDQjESMBAGA1UECwwJSVQgLSBEVktOMRcwFQYDVQQDDA5DdW9uZyBQaGFtIEIxMDAeFw0yMjExMjkwMzE3NTBaFw0zMjExMjkwMzE3NTBaMGQxCzAJBgNVBAYTAlZOMQwwCgYDVQQIDANIQ00xDDAKBgNVBAcMA0hDTTEMMAoGA1UECgwDQUNCMRIwEAYDVQQLDAlJVCAtIERWS04xFzAVBgNVBAMMDkN1b25nIFBoYW0gQjEwMIIBIjANBgkqhkiG9w0BAQEFAAOCAQ8AMIIBCgKCAQEAorTh+kRlrLfQSt/ZqHxTDlPZaqzJFDWYgybIn95f21WnQYZeQJBNAE9N+aEZlLXT8pcPy3fkfUVdc34NEI1GDCcXxa9EdBPupFFiW+1rU9Do0I12x6VqWDvEj+7YVW8Gd/0kn7AY5YfqjSVPpa7+I69kpa/vHqo8HBjkl97j16nSO1sYj3aN2v2XYInac5TiIouykdxlv3b2y+iTf5KTnqus/9w5IUn33zNJ42A8woZW4SD7Lcv0ZxL6JiX59wKz90nRWeTAxi+Bf4wMYV9y0WzzNaLAnbmThoyjWcL11IHIJWLV1UqV30X9m4hvfI/zDIUIhdXu1WIlvBXDDn4f9QIDAQABMA0GCSqGSIb3DQEBCwUAA4IBAQBjAzbybbHskE2gogcTwUHvkKgJRcP/vAJgTLpeytB4pIdscLmeKDMwQCqGxYDC90kvmtRtWfSfeu3aUDA2ICtTQLvryDgvhlXqQ1PXAT7jSp2/XO1Ips4wNBPDazrgX9pVNCk1itiO1bx+fMPLtliyAxbDOkRt3CWFFgo2pimLCgyQeUY2QqpRmNP7HK0MYlIVJW2u0YeI/QH4KTjj0vLdDte6byz5TTaa0zi2z4Rr303rrmmia5zw8674plWyLJU6GHzC+PrAe14DfzFA4cK2Ip8Ya7eicrCWk1/DM+HKKR0253WIoi8o5yMs0q5JJSM7lvFpYLu+sYtRXl5Pm1L6AAAxggIeMIICGgIBATBsMGQxCzAJBgNVBAYTAlZOMQwwCgYDVQQIDANIQ00xDDAKBgNVBAcMA0hDTTEMMAoGA1UECgwDQUNCMRIwEAYDVQQLDAlJVCAtIERWS04xFzAVBgNVBAMMDkN1b25nIFBoYW0gQjEwAgRjhXneMAkGBSsOAwIaBQCggYgwGAYJKoZIhvcNAQkDMQsGCSqGSIb3DQEHATAcBgkqhkiG9w0BCQUxDxcNMjUwNDEzMjAyNjM3WjAjBgkqhkiG9w0BCQQxFgQU/olD3gRbeFDLnhD7ZsaqPgnJlbQwKQYJKoZIhvcNAQk0MRwwGjAJBgUrDgMCGgUAoQ0GCSqGSIb3DQEBAQUAMA0GCSqGSIb3DQEBAQUABIIBAHGdsL3Jv+QM8PyMe7cnK1kDJbIuLuKcv9x33cvIKa82iR4JqRDFPvPglOrgamVCpYaxcRb2zqZgayeYbNraXyvhcdnF2jm+FR7KdLU9x3zFw0eosGP0x4vxXkc5Ipp4xG/6kjGGueb75rEkXcf3G92jDfZAKS2400WmYwcpljp08xLnxXjH/NvfxvKZvGoYXf1XelWZ0YoptfbpGWxWTBbxxP5jyF092vl3dEFwuVy0nrd9c4z3uZiecLusfdjfOVLXhuiBX6UhAYF9uQ5a7G1E4o66j2EapM5sc49PF9u0Wl0F+OSyAV0DbKetaQ0y+LERavOBKzgNQSmzYtKxS6sAAAAAAAA=",
      "authorizationId" : "72d9c963-4a20-40f3-bef1-9b773369826b"
    } ]
  }
}
2025-04-14 03:26:37 [main] INFO  API_TEST - Sending Payment Order Request to: https://sandbox.acb.com.vn/acb/open/payments/payment-order/v2/transaction
2025-04-14 03:26:37 [main] INFO  API_TEST - Request Headers: io.restassured.internal.RequestSpecificationImpl@5dd747c1
2025-04-14 03:26:37 [main] INFO  API_TEST - Request Body: 
{
  "requestTrace" : "b7b84344-2cc4-4cdc-bc70-47eeedea3631",
  "requestDateTime" : "2025-04-14T03:26:36.840301+07:00",
  "requestParameters" : {
    "data" : {
      "sourceAccountNumber" : "80061959",
      "transaction" : {
        "transactionTraceNumber" : "citad5600631158",
        "transactionType" : "CITAD",
        "beneficiary" : {
          "citad" : {
            "bank" : {
              "citadCode" : "01201001"
            },
            "target" : {
              "account" : {
                "accountNumber" : "1015699329",
                "beneficiaryName" : "NGUYEN VAN C"
              }
            }
          }
        },
        "amount" : {
          "sourceCurrency" : "VND",
          "targetCurrency" : "VND",
          "amount" : "200000",
          "exchangeRate" : "1",
          "exchangeAmount" : "200000"
        },
        "remarks" : "Chi don "
      }
    },
    "authorizations" : [ {
      "authorizationString" : "MIAGCSqGSIb3DQEHAqCAMIACAQExCzAJBgUrDgMCGgUAMIAGCSqGSIb3DQEHAaCAJIAEgYBhAGYAOQA1AGUAZgA5AGEAZQA5AGUAMQA4ADUAMAA5ADQAOQA2AGUANAA3ADEAMQBiADIAOQBhAGMANgAzADAANABkADkANQA1AGYAYwA5ADgANQBiAGMANQAzADEAMQBiADUAOAA0ADcAYQBiADQAYwBmADkANAAxAGYANwA3AAAAAAAAAKCAMIIDRDCCAiygAwIBAgIEY4V5pDANBgkqhkiG9w0BAQsFADBkMQswCQYDVQQGEwJWTjEMMAoGA1UECAwDSENNMQwwCgYDVQQHDANIQ00xDDAKBgNVBAoMA0FDQjESMBAGA1UECwwJSVQgLSBEVktOMRcwFQYDVQQDDA5DdW9uZyBQaGFtIEExMDAeFw0yMjExMjkwMzE2NTJaFw0zMjExMjkwMzE2NTJaMGQxCzAJBgNVBAYTAlZOMQwwCgYDVQQIDANIQ00xDDAKBgNVBAcMA0hDTTEMMAoGA1UECgwDQUNCMRIwEAYDVQQLDAlJVCAtIERWS04xFzAVBgNVBAMMDkN1b25nIFBoYW0gQTEwMIIBIjANBgkqhkiG9w0BAQEFAAOCAQ8AMIIBCgKCAQEAiNUdY2zCxZnyFHO81b2OQAqW5rHylxlD+kLVDcwMUtSYEVVdxOtVK0fWni8e+9dz6wXuJI6bs/NgsLl4jPZVfzzLhDstrc8fWj0+BdIoQJe9CZuew8GLQc/pZ0mTH97ol6GWezL97ODZpf7PSsrA0b9UCV9n1PnAmBb7sM2AiEJy/ZuqSkPe0b8KRnyuE0ED94ScVoaiz6axYVISeF7QPRH00Gvi4fdJCdTiFlukp/0i9ZuhJxDO0JZ1eZlj2YI80vPo6WHeMDKeJ4JP2WPc4hfh8knNg+iKH2AoX2Co8T8DUhJjNDfFy6vO2Ej7B2qxZ4xXr+nSpcRdX1r0M3sr9QIDAQABMA0GCSqGSIb3DQEBCwUAA4IBAQBAXikxeNOzMknfMZsJg+vXUsMy5KXF2Jf5xm1FCRCbBVxmZXE1+6njsGaCixS1Lpi4/KbfwQ6XC1k8Dv40Pd6Koscnx5BuSjkLYkFFMlzHdchmLTJxrn86c6UMnb/MUXoQtqJ3bYBdwlc//YDc3XVKBDsOipZ0QY8zDpsz/4GaRQ3ua3UL2VyD94u1WKUB7JYPCxeRcDDgszLExOQ6FOHFGvZiF+yrQLXfYpktg4cgBXx4J6cDlvha8YBDM1DYX6sLwDy2XixDlACLtNxcRODC3rpVS/bSHC4WQkfTadwfkHoFB6iBm22P4KdxcHV2VP5YnHJ/Vaza4ghv/fEgxIWLAAAxggIeMIICGgIBATBsMGQxCzAJBgNVBAYTAlZOMQwwCgYDVQQIDANIQ00xDDAKBgNVBAcMA0hDTTEMMAoGA1UECgwDQUNCMRIwEAYDVQQLDAlJVCAtIERWS04xFzAVBgNVBAMMDkN1b25nIFBoYW0gQTEwAgRjhXmkMAkGBSsOAwIaBQCggYgwGAYJKoZIhvcNAQkDMQsGCSqGSIb3DQEHATAcBgkqhkiG9w0BCQUxDxcNMjUwNDEzMjAyNjM2WjAjBgkqhkiG9w0BCQQxFgQU/olD3gRbeFDLnhD7ZsaqPgnJlbQwKQYJKoZIhvcNAQk0MRwwGjAJBgUrDgMCGgUAoQ0GCSqGSIb3DQEBAQUAMA0GCSqGSIb3DQEBAQUABIIBAD/rO5eJZeVjzooF8cQB59EBVg6W7NZvyRh/U6mTVMtTua1HituuQy1LgjE1bVYY3OOj7bFCdZsAfN9iHIxo+zMzRQkjAPEEqSfltLvD+wCEqSCeSp/RlBVB3RARti59DKW+uh9S0yVcxxRqSmrF4KcL/r1WFWSsEK2/nu+ULAUQQt/74nT/S6lzUDW0gardjhcuY7a93XkDYCHmeK6oXsUn6uRukzWaIiq9IJ+bD0k+2Ju16JQ7EXFxfps+JXmtEBYYDXXgxJJwUJwcRteTT1ZKQza762EfSoGRtMciTn389XJQTP37CjIzFfg7pxADVLofA0cyDPPxnCM/93HHQvAAAAAAAAA=",
      "authorizationId" : "1526fa6a-4388-4234-99e5-846ba2c6e328"
    }, {
      "authorizationString" : "MIAGCSqGSIb3DQEHAqCAMIACAQExCzAJBgUrDgMCGgUAMIAGCSqGSIb3DQEHAaCAJIAEgYBhAGYAOQA1AGUAZgA5AGEAZQA5AGUAMQA4ADUAMAA5ADQAOQA2AGUANAA3ADEAMQBiADIAOQBhAGMANgAzADAANABkADkANQA1AGYAYwA5ADgANQBiAGMANQAzADEAMQBiADUAOAA0ADcAYQBiADQAYwBmADkANAAxAGYANwA3AAAAAAAAAKCAMIIDRDCCAiygAwIBAgIEY4V53jANBgkqhkiG9w0BAQsFADBkMQswCQYDVQQGEwJWTjEMMAoGA1UECAwDSENNMQwwCgYDVQQHDANIQ00xDDAKBgNVBAoMA0FDQjESMBAGA1UECwwJSVQgLSBEVktOMRcwFQYDVQQDDA5DdW9uZyBQaGFtIEIxMDAeFw0yMjExMjkwMzE3NTBaFw0zMjExMjkwMzE3NTBaMGQxCzAJBgNVBAYTAlZOMQwwCgYDVQQIDANIQ00xDDAKBgNVBAcMA0hDTTEMMAoGA1UECgwDQUNCMRIwEAYDVQQLDAlJVCAtIERWS04xFzAVBgNVBAMMDkN1b25nIFBoYW0gQjEwMIIBIjANBgkqhkiG9w0BAQEFAAOCAQ8AMIIBCgKCAQEAorTh+kRlrLfQSt/ZqHxTDlPZaqzJFDWYgybIn95f21WnQYZeQJBNAE9N+aEZlLXT8pcPy3fkfUVdc34NEI1GDCcXxa9EdBPupFFiW+1rU9Do0I12x6VqWDvEj+7YVW8Gd/0kn7AY5YfqjSVPpa7+I69kpa/vHqo8HBjkl97j16nSO1sYj3aN2v2XYInac5TiIouykdxlv3b2y+iTf5KTnqus/9w5IUn33zNJ42A8woZW4SD7Lcv0ZxL6JiX59wKz90nRWeTAxi+Bf4wMYV9y0WzzNaLAnbmThoyjWcL11IHIJWLV1UqV30X9m4hvfI/zDIUIhdXu1WIlvBXDDn4f9QIDAQABMA0GCSqGSIb3DQEBCwUAA4IBAQBjAzbybbHskE2gogcTwUHvkKgJRcP/vAJgTLpeytB4pIdscLmeKDMwQCqGxYDC90kvmtRtWfSfeu3aUDA2ICtTQLvryDgvhlXqQ1PXAT7jSp2/XO1Ips4wNBPDazrgX9pVNCk1itiO1bx+fMPLtliyAxbDOkRt3CWFFgo2pimLCgyQeUY2QqpRmNP7HK0MYlIVJW2u0YeI/QH4KTjj0vLdDte6byz5TTaa0zi2z4Rr303rrmmia5zw8674plWyLJU6GHzC+PrAe14DfzFA4cK2Ip8Ya7eicrCWk1/DM+HKKR0253WIoi8o5yMs0q5JJSM7lvFpYLu+sYtRXl5Pm1L6AAAxggIeMIICGgIBATBsMGQxCzAJBgNVBAYTAlZOMQwwCgYDVQQIDANIQ00xDDAKBgNVBAcMA0hDTTEMMAoGA1UECgwDQUNCMRIwEAYDVQQLDAlJVCAtIERWS04xFzAVBgNVBAMMDkN1b25nIFBoYW0gQjEwAgRjhXneMAkGBSsOAwIaBQCggYgwGAYJKoZIhvcNAQkDMQsGCSqGSIb3DQEHATAcBgkqhkiG9w0BCQUxDxcNMjUwNDEzMjAyNjM3WjAjBgkqhkiG9w0BCQQxFgQU/olD3gRbeFDLnhD7ZsaqPgnJlbQwKQYJKoZIhvcNAQk0MRwwGjAJBgUrDgMCGgUAoQ0GCSqGSIb3DQEBAQUAMA0GCSqGSIb3DQEBAQUABIIBAHGdsL3Jv+QM8PyMe7cnK1kDJbIuLuKcv9x33cvIKa82iR4JqRDFPvPglOrgamVCpYaxcRb2zqZgayeYbNraXyvhcdnF2jm+FR7KdLU9x3zFw0eosGP0x4vxXkc5Ipp4xG/6kjGGueb75rEkXcf3G92jDfZAKS2400WmYwcpljp08xLnxXjH/NvfxvKZvGoYXf1XelWZ0YoptfbpGWxWTBbxxP5jyF092vl3dEFwuVy0nrd9c4z3uZiecLusfdjfOVLXhuiBX6UhAYF9uQ5a7G1E4o66j2EapM5sc49PF9u0Wl0F+OSyAV0DbKetaQ0y+LERavOBKzgNQSmzYtKxS6sAAAAAAAA=",
      "authorizationId" : "72d9c963-4a20-40f3-bef1-9b773369826b"
    } ]
  }
}
Headers:		Authorization=Bearer eyJhbGciOiJSUzI1NiIsInR5cCIgOiAiSldUIiwia2lkIiA6ICIyTDR2cFBsXzVQRUY5clljdksxb3dWbkZYeW1GeklyT3VJN3NOZkhSUC1zIn0.eyJleHAiOjE3NDQ2MDQ3NzEsImlhdCI6MTc0NDU3NTk3MSwianRpIjoiYzAxZDU0ZGItMjRjMi00NzJjLTk2MGEtZjFmYzk1OWE3N2FkIiwiaXNzIjoiaHR0cHM6Ly9pZC5hY2Iudm4vYXV0aC9yZWFsbXMvc29iYSIsInN1YiI6ImQxNWJiYjNhLTgxNTEtNGVhOC1hYTM1LTAxMmJiZjJhZTc0OSIsInR5cCI6IkJlYXJlciIsImF6cCI6IjJmNGUxMzc5YWRkYjJjNmYwNTlkNTNmNjIyYjZiZjgwIiwic2Vzc2lvbl9zdGF0ZSI6ImRjOWJkMTQyLTM4MDUtNDY0Ny05NjMxLTAxODVkOTM0NmQ0YyIsImFjciI6IjEiLCJzY29wZSI6InNlcnZpY2U6cGF5bWVudC1vcmRlciBzZXJ2aWNlOnZpcnR1YWwtYWNjb3VudCBzZXJ2aWNlOmJlbmVmaWNpYXJ5IHNlcnZpY2U6dHJhbnNhY3Rpb24taGlzdG9yeSBzZXJ2aWNlOmFjY291bnQtaW5mb3JtYXRpb24gc2VydmljZTp0cmFuc2FjdGlvbi1ub3RpZmljYXRpb24gc2VydmljZTphdXRoZW50aWNhdGlvbiBzZXJ2aWNlOmV3YWxsZXQgc29iYS1hcGkgc2VydmljZTptZXJjaGFudC1zb2x1dGlvbiIsImN1c3RvbWVyX3R5cGUiOiJPUkciLCJjbGllbnRJZCI6IjJmNGUxMzc5YWRkYjJjNmYwNTlkNTNmNjIyYjZiZjgwIiwiY2xpZW50SG9zdCI6IjEyNy4wLjAuMSIsImFjY291bnRfbWFqb3JzIjoiQ0siLCJzZXJ2aWNlX3Byb3ZpZGVyIjp0cnVlLCJhY2NvdW50X21pbm9ycyI6IkcwMTEiLCJjbGllbnRBZGRyZXNzIjoiMTI3LjAuMC4xIiwic2VnbWVudDEiOiJQSUtBIiwiZXdhbGxldF9zcCI6IlBJS0EiLCJjdXN0b21lcl9hY2NvdW50cyI6IjgwMDYxOTU5IiwicHJvdmlkZXJfaWQiOiJQSUtBIiwiY3VzdG9tZXJfaWQiOiI4MDExNzEiLCJwcm92aWRlcl9uYW1lIjoiUElLQSJ9.DJTy3YIQbP3yb-FGnI6ImkF4I9QPsknvrP7UMcJkSN1SY4gftWNVMv0XdU1nzvHXkzThHx2LVrSxbnRNRRNyTIGmaxr1gIQD1NxS0bngRAU65ktBg6KMak7cZr6H5V9aLf45y-SQ-XfX7W-Z72OyHcWE1Erc_5EqYOVLNNfYuz4F0sXGUuZJ55vkiznKJlPxBgKBTNUCz2S15BAEKIpsnqcr5XjaN_2bZGX4bfl5IhQ1kF3VCNi3Je38as4hRpAiLEOjP74WCV7HzpgRC7lT9gbbFKaaSTYs4V4DsJ6m9lwQOoYC0RCn4D82t-ZHszbRKdie0_aYJmqH4YbsQoeTH5fZm7k3wiPQVwPSAaPihMEJAKOKImBvEkoF1Gvu1XQBHCr5MT0Y6i_GPrgVvCoQzHFflJabK4MAnyd4GhDDizd2jRqnKVpWQ_2NfKow70k0dniIz33mE1Z4flrXtca3NxU36d08__wxiqQ48pkTM7I0zBmTOSSF9mY-Z8G3qOFAa-MqvyGFv95Ij5fgvGXrV5hAMdQuBNQwMJAGRMvu4Fy0Sp0MSw-05FIaKD5JEF9dzf5BtA2WpFJtgFO9MbmASoZMf-SxwnDpmldBfCola7OI-pwGIUpNPOt8rtjP8KEJm6bXanhA7mPfJrdKbKI_K057N5_ZokvMAglbhx2FNos
				X-Channel=SOBA
				X-Client-ID=2f4e1379addb2c6f059d53f622b6bf80
				X-Provider-ID=PIKA
				X-Request-ID=8d543033-803a-43c3-959c-d249a42a8ab7
				Accept=*/*
				Content-Type=application/json
Headers:		Authorization=Bearer eyJhbGciOiJSUzI1NiIsInR5cCIgOiAiSldUIiwia2lkIiA6ICIyTDR2cFBsXzVQRUY5clljdksxb3dWbkZYeW1GeklyT3VJN3NOZkhSUC1zIn0.eyJleHAiOjE3NDQ2MDQ3NzEsImlhdCI6MTc0NDU3NTk3MSwianRpIjoiYzAxZDU0ZGItMjRjMi00NzJjLTk2MGEtZjFmYzk1OWE3N2FkIiwiaXNzIjoiaHR0cHM6Ly9pZC5hY2Iudm4vYXV0aC9yZWFsbXMvc29iYSIsInN1YiI6ImQxNWJiYjNhLTgxNTEtNGVhOC1hYTM1LTAxMmJiZjJhZTc0OSIsInR5cCI6IkJlYXJlciIsImF6cCI6IjJmNGUxMzc5YWRkYjJjNmYwNTlkNTNmNjIyYjZiZjgwIiwic2Vzc2lvbl9zdGF0ZSI6ImRjOWJkMTQyLTM4MDUtNDY0Ny05NjMxLTAxODVkOTM0NmQ0YyIsImFjciI6IjEiLCJzY29wZSI6InNlcnZpY2U6cGF5bWVudC1vcmRlciBzZXJ2aWNlOnZpcnR1YWwtYWNjb3VudCBzZXJ2aWNlOmJlbmVmaWNpYXJ5IHNlcnZpY2U6dHJhbnNhY3Rpb24taGlzdG9yeSBzZXJ2aWNlOmFjY291bnQtaW5mb3JtYXRpb24gc2VydmljZTp0cmFuc2FjdGlvbi1ub3RpZmljYXRpb24gc2VydmljZTphdXRoZW50aWNhdGlvbiBzZXJ2aWNlOmV3YWxsZXQgc29iYS1hcGkgc2VydmljZTptZXJjaGFudC1zb2x1dGlvbiIsImN1c3RvbWVyX3R5cGUiOiJPUkciLCJjbGllbnRJZCI6IjJmNGUxMzc5YWRkYjJjNmYwNTlkNTNmNjIyYjZiZjgwIiwiY2xpZW50SG9zdCI6IjEyNy4wLjAuMSIsImFjY291bnRfbWFqb3JzIjoiQ0siLCJzZXJ2aWNlX3Byb3ZpZGVyIjp0cnVlLCJhY2NvdW50X21pbm9ycyI6IkcwMTEiLCJjbGllbnRBZGRyZXNzIjoiMTI3LjAuMC4xIiwic2VnbWVudDEiOiJQSUtBIiwiZXdhbGxldF9zcCI6IlBJS0EiLCJjdXN0b21lcl9hY2NvdW50cyI6IjgwMDYxOTU5IiwicHJvdmlkZXJfaWQiOiJQSUtBIiwiY3VzdG9tZXJfaWQiOiI4MDExNzEiLCJwcm92aWRlcl9uYW1lIjoiUElLQSJ9.DJTy3YIQbP3yb-FGnI6ImkF4I9QPsknvrP7UMcJkSN1SY4gftWNVMv0XdU1nzvHXkzThHx2LVrSxbnRNRRNyTIGmaxr1gIQD1NxS0bngRAU65ktBg6KMak7cZr6H5V9aLf45y-SQ-XfX7W-Z72OyHcWE1Erc_5EqYOVLNNfYuz4F0sXGUuZJ55vkiznKJlPxBgKBTNUCz2S15BAEKIpsnqcr5XjaN_2bZGX4bfl5IhQ1kF3VCNi3Je38as4hRpAiLEOjP74WCV7HzpgRC7lT9gbbFKaaSTYs4V4DsJ6m9lwQOoYC0RCn4D82t-ZHszbRKdie0_aYJmqH4YbsQoeTH5fZm7k3wiPQVwPSAaPihMEJAKOKImBvEkoF1Gvu1XQBHCr5MT0Y6i_GPrgVvCoQzHFflJabK4MAnyd4GhDDizd2jRqnKVpWQ_2NfKow70k0dniIz33mE1Z4flrXtca3NxU36d08__wxiqQ48pkTM7I0zBmTOSSF9mY-Z8G3qOFAa-MqvyGFv95Ij5fgvGXrV5hAMdQuBNQwMJAGRMvu4Fy0Sp0MSw-05FIaKD5JEF9dzf5BtA2WpFJtgFO9MbmASoZMf-SxwnDpmldBfCola7OI-pwGIUpNPOt8rtjP8KEJm6bXanhA7mPfJrdKbKI_K057N5_ZokvMAglbhx2FNos
				X-Channel=SOBA
				X-Client-ID=2f4e1379addb2c6f059d53f622b6bf80
				X-Provider-ID=PIKA
				X-Request-ID=8d543033-803a-43c3-959c-d249a42a8ab7
				Accept=*/*
				Content-Type=application/json
2025-04-14 03:26:37 [main] INFO  API_TEST - Payment Order Response - Status Code: 200
2025-04-14 03:26:37 [main] INFO  API_TEST - Payment Order Response - Headers: Connection=Keep-Alive
Transfer-Encoding=chunked
Date=Sun, 13 Apr 2025 20:26:37 GMT
Content-Type=application/json; charset=utf-8
X-Powered-By=Express
X-Request-Id=8d543033-803a-43c3-959c-d249a42a8ab7
ETag=W/"160-WCdyPNf+nKJ2riIr3Snhwxhqsls"
Strict-Transport-Security=max-age=63072000; includeSubDomains; preload
X-Global-Transaction-ID=09cb96d367fc1d6004ca6a92
X-RateLimit-Limit=name=Default rate-limit,200;
X-RateLimit-Remaining=name=Default rate-limit,199;
X-BurstLimit-Limit=name=Default burst-limit,10;
X-BurstLimit-Remaining=name=Default burst-limit,9;
Content-Encoding=gzip
Set-Cookie=acb=386078986.58148.0000; path=/; Httponly; Secure
2025-04-14 03:26:37 [main] INFO  API_TEST - Payment Order Response - Body: 
{
    "requestTrace": "b7b84344-2cc4-4cdc-bc70-47eeedea3631",
    "responseDateTime": "2025-04-14T03:26:37+07:00",
    "responseStatus": {
        "responseCode": "00000000",
        "responseMessage": "success"
    },
    "responseData": {
        "transaction": {
            "transactionTraceNumber": "citad5600631158",
            "status": "ORIG",
            "statusMessage": "Waiting for processed",
            "createdDateTime": "2025-04-13T20:26:37.000Z"
        }
    }
}
2025-04-14 03:26:37 [main] INFO  API_TEST - Sending Request Body: 
{
  "requestTrace" : "b7b84344-2cc4-4cdc-bc70-47eeedea3631",
  "requestDateTime" : "2025-04-14T03:26:36.840301+07:00",
  "requestParameters" : {
    "data" : {
      "sourceAccountNumber" : "80061959",
      "transaction" : {
        "transactionTraceNumber" : "citad5600631158",
        "transactionType" : "CITAD",
        "beneficiary" : {
          "citad" : {
            "bank" : {
              "citadCode" : "01201001"
            },
            "target" : {
              "account" : {
                "accountNumber" : "1015699329",
                "beneficiaryName" : "NGUYEN VAN C"
              }
            }
          }
        },
        "amount" : {
          "sourceCurrency" : "VND",
          "targetCurrency" : "VND",
          "amount" : "200000",
          "exchangeRate" : "1",
          "exchangeAmount" : "200000"
        },
        "remarks" : "Chi don "
      }
    },
    "authorizations" : [ {
      "authorizationString" : "MIAGCSqGSIb3DQEHAqCAMIACAQExCzAJBgUrDgMCGgUAMIAGCSqGSIb3DQEHAaCAJIAEgYBhAGYAOQA1AGUAZgA5AGEAZQA5AGUAMQA4ADUAMAA5ADQAOQA2AGUANAA3ADEAMQBiADIAOQBhAGMANgAzADAANABkADkANQA1AGYAYwA5ADgANQBiAGMANQAzADEAMQBiADUAOAA0ADcAYQBiADQAYwBmADkANAAxAGYANwA3AAAAAAAAAKCAMIIDRDCCAiygAwIBAgIEY4V5pDANBgkqhkiG9w0BAQsFADBkMQswCQYDVQQGEwJWTjEMMAoGA1UECAwDSENNMQwwCgYDVQQHDANIQ00xDDAKBgNVBAoMA0FDQjESMBAGA1UECwwJSVQgLSBEVktOMRcwFQYDVQQDDA5DdW9uZyBQaGFtIEExMDAeFw0yMjExMjkwMzE2NTJaFw0zMjExMjkwMzE2NTJaMGQxCzAJBgNVBAYTAlZOMQwwCgYDVQQIDANIQ00xDDAKBgNVBAcMA0hDTTEMMAoGA1UECgwDQUNCMRIwEAYDVQQLDAlJVCAtIERWS04xFzAVBgNVBAMMDkN1b25nIFBoYW0gQTEwMIIBIjANBgkqhkiG9w0BAQEFAAOCAQ8AMIIBCgKCAQEAiNUdY2zCxZnyFHO81b2OQAqW5rHylxlD+kLVDcwMUtSYEVVdxOtVK0fWni8e+9dz6wXuJI6bs/NgsLl4jPZVfzzLhDstrc8fWj0+BdIoQJe9CZuew8GLQc/pZ0mTH97ol6GWezL97ODZpf7PSsrA0b9UCV9n1PnAmBb7sM2AiEJy/ZuqSkPe0b8KRnyuE0ED94ScVoaiz6axYVISeF7QPRH00Gvi4fdJCdTiFlukp/0i9ZuhJxDO0JZ1eZlj2YI80vPo6WHeMDKeJ4JP2WPc4hfh8knNg+iKH2AoX2Co8T8DUhJjNDfFy6vO2Ej7B2qxZ4xXr+nSpcRdX1r0M3sr9QIDAQABMA0GCSqGSIb3DQEBCwUAA4IBAQBAXikxeNOzMknfMZsJg+vXUsMy5KXF2Jf5xm1FCRCbBVxmZXE1+6njsGaCixS1Lpi4/KbfwQ6XC1k8Dv40Pd6Koscnx5BuSjkLYkFFMlzHdchmLTJxrn86c6UMnb/MUXoQtqJ3bYBdwlc//YDc3XVKBDsOipZ0QY8zDpsz/4GaRQ3ua3UL2VyD94u1WKUB7JYPCxeRcDDgszLExOQ6FOHFGvZiF+yrQLXfYpktg4cgBXx4J6cDlvha8YBDM1DYX6sLwDy2XixDlACLtNxcRODC3rpVS/bSHC4WQkfTadwfkHoFB6iBm22P4KdxcHV2VP5YnHJ/Vaza4ghv/fEgxIWLAAAxggIeMIICGgIBATBsMGQxCzAJBgNVBAYTAlZOMQwwCgYDVQQIDANIQ00xDDAKBgNVBAcMA0hDTTEMMAoGA1UECgwDQUNCMRIwEAYDVQQLDAlJVCAtIERWS04xFzAVBgNVBAMMDkN1b25nIFBoYW0gQTEwAgRjhXmkMAkGBSsOAwIaBQCggYgwGAYJKoZIhvcNAQkDMQsGCSqGSIb3DQEHATAcBgkqhkiG9w0BCQUxDxcNMjUwNDEzMjAyNjM2WjAjBgkqhkiG9w0BCQQxFgQU/olD3gRbeFDLnhD7ZsaqPgnJlbQwKQYJKoZIhvcNAQk0MRwwGjAJBgUrDgMCGgUAoQ0GCSqGSIb3DQEBAQUAMA0GCSqGSIb3DQEBAQUABIIBAD/rO5eJZeVjzooF8cQB59EBVg6W7NZvyRh/U6mTVMtTua1HituuQy1LgjE1bVYY3OOj7bFCdZsAfN9iHIxo+zMzRQkjAPEEqSfltLvD+wCEqSCeSp/RlBVB3RARti59DKW+uh9S0yVcxxRqSmrF4KcL/r1WFWSsEK2/nu+ULAUQQt/74nT/S6lzUDW0gardjhcuY7a93XkDYCHmeK6oXsUn6uRukzWaIiq9IJ+bD0k+2Ju16JQ7EXFxfps+JXmtEBYYDXXgxJJwUJwcRteTT1ZKQza762EfSoGRtMciTn389XJQTP37CjIzFfg7pxADVLofA0cyDPPxnCM/93HHQvAAAAAAAAA=",
      "authorizationId" : "1526fa6a-4388-4234-99e5-846ba2c6e328"
    }, {
      "authorizationString" : "MIAGCSqGSIb3DQEHAqCAMIACAQExCzAJBgUrDgMCGgUAMIAGCSqGSIb3DQEHAaCAJIAEgYBhAGYAOQA1AGUAZgA5AGEAZQA5AGUAMQA4ADUAMAA5ADQAOQA2AGUANAA3ADEAMQBiADIAOQBhAGMANgAzADAANABkADkANQA1AGYAYwA5ADgANQBiAGMANQAzADEAMQBiADUAOAA0ADcAYQBiADQAYwBmADkANAAxAGYANwA3AAAAAAAAAKCAMIIDRDCCAiygAwIBAgIEY4V53jANBgkqhkiG9w0BAQsFADBkMQswCQYDVQQGEwJWTjEMMAoGA1UECAwDSENNMQwwCgYDVQQHDANIQ00xDDAKBgNVBAoMA0FDQjESMBAGA1UECwwJSVQgLSBEVktOMRcwFQYDVQQDDA5DdW9uZyBQaGFtIEIxMDAeFw0yMjExMjkwMzE3NTBaFw0zMjExMjkwMzE3NTBaMGQxCzAJBgNVBAYTAlZOMQwwCgYDVQQIDANIQ00xDDAKBgNVBAcMA0hDTTEMMAoGA1UECgwDQUNCMRIwEAYDVQQLDAlJVCAtIERWS04xFzAVBgNVBAMMDkN1b25nIFBoYW0gQjEwMIIBIjANBgkqhkiG9w0BAQEFAAOCAQ8AMIIBCgKCAQEAorTh+kRlrLfQSt/ZqHxTDlPZaqzJFDWYgybIn95f21WnQYZeQJBNAE9N+aEZlLXT8pcPy3fkfUVdc34NEI1GDCcXxa9EdBPupFFiW+1rU9Do0I12x6VqWDvEj+7YVW8Gd/0kn7AY5YfqjSVPpa7+I69kpa/vHqo8HBjkl97j16nSO1sYj3aN2v2XYInac5TiIouykdxlv3b2y+iTf5KTnqus/9w5IUn33zNJ42A8woZW4SD7Lcv0ZxL6JiX59wKz90nRWeTAxi+Bf4wMYV9y0WzzNaLAnbmThoyjWcL11IHIJWLV1UqV30X9m4hvfI/zDIUIhdXu1WIlvBXDDn4f9QIDAQABMA0GCSqGSIb3DQEBCwUAA4IBAQBjAzbybbHskE2gogcTwUHvkKgJRcP/vAJgTLpeytB4pIdscLmeKDMwQCqGxYDC90kvmtRtWfSfeu3aUDA2ICtTQLvryDgvhlXqQ1PXAT7jSp2/XO1Ips4wNBPDazrgX9pVNCk1itiO1bx+fMPLtliyAxbDOkRt3CWFFgo2pimLCgyQeUY2QqpRmNP7HK0MYlIVJW2u0YeI/QH4KTjj0vLdDte6byz5TTaa0zi2z4Rr303rrmmia5zw8674plWyLJU6GHzC+PrAe14DfzFA4cK2Ip8Ya7eicrCWk1/DM+HKKR0253WIoi8o5yMs0q5JJSM7lvFpYLu+sYtRXl5Pm1L6AAAxggIeMIICGgIBATBsMGQxCzAJBgNVBAYTAlZOMQwwCgYDVQQIDANIQ00xDDAKBgNVBAcMA0hDTTEMMAoGA1UECgwDQUNCMRIwEAYDVQQLDAlJVCAtIERWS04xFzAVBgNVBAMMDkN1b25nIFBoYW0gQjEwAgRjhXneMAkGBSsOAwIaBQCggYgwGAYJKoZIhvcNAQkDMQsGCSqGSIb3DQEHATAcBgkqhkiG9w0BCQUxDxcNMjUwNDEzMjAyNjM3WjAjBgkqhkiG9w0BCQQxFgQU/olD3gRbeFDLnhD7ZsaqPgnJlbQwKQYJKoZIhvcNAQk0MRwwGjAJBgUrDgMCGgUAoQ0GCSqGSIb3DQEBAQUAMA0GCSqGSIb3DQEBAQUABIIBAHGdsL3Jv+QM8PyMe7cnK1kDJbIuLuKcv9x33cvIKa82iR4JqRDFPvPglOrgamVCpYaxcRb2zqZgayeYbNraXyvhcdnF2jm+FR7KdLU9x3zFw0eosGP0x4vxXkc5Ipp4xG/6kjGGueb75rEkXcf3G92jDfZAKS2400WmYwcpljp08xLnxXjH/NvfxvKZvGoYXf1XelWZ0YoptfbpGWxWTBbxxP5jyF092vl3dEFwuVy0nrd9c4z3uZiecLusfdjfOVLXhuiBX6UhAYF9uQ5a7G1E4o66j2EapM5sc49PF9u0Wl0F+OSyAV0DbKetaQ0y+LERavOBKzgNQSmzYtKxS6sAAAAAAAA=",
      "authorizationId" : "72d9c963-4a20-40f3-bef1-9b773369826b"
    } ]
  }
}
2025-04-14 03:26:37 [main] INFO  API_TEST - Response - Status Code: 200
2025-04-14 03:26:37 [main] INFO  API_TEST - Response - Headers: Connection=Keep-Alive
Transfer-Encoding=chunked
Date=Sun, 13 Apr 2025 20:26:37 GMT
Content-Type=application/json; charset=utf-8
X-Powered-By=Express
X-Request-Id=8d543033-803a-43c3-959c-d249a42a8ab7
ETag=W/"160-WCdyPNf+nKJ2riIr3Snhwxhqsls"
Strict-Transport-Security=max-age=63072000; includeSubDomains; preload
X-Global-Transaction-ID=09cb96d367fc1d6004ca6a92
X-RateLimit-Limit=name=Default rate-limit,200;
X-RateLimit-Remaining=name=Default rate-limit,199;
X-BurstLimit-Limit=name=Default burst-limit,10;
X-BurstLimit-Remaining=name=Default burst-limit,9;
Content-Encoding=gzip
Set-Cookie=acb=386078986.58148.0000; path=/; Httponly; Secure
2025-04-14 03:26:37 [main] INFO  API_TEST - Response - Body: 
{
    "requestTrace": "b7b84344-2cc4-4cdc-bc70-47eeedea3631",
    "responseDateTime": "2025-04-14T03:26:37+07:00",
    "responseStatus": {
        "responseCode": "00000000",
        "responseMessage": "success"
    },
    "responseData": {
        "transaction": {
            "transactionTraceNumber": "citad5600631158",
            "status": "ORIG",
            "statusMessage": "Waiting for processed",
            "createdDateTime": "2025-04-13T20:26:37.000Z"
        }
    }
}
2025-04-14 03:26:47 [main] INFO  API_TEST - fromDate not specified in test case, using current date: 2025-04-14
2025-04-14 03:26:47 [main] INFO  API_TEST - toDate not specified in test case, using current date: 2025-04-14
2025-04-14 03:26:47 [main] INFO  API_TEST - Sending Transaction History Request to: https://sandbox.acb.com.vn/acb/open/payments/payment-order/v2/transaction?transactionTraceNumber=citad5600631158&fromDate=2025-04-14&toDate=2025-04-14
2025-04-14 03:26:47 [main] INFO  API_TEST - Request Headers: X-Channel=SOBA, X-Client-ID=2f4e1379addb2c6f059d53f622b6bf80, X-Provider-ID=PAYMENT-ORDER, X-Request-ID=2b34093a-57d1-491f-b624-f832d54a4816, Authorization=Bearer eyJhbGciOiJSUzI1NiIsInR5cCIgOiAiSldUIiwia2lkIiA6ICIyTDR2cFBsXzVQRUY5clljdksxb3dWbkZYeW1GeklyT3VJN3NOZkhSUC1zIn0.eyJleHAiOjE3NDQ2MDQ3NzEsImlhdCI6MTc0NDU3NTk3MSwianRpIjoiYzAxZDU0ZGItMjRjMi00NzJjLTk2MGEtZjFmYzk1OWE3N2FkIiwiaXNzIjoiaHR0cHM6Ly9pZC5hY2Iudm4vYXV0aC9yZWFsbXMvc29iYSIsInN1YiI6ImQxNWJiYjNhLTgxNTEtNGVhOC1hYTM1LTAxMmJiZjJhZTc0OSIsInR5cCI6IkJlYXJlciIsImF6cCI6IjJmNGUxMzc5YWRkYjJjNmYwNTlkNTNmNjIyYjZiZjgwIiwic2Vzc2lvbl9zdGF0ZSI6ImRjOWJkMTQyLTM4MDUtNDY0Ny05NjMxLTAxODVkOTM0NmQ0YyIsImFjciI6IjEiLCJzY29wZSI6InNlcnZpY2U6cGF5bWVudC1vcmRlciBzZXJ2aWNlOnZpcnR1YWwtYWNjb3VudCBzZXJ2aWNlOmJlbmVmaWNpYXJ5IHNlcnZpY2U6dHJhbnNhY3Rpb24taGlzdG9yeSBzZXJ2aWNlOmFjY291bnQtaW5mb3JtYXRpb24gc2VydmljZTp0cmFuc2FjdGlvbi1ub3RpZmljYXRpb24gc2VydmljZTphdXRoZW50aWNhdGlvbiBzZXJ2aWNlOmV3YWxsZXQgc29iYS1hcGkgc2VydmljZTptZXJjaGFudC1zb2x1dGlvbiIsImN1c3RvbWVyX3R5cGUiOiJPUkciLCJjbGllbnRJZCI6IjJmNGUxMzc5YWRkYjJjNmYwNTlkNTNmNjIyYjZiZjgwIiwiY2xpZW50SG9zdCI6IjEyNy4wLjAuMSIsImFjY291bnRfbWFqb3JzIjoiQ0siLCJzZXJ2aWNlX3Byb3ZpZGVyIjp0cnVlLCJhY2NvdW50X21pbm9ycyI6IkcwMTEiLCJjbGllbnRBZGRyZXNzIjoiMTI3LjAuMC4xIiwic2VnbWVudDEiOiJQSUtBIiwiZXdhbGxldF9zcCI6IlBJS0EiLCJjdXN0b21lcl9hY2NvdW50cyI6IjgwMDYxOTU5IiwicHJvdmlkZXJfaWQiOiJQSUtBIiwiY3VzdG9tZXJfaWQiOiI4MDExNzEiLCJwcm92aWRlcl9uYW1lIjoiUElLQSJ9.DJTy3YIQbP3yb-FGnI6ImkF4I9QPsknvrP7UMcJkSN1SY4gftWNVMv0XdU1nzvHXkzThHx2LVrSxbnRNRRNyTIGmaxr1gIQD1NxS0bngRAU65ktBg6KMak7cZr6H5V9aLf45y-SQ-XfX7W-Z72OyHcWE1Erc_5EqYOVLNNfYuz4F0sXGUuZJ55vkiznKJlPxBgKBTNUCz2S15BAEKIpsnqcr5XjaN_2bZGX4bfl5IhQ1kF3VCNi3Je38as4hRpAiLEOjP74WCV7HzpgRC7lT9gbbFKaaSTYs4V4DsJ6m9lwQOoYC0RCn4D82t-ZHszbRKdie0_aYJmqH4YbsQoeTH5fZm7k3wiPQVwPSAaPihMEJAKOKImBvEkoF1Gvu1XQBHCr5MT0Y6i_GPrgVvCoQzHFflJabK4MAnyd4GhDDizd2jRqnKVpWQ_2NfKow70k0dniIz33mE1Z4flrXtca3NxU36d08__wxiqQ48pkTM7I0zBmTOSSF9mY-Z8G3qOFAa-MqvyGFv95Ij5fgvGXrV5hAMdQuBNQwMJAGRMvu4Fy0Sp0MSw-05FIaKD5JEF9dzf5BtA2WpFJtgFO9MbmASoZMf-SxwnDpmldBfCola7OI-pwGIUpNPOt8rtjP8KEJm6bXanhA7mPfJrdKbKI_K057N5_ZokvMAglbhx2FNos
2025-04-14 03:26:47 [main] INFO  API_TEST - Response Status Code: 200
2025-04-14 03:26:47 [main] INFO  API_TEST - Response Headers: Connection=Keep-Alive
Transfer-Encoding=chunked
Date=Sun, 13 Apr 2025 20:26:48 GMT
Content-Type=application/json; charset=utf-8
X-Powered-By=Express
X-Request-Id=2b34093a-57d1-491f-b624-f832d54a4816
ETag=W/"2db-PIXybTHMDoaFn/asTz8lkwjxY2E"
Strict-Transport-Security=max-age=63072000; includeSubDomains; preload
X-Global-Transaction-ID=09cb96d367fc1d6a04ca6b12
X-RateLimit-Limit=name=Default rate-limit,200;
X-RateLimit-Remaining=name=Default rate-limit,198;
X-BurstLimit-Limit=name=Default burst-limit,10;
X-BurstLimit-Remaining=name=Default burst-limit,9;
Content-Encoding=gzip
Set-Cookie=acb=386078986.58148.0000; path=/; Httponly; Secure
2025-04-14 03:26:47 [main] INFO  API_TEST - Response Body: {"responseDateTime":"2025-04-14T03:26:48+07:00","responseStatus":{"responseCode":"00000000","responseMessage":"success"},"responseData":{"transactions":[{"transactionTraceNumber":"citad5600631158","status":"TRAN","statusMessage":"Success transfer transaction","serviceChargeAmount":0,"sourceAcocuntNumber":"80061959","transactionNumber":13519,"amount":{"sourceCurrency":"VND","targetCurrency":"VND","amount":"200000","exchangeRate":"1","exchangeAmount":"200000"},"remarks":"Chi don ","transactionType":"CITAD","beneficiary":{"citad":{"bank":{"code":"90","citadCode":"01201001"},"target":{"account":{"accountNumber":"1015699329","beneficiaryName":"NGUYEN VAN C"}}}}}],"pagination":{"totalRows":1,"totalPages":1,"page":1,"size":20}}}
2025-04-14 03:26:47 [main] INFO  API_TEST - Sending Request Body: 
None (GET request)
2025-04-14 03:26:47 [main] INFO  API_TEST - Response - Status Code: 200
2025-04-14 03:26:47 [main] INFO  API_TEST - Response - Headers: Connection=Keep-Alive
Transfer-Encoding=chunked
Date=Sun, 13 Apr 2025 20:26:48 GMT
Content-Type=application/json; charset=utf-8
X-Powered-By=Express
X-Request-Id=2b34093a-57d1-491f-b624-f832d54a4816
ETag=W/"2db-PIXybTHMDoaFn/asTz8lkwjxY2E"
Strict-Transport-Security=max-age=63072000; includeSubDomains; preload
X-Global-Transaction-ID=09cb96d367fc1d6a04ca6b12
X-RateLimit-Limit=name=Default rate-limit,200;
X-RateLimit-Remaining=name=Default rate-limit,198;
X-BurstLimit-Limit=name=Default burst-limit,10;
X-BurstLimit-Remaining=name=Default burst-limit,9;
Content-Encoding=gzip
Set-Cookie=acb=386078986.58148.0000; path=/; Httponly; Secure
2025-04-14 03:26:47 [main] INFO  API_TEST - Response - Body: 
{
    "responseDateTime": "2025-04-14T03:26:48+07:00",
    "responseStatus": {
        "responseCode": "00000000",
        "responseMessage": "success"
    },
    "responseData": {
        "transactions": [
            {
                "transactionTraceNumber": "citad5600631158",
                "status": "TRAN",
                "statusMessage": "Success transfer transaction",
                "serviceChargeAmount": 0,
                "sourceAcocuntNumber": "80061959",
                "transactionNumber": 13519,
                "amount": {
                    "sourceCurrency": "VND",
                    "targetCurrency": "VND",
                    "amount": "200000",
                    "exchangeRate": "1",
                    "exchangeAmount": "200000"
                },
                "remarks": "Chi don ",
                "transactionType": "CITAD",
                "beneficiary": {
                    "citad": {
                        "bank": {
                            "code": "90",
                            "citadCode": "01201001"
                        },
                        "target": {
                            "account": {
                                "accountNumber": "1015699329",
                                "beneficiaryName": "NGUYEN VAN C"
                            }
                        }
                    }
                }
            }
        ],
        "pagination": {
            "totalRows": 1,
            "totalPages": 1,
            "page": 1,
            "size": 20
        }
    }
}
]]></system-out>
  </testcase>
  <testcase name="testAllPaymentOrders" classname="com.example.tests.APITests" time="0.49">
    <system-out><![CDATA[2025-04-14 03:26:48 [main] INFO  API_TEST - Processing test case TC_006 with apiType: BULK_TRANSACTION
2025-04-14 03:26:48 [main] INFO  com.example.utils.FileUtil - Reading request template from file: requestTemplates/bulk-transaction-template.json
2025-04-14 03:26:48 [main] INFO  com.example.utils.FileUtil - Successfully read template from file: requestTemplates/bulk-transaction-template.json
2025-04-14 03:26:48 [main] INFO  API_TEST - Generated bulkTraceNumber: pika4062138853
2025-04-14 03:26:48 [main] INFO  API_TEST - Generated bulkTraceNumber: pika5413819486
2025-04-14 03:26:48 [main] INFO  API_TEST - Processing transaction with transactionType: INSIDEBANK
2025-04-14 03:26:48 [main] INFO  API_TEST - Generated transactionTraceNumber: inside6296785180
2025-04-14 03:26:48 [main] INFO  API_TEST - Processing transaction with transactionType: IBFT
2025-04-14 03:26:48 [main] INFO  API_TEST - Generated transactionTraceNumber: ibft6083467524
2025-04-14 03:26:48 [main] INFO  API_TEST - Processing transaction with transactionType: CITAD
2025-04-14 03:26:48 [main] INFO  API_TEST - Generated transactionTraceNumber: citad9778857857
2025-04-14 03:26:48 [main] INFO  API_TEST - Generating authorizationString for authorizationId: 1526fa6a-4388-4234-99e5-846ba2c6e328
2025-04-14 03:26:48 [main] INFO  API_TEST - Base64 Data: eyJidWxrVHJhY2VOdW1iZXIiOiJwaWthNTQxMzgxOTQ4NiIsInNvdXJjZUFjY291bnROdW1iZXIiOiI4MDA2MTk1OSIsInRyYW5zYWN0aW9ucyI6W3sidHJhbnNhY3Rpb25UcmFjZU51bWJlciI6Imluc2lkZTYyOTY3ODUxODAiLCJ0cmFuc2FjdGlvblR5cGUiOiJJTlNJREVCQU5LIiwiYmVuZWZpY2lhcnkiOnsiaW5zaWRlIjp7ImFjY291bnQiOnsiYWNjb3VudE51bWJlciI6IkE0NkE0NlAxMDAyMTEiLCJiZW5lZmljaWFyeU5hbWUiOiJBREFNIDI1MTkzIn19fSwiYW1vdW50Ijp7InNvdXJjZUN1cnJlbmN5IjoiVk5EIiwidGFyZ2V0Q3VycmVuY3kiOiJWTkQiLCJhbW91bnQiOiIxMDAwMCIsImV4Y2hhbmdlUmF0ZSI6IjEiLCJleGNoYW5nZUFtb3VudCI6IjEwMDAwIn0sInJlbWFya3MiOiJ0ZXN0cyJ9LHsidHJhbnNhY3Rpb25UcmFjZU51bWJlciI6ImliZnQ2MDgzNDY3NTI0IiwidHJhbnNhY3Rpb25UeXBlIjoiSUJGVCIsImJlbmVmaWNpYXJ5Ijp7ImludGVyYmFuayI6eyJhY2NvdW50TnVtYmVyIjoiMDEyOTgzNzI5NCIsImJlbmVmaWNpYXJ5TmFtZSI6Ik5HVVlFTiBWQU4gQSBWTkJDIiwiYmFuayI6eyJuYXBhc0NvZGUiOiI5NzA0MDYifX19LCJhbW91bnQiOnsic291cmNlQ3VycmVuY3kiOiJWTkQiLCJ0YXJnZXRDdXJyZW5jeSI6IlZORCIsImFtb3VudCI6IjEwMDAwIiwiZXhjaGFuZ2VSYXRlIjoiMSIsImV4Y2hhbmdlQW1vdW50IjoiMTAwMDAifSwicmVtYXJrcyI6InRlc3QgIn0seyJ0cmFuc2FjdGlvblRyYWNlTnVtYmVyIjoiY2l0YWQ5Nzc4ODU3ODU3IiwidHJhbnNhY3Rpb25UeXBlIjoiQ0lUQUQiLCJiZW5lZmljaWFyeSI6eyJjaXRhZCI6eyJiYW5rIjp7ImNpdGFkQ29kZSI6IjAxMjAxMDAxIn0sInRhcmdldCI6eyJhY2NvdW50Ijp7ImFjY291bnROdW1iZXIiOiIxMDE1Njk5MzI5IiwiYmVuZWZpY2lhcnlOYW1lIjoiTkdVWUVOIFZBTiBDIn19fX0sImFtb3VudCI6eyJzb3VyY2VDdXJyZW5jeSI6IlZORCIsInRhcmdldEN1cnJlbmN5IjoiVk5EIiwiYW1vdW50IjoiMjAwMDAwIiwiZXhjaGFuZ2VSYXRlIjoiMSIsImV4Y2hhbmdlQW1vdW50IjoiMjAwMDAwIn0sInJlbWFya3MiOiJDaGkgZG9uICJ9XX0=
2025-04-14 03:26:48 [main] INFO  API_TEST - SHA-256 Hex Data: c23f528b66a3f6c0a3437dc371e9567c17c5f8738542cc4c7d179c11ef83485e
2025-04-14 03:26:48 [main] INFO  API_TEST - Generated Signature for cuong pham a10: MIAGCSqGSIb3DQEHAqCAMIACAQExCzAJBgUrDgMCGgUAMIAGCSqGSIb3DQEHAaCAJIAEgYBjADIAMwBmADUAMgA4AGIANgA2AGEAMwBmADYAYwAwAGEAMwA0ADMANwBkAGMAMwA3ADEAZQA5ADUANgA3AGMAMQA3AGMANQBmADgANwAzADgANQA0ADIAYwBjADQAYwA3AGQAMQA3ADkAYwAxADEAZQBmADgAMwA0ADgANQBlAAAAAAAAAKCAMIIDRDCCAiygAwIBAgIEY4V5pDANBgkqhkiG9w0BAQsFADBkMQswCQYDVQQGEwJWTjEMMAoGA1UECAwDSENNMQwwCgYDVQQHDANIQ00xDDAKBgNVBAoMA0FDQjESMBAGA1UECwwJSVQgLSBEVktOMRcwFQYDVQQDDA5DdW9uZyBQaGFtIEExMDAeFw0yMjExMjkwMzE2NTJaFw0zMjExMjkwMzE2NTJaMGQxCzAJBgNVBAYTAlZOMQwwCgYDVQQIDANIQ00xDDAKBgNVBAcMA0hDTTEMMAoGA1UECgwDQUNCMRIwEAYDVQQLDAlJVCAtIERWS04xFzAVBgNVBAMMDkN1b25nIFBoYW0gQTEwMIIBIjANBgkqhkiG9w0BAQEFAAOCAQ8AMIIBCgKCAQEAiNUdY2zCxZnyFHO81b2OQAqW5rHylxlD+kLVDcwMUtSYEVVdxOtVK0fWni8e+9dz6wXuJI6bs/NgsLl4jPZVfzzLhDstrc8fWj0+BdIoQJe9CZuew8GLQc/pZ0mTH97ol6GWezL97ODZpf7PSsrA0b9UCV9n1PnAmBb7sM2AiEJy/ZuqSkPe0b8KRnyuE0ED94ScVoaiz6axYVISeF7QPRH00Gvi4fdJCdTiFlukp/0i9ZuhJxDO0JZ1eZlj2YI80vPo6WHeMDKeJ4JP2WPc4hfh8knNg+iKH2AoX2Co8T8DUhJjNDfFy6vO2Ej7B2qxZ4xXr+nSpcRdX1r0M3sr9QIDAQABMA0GCSqGSIb3DQEBCwUAA4IBAQBAXikxeNOzMknfMZsJg+vXUsMy5KXF2Jf5xm1FCRCbBVxmZXE1+6njsGaCixS1Lpi4/KbfwQ6XC1k8Dv40Pd6Koscnx5BuSjkLYkFFMlzHdchmLTJxrn86c6UMnb/MUXoQtqJ3bYBdwlc//YDc3XVKBDsOipZ0QY8zDpsz/4GaRQ3ua3UL2VyD94u1WKUB7JYPCxeRcDDgszLExOQ6FOHFGvZiF+yrQLXfYpktg4cgBXx4J6cDlvha8YBDM1DYX6sLwDy2XixDlACLtNxcRODC3rpVS/bSHC4WQkfTadwfkHoFB6iBm22P4KdxcHV2VP5YnHJ/Vaza4ghv/fEgxIWLAAAxggIeMIICGgIBATBsMGQxCzAJBgNVBAYTAlZOMQwwCgYDVQQIDANIQ00xDDAKBgNVBAcMA0hDTTEMMAoGA1UECgwDQUNCMRIwEAYDVQQLDAlJVCAtIERWS04xFzAVBgNVBAMMDkN1b25nIFBoYW0gQTEwAgRjhXmkMAkGBSsOAwIaBQCggYgwGAYJKoZIhvcNAQkDMQsGCSqGSIb3DQEHATAcBgkqhkiG9w0BCQUxDxcNMjUwNDEzMjAyNjQ4WjAjBgkqhkiG9w0BCQQxFgQUZGwJB/FkjsJMFh3jDtz/h51JNE8wKQYJKoZIhvcNAQk0MRwwGjAJBgUrDgMCGgUAoQ0GCSqGSIb3DQEBAQUAMA0GCSqGSIb3DQEBAQUABIIBADW9AU5n76xmTOUliR8LhHGKec4QwxAPTAJahGcCZpMZAp1Hjcr7Bw3fpD3JfaNQAq8XxBgzcZ8Vy/TuthLOpjPaF7xa7dygFcIrtG8G24pkkRZ6FZgb/8V9sgkQbBzVPXEffR20rLjrhQtyhmsWNU6rQnODxGGifsdR8A4A4i3nrGMMVp3hIMb1gaBI8JVwF0Q1p08+1OFgENoRKmujShw4HGbd42DUInz/LweoUQ06Wej/gaCq+sHbFN3bZvvWmGfO9Yz/uWNq3akQW67txwnYI13K8X/CABaP1fWDICAcehkKYWxF8XjzPJ3VjA4zYWuL85nSOTBLfEKOiRu8mZsAAAAAAAA=
2025-04-14 03:26:48 [main] INFO  API_TEST - Updated Request Body after adding authorizationString for authorizationId: 1526fa6a-4388-4234-99e5-846ba2c6e328: 
{
  "requestTrace" : "5ba16d87-eabf-47a9-a5dd-d096752f8251",
  "requestDateTime" : "2025-04-14T03:26:48.034244+07:00",
  "requestParameters" : {
    "data" : {
      "bulkTraceNumber" : "pika5413819486",
      "sourceAccountNumber" : "80061959",
      "transactions" : [ {
        "transactionTraceNumber" : "inside6296785180",
        "transactionType" : "INSIDEBANK",
        "beneficiary" : {
          "inside" : {
            "account" : {
              "accountNumber" : "A46A46P100211",
              "beneficiaryName" : "ADAM 25193"
            }
          }
        },
        "amount" : {
          "sourceCurrency" : "VND",
          "targetCurrency" : "VND",
          "amount" : "10000",
          "exchangeRate" : "1",
          "exchangeAmount" : "10000"
        },
        "remarks" : "tests"
      }, {
        "transactionTraceNumber" : "ibft6083467524",
        "transactionType" : "IBFT",
        "beneficiary" : {
          "interbank" : {
            "accountNumber" : "0129837294",
            "beneficiaryName" : "NGUYEN VAN A VNBC",
            "bank" : {
              "napasCode" : "970406"
            }
          }
        },
        "amount" : {
          "sourceCurrency" : "VND",
          "targetCurrency" : "VND",
          "amount" : "10000",
          "exchangeRate" : "1",
          "exchangeAmount" : "10000"
        },
        "remarks" : "test "
      }, {
        "transactionTraceNumber" : "citad9778857857",
        "transactionType" : "CITAD",
        "beneficiary" : {
          "citad" : {
            "bank" : {
              "citadCode" : "01201001"
            },
            "target" : {
              "account" : {
                "accountNumber" : "1015699329",
                "beneficiaryName" : "NGUYEN VAN C"
              }
            }
          }
        },
        "amount" : {
          "sourceCurrency" : "VND",
          "targetCurrency" : "VND",
          "amount" : "200000",
          "exchangeRate" : "1",
          "exchangeAmount" : "200000"
        },
        "remarks" : "Chi don "
      } ]
    },
    "authorizations" : [ {
      "authorizationString" : "MIAGCSqGSIb3DQEHAqCAMIACAQExCzAJBgUrDgMCGgUAMIAGCSqGSIb3DQEHAaCAJIAEgYBjADIAMwBmADUAMgA4AGIANgA2AGEAMwBmADYAYwAwAGEAMwA0ADMANwBkAGMAMwA3ADEAZQA5ADUANgA3AGMAMQA3AGMANQBmADgANwAzADgANQA0ADIAYwBjADQAYwA3AGQAMQA3ADkAYwAxADEAZQBmADgAMwA0ADgANQBlAAAAAAAAAKCAMIIDRDCCAiygAwIBAgIEY4V5pDANBgkqhkiG9w0BAQsFADBkMQswCQYDVQQGEwJWTjEMMAoGA1UECAwDSENNMQwwCgYDVQQHDANIQ00xDDAKBgNVBAoMA0FDQjESMBAGA1UECwwJSVQgLSBEVktOMRcwFQYDVQQDDA5DdW9uZyBQaGFtIEExMDAeFw0yMjExMjkwMzE2NTJaFw0zMjExMjkwMzE2NTJaMGQxCzAJBgNVBAYTAlZOMQwwCgYDVQQIDANIQ00xDDAKBgNVBAcMA0hDTTEMMAoGA1UECgwDQUNCMRIwEAYDVQQLDAlJVCAtIERWS04xFzAVBgNVBAMMDkN1b25nIFBoYW0gQTEwMIIBIjANBgkqhkiG9w0BAQEFAAOCAQ8AMIIBCgKCAQEAiNUdY2zCxZnyFHO81b2OQAqW5rHylxlD+kLVDcwMUtSYEVVdxOtVK0fWni8e+9dz6wXuJI6bs/NgsLl4jPZVfzzLhDstrc8fWj0+BdIoQJe9CZuew8GLQc/pZ0mTH97ol6GWezL97ODZpf7PSsrA0b9UCV9n1PnAmBb7sM2AiEJy/ZuqSkPe0b8KRnyuE0ED94ScVoaiz6axYVISeF7QPRH00Gvi4fdJCdTiFlukp/0i9ZuhJxDO0JZ1eZlj2YI80vPo6WHeMDKeJ4JP2WPc4hfh8knNg+iKH2AoX2Co8T8DUhJjNDfFy6vO2Ej7B2qxZ4xXr+nSpcRdX1r0M3sr9QIDAQABMA0GCSqGSIb3DQEBCwUAA4IBAQBAXikxeNOzMknfMZsJg+vXUsMy5KXF2Jf5xm1FCRCbBVxmZXE1+6njsGaCixS1Lpi4/KbfwQ6XC1k8Dv40Pd6Koscnx5BuSjkLYkFFMlzHdchmLTJxrn86c6UMnb/MUXoQtqJ3bYBdwlc//YDc3XVKBDsOipZ0QY8zDpsz/4GaRQ3ua3UL2VyD94u1WKUB7JYPCxeRcDDgszLExOQ6FOHFGvZiF+yrQLXfYpktg4cgBXx4J6cDlvha8YBDM1DYX6sLwDy2XixDlACLtNxcRODC3rpVS/bSHC4WQkfTadwfkHoFB6iBm22P4KdxcHV2VP5YnHJ/Vaza4ghv/fEgxIWLAAAxggIeMIICGgIBATBsMGQxCzAJBgNVBAYTAlZOMQwwCgYDVQQIDANIQ00xDDAKBgNVBAcMA0hDTTEMMAoGA1UECgwDQUNCMRIwEAYDVQQLDAlJVCAtIERWS04xFzAVBgNVBAMMDkN1b25nIFBoYW0gQTEwAgRjhXmkMAkGBSsOAwIaBQCggYgwGAYJKoZIhvcNAQkDMQsGCSqGSIb3DQEHATAcBgkqhkiG9w0BCQUxDxcNMjUwNDEzMjAyNjQ4WjAjBgkqhkiG9w0BCQQxFgQUZGwJB/FkjsJMFh3jDtz/h51JNE8wKQYJKoZIhvcNAQk0MRwwGjAJBgUrDgMCGgUAoQ0GCSqGSIb3DQEBAQUAMA0GCSqGSIb3DQEBAQUABIIBADW9AU5n76xmTOUliR8LhHGKec4QwxAPTAJahGcCZpMZAp1Hjcr7Bw3fpD3JfaNQAq8XxBgzcZ8Vy/TuthLOpjPaF7xa7dygFcIrtG8G24pkkRZ6FZgb/8V9sgkQbBzVPXEffR20rLjrhQtyhmsWNU6rQnODxGGifsdR8A4A4i3nrGMMVp3hIMb1gaBI8JVwF0Q1p08+1OFgENoRKmujShw4HGbd42DUInz/LweoUQ06Wej/gaCq+sHbFN3bZvvWmGfO9Yz/uWNq3akQW67txwnYI13K8X/CABaP1fWDICAcehkKYWxF8XjzPJ3VjA4zYWuL85nSOTBLfEKOiRu8mZsAAAAAAAA=",
      "authorizationId" : "1526fa6a-4388-4234-99e5-846ba2c6e328"
    }, {
      "authorizationString" : "",
      "authorizationId" : "72d9c963-4a20-40f3-bef1-9b773369826b"
    } ]
  }
}
2025-04-14 03:26:48 [main] INFO  API_TEST - Generating authorizationString for authorizationId: 72d9c963-4a20-40f3-bef1-9b773369826b
2025-04-14 03:26:48 [main] INFO  API_TEST - Base64 Data: eyJidWxrVHJhY2VOdW1iZXIiOiJwaWthNTQxMzgxOTQ4NiIsInNvdXJjZUFjY291bnROdW1iZXIiOiI4MDA2MTk1OSIsInRyYW5zYWN0aW9ucyI6W3sidHJhbnNhY3Rpb25UcmFjZU51bWJlciI6Imluc2lkZTYyOTY3ODUxODAiLCJ0cmFuc2FjdGlvblR5cGUiOiJJTlNJREVCQU5LIiwiYmVuZWZpY2lhcnkiOnsiaW5zaWRlIjp7ImFjY291bnQiOnsiYWNjb3VudE51bWJlciI6IkE0NkE0NlAxMDAyMTEiLCJiZW5lZmljaWFyeU5hbWUiOiJBREFNIDI1MTkzIn19fSwiYW1vdW50Ijp7InNvdXJjZUN1cnJlbmN5IjoiVk5EIiwidGFyZ2V0Q3VycmVuY3kiOiJWTkQiLCJhbW91bnQiOiIxMDAwMCIsImV4Y2hhbmdlUmF0ZSI6IjEiLCJleGNoYW5nZUFtb3VudCI6IjEwMDAwIn0sInJlbWFya3MiOiJ0ZXN0cyJ9LHsidHJhbnNhY3Rpb25UcmFjZU51bWJlciI6ImliZnQ2MDgzNDY3NTI0IiwidHJhbnNhY3Rpb25UeXBlIjoiSUJGVCIsImJlbmVmaWNpYXJ5Ijp7ImludGVyYmFuayI6eyJhY2NvdW50TnVtYmVyIjoiMDEyOTgzNzI5NCIsImJlbmVmaWNpYXJ5TmFtZSI6Ik5HVVlFTiBWQU4gQSBWTkJDIiwiYmFuayI6eyJuYXBhc0NvZGUiOiI5NzA0MDYifX19LCJhbW91bnQiOnsic291cmNlQ3VycmVuY3kiOiJWTkQiLCJ0YXJnZXRDdXJyZW5jeSI6IlZORCIsImFtb3VudCI6IjEwMDAwIiwiZXhjaGFuZ2VSYXRlIjoiMSIsImV4Y2hhbmdlQW1vdW50IjoiMTAwMDAifSwicmVtYXJrcyI6InRlc3QgIn0seyJ0cmFuc2FjdGlvblRyYWNlTnVtYmVyIjoiY2l0YWQ5Nzc4ODU3ODU3IiwidHJhbnNhY3Rpb25UeXBlIjoiQ0lUQUQiLCJiZW5lZmljaWFyeSI6eyJjaXRhZCI6eyJiYW5rIjp7ImNpdGFkQ29kZSI6IjAxMjAxMDAxIn0sInRhcmdldCI6eyJhY2NvdW50Ijp7ImFjY291bnROdW1iZXIiOiIxMDE1Njk5MzI5IiwiYmVuZWZpY2lhcnlOYW1lIjoiTkdVWUVOIFZBTiBDIn19fX0sImFtb3VudCI6eyJzb3VyY2VDdXJyZW5jeSI6IlZORCIsInRhcmdldEN1cnJlbmN5IjoiVk5EIiwiYW1vdW50IjoiMjAwMDAwIiwiZXhjaGFuZ2VSYXRlIjoiMSIsImV4Y2hhbmdlQW1vdW50IjoiMjAwMDAwIn0sInJlbWFya3MiOiJDaGkgZG9uICJ9XX0=
2025-04-14 03:26:48 [main] INFO  API_TEST - SHA-256 Hex Data: c23f528b66a3f6c0a3437dc371e9567c17c5f8738542cc4c7d179c11ef83485e
2025-04-14 03:26:48 [main] INFO  API_TEST - Generated Signature for cuong pham b10: MIAGCSqGSIb3DQEHAqCAMIACAQExCzAJBgUrDgMCGgUAMIAGCSqGSIb3DQEHAaCAJIAEgYBjADIAMwBmADUAMgA4AGIANgA2AGEAMwBmADYAYwAwAGEAMwA0ADMANwBkAGMAMwA3ADEAZQA5ADUANgA3AGMAMQA3AGMANQBmADgANwAzADgANQA0ADIAYwBjADQAYwA3AGQAMQA3ADkAYwAxADEAZQBmADgAMwA0ADgANQBlAAAAAAAAAKCAMIIDRDCCAiygAwIBAgIEY4V53jANBgkqhkiG9w0BAQsFADBkMQswCQYDVQQGEwJWTjEMMAoGA1UECAwDSENNMQwwCgYDVQQHDANIQ00xDDAKBgNVBAoMA0FDQjESMBAGA1UECwwJSVQgLSBEVktOMRcwFQYDVQQDDA5DdW9uZyBQaGFtIEIxMDAeFw0yMjExMjkwMzE3NTBaFw0zMjExMjkwMzE3NTBaMGQxCzAJBgNVBAYTAlZOMQwwCgYDVQQIDANIQ00xDDAKBgNVBAcMA0hDTTEMMAoGA1UECgwDQUNCMRIwEAYDVQQLDAlJVCAtIERWS04xFzAVBgNVBAMMDkN1b25nIFBoYW0gQjEwMIIBIjANBgkqhkiG9w0BAQEFAAOCAQ8AMIIBCgKCAQEAorTh+kRlrLfQSt/ZqHxTDlPZaqzJFDWYgybIn95f21WnQYZeQJBNAE9N+aEZlLXT8pcPy3fkfUVdc34NEI1GDCcXxa9EdBPupFFiW+1rU9Do0I12x6VqWDvEj+7YVW8Gd/0kn7AY5YfqjSVPpa7+I69kpa/vHqo8HBjkl97j16nSO1sYj3aN2v2XYInac5TiIouykdxlv3b2y+iTf5KTnqus/9w5IUn33zNJ42A8woZW4SD7Lcv0ZxL6JiX59wKz90nRWeTAxi+Bf4wMYV9y0WzzNaLAnbmThoyjWcL11IHIJWLV1UqV30X9m4hvfI/zDIUIhdXu1WIlvBXDDn4f9QIDAQABMA0GCSqGSIb3DQEBCwUAA4IBAQBjAzbybbHskE2gogcTwUHvkKgJRcP/vAJgTLpeytB4pIdscLmeKDMwQCqGxYDC90kvmtRtWfSfeu3aUDA2ICtTQLvryDgvhlXqQ1PXAT7jSp2/XO1Ips4wNBPDazrgX9pVNCk1itiO1bx+fMPLtliyAxbDOkRt3CWFFgo2pimLCgyQeUY2QqpRmNP7HK0MYlIVJW2u0YeI/QH4KTjj0vLdDte6byz5TTaa0zi2z4Rr303rrmmia5zw8674plWyLJU6GHzC+PrAe14DfzFA4cK2Ip8Ya7eicrCWk1/DM+HKKR0253WIoi8o5yMs0q5JJSM7lvFpYLu+sYtRXl5Pm1L6AAAxggIeMIICGgIBATBsMGQxCzAJBgNVBAYTAlZOMQwwCgYDVQQIDANIQ00xDDAKBgNVBAcMA0hDTTEMMAoGA1UECgwDQUNCMRIwEAYDVQQLDAlJVCAtIERWS04xFzAVBgNVBAMMDkN1b25nIFBoYW0gQjEwAgRjhXneMAkGBSsOAwIaBQCggYgwGAYJKoZIhvcNAQkDMQsGCSqGSIb3DQEHATAcBgkqhkiG9w0BCQUxDxcNMjUwNDEzMjAyNjQ4WjAjBgkqhkiG9w0BCQQxFgQUZGwJB/FkjsJMFh3jDtz/h51JNE8wKQYJKoZIhvcNAQk0MRwwGjAJBgUrDgMCGgUAoQ0GCSqGSIb3DQEBAQUAMA0GCSqGSIb3DQEBAQUABIIBAATuPKNXX6enSztB/5Wmxnva9vCoLKhYjXRbVDv8mlOvkGxP0X6m6NwW1t9v1GjBdIO6FCugpEwvNm3k4DsmV3+7G35yilNBR/uqtSKWEiHM+A+Jg8zYGLkvp3bhU8CKxcoJzJkY+OTUy9gr0aANYK6UdpOjBgmHAVrs55TIgxxm77ykD9uWrgtyamkOlK5nMMVNslmDzrSeEIGYAY2duDolsz/KQqPVl/SO6/hQJt04EbOoS676tEyU1sNEDYdCJIXAn7KSPRdOuEOqenJy62iaWwXsdjnz9GwoLhxbMDQkihZjwKwNjhlxF+9VdjQTE3OnB4+0mUYmuim5vU09SIIAAAAAAAA=
2025-04-14 03:26:48 [main] INFO  API_TEST - Updated Request Body after adding authorizationString for authorizationId: 72d9c963-4a20-40f3-bef1-9b773369826b: 
{
  "requestTrace" : "5ba16d87-eabf-47a9-a5dd-d096752f8251",
  "requestDateTime" : "2025-04-14T03:26:48.034244+07:00",
  "requestParameters" : {
    "data" : {
      "bulkTraceNumber" : "pika5413819486",
      "sourceAccountNumber" : "80061959",
      "transactions" : [ {
        "transactionTraceNumber" : "inside6296785180",
        "transactionType" : "INSIDEBANK",
        "beneficiary" : {
          "inside" : {
            "account" : {
              "accountNumber" : "A46A46P100211",
              "beneficiaryName" : "ADAM 25193"
            }
          }
        },
        "amount" : {
          "sourceCurrency" : "VND",
          "targetCurrency" : "VND",
          "amount" : "10000",
          "exchangeRate" : "1",
          "exchangeAmount" : "10000"
        },
        "remarks" : "tests"
      }, {
        "transactionTraceNumber" : "ibft6083467524",
        "transactionType" : "IBFT",
        "beneficiary" : {
          "interbank" : {
            "accountNumber" : "0129837294",
            "beneficiaryName" : "NGUYEN VAN A VNBC",
            "bank" : {
              "napasCode" : "970406"
            }
          }
        },
        "amount" : {
          "sourceCurrency" : "VND",
          "targetCurrency" : "VND",
          "amount" : "10000",
          "exchangeRate" : "1",
          "exchangeAmount" : "10000"
        },
        "remarks" : "test "
      }, {
        "transactionTraceNumber" : "citad9778857857",
        "transactionType" : "CITAD",
        "beneficiary" : {
          "citad" : {
            "bank" : {
              "citadCode" : "01201001"
            },
            "target" : {
              "account" : {
                "accountNumber" : "1015699329",
                "beneficiaryName" : "NGUYEN VAN C"
              }
            }
          }
        },
        "amount" : {
          "sourceCurrency" : "VND",
          "targetCurrency" : "VND",
          "amount" : "200000",
          "exchangeRate" : "1",
          "exchangeAmount" : "200000"
        },
        "remarks" : "Chi don "
      } ]
    },
    "authorizations" : [ {
      "authorizationString" : "MIAGCSqGSIb3DQEHAqCAMIACAQExCzAJBgUrDgMCGgUAMIAGCSqGSIb3DQEHAaCAJIAEgYBjADIAMwBmADUAMgA4AGIANgA2AGEAMwBmADYAYwAwAGEAMwA0ADMANwBkAGMAMwA3ADEAZQA5ADUANgA3AGMAMQA3AGMANQBmADgANwAzADgANQA0ADIAYwBjADQAYwA3AGQAMQA3ADkAYwAxADEAZQBmADgAMwA0ADgANQBlAAAAAAAAAKCAMIIDRDCCAiygAwIBAgIEY4V5pDANBgkqhkiG9w0BAQsFADBkMQswCQYDVQQGEwJWTjEMMAoGA1UECAwDSENNMQwwCgYDVQQHDANIQ00xDDAKBgNVBAoMA0FDQjESMBAGA1UECwwJSVQgLSBEVktOMRcwFQYDVQQDDA5DdW9uZyBQaGFtIEExMDAeFw0yMjExMjkwMzE2NTJaFw0zMjExMjkwMzE2NTJaMGQxCzAJBgNVBAYTAlZOMQwwCgYDVQQIDANIQ00xDDAKBgNVBAcMA0hDTTEMMAoGA1UECgwDQUNCMRIwEAYDVQQLDAlJVCAtIERWS04xFzAVBgNVBAMMDkN1b25nIFBoYW0gQTEwMIIBIjANBgkqhkiG9w0BAQEFAAOCAQ8AMIIBCgKCAQEAiNUdY2zCxZnyFHO81b2OQAqW5rHylxlD+kLVDcwMUtSYEVVdxOtVK0fWni8e+9dz6wXuJI6bs/NgsLl4jPZVfzzLhDstrc8fWj0+BdIoQJe9CZuew8GLQc/pZ0mTH97ol6GWezL97ODZpf7PSsrA0b9UCV9n1PnAmBb7sM2AiEJy/ZuqSkPe0b8KRnyuE0ED94ScVoaiz6axYVISeF7QPRH00Gvi4fdJCdTiFlukp/0i9ZuhJxDO0JZ1eZlj2YI80vPo6WHeMDKeJ4JP2WPc4hfh8knNg+iKH2AoX2Co8T8DUhJjNDfFy6vO2Ej7B2qxZ4xXr+nSpcRdX1r0M3sr9QIDAQABMA0GCSqGSIb3DQEBCwUAA4IBAQBAXikxeNOzMknfMZsJg+vXUsMy5KXF2Jf5xm1FCRCbBVxmZXE1+6njsGaCixS1Lpi4/KbfwQ6XC1k8Dv40Pd6Koscnx5BuSjkLYkFFMlzHdchmLTJxrn86c6UMnb/MUXoQtqJ3bYBdwlc//YDc3XVKBDsOipZ0QY8zDpsz/4GaRQ3ua3UL2VyD94u1WKUB7JYPCxeRcDDgszLExOQ6FOHFGvZiF+yrQLXfYpktg4cgBXx4J6cDlvha8YBDM1DYX6sLwDy2XixDlACLtNxcRODC3rpVS/bSHC4WQkfTadwfkHoFB6iBm22P4KdxcHV2VP5YnHJ/Vaza4ghv/fEgxIWLAAAxggIeMIICGgIBATBsMGQxCzAJBgNVBAYTAlZOMQwwCgYDVQQIDANIQ00xDDAKBgNVBAcMA0hDTTEMMAoGA1UECgwDQUNCMRIwEAYDVQQLDAlJVCAtIERWS04xFzAVBgNVBAMMDkN1b25nIFBoYW0gQTEwAgRjhXmkMAkGBSsOAwIaBQCggYgwGAYJKoZIhvcNAQkDMQsGCSqGSIb3DQEHATAcBgkqhkiG9w0BCQUxDxcNMjUwNDEzMjAyNjQ4WjAjBgkqhkiG9w0BCQQxFgQUZGwJB/FkjsJMFh3jDtz/h51JNE8wKQYJKoZIhvcNAQk0MRwwGjAJBgUrDgMCGgUAoQ0GCSqGSIb3DQEBAQUAMA0GCSqGSIb3DQEBAQUABIIBADW9AU5n76xmTOUliR8LhHGKec4QwxAPTAJahGcCZpMZAp1Hjcr7Bw3fpD3JfaNQAq8XxBgzcZ8Vy/TuthLOpjPaF7xa7dygFcIrtG8G24pkkRZ6FZgb/8V9sgkQbBzVPXEffR20rLjrhQtyhmsWNU6rQnODxGGifsdR8A4A4i3nrGMMVp3hIMb1gaBI8JVwF0Q1p08+1OFgENoRKmujShw4HGbd42DUInz/LweoUQ06Wej/gaCq+sHbFN3bZvvWmGfO9Yz/uWNq3akQW67txwnYI13K8X/CABaP1fWDICAcehkKYWxF8XjzPJ3VjA4zYWuL85nSOTBLfEKOiRu8mZsAAAAAAAA=",
      "authorizationId" : "1526fa6a-4388-4234-99e5-846ba2c6e328"
    }, {
      "authorizationString" : "MIAGCSqGSIb3DQEHAqCAMIACAQExCzAJBgUrDgMCGgUAMIAGCSqGSIb3DQEHAaCAJIAEgYBjADIAMwBmADUAMgA4AGIANgA2AGEAMwBmADYAYwAwAGEAMwA0ADMANwBkAGMAMwA3ADEAZQA5ADUANgA3AGMAMQA3AGMANQBmADgANwAzADgANQA0ADIAYwBjADQAYwA3AGQAMQA3ADkAYwAxADEAZQBmADgAMwA0ADgANQBlAAAAAAAAAKCAMIIDRDCCAiygAwIBAgIEY4V53jANBgkqhkiG9w0BAQsFADBkMQswCQYDVQQGEwJWTjEMMAoGA1UECAwDSENNMQwwCgYDVQQHDANIQ00xDDAKBgNVBAoMA0FDQjESMBAGA1UECwwJSVQgLSBEVktOMRcwFQYDVQQDDA5DdW9uZyBQaGFtIEIxMDAeFw0yMjExMjkwMzE3NTBaFw0zMjExMjkwMzE3NTBaMGQxCzAJBgNVBAYTAlZOMQwwCgYDVQQIDANIQ00xDDAKBgNVBAcMA0hDTTEMMAoGA1UECgwDQUNCMRIwEAYDVQQLDAlJVCAtIERWS04xFzAVBgNVBAMMDkN1b25nIFBoYW0gQjEwMIIBIjANBgkqhkiG9w0BAQEFAAOCAQ8AMIIBCgKCAQEAorTh+kRlrLfQSt/ZqHxTDlPZaqzJFDWYgybIn95f21WnQYZeQJBNAE9N+aEZlLXT8pcPy3fkfUVdc34NEI1GDCcXxa9EdBPupFFiW+1rU9Do0I12x6VqWDvEj+7YVW8Gd/0kn7AY5YfqjSVPpa7+I69kpa/vHqo8HBjkl97j16nSO1sYj3aN2v2XYInac5TiIouykdxlv3b2y+iTf5KTnqus/9w5IUn33zNJ42A8woZW4SD7Lcv0ZxL6JiX59wKz90nRWeTAxi+Bf4wMYV9y0WzzNaLAnbmThoyjWcL11IHIJWLV1UqV30X9m4hvfI/zDIUIhdXu1WIlvBXDDn4f9QIDAQABMA0GCSqGSIb3DQEBCwUAA4IBAQBjAzbybbHskE2gogcTwUHvkKgJRcP/vAJgTLpeytB4pIdscLmeKDMwQCqGxYDC90kvmtRtWfSfeu3aUDA2ICtTQLvryDgvhlXqQ1PXAT7jSp2/XO1Ips4wNBPDazrgX9pVNCk1itiO1bx+fMPLtliyAxbDOkRt3CWFFgo2pimLCgyQeUY2QqpRmNP7HK0MYlIVJW2u0YeI/QH4KTjj0vLdDte6byz5TTaa0zi2z4Rr303rrmmia5zw8674plWyLJU6GHzC+PrAe14DfzFA4cK2Ip8Ya7eicrCWk1/DM+HKKR0253WIoi8o5yMs0q5JJSM7lvFpYLu+sYtRXl5Pm1L6AAAxggIeMIICGgIBATBsMGQxCzAJBgNVBAYTAlZOMQwwCgYDVQQIDANIQ00xDDAKBgNVBAcMA0hDTTEMMAoGA1UECgwDQUNCMRIwEAYDVQQLDAlJVCAtIERWS04xFzAVBgNVBAMMDkN1b25nIFBoYW0gQjEwAgRjhXneMAkGBSsOAwIaBQCggYgwGAYJKoZIhvcNAQkDMQsGCSqGSIb3DQEHATAcBgkqhkiG9w0BCQUxDxcNMjUwNDEzMjAyNjQ4WjAjBgkqhkiG9w0BCQQxFgQUZGwJB/FkjsJMFh3jDtz/h51JNE8wKQYJKoZIhvcNAQk0MRwwGjAJBgUrDgMCGgUAoQ0GCSqGSIb3DQEBAQUAMA0GCSqGSIb3DQEBAQUABIIBAATuPKNXX6enSztB/5Wmxnva9vCoLKhYjXRbVDv8mlOvkGxP0X6m6NwW1t9v1GjBdIO6FCugpEwvNm3k4DsmV3+7G35yilNBR/uqtSKWEiHM+A+Jg8zYGLkvp3bhU8CKxcoJzJkY+OTUy9gr0aANYK6UdpOjBgmHAVrs55TIgxxm77ykD9uWrgtyamkOlK5nMMVNslmDzrSeEIGYAY2duDolsz/KQqPVl/SO6/hQJt04EbOoS676tEyU1sNEDYdCJIXAn7KSPRdOuEOqenJy62iaWwXsdjnz9GwoLhxbMDQkihZjwKwNjhlxF+9VdjQTE3OnB4+0mUYmuim5vU09SIIAAAAAAAA=",
      "authorizationId" : "72d9c963-4a20-40f3-bef1-9b773369826b"
    } ]
  }
}
2025-04-14 03:26:48 [main] INFO  API_TEST - Sending Bulk Transaction Request to: https://sandbox.acb.com.vn/acb/open/payments/payment-order/v2/bulk-transaction
2025-04-14 03:26:48 [main] INFO  API_TEST - Request Headers: io.restassured.internal.RequestSpecificationImpl@dbc7e0a
2025-04-14 03:26:48 [main] INFO  API_TEST - Request Body: 
{
  "requestTrace" : "5ba16d87-eabf-47a9-a5dd-d096752f8251",
  "requestDateTime" : "2025-04-14T03:26:48.034244+07:00",
  "requestParameters" : {
    "data" : {
      "bulkTraceNumber" : "pika5413819486",
      "sourceAccountNumber" : "80061959",
      "transactions" : [ {
        "transactionTraceNumber" : "inside6296785180",
        "transactionType" : "INSIDEBANK",
        "beneficiary" : {
          "inside" : {
            "account" : {
              "accountNumber" : "A46A46P100211",
              "beneficiaryName" : "ADAM 25193"
            }
          }
        },
        "amount" : {
          "sourceCurrency" : "VND",
          "targetCurrency" : "VND",
          "amount" : "10000",
          "exchangeRate" : "1",
          "exchangeAmount" : "10000"
        },
        "remarks" : "tests"
      }, {
        "transactionTraceNumber" : "ibft6083467524",
        "transactionType" : "IBFT",
        "beneficiary" : {
          "interbank" : {
            "accountNumber" : "0129837294",
            "beneficiaryName" : "NGUYEN VAN A VNBC",
            "bank" : {
              "napasCode" : "970406"
            }
          }
        },
        "amount" : {
          "sourceCurrency" : "VND",
          "targetCurrency" : "VND",
          "amount" : "10000",
          "exchangeRate" : "1",
          "exchangeAmount" : "10000"
        },
        "remarks" : "test "
      }, {
        "transactionTraceNumber" : "citad9778857857",
        "transactionType" : "CITAD",
        "beneficiary" : {
          "citad" : {
            "bank" : {
              "citadCode" : "01201001"
            },
            "target" : {
              "account" : {
                "accountNumber" : "1015699329",
                "beneficiaryName" : "NGUYEN VAN C"
              }
            }
          }
        },
        "amount" : {
          "sourceCurrency" : "VND",
          "targetCurrency" : "VND",
          "amount" : "200000",
          "exchangeRate" : "1",
          "exchangeAmount" : "200000"
        },
        "remarks" : "Chi don "
      } ]
    },
    "authorizations" : [ {
      "authorizationString" : "MIAGCSqGSIb3DQEHAqCAMIACAQExCzAJBgUrDgMCGgUAMIAGCSqGSIb3DQEHAaCAJIAEgYBjADIAMwBmADUAMgA4AGIANgA2AGEAMwBmADYAYwAwAGEAMwA0ADMANwBkAGMAMwA3ADEAZQA5ADUANgA3AGMAMQA3AGMANQBmADgANwAzADgANQA0ADIAYwBjADQAYwA3AGQAMQA3ADkAYwAxADEAZQBmADgAMwA0ADgANQBlAAAAAAAAAKCAMIIDRDCCAiygAwIBAgIEY4V5pDANBgkqhkiG9w0BAQsFADBkMQswCQYDVQQGEwJWTjEMMAoGA1UECAwDSENNMQwwCgYDVQQHDANIQ00xDDAKBgNVBAoMA0FDQjESMBAGA1UECwwJSVQgLSBEVktOMRcwFQYDVQQDDA5DdW9uZyBQaGFtIEExMDAeFw0yMjExMjkwMzE2NTJaFw0zMjExMjkwMzE2NTJaMGQxCzAJBgNVBAYTAlZOMQwwCgYDVQQIDANIQ00xDDAKBgNVBAcMA0hDTTEMMAoGA1UECgwDQUNCMRIwEAYDVQQLDAlJVCAtIERWS04xFzAVBgNVBAMMDkN1b25nIFBoYW0gQTEwMIIBIjANBgkqhkiG9w0BAQEFAAOCAQ8AMIIBCgKCAQEAiNUdY2zCxZnyFHO81b2OQAqW5rHylxlD+kLVDcwMUtSYEVVdxOtVK0fWni8e+9dz6wXuJI6bs/NgsLl4jPZVfzzLhDstrc8fWj0+BdIoQJe9CZuew8GLQc/pZ0mTH97ol6GWezL97ODZpf7PSsrA0b9UCV9n1PnAmBb7sM2AiEJy/ZuqSkPe0b8KRnyuE0ED94ScVoaiz6axYVISeF7QPRH00Gvi4fdJCdTiFlukp/0i9ZuhJxDO0JZ1eZlj2YI80vPo6WHeMDKeJ4JP2WPc4hfh8knNg+iKH2AoX2Co8T8DUhJjNDfFy6vO2Ej7B2qxZ4xXr+nSpcRdX1r0M3sr9QIDAQABMA0GCSqGSIb3DQEBCwUAA4IBAQBAXikxeNOzMknfMZsJg+vXUsMy5KXF2Jf5xm1FCRCbBVxmZXE1+6njsGaCixS1Lpi4/KbfwQ6XC1k8Dv40Pd6Koscnx5BuSjkLYkFFMlzHdchmLTJxrn86c6UMnb/MUXoQtqJ3bYBdwlc//YDc3XVKBDsOipZ0QY8zDpsz/4GaRQ3ua3UL2VyD94u1WKUB7JYPCxeRcDDgszLExOQ6FOHFGvZiF+yrQLXfYpktg4cgBXx4J6cDlvha8YBDM1DYX6sLwDy2XixDlACLtNxcRODC3rpVS/bSHC4WQkfTadwfkHoFB6iBm22P4KdxcHV2VP5YnHJ/Vaza4ghv/fEgxIWLAAAxggIeMIICGgIBATBsMGQxCzAJBgNVBAYTAlZOMQwwCgYDVQQIDANIQ00xDDAKBgNVBAcMA0hDTTEMMAoGA1UECgwDQUNCMRIwEAYDVQQLDAlJVCAtIERWS04xFzAVBgNVBAMMDkN1b25nIFBoYW0gQTEwAgRjhXmkMAkGBSsOAwIaBQCggYgwGAYJKoZIhvcNAQkDMQsGCSqGSIb3DQEHATAcBgkqhkiG9w0BCQUxDxcNMjUwNDEzMjAyNjQ4WjAjBgkqhkiG9w0BCQQxFgQUZGwJB/FkjsJMFh3jDtz/h51JNE8wKQYJKoZIhvcNAQk0MRwwGjAJBgUrDgMCGgUAoQ0GCSqGSIb3DQEBAQUAMA0GCSqGSIb3DQEBAQUABIIBADW9AU5n76xmTOUliR8LhHGKec4QwxAPTAJahGcCZpMZAp1Hjcr7Bw3fpD3JfaNQAq8XxBgzcZ8Vy/TuthLOpjPaF7xa7dygFcIrtG8G24pkkRZ6FZgb/8V9sgkQbBzVPXEffR20rLjrhQtyhmsWNU6rQnODxGGifsdR8A4A4i3nrGMMVp3hIMb1gaBI8JVwF0Q1p08+1OFgENoRKmujShw4HGbd42DUInz/LweoUQ06Wej/gaCq+sHbFN3bZvvWmGfO9Yz/uWNq3akQW67txwnYI13K8X/CABaP1fWDICAcehkKYWxF8XjzPJ3VjA4zYWuL85nSOTBLfEKOiRu8mZsAAAAAAAA=",
      "authorizationId" : "1526fa6a-4388-4234-99e5-846ba2c6e328"
    }, {
      "authorizationString" : "MIAGCSqGSIb3DQEHAqCAMIACAQExCzAJBgUrDgMCGgUAMIAGCSqGSIb3DQEHAaCAJIAEgYBjADIAMwBmADUAMgA4AGIANgA2AGEAMwBmADYAYwAwAGEAMwA0ADMANwBkAGMAMwA3ADEAZQA5ADUANgA3AGMAMQA3AGMANQBmADgANwAzADgANQA0ADIAYwBjADQAYwA3AGQAMQA3ADkAYwAxADEAZQBmADgAMwA0ADgANQBlAAAAAAAAAKCAMIIDRDCCAiygAwIBAgIEY4V53jANBgkqhkiG9w0BAQsFADBkMQswCQYDVQQGEwJWTjEMMAoGA1UECAwDSENNMQwwCgYDVQQHDANIQ00xDDAKBgNVBAoMA0FDQjESMBAGA1UECwwJSVQgLSBEVktOMRcwFQYDVQQDDA5DdW9uZyBQaGFtIEIxMDAeFw0yMjExMjkwMzE3NTBaFw0zMjExMjkwMzE3NTBaMGQxCzAJBgNVBAYTAlZOMQwwCgYDVQQIDANIQ00xDDAKBgNVBAcMA0hDTTEMMAoGA1UECgwDQUNCMRIwEAYDVQQLDAlJVCAtIERWS04xFzAVBgNVBAMMDkN1b25nIFBoYW0gQjEwMIIBIjANBgkqhkiG9w0BAQEFAAOCAQ8AMIIBCgKCAQEAorTh+kRlrLfQSt/ZqHxTDlPZaqzJFDWYgybIn95f21WnQYZeQJBNAE9N+aEZlLXT8pcPy3fkfUVdc34NEI1GDCcXxa9EdBPupFFiW+1rU9Do0I12x6VqWDvEj+7YVW8Gd/0kn7AY5YfqjSVPpa7+I69kpa/vHqo8HBjkl97j16nSO1sYj3aN2v2XYInac5TiIouykdxlv3b2y+iTf5KTnqus/9w5IUn33zNJ42A8woZW4SD7Lcv0ZxL6JiX59wKz90nRWeTAxi+Bf4wMYV9y0WzzNaLAnbmThoyjWcL11IHIJWLV1UqV30X9m4hvfI/zDIUIhdXu1WIlvBXDDn4f9QIDAQABMA0GCSqGSIb3DQEBCwUAA4IBAQBjAzbybbHskE2gogcTwUHvkKgJRcP/vAJgTLpeytB4pIdscLmeKDMwQCqGxYDC90kvmtRtWfSfeu3aUDA2ICtTQLvryDgvhlXqQ1PXAT7jSp2/XO1Ips4wNBPDazrgX9pVNCk1itiO1bx+fMPLtliyAxbDOkRt3CWFFgo2pimLCgyQeUY2QqpRmNP7HK0MYlIVJW2u0YeI/QH4KTjj0vLdDte6byz5TTaa0zi2z4Rr303rrmmia5zw8674plWyLJU6GHzC+PrAe14DfzFA4cK2Ip8Ya7eicrCWk1/DM+HKKR0253WIoi8o5yMs0q5JJSM7lvFpYLu+sYtRXl5Pm1L6AAAxggIeMIICGgIBATBsMGQxCzAJBgNVBAYTAlZOMQwwCgYDVQQIDANIQ00xDDAKBgNVBAcMA0hDTTEMMAoGA1UECgwDQUNCMRIwEAYDVQQLDAlJVCAtIERWS04xFzAVBgNVBAMMDkN1b25nIFBoYW0gQjEwAgRjhXneMAkGBSsOAwIaBQCggYgwGAYJKoZIhvcNAQkDMQsGCSqGSIb3DQEHATAcBgkqhkiG9w0BCQUxDxcNMjUwNDEzMjAyNjQ4WjAjBgkqhkiG9w0BCQQxFgQUZGwJB/FkjsJMFh3jDtz/h51JNE8wKQYJKoZIhvcNAQk0MRwwGjAJBgUrDgMCGgUAoQ0GCSqGSIb3DQEBAQUAMA0GCSqGSIb3DQEBAQUABIIBAATuPKNXX6enSztB/5Wmxnva9vCoLKhYjXRbVDv8mlOvkGxP0X6m6NwW1t9v1GjBdIO6FCugpEwvNm3k4DsmV3+7G35yilNBR/uqtSKWEiHM+A+Jg8zYGLkvp3bhU8CKxcoJzJkY+OTUy9gr0aANYK6UdpOjBgmHAVrs55TIgxxm77ykD9uWrgtyamkOlK5nMMVNslmDzrSeEIGYAY2duDolsz/KQqPVl/SO6/hQJt04EbOoS676tEyU1sNEDYdCJIXAn7KSPRdOuEOqenJy62iaWwXsdjnz9GwoLhxbMDQkihZjwKwNjhlxF+9VdjQTE3OnB4+0mUYmuim5vU09SIIAAAAAAAA=",
      "authorizationId" : "72d9c963-4a20-40f3-bef1-9b773369826b"
    } ]
  }
}
Headers:		Authorization=Bearer eyJhbGciOiJSUzI1NiIsInR5cCIgOiAiSldUIiwia2lkIiA6ICIyTDR2cFBsXzVQRUY5clljdksxb3dWbkZYeW1GeklyT3VJN3NOZkhSUC1zIn0.eyJleHAiOjE3NDQ2MDQ3NzIsImlhdCI6MTc0NDU3NTk3MiwianRpIjoiMDdmODNhYTYtMzlmOS00Y2U5LWFjN2UtZWFmN2M2NTcyNzIwIiwiaXNzIjoiaHR0cHM6Ly9pZC5hY2Iudm4vYXV0aC9yZWFsbXMvc29iYSIsInN1YiI6ImQxNWJiYjNhLTgxNTEtNGVhOC1hYTM1LTAxMmJiZjJhZTc0OSIsInR5cCI6IkJlYXJlciIsImF6cCI6IjJmNGUxMzc5YWRkYjJjNmYwNTlkNTNmNjIyYjZiZjgwIiwic2Vzc2lvbl9zdGF0ZSI6Ijg2ZjU0MzQ3LTgyZDktNGNmNC04Y2Q2LTFlNDgxYzIyNmZhMiIsImFjciI6IjEiLCJzY29wZSI6InNlcnZpY2U6cGF5bWVudC1vcmRlciBzZXJ2aWNlOnZpcnR1YWwtYWNjb3VudCBzZXJ2aWNlOmJlbmVmaWNpYXJ5IHNlcnZpY2U6dHJhbnNhY3Rpb24taGlzdG9yeSBzZXJ2aWNlOmFjY291bnQtaW5mb3JtYXRpb24gc2VydmljZTp0cmFuc2FjdGlvbi1ub3RpZmljYXRpb24gc2VydmljZTphdXRoZW50aWNhdGlvbiBzZXJ2aWNlOmV3YWxsZXQgc29iYS1hcGkgc2VydmljZTptZXJjaGFudC1zb2x1dGlvbiIsImN1c3RvbWVyX3R5cGUiOiJPUkciLCJjbGllbnRJZCI6IjJmNGUxMzc5YWRkYjJjNmYwNTlkNTNmNjIyYjZiZjgwIiwiY2xpZW50SG9zdCI6IjEyNy4wLjAuMSIsImFjY291bnRfbWFqb3JzIjoiQ0siLCJzZXJ2aWNlX3Byb3ZpZGVyIjp0cnVlLCJhY2NvdW50X21pbm9ycyI6IkcwMTEiLCJjbGllbnRBZGRyZXNzIjoiMTI3LjAuMC4xIiwic2VnbWVudDEiOiJQSUtBIiwiZXdhbGxldF9zcCI6IlBJS0EiLCJjdXN0b21lcl9hY2NvdW50cyI6IjgwMDYxOTU5IiwicHJvdmlkZXJfaWQiOiJQSUtBIiwiY3VzdG9tZXJfaWQiOiI4MDExNzEiLCJwcm92aWRlcl9uYW1lIjoiUElLQSJ9.AImmktSXiwGnAC_K1n778wlIWf_92boMLFa-H2t43k67fVjRVtAhdd_BMzEpLLWvsyOp1WbCHZmy0Zmw_I9Ipn_e3YX09freonEzyV_9lYDWr_BUcj4_RJDyUCkfPJVMNMR2T9IIDAThTLvVMprXWIT_p2Suz4dSKOPoPvRsmUBBLKz5G84jhiWPg5WgmppWKfI8rBrh3V6QJrxbS8OfVFh3ostVkCZE78PoKxaNo-GfSboJRUxhEsLp1Doxo_XwIkJHVrjUqWoNB9xz2C4oO8AIqWE5TlQMPvgDR7ZTzQDxwLXQII5AOb92xwN2lE9UI_8IuTzL1vis6j5Cv9SdbA50o71drN5wc5olddCMwzQP2CwS_buCAvwt8lELA_J6B1g7ueqVW4OUHVwAJd522S06RgMVCc_5wc0iUqCr95z_Sx_06IXzOJpmH5QihD9XW87-VfLexhQtINGcWN6dI5BL0XQPv28mb6bvBKjtJz6oIaakTV2LJMIaCHWZYjCClVOFAsp60LhJCRfzSWP63ulZpXGwigwuNTq3YHcUlSrqpVS-K4jeL4M_nDvnuCvF2CjEVd-rqeXzNLy9FQHLZyPp6nKRrCjxIBuXB7aLlVvOPY9PtmJkeCqttTh5knsm1UUSikvAomCulMrFuNEqTX_0Uc0e4TwpcUiV_bQZlOk
				X-Channel=SOBA
				X-Client-ID=2f4e1379addb2c6f059d53f622b6bf80
				X-Provider-ID=PIKA
				X-Request-ID=907a350a-8ea2-4266-b867-fd79356de7ca
				Accept=*/*
				Content-Type=application/json
Headers:		Authorization=Bearer eyJhbGciOiJSUzI1NiIsInR5cCIgOiAiSldUIiwia2lkIiA6ICIyTDR2cFBsXzVQRUY5clljdksxb3dWbkZYeW1GeklyT3VJN3NOZkhSUC1zIn0.eyJleHAiOjE3NDQ2MDQ3NzIsImlhdCI6MTc0NDU3NTk3MiwianRpIjoiMDdmODNhYTYtMzlmOS00Y2U5LWFjN2UtZWFmN2M2NTcyNzIwIiwiaXNzIjoiaHR0cHM6Ly9pZC5hY2Iudm4vYXV0aC9yZWFsbXMvc29iYSIsInN1YiI6ImQxNWJiYjNhLTgxNTEtNGVhOC1hYTM1LTAxMmJiZjJhZTc0OSIsInR5cCI6IkJlYXJlciIsImF6cCI6IjJmNGUxMzc5YWRkYjJjNmYwNTlkNTNmNjIyYjZiZjgwIiwic2Vzc2lvbl9zdGF0ZSI6Ijg2ZjU0MzQ3LTgyZDktNGNmNC04Y2Q2LTFlNDgxYzIyNmZhMiIsImFjciI6IjEiLCJzY29wZSI6InNlcnZpY2U6cGF5bWVudC1vcmRlciBzZXJ2aWNlOnZpcnR1YWwtYWNjb3VudCBzZXJ2aWNlOmJlbmVmaWNpYXJ5IHNlcnZpY2U6dHJhbnNhY3Rpb24taGlzdG9yeSBzZXJ2aWNlOmFjY291bnQtaW5mb3JtYXRpb24gc2VydmljZTp0cmFuc2FjdGlvbi1ub3RpZmljYXRpb24gc2VydmljZTphdXRoZW50aWNhdGlvbiBzZXJ2aWNlOmV3YWxsZXQgc29iYS1hcGkgc2VydmljZTptZXJjaGFudC1zb2x1dGlvbiIsImN1c3RvbWVyX3R5cGUiOiJPUkciLCJjbGllbnRJZCI6IjJmNGUxMzc5YWRkYjJjNmYwNTlkNTNmNjIyYjZiZjgwIiwiY2xpZW50SG9zdCI6IjEyNy4wLjAuMSIsImFjY291bnRfbWFqb3JzIjoiQ0siLCJzZXJ2aWNlX3Byb3ZpZGVyIjp0cnVlLCJhY2NvdW50X21pbm9ycyI6IkcwMTEiLCJjbGllbnRBZGRyZXNzIjoiMTI3LjAuMC4xIiwic2VnbWVudDEiOiJQSUtBIiwiZXdhbGxldF9zcCI6IlBJS0EiLCJjdXN0b21lcl9hY2NvdW50cyI6IjgwMDYxOTU5IiwicHJvdmlkZXJfaWQiOiJQSUtBIiwiY3VzdG9tZXJfaWQiOiI4MDExNzEiLCJwcm92aWRlcl9uYW1lIjoiUElLQSJ9.AImmktSXiwGnAC_K1n778wlIWf_92boMLFa-H2t43k67fVjRVtAhdd_BMzEpLLWvsyOp1WbCHZmy0Zmw_I9Ipn_e3YX09freonEzyV_9lYDWr_BUcj4_RJDyUCkfPJVMNMR2T9IIDAThTLvVMprXWIT_p2Suz4dSKOPoPvRsmUBBLKz5G84jhiWPg5WgmppWKfI8rBrh3V6QJrxbS8OfVFh3ostVkCZE78PoKxaNo-GfSboJRUxhEsLp1Doxo_XwIkJHVrjUqWoNB9xz2C4oO8AIqWE5TlQMPvgDR7ZTzQDxwLXQII5AOb92xwN2lE9UI_8IuTzL1vis6j5Cv9SdbA50o71drN5wc5olddCMwzQP2CwS_buCAvwt8lELA_J6B1g7ueqVW4OUHVwAJd522S06RgMVCc_5wc0iUqCr95z_Sx_06IXzOJpmH5QihD9XW87-VfLexhQtINGcWN6dI5BL0XQPv28mb6bvBKjtJz6oIaakTV2LJMIaCHWZYjCClVOFAsp60LhJCRfzSWP63ulZpXGwigwuNTq3YHcUlSrqpVS-K4jeL4M_nDvnuCvF2CjEVd-rqeXzNLy9FQHLZyPp6nKRrCjxIBuXB7aLlVvOPY9PtmJkeCqttTh5knsm1UUSikvAomCulMrFuNEqTX_0Uc0e4TwpcUiV_bQZlOk
				X-Channel=SOBA
				X-Client-ID=2f4e1379addb2c6f059d53f622b6bf80
				X-Provider-ID=PIKA
				X-Request-ID=907a350a-8ea2-4266-b867-fd79356de7ca
				Accept=*/*
				Content-Type=application/json
2025-04-14 03:26:48 [main] INFO  API_TEST - Bulk Transaction Response - Status Code: 200
2025-04-14 03:26:48 [main] INFO  API_TEST - Bulk Transaction Response - Headers: Connection=Keep-Alive
Transfer-Encoding=chunked
Date=Sun, 13 Apr 2025 20:26:48 GMT
Content-Type=application/json; charset=utf-8
X-Powered-By=Express
X-Request-Id=907a350a-8ea2-4266-b867-fd79356de7ca
ETag=W/"167-iW99u7FhYBSH7pj51UNiQsZhzck"
Strict-Transport-Security=max-age=63072000; includeSubDomains; preload
X-Global-Transaction-ID=09cb96d367fc1d6b04ca6b22
X-RateLimit-Limit=name=Default rate-limit,200;
X-RateLimit-Remaining=name=Default rate-limit,197;
X-BurstLimit-Limit=name=Default burst-limit,10;
X-BurstLimit-Remaining=name=Default burst-limit,8;
Content-Encoding=gzip
Set-Cookie=acb=386078986.58148.0000; path=/; Httponly; Secure
2025-04-14 03:26:48 [main] INFO  API_TEST - Bulk Transaction Response - Body: 
{
    "requestTrace": "5ba16d87-eabf-47a9-a5dd-d096752f8251",
    "responseDateTime": "2025-04-14T03:26:48+07:00",
    "responseStatus": {
        "responseCode": "00000000",
        "responseMessage": "success"
    },
    "responseData": {
        "bulkTransaction": {
            "bulkTraceNumber": "pika5413819486",
            "bulkStatus": "ORIG",
            "stats": {
                "total_item": 3,
                "total_amount": 220000
            },
            "createdDateTime": "2025-04-13T20:26:48.000Z"
        }
    }
}
2025-04-14 03:26:48 [main] INFO  API_TEST - Sending Request Body: 
{
  "requestTrace" : "5ba16d87-eabf-47a9-a5dd-d096752f8251",
  "requestDateTime" : "2025-04-14T03:26:48.034244+07:00",
  "requestParameters" : {
    "data" : {
      "bulkTraceNumber" : "pika5413819486",
      "sourceAccountNumber" : "80061959",
      "transactions" : [ {
        "transactionTraceNumber" : "inside6296785180",
        "transactionType" : "INSIDEBANK",
        "beneficiary" : {
          "inside" : {
            "account" : {
              "accountNumber" : "A46A46P100211",
              "beneficiaryName" : "ADAM 25193"
            }
          }
        },
        "amount" : {
          "sourceCurrency" : "VND",
          "targetCurrency" : "VND",
          "amount" : "10000",
          "exchangeRate" : "1",
          "exchangeAmount" : "10000"
        },
        "remarks" : "tests"
      }, {
        "transactionTraceNumber" : "ibft6083467524",
        "transactionType" : "IBFT",
        "beneficiary" : {
          "interbank" : {
            "accountNumber" : "0129837294",
            "beneficiaryName" : "NGUYEN VAN A VNBC",
            "bank" : {
              "napasCode" : "970406"
            }
          }
        },
        "amount" : {
          "sourceCurrency" : "VND",
          "targetCurrency" : "VND",
          "amount" : "10000",
          "exchangeRate" : "1",
          "exchangeAmount" : "10000"
        },
        "remarks" : "test "
      }, {
        "transactionTraceNumber" : "citad9778857857",
        "transactionType" : "CITAD",
        "beneficiary" : {
          "citad" : {
            "bank" : {
              "citadCode" : "01201001"
            },
            "target" : {
              "account" : {
                "accountNumber" : "1015699329",
                "beneficiaryName" : "NGUYEN VAN C"
              }
            }
          }
        },
        "amount" : {
          "sourceCurrency" : "VND",
          "targetCurrency" : "VND",
          "amount" : "200000",
          "exchangeRate" : "1",
          "exchangeAmount" : "200000"
        },
        "remarks" : "Chi don "
      } ]
    },
    "authorizations" : [ {
      "authorizationString" : "MIAGCSqGSIb3DQEHAqCAMIACAQExCzAJBgUrDgMCGgUAMIAGCSqGSIb3DQEHAaCAJIAEgYBjADIAMwBmADUAMgA4AGIANgA2AGEAMwBmADYAYwAwAGEAMwA0ADMANwBkAGMAMwA3ADEAZQA5ADUANgA3AGMAMQA3AGMANQBmADgANwAzADgANQA0ADIAYwBjADQAYwA3AGQAMQA3ADkAYwAxADEAZQBmADgAMwA0ADgANQBlAAAAAAAAAKCAMIIDRDCCAiygAwIBAgIEY4V5pDANBgkqhkiG9w0BAQsFADBkMQswCQYDVQQGEwJWTjEMMAoGA1UECAwDSENNMQwwCgYDVQQHDANIQ00xDDAKBgNVBAoMA0FDQjESMBAGA1UECwwJSVQgLSBEVktOMRcwFQYDVQQDDA5DdW9uZyBQaGFtIEExMDAeFw0yMjExMjkwMzE2NTJaFw0zMjExMjkwMzE2NTJaMGQxCzAJBgNVBAYTAlZOMQwwCgYDVQQIDANIQ00xDDAKBgNVBAcMA0hDTTEMMAoGA1UECgwDQUNCMRIwEAYDVQQLDAlJVCAtIERWS04xFzAVBgNVBAMMDkN1b25nIFBoYW0gQTEwMIIBIjANBgkqhkiG9w0BAQEFAAOCAQ8AMIIBCgKCAQEAiNUdY2zCxZnyFHO81b2OQAqW5rHylxlD+kLVDcwMUtSYEVVdxOtVK0fWni8e+9dz6wXuJI6bs/NgsLl4jPZVfzzLhDstrc8fWj0+BdIoQJe9CZuew8GLQc/pZ0mTH97ol6GWezL97ODZpf7PSsrA0b9UCV9n1PnAmBb7sM2AiEJy/ZuqSkPe0b8KRnyuE0ED94ScVoaiz6axYVISeF7QPRH00Gvi4fdJCdTiFlukp/0i9ZuhJxDO0JZ1eZlj2YI80vPo6WHeMDKeJ4JP2WPc4hfh8knNg+iKH2AoX2Co8T8DUhJjNDfFy6vO2Ej7B2qxZ4xXr+nSpcRdX1r0M3sr9QIDAQABMA0GCSqGSIb3DQEBCwUAA4IBAQBAXikxeNOzMknfMZsJg+vXUsMy5KXF2Jf5xm1FCRCbBVxmZXE1+6njsGaCixS1Lpi4/KbfwQ6XC1k8Dv40Pd6Koscnx5BuSjkLYkFFMlzHdchmLTJxrn86c6UMnb/MUXoQtqJ3bYBdwlc//YDc3XVKBDsOipZ0QY8zDpsz/4GaRQ3ua3UL2VyD94u1WKUB7JYPCxeRcDDgszLExOQ6FOHFGvZiF+yrQLXfYpktg4cgBXx4J6cDlvha8YBDM1DYX6sLwDy2XixDlACLtNxcRODC3rpVS/bSHC4WQkfTadwfkHoFB6iBm22P4KdxcHV2VP5YnHJ/Vaza4ghv/fEgxIWLAAAxggIeMIICGgIBATBsMGQxCzAJBgNVBAYTAlZOMQwwCgYDVQQIDANIQ00xDDAKBgNVBAcMA0hDTTEMMAoGA1UECgwDQUNCMRIwEAYDVQQLDAlJVCAtIERWS04xFzAVBgNVBAMMDkN1b25nIFBoYW0gQTEwAgRjhXmkMAkGBSsOAwIaBQCggYgwGAYJKoZIhvcNAQkDMQsGCSqGSIb3DQEHATAcBgkqhkiG9w0BCQUxDxcNMjUwNDEzMjAyNjQ4WjAjBgkqhkiG9w0BCQQxFgQUZGwJB/FkjsJMFh3jDtz/h51JNE8wKQYJKoZIhvcNAQk0MRwwGjAJBgUrDgMCGgUAoQ0GCSqGSIb3DQEBAQUAMA0GCSqGSIb3DQEBAQUABIIBADW9AU5n76xmTOUliR8LhHGKec4QwxAPTAJahGcCZpMZAp1Hjcr7Bw3fpD3JfaNQAq8XxBgzcZ8Vy/TuthLOpjPaF7xa7dygFcIrtG8G24pkkRZ6FZgb/8V9sgkQbBzVPXEffR20rLjrhQtyhmsWNU6rQnODxGGifsdR8A4A4i3nrGMMVp3hIMb1gaBI8JVwF0Q1p08+1OFgENoRKmujShw4HGbd42DUInz/LweoUQ06Wej/gaCq+sHbFN3bZvvWmGfO9Yz/uWNq3akQW67txwnYI13K8X/CABaP1fWDICAcehkKYWxF8XjzPJ3VjA4zYWuL85nSOTBLfEKOiRu8mZsAAAAAAAA=",
      "authorizationId" : "1526fa6a-4388-4234-99e5-846ba2c6e328"
    }, {
      "authorizationString" : "MIAGCSqGSIb3DQEHAqCAMIACAQExCzAJBgUrDgMCGgUAMIAGCSqGSIb3DQEHAaCAJIAEgYBjADIAMwBmADUAMgA4AGIANgA2AGEAMwBmADYAYwAwAGEAMwA0ADMANwBkAGMAMwA3ADEAZQA5ADUANgA3AGMAMQA3AGMANQBmADgANwAzADgANQA0ADIAYwBjADQAYwA3AGQAMQA3ADkAYwAxADEAZQBmADgAMwA0ADgANQBlAAAAAAAAAKCAMIIDRDCCAiygAwIBAgIEY4V53jANBgkqhkiG9w0BAQsFADBkMQswCQYDVQQGEwJWTjEMMAoGA1UECAwDSENNMQwwCgYDVQQHDANIQ00xDDAKBgNVBAoMA0FDQjESMBAGA1UECwwJSVQgLSBEVktOMRcwFQYDVQQDDA5DdW9uZyBQaGFtIEIxMDAeFw0yMjExMjkwMzE3NTBaFw0zMjExMjkwMzE3NTBaMGQxCzAJBgNVBAYTAlZOMQwwCgYDVQQIDANIQ00xDDAKBgNVBAcMA0hDTTEMMAoGA1UECgwDQUNCMRIwEAYDVQQLDAlJVCAtIERWS04xFzAVBgNVBAMMDkN1b25nIFBoYW0gQjEwMIIBIjANBgkqhkiG9w0BAQEFAAOCAQ8AMIIBCgKCAQEAorTh+kRlrLfQSt/ZqHxTDlPZaqzJFDWYgybIn95f21WnQYZeQJBNAE9N+aEZlLXT8pcPy3fkfUVdc34NEI1GDCcXxa9EdBPupFFiW+1rU9Do0I12x6VqWDvEj+7YVW8Gd/0kn7AY5YfqjSVPpa7+I69kpa/vHqo8HBjkl97j16nSO1sYj3aN2v2XYInac5TiIouykdxlv3b2y+iTf5KTnqus/9w5IUn33zNJ42A8woZW4SD7Lcv0ZxL6JiX59wKz90nRWeTAxi+Bf4wMYV9y0WzzNaLAnbmThoyjWcL11IHIJWLV1UqV30X9m4hvfI/zDIUIhdXu1WIlvBXDDn4f9QIDAQABMA0GCSqGSIb3DQEBCwUAA4IBAQBjAzbybbHskE2gogcTwUHvkKgJRcP/vAJgTLpeytB4pIdscLmeKDMwQCqGxYDC90kvmtRtWfSfeu3aUDA2ICtTQLvryDgvhlXqQ1PXAT7jSp2/XO1Ips4wNBPDazrgX9pVNCk1itiO1bx+fMPLtliyAxbDOkRt3CWFFgo2pimLCgyQeUY2QqpRmNP7HK0MYlIVJW2u0YeI/QH4KTjj0vLdDte6byz5TTaa0zi2z4Rr303rrmmia5zw8674plWyLJU6GHzC+PrAe14DfzFA4cK2Ip8Ya7eicrCWk1/DM+HKKR0253WIoi8o5yMs0q5JJSM7lvFpYLu+sYtRXl5Pm1L6AAAxggIeMIICGgIBATBsMGQxCzAJBgNVBAYTAlZOMQwwCgYDVQQIDANIQ00xDDAKBgNVBAcMA0hDTTEMMAoGA1UECgwDQUNCMRIwEAYDVQQLDAlJVCAtIERWS04xFzAVBgNVBAMMDkN1b25nIFBoYW0gQjEwAgRjhXneMAkGBSsOAwIaBQCggYgwGAYJKoZIhvcNAQkDMQsGCSqGSIb3DQEHATAcBgkqhkiG9w0BCQUxDxcNMjUwNDEzMjAyNjQ4WjAjBgkqhkiG9w0BCQQxFgQUZGwJB/FkjsJMFh3jDtz/h51JNE8wKQYJKoZIhvcNAQk0MRwwGjAJBgUrDgMCGgUAoQ0GCSqGSIb3DQEBAQUAMA0GCSqGSIb3DQEBAQUABIIBAATuPKNXX6enSztB/5Wmxnva9vCoLKhYjXRbVDv8mlOvkGxP0X6m6NwW1t9v1GjBdIO6FCugpEwvNm3k4DsmV3+7G35yilNBR/uqtSKWEiHM+A+Jg8zYGLkvp3bhU8CKxcoJzJkY+OTUy9gr0aANYK6UdpOjBgmHAVrs55TIgxxm77ykD9uWrgtyamkOlK5nMMVNslmDzrSeEIGYAY2duDolsz/KQqPVl/SO6/hQJt04EbOoS676tEyU1sNEDYdCJIXAn7KSPRdOuEOqenJy62iaWwXsdjnz9GwoLhxbMDQkihZjwKwNjhlxF+9VdjQTE3OnB4+0mUYmuim5vU09SIIAAAAAAAA=",
      "authorizationId" : "72d9c963-4a20-40f3-bef1-9b773369826b"
    } ]
  }
}
2025-04-14 03:26:48 [main] INFO  API_TEST - Response - Status Code: 200
2025-04-14 03:26:48 [main] INFO  API_TEST - Response - Headers: Connection=Keep-Alive
Transfer-Encoding=chunked
Date=Sun, 13 Apr 2025 20:26:48 GMT
Content-Type=application/json; charset=utf-8
X-Powered-By=Express
X-Request-Id=907a350a-8ea2-4266-b867-fd79356de7ca
ETag=W/"167-iW99u7FhYBSH7pj51UNiQsZhzck"
Strict-Transport-Security=max-age=63072000; includeSubDomains; preload
X-Global-Transaction-ID=09cb96d367fc1d6b04ca6b22
X-RateLimit-Limit=name=Default rate-limit,200;
X-RateLimit-Remaining=name=Default rate-limit,197;
X-BurstLimit-Limit=name=Default burst-limit,10;
X-BurstLimit-Remaining=name=Default burst-limit,8;
Content-Encoding=gzip
Set-Cookie=acb=386078986.58148.0000; path=/; Httponly; Secure
2025-04-14 03:26:48 [main] INFO  API_TEST - Response - Body: 
{
    "requestTrace": "5ba16d87-eabf-47a9-a5dd-d096752f8251",
    "responseDateTime": "2025-04-14T03:26:48+07:00",
    "responseStatus": {
        "responseCode": "00000000",
        "responseMessage": "success"
    },
    "responseData": {
        "bulkTransaction": {
            "bulkTraceNumber": "pika5413819486",
            "bulkStatus": "ORIG",
            "stats": {
                "total_item": 3,
                "total_amount": 220000
            },
            "createdDateTime": "2025-04-13T20:26:48.000Z"
        }
    }
}
]]></system-out>
  </testcase>
  <testcase name="testAllPaymentOrders" classname="com.example.tests.APITests" time="0.095">
    <system-out><![CDATA[2025-04-14 03:26:48 [main] INFO  API_TEST - Processing test case TC_007 with apiType: GET_BULK_TRANSACTION
2025-04-14 03:26:48 [main] INFO  API_TEST - Sending Bulk Transaction History Request to: https://sandbox.acb.com.vn/acb/open/payments/payment-order/v2/bulk-transaction
2025-04-14 03:26:48 [main] INFO  API_TEST - Request Headers: io.restassured.internal.RequestSpecificationImpl@2a16d4dc
2025-04-14 03:26:48 [main] INFO  API_TEST - Request Query Params: bulkTraceNumber=pika4620294546, fromDate=2025-04-11, toDate=2025-04-11, channel=SOBA, providerId=BULK-TRANSACTION
Headers:		Authorization=Bearer eyJhbGciOiJSUzI1NiIsInR5cCIgOiAiSldUIiwia2lkIiA6ICIyTDR2cFBsXzVQRUY5clljdksxb3dWbkZYeW1GeklyT3VJN3NOZkhSUC1zIn0.eyJleHAiOjE3NDQ2MDQ3NzEsImlhdCI6MTc0NDU3NTk3MSwianRpIjoiYzAxZDU0ZGItMjRjMi00NzJjLTk2MGEtZjFmYzk1OWE3N2FkIiwiaXNzIjoiaHR0cHM6Ly9pZC5hY2Iudm4vYXV0aC9yZWFsbXMvc29iYSIsInN1YiI6ImQxNWJiYjNhLTgxNTEtNGVhOC1hYTM1LTAxMmJiZjJhZTc0OSIsInR5cCI6IkJlYXJlciIsImF6cCI6IjJmNGUxMzc5YWRkYjJjNmYwNTlkNTNmNjIyYjZiZjgwIiwic2Vzc2lvbl9zdGF0ZSI6ImRjOWJkMTQyLTM4MDUtNDY0Ny05NjMxLTAxODVkOTM0NmQ0YyIsImFjciI6IjEiLCJzY29wZSI6InNlcnZpY2U6cGF5bWVudC1vcmRlciBzZXJ2aWNlOnZpcnR1YWwtYWNjb3VudCBzZXJ2aWNlOmJlbmVmaWNpYXJ5IHNlcnZpY2U6dHJhbnNhY3Rpb24taGlzdG9yeSBzZXJ2aWNlOmFjY291bnQtaW5mb3JtYXRpb24gc2VydmljZTp0cmFuc2FjdGlvbi1ub3RpZmljYXRpb24gc2VydmljZTphdXRoZW50aWNhdGlvbiBzZXJ2aWNlOmV3YWxsZXQgc29iYS1hcGkgc2VydmljZTptZXJjaGFudC1zb2x1dGlvbiIsImN1c3RvbWVyX3R5cGUiOiJPUkciLCJjbGllbnRJZCI6IjJmNGUxMzc5YWRkYjJjNmYwNTlkNTNmNjIyYjZiZjgwIiwiY2xpZW50SG9zdCI6IjEyNy4wLjAuMSIsImFjY291bnRfbWFqb3JzIjoiQ0siLCJzZXJ2aWNlX3Byb3ZpZGVyIjp0cnVlLCJhY2NvdW50X21pbm9ycyI6IkcwMTEiLCJjbGllbnRBZGRyZXNzIjoiMTI3LjAuMC4xIiwic2VnbWVudDEiOiJQSUtBIiwiZXdhbGxldF9zcCI6IlBJS0EiLCJjdXN0b21lcl9hY2NvdW50cyI6IjgwMDYxOTU5IiwicHJvdmlkZXJfaWQiOiJQSUtBIiwiY3VzdG9tZXJfaWQiOiI4MDExNzEiLCJwcm92aWRlcl9uYW1lIjoiUElLQSJ9.DJTy3YIQbP3yb-FGnI6ImkF4I9QPsknvrP7UMcJkSN1SY4gftWNVMv0XdU1nzvHXkzThHx2LVrSxbnRNRRNyTIGmaxr1gIQD1NxS0bngRAU65ktBg6KMak7cZr6H5V9aLf45y-SQ-XfX7W-Z72OyHcWE1Erc_5EqYOVLNNfYuz4F0sXGUuZJ55vkiznKJlPxBgKBTNUCz2S15BAEKIpsnqcr5XjaN_2bZGX4bfl5IhQ1kF3VCNi3Je38as4hRpAiLEOjP74WCV7HzpgRC7lT9gbbFKaaSTYs4V4DsJ6m9lwQOoYC0RCn4D82t-ZHszbRKdie0_aYJmqH4YbsQoeTH5fZm7k3wiPQVwPSAaPihMEJAKOKImBvEkoF1Gvu1XQBHCr5MT0Y6i_GPrgVvCoQzHFflJabK4MAnyd4GhDDizd2jRqnKVpWQ_2NfKow70k0dniIz33mE1Z4flrXtca3NxU36d08__wxiqQ48pkTM7I0zBmTOSSF9mY-Z8G3qOFAa-MqvyGFv95Ij5fgvGXrV5hAMdQuBNQwMJAGRMvu4Fy0Sp0MSw-05FIaKD5JEF9dzf5BtA2WpFJtgFO9MbmASoZMf-SxwnDpmldBfCola7OI-pwGIUpNPOt8rtjP8KEJm6bXanhA7mPfJrdKbKI_K057N5_ZokvMAglbhx2FNos
				X-Channel=SOBA
				X-Client-ID=2f4e1379addb2c6f059d53f622b6bf80
				X-Provider-ID=PIKA
				X-Request-ID=05072719-d105-4d30-8ac1-441ecf50eb1e
				Accept=*/*
Headers:		Authorization=Bearer eyJhbGciOiJSUzI1NiIsInR5cCIgOiAiSldUIiwia2lkIiA6ICIyTDR2cFBsXzVQRUY5clljdksxb3dWbkZYeW1GeklyT3VJN3NOZkhSUC1zIn0.eyJleHAiOjE3NDQ2MDQ3NzEsImlhdCI6MTc0NDU3NTk3MSwianRpIjoiYzAxZDU0ZGItMjRjMi00NzJjLTk2MGEtZjFmYzk1OWE3N2FkIiwiaXNzIjoiaHR0cHM6Ly9pZC5hY2Iudm4vYXV0aC9yZWFsbXMvc29iYSIsInN1YiI6ImQxNWJiYjNhLTgxNTEtNGVhOC1hYTM1LTAxMmJiZjJhZTc0OSIsInR5cCI6IkJlYXJlciIsImF6cCI6IjJmNGUxMzc5YWRkYjJjNmYwNTlkNTNmNjIyYjZiZjgwIiwic2Vzc2lvbl9zdGF0ZSI6ImRjOWJkMTQyLTM4MDUtNDY0Ny05NjMxLTAxODVkOTM0NmQ0YyIsImFjciI6IjEiLCJzY29wZSI6InNlcnZpY2U6cGF5bWVudC1vcmRlciBzZXJ2aWNlOnZpcnR1YWwtYWNjb3VudCBzZXJ2aWNlOmJlbmVmaWNpYXJ5IHNlcnZpY2U6dHJhbnNhY3Rpb24taGlzdG9yeSBzZXJ2aWNlOmFjY291bnQtaW5mb3JtYXRpb24gc2VydmljZTp0cmFuc2FjdGlvbi1ub3RpZmljYXRpb24gc2VydmljZTphdXRoZW50aWNhdGlvbiBzZXJ2aWNlOmV3YWxsZXQgc29iYS1hcGkgc2VydmljZTptZXJjaGFudC1zb2x1dGlvbiIsImN1c3RvbWVyX3R5cGUiOiJPUkciLCJjbGllbnRJZCI6IjJmNGUxMzc5YWRkYjJjNmYwNTlkNTNmNjIyYjZiZjgwIiwiY2xpZW50SG9zdCI6IjEyNy4wLjAuMSIsImFjY291bnRfbWFqb3JzIjoiQ0siLCJzZXJ2aWNlX3Byb3ZpZGVyIjp0cnVlLCJhY2NvdW50X21pbm9ycyI6IkcwMTEiLCJjbGllbnRBZGRyZXNzIjoiMTI3LjAuMC4xIiwic2VnbWVudDEiOiJQSUtBIiwiZXdhbGxldF9zcCI6IlBJS0EiLCJjdXN0b21lcl9hY2NvdW50cyI6IjgwMDYxOTU5IiwicHJvdmlkZXJfaWQiOiJQSUtBIiwiY3VzdG9tZXJfaWQiOiI4MDExNzEiLCJwcm92aWRlcl9uYW1lIjoiUElLQSJ9.DJTy3YIQbP3yb-FGnI6ImkF4I9QPsknvrP7UMcJkSN1SY4gftWNVMv0XdU1nzvHXkzThHx2LVrSxbnRNRRNyTIGmaxr1gIQD1NxS0bngRAU65ktBg6KMak7cZr6H5V9aLf45y-SQ-XfX7W-Z72OyHcWE1Erc_5EqYOVLNNfYuz4F0sXGUuZJ55vkiznKJlPxBgKBTNUCz2S15BAEKIpsnqcr5XjaN_2bZGX4bfl5IhQ1kF3VCNi3Je38as4hRpAiLEOjP74WCV7HzpgRC7lT9gbbFKaaSTYs4V4DsJ6m9lwQOoYC0RCn4D82t-ZHszbRKdie0_aYJmqH4YbsQoeTH5fZm7k3wiPQVwPSAaPihMEJAKOKImBvEkoF1Gvu1XQBHCr5MT0Y6i_GPrgVvCoQzHFflJabK4MAnyd4GhDDizd2jRqnKVpWQ_2NfKow70k0dniIz33mE1Z4flrXtca3NxU36d08__wxiqQ48pkTM7I0zBmTOSSF9mY-Z8G3qOFAa-MqvyGFv95Ij5fgvGXrV5hAMdQuBNQwMJAGRMvu4Fy0Sp0MSw-05FIaKD5JEF9dzf5BtA2WpFJtgFO9MbmASoZMf-SxwnDpmldBfCola7OI-pwGIUpNPOt8rtjP8KEJm6bXanhA7mPfJrdKbKI_K057N5_ZokvMAglbhx2FNos
				X-Channel=SOBA
				X-Client-ID=2f4e1379addb2c6f059d53f622b6bf80
				X-Provider-ID=PIKA
				X-Request-ID=05072719-d105-4d30-8ac1-441ecf50eb1e
				Accept=*/*
2025-04-14 03:26:48 [main] INFO  API_TEST - Bulk Transaction History Response - Status Code: 200
2025-04-14 03:26:48 [main] INFO  API_TEST - Bulk Transaction History Response - Headers: Connection=Keep-Alive
Transfer-Encoding=chunked
Date=Sun, 13 Apr 2025 20:26:48 GMT
Content-Type=application/json; charset=utf-8
X-Powered-By=Express
X-Request-Id=05072719-d105-4d30-8ac1-441ecf50eb1e
ETag=W/"1a3-ZB/kqV85iLvzrdhdAuZON2w/oGc"
Strict-Transport-Security=max-age=63072000; includeSubDomains; preload
X-Global-Transaction-ID=09cb96d367fc1d6c04ca6b32
X-RateLimit-Limit=name=Default rate-limit,200;
X-RateLimit-Remaining=name=Default rate-limit,196;
X-BurstLimit-Limit=name=Default burst-limit,10;
X-BurstLimit-Remaining=name=Default burst-limit,8;
Content-Encoding=gzip
Set-Cookie=acb=386078986.58148.0000; path=/; Httponly; Secure
2025-04-14 03:26:48 [main] INFO  API_TEST - Bulk Transaction History Response - Body: 
{
    "responseDateTime": "2025-04-14T03:26:48+07:00",
    "responseStatus": {
        "responseCode": "00000000",
        "responseMessage": "success"
    },
    "responseData": {
        "bulkTransactions": [
            {
                "bulkTraceNumber": "pika4620294546",
                "bulkStatus": "COMP",
                "stats": {
                    "totalItem": 3,
                    "totalAmount": 220000,
                    "totalServiceChargeAmount": 0,
                    "totalAmountTransfer": 220000,
                    "totalServiceChargeAmountTransfer": 0
                }
            }
        ],
        "pagination": {
            "totalRows": 1,
            "totalPages": 1,
            "page": 1,
            "size": 20
        }
    }
}
2025-04-14 03:26:48 [main] INFO  API_TEST - Sending Request Body: 
None (GET request)
2025-04-14 03:26:48 [main] INFO  API_TEST - Response - Status Code: 200
2025-04-14 03:26:48 [main] INFO  API_TEST - Response - Headers: Connection=Keep-Alive
Transfer-Encoding=chunked
Date=Sun, 13 Apr 2025 20:26:48 GMT
Content-Type=application/json; charset=utf-8
X-Powered-By=Express
X-Request-Id=05072719-d105-4d30-8ac1-441ecf50eb1e
ETag=W/"1a3-ZB/kqV85iLvzrdhdAuZON2w/oGc"
Strict-Transport-Security=max-age=63072000; includeSubDomains; preload
X-Global-Transaction-ID=09cb96d367fc1d6c04ca6b32
X-RateLimit-Limit=name=Default rate-limit,200;
X-RateLimit-Remaining=name=Default rate-limit,196;
X-BurstLimit-Limit=name=Default burst-limit,10;
X-BurstLimit-Remaining=name=Default burst-limit,8;
Content-Encoding=gzip
Set-Cookie=acb=386078986.58148.0000; path=/; Httponly; Secure
2025-04-14 03:26:48 [main] INFO  API_TEST - Response - Body: 
{
    "responseDateTime": "2025-04-14T03:26:48+07:00",
    "responseStatus": {
        "responseCode": "00000000",
        "responseMessage": "success"
    },
    "responseData": {
        "bulkTransactions": [
            {
                "bulkTraceNumber": "pika4620294546",
                "bulkStatus": "COMP",
                "stats": {
                    "totalItem": 3,
                    "totalAmount": 220000,
                    "totalServiceChargeAmount": 0,
                    "totalAmountTransfer": 220000,
                    "totalServiceChargeAmountTransfer": 0
                }
            }
        ],
        "pagination": {
            "totalRows": 1,
            "totalPages": 1,
            "page": 1,
            "size": 20
        }
    }
}
2025-04-14 03:26:48 [main] INFO  API_TEST - Extracted bulkStatus as List from response: COMP
]]></system-out>
  </testcase>
  <testcase name="testAllPaymentOrders" classname="com.example.tests.APITests" time="15.615">
    <system-out><![CDATA[2025-04-14 03:26:48 [main] INFO  API_TEST - Processing test case TC_008 with apiType: CREATE_AND_QUERY_BULK
2025-04-14 03:26:48 [main] INFO  API_TEST - Executing CREATE_AND_QUERY_BULK for test case: TC_008
2025-04-14 03:26:48 [main] INFO  com.example.utils.FileUtil - Reading request template from file: requestTemplates/bulk-transaction-template.json
2025-04-14 03:26:48 [main] INFO  com.example.utils.FileUtil - Successfully read template from file: requestTemplates/bulk-transaction-template.json
2025-04-14 03:26:48 [main] INFO  API_TEST - Generated dynamic bulkTraceNumber: pika1677842448
2025-04-14 03:26:48 [main] INFO  API_TEST - Generated bulkTraceNumber: pika4522638765
2025-04-14 03:26:48 [main] INFO  API_TEST - Processing transaction with transactionType: INSIDEBANK
2025-04-14 03:26:48 [main] INFO  API_TEST - Generated transactionTraceNumber: inside1083482986
2025-04-14 03:26:48 [main] INFO  API_TEST - Processing transaction with transactionType: IBFT
2025-04-14 03:26:48 [main] INFO  API_TEST - Generated transactionTraceNumber: ibft1765393854
2025-04-14 03:26:48 [main] INFO  API_TEST - Processing transaction with transactionType: CITAD
2025-04-14 03:26:48 [main] INFO  API_TEST - Generated transactionTraceNumber: citad1280905690
2025-04-14 03:26:48 [main] INFO  API_TEST - Generating authorizationString for authorizationId: 1526fa6a-4388-4234-99e5-846ba2c6e328
2025-04-14 03:26:48 [main] INFO  API_TEST - Base64 Data: eyJidWxrVHJhY2VOdW1iZXIiOiJwaWthNDUyMjYzODc2NSIsInNvdXJjZUFjY291bnROdW1iZXIiOiI4MDA2MTk1OSIsInRyYW5zYWN0aW9ucyI6W3sidHJhbnNhY3Rpb25UcmFjZU51bWJlciI6Imluc2lkZTEwODM0ODI5ODYiLCJ0cmFuc2FjdGlvblR5cGUiOiJJTlNJREVCQU5LIiwiYmVuZWZpY2lhcnkiOnsiaW5zaWRlIjp7ImFjY291bnQiOnsiYWNjb3VudE51bWJlciI6IkE0NkE0NlAxMDAyMTEiLCJiZW5lZmljaWFyeU5hbWUiOiJBREFNIDI1MTkzIn19fSwiYW1vdW50Ijp7InNvdXJjZUN1cnJlbmN5IjoiVk5EIiwidGFyZ2V0Q3VycmVuY3kiOiJWTkQiLCJhbW91bnQiOiIxMDAwMCIsImV4Y2hhbmdlUmF0ZSI6IjEiLCJleGNoYW5nZUFtb3VudCI6IjEwMDAwIn0sInJlbWFya3MiOiJ0ZXN0cyJ9LHsidHJhbnNhY3Rpb25UcmFjZU51bWJlciI6ImliZnQxNzY1MzkzODU0IiwidHJhbnNhY3Rpb25UeXBlIjoiSUJGVCIsImJlbmVmaWNpYXJ5Ijp7ImludGVyYmFuayI6eyJhY2NvdW50TnVtYmVyIjoiMDEyOTgzNzI5NCIsImJlbmVmaWNpYXJ5TmFtZSI6Ik5HVVlFTiBWQU4gQSBWTkJDIiwiYmFuayI6eyJuYXBhc0NvZGUiOiI5NzA0MDYifX19LCJhbW91bnQiOnsic291cmNlQ3VycmVuY3kiOiJWTkQiLCJ0YXJnZXRDdXJyZW5jeSI6IlZORCIsImFtb3VudCI6IjEwMDAwIiwiZXhjaGFuZ2VSYXRlIjoiMSIsImV4Y2hhbmdlQW1vdW50IjoiMTAwMDAifSwicmVtYXJrcyI6InRlc3QgIn0seyJ0cmFuc2FjdGlvblRyYWNlTnVtYmVyIjoiY2l0YWQxMjgwOTA1NjkwIiwidHJhbnNhY3Rpb25UeXBlIjoiQ0lUQUQiLCJiZW5lZmljaWFyeSI6eyJjaXRhZCI6eyJiYW5rIjp7ImNpdGFkQ29kZSI6IjAxMjAxMDAxIn0sInRhcmdldCI6eyJhY2NvdW50Ijp7ImFjY291bnROdW1iZXIiOiIxMDE1Njk5MzI5IiwiYmVuZWZpY2lhcnlOYW1lIjoiTkdVWUVOIFZBTiBDIn19fX0sImFtb3VudCI6eyJzb3VyY2VDdXJyZW5jeSI6IlZORCIsInRhcmdldEN1cnJlbmN5IjoiVk5EIiwiYW1vdW50IjoiMjAwMDAwIiwiZXhjaGFuZ2VSYXRlIjoiMSIsImV4Y2hhbmdlQW1vdW50IjoiMjAwMDAwIn0sInJlbWFya3MiOiJDaGkgZG9uICJ9XX0=
2025-04-14 03:26:48 [main] INFO  API_TEST - SHA-256 Hex Data: 212138f617f1e70707ca520b585d74512fdbed86e37e3239710aba34c19bf9c9
2025-04-14 03:26:48 [main] INFO  API_TEST - Generated Signature for cuong pham a10: MIAGCSqGSIb3DQEHAqCAMIACAQExCzAJBgUrDgMCGgUAMIAGCSqGSIb3DQEHAaCAJIAEgYAyADEAMgAxADMAOABmADYAMQA3AGYAMQBlADcAMAA3ADAANwBjAGEANQAyADAAYgA1ADgANQBkADcANAA1ADEAMgBmAGQAYgBlAGQAOAA2AGUAMwA3AGUAMwAyADMAOQA3ADEAMABhAGIAYQAzADQAYwAxADkAYgBmADkAYwA5AAAAAAAAAKCAMIIDRDCCAiygAwIBAgIEY4V5pDANBgkqhkiG9w0BAQsFADBkMQswCQYDVQQGEwJWTjEMMAoGA1UECAwDSENNMQwwCgYDVQQHDANIQ00xDDAKBgNVBAoMA0FDQjESMBAGA1UECwwJSVQgLSBEVktOMRcwFQYDVQQDDA5DdW9uZyBQaGFtIEExMDAeFw0yMjExMjkwMzE2NTJaFw0zMjExMjkwMzE2NTJaMGQxCzAJBgNVBAYTAlZOMQwwCgYDVQQIDANIQ00xDDAKBgNVBAcMA0hDTTEMMAoGA1UECgwDQUNCMRIwEAYDVQQLDAlJVCAtIERWS04xFzAVBgNVBAMMDkN1b25nIFBoYW0gQTEwMIIBIjANBgkqhkiG9w0BAQEFAAOCAQ8AMIIBCgKCAQEAiNUdY2zCxZnyFHO81b2OQAqW5rHylxlD+kLVDcwMUtSYEVVdxOtVK0fWni8e+9dz6wXuJI6bs/NgsLl4jPZVfzzLhDstrc8fWj0+BdIoQJe9CZuew8GLQc/pZ0mTH97ol6GWezL97ODZpf7PSsrA0b9UCV9n1PnAmBb7sM2AiEJy/ZuqSkPe0b8KRnyuE0ED94ScVoaiz6axYVISeF7QPRH00Gvi4fdJCdTiFlukp/0i9ZuhJxDO0JZ1eZlj2YI80vPo6WHeMDKeJ4JP2WPc4hfh8knNg+iKH2AoX2Co8T8DUhJjNDfFy6vO2Ej7B2qxZ4xXr+nSpcRdX1r0M3sr9QIDAQABMA0GCSqGSIb3DQEBCwUAA4IBAQBAXikxeNOzMknfMZsJg+vXUsMy5KXF2Jf5xm1FCRCbBVxmZXE1+6njsGaCixS1Lpi4/KbfwQ6XC1k8Dv40Pd6Koscnx5BuSjkLYkFFMlzHdchmLTJxrn86c6UMnb/MUXoQtqJ3bYBdwlc//YDc3XVKBDsOipZ0QY8zDpsz/4GaRQ3ua3UL2VyD94u1WKUB7JYPCxeRcDDgszLExOQ6FOHFGvZiF+yrQLXfYpktg4cgBXx4J6cDlvha8YBDM1DYX6sLwDy2XixDlACLtNxcRODC3rpVS/bSHC4WQkfTadwfkHoFB6iBm22P4KdxcHV2VP5YnHJ/Vaza4ghv/fEgxIWLAAAxggIeMIICGgIBATBsMGQxCzAJBgNVBAYTAlZOMQwwCgYDVQQIDANIQ00xDDAKBgNVBAcMA0hDTTEMMAoGA1UECgwDQUNCMRIwEAYDVQQLDAlJVCAtIERWS04xFzAVBgNVBAMMDkN1b25nIFBoYW0gQTEwAgRjhXmkMAkGBSsOAwIaBQCggYgwGAYJKoZIhvcNAQkDMQsGCSqGSIb3DQEHATAcBgkqhkiG9w0BCQUxDxcNMjUwNDEzMjAyNjQ4WjAjBgkqhkiG9w0BCQQxFgQUkhhxjJaEKHvfQcBQbNeXHvQqHLwwKQYJKoZIhvcNAQk0MRwwGjAJBgUrDgMCGgUAoQ0GCSqGSIb3DQEBAQUAMA0GCSqGSIb3DQEBAQUABIIBAIIUqa3uLp8v1136qKfSW2UiLSvxwB9wDjuAHV7h4Ddpl0MLQExHc91dWC00vXK/0hlxzWIahb0/89ljfS3b1qYMaLhW5tVebNeGefKzC3p1MrC538V6/xPSJA73i9JqfN9o6CayF8LiPUfdgBX/jgA//iin4VC00Apt8W17RS/5wzl/QGnpyqSAdFtHAcJ8X+BAzryHQYtLzIl81Z1vJ6nzQHhSaiU522iLNFduzWrMe3qvv5q+xNYa46QKFC464sCmXHSR/rpr5Ox+jq1exbBKHlWKnUnZQFoVt1ndb5y2rhrvaxVCrybo8GqrTKU7NoR0WGUjhGDeFKcffj3TJdMAAAAAAAA=
2025-04-14 03:26:48 [main] INFO  API_TEST - Updated Request Body after adding authorizationString for authorizationId: 1526fa6a-4388-4234-99e5-846ba2c6e328: 
{
  "requestTrace" : "008228af-0706-48b4-a665-595f0c094cc3",
  "requestDateTime" : "2025-04-14T03:26:48.620011+07:00",
  "requestParameters" : {
    "data" : {
      "bulkTraceNumber" : "pika4522638765",
      "sourceAccountNumber" : "80061959",
      "transactions" : [ {
        "transactionTraceNumber" : "inside1083482986",
        "transactionType" : "INSIDEBANK",
        "beneficiary" : {
          "inside" : {
            "account" : {
              "accountNumber" : "A46A46P100211",
              "beneficiaryName" : "ADAM 25193"
            }
          }
        },
        "amount" : {
          "sourceCurrency" : "VND",
          "targetCurrency" : "VND",
          "amount" : "10000",
          "exchangeRate" : "1",
          "exchangeAmount" : "10000"
        },
        "remarks" : "tests"
      }, {
        "transactionTraceNumber" : "ibft1765393854",
        "transactionType" : "IBFT",
        "beneficiary" : {
          "interbank" : {
            "accountNumber" : "0129837294",
            "beneficiaryName" : "NGUYEN VAN A VNBC",
            "bank" : {
              "napasCode" : "970406"
            }
          }
        },
        "amount" : {
          "sourceCurrency" : "VND",
          "targetCurrency" : "VND",
          "amount" : "10000",
          "exchangeRate" : "1",
          "exchangeAmount" : "10000"
        },
        "remarks" : "test "
      }, {
        "transactionTraceNumber" : "citad1280905690",
        "transactionType" : "CITAD",
        "beneficiary" : {
          "citad" : {
            "bank" : {
              "citadCode" : "01201001"
            },
            "target" : {
              "account" : {
                "accountNumber" : "1015699329",
                "beneficiaryName" : "NGUYEN VAN C"
              }
            }
          }
        },
        "amount" : {
          "sourceCurrency" : "VND",
          "targetCurrency" : "VND",
          "amount" : "200000",
          "exchangeRate" : "1",
          "exchangeAmount" : "200000"
        },
        "remarks" : "Chi don "
      } ]
    },
    "authorizations" : [ {
      "authorizationString" : "MIAGCSqGSIb3DQEHAqCAMIACAQExCzAJBgUrDgMCGgUAMIAGCSqGSIb3DQEHAaCAJIAEgYAyADEAMgAxADMAOABmADYAMQA3AGYAMQBlADcAMAA3ADAANwBjAGEANQAyADAAYgA1ADgANQBkADcANAA1ADEAMgBmAGQAYgBlAGQAOAA2AGUAMwA3AGUAMwAyADMAOQA3ADEAMABhAGIAYQAzADQAYwAxADkAYgBmADkAYwA5AAAAAAAAAKCAMIIDRDCCAiygAwIBAgIEY4V5pDANBgkqhkiG9w0BAQsFADBkMQswCQYDVQQGEwJWTjEMMAoGA1UECAwDSENNMQwwCgYDVQQHDANIQ00xDDAKBgNVBAoMA0FDQjESMBAGA1UECwwJSVQgLSBEVktOMRcwFQYDVQQDDA5DdW9uZyBQaGFtIEExMDAeFw0yMjExMjkwMzE2NTJaFw0zMjExMjkwMzE2NTJaMGQxCzAJBgNVBAYTAlZOMQwwCgYDVQQIDANIQ00xDDAKBgNVBAcMA0hDTTEMMAoGA1UECgwDQUNCMRIwEAYDVQQLDAlJVCAtIERWS04xFzAVBgNVBAMMDkN1b25nIFBoYW0gQTEwMIIBIjANBgkqhkiG9w0BAQEFAAOCAQ8AMIIBCgKCAQEAiNUdY2zCxZnyFHO81b2OQAqW5rHylxlD+kLVDcwMUtSYEVVdxOtVK0fWni8e+9dz6wXuJI6bs/NgsLl4jPZVfzzLhDstrc8fWj0+BdIoQJe9CZuew8GLQc/pZ0mTH97ol6GWezL97ODZpf7PSsrA0b9UCV9n1PnAmBb7sM2AiEJy/ZuqSkPe0b8KRnyuE0ED94ScVoaiz6axYVISeF7QPRH00Gvi4fdJCdTiFlukp/0i9ZuhJxDO0JZ1eZlj2YI80vPo6WHeMDKeJ4JP2WPc4hfh8knNg+iKH2AoX2Co8T8DUhJjNDfFy6vO2Ej7B2qxZ4xXr+nSpcRdX1r0M3sr9QIDAQABMA0GCSqGSIb3DQEBCwUAA4IBAQBAXikxeNOzMknfMZsJg+vXUsMy5KXF2Jf5xm1FCRCbBVxmZXE1+6njsGaCixS1Lpi4/KbfwQ6XC1k8Dv40Pd6Koscnx5BuSjkLYkFFMlzHdchmLTJxrn86c6UMnb/MUXoQtqJ3bYBdwlc//YDc3XVKBDsOipZ0QY8zDpsz/4GaRQ3ua3UL2VyD94u1WKUB7JYPCxeRcDDgszLExOQ6FOHFGvZiF+yrQLXfYpktg4cgBXx4J6cDlvha8YBDM1DYX6sLwDy2XixDlACLtNxcRODC3rpVS/bSHC4WQkfTadwfkHoFB6iBm22P4KdxcHV2VP5YnHJ/Vaza4ghv/fEgxIWLAAAxggIeMIICGgIBATBsMGQxCzAJBgNVBAYTAlZOMQwwCgYDVQQIDANIQ00xDDAKBgNVBAcMA0hDTTEMMAoGA1UECgwDQUNCMRIwEAYDVQQLDAlJVCAtIERWS04xFzAVBgNVBAMMDkN1b25nIFBoYW0gQTEwAgRjhXmkMAkGBSsOAwIaBQCggYgwGAYJKoZIhvcNAQkDMQsGCSqGSIb3DQEHATAcBgkqhkiG9w0BCQUxDxcNMjUwNDEzMjAyNjQ4WjAjBgkqhkiG9w0BCQQxFgQUkhhxjJaEKHvfQcBQbNeXHvQqHLwwKQYJKoZIhvcNAQk0MRwwGjAJBgUrDgMCGgUAoQ0GCSqGSIb3DQEBAQUAMA0GCSqGSIb3DQEBAQUABIIBAIIUqa3uLp8v1136qKfSW2UiLSvxwB9wDjuAHV7h4Ddpl0MLQExHc91dWC00vXK/0hlxzWIahb0/89ljfS3b1qYMaLhW5tVebNeGefKzC3p1MrC538V6/xPSJA73i9JqfN9o6CayF8LiPUfdgBX/jgA//iin4VC00Apt8W17RS/5wzl/QGnpyqSAdFtHAcJ8X+BAzryHQYtLzIl81Z1vJ6nzQHhSaiU522iLNFduzWrMe3qvv5q+xNYa46QKFC464sCmXHSR/rpr5Ox+jq1exbBKHlWKnUnZQFoVt1ndb5y2rhrvaxVCrybo8GqrTKU7NoR0WGUjhGDeFKcffj3TJdMAAAAAAAA=",
      "authorizationId" : "1526fa6a-4388-4234-99e5-846ba2c6e328"
    }, {
      "authorizationString" : "",
      "authorizationId" : "72d9c963-4a20-40f3-bef1-9b773369826b"
    } ]
  }
}
2025-04-14 03:26:48 [main] INFO  API_TEST - Generating authorizationString for authorizationId: 72d9c963-4a20-40f3-bef1-9b773369826b
2025-04-14 03:26:48 [main] INFO  API_TEST - Base64 Data: eyJidWxrVHJhY2VOdW1iZXIiOiJwaWthNDUyMjYzODc2NSIsInNvdXJjZUFjY291bnROdW1iZXIiOiI4MDA2MTk1OSIsInRyYW5zYWN0aW9ucyI6W3sidHJhbnNhY3Rpb25UcmFjZU51bWJlciI6Imluc2lkZTEwODM0ODI5ODYiLCJ0cmFuc2FjdGlvblR5cGUiOiJJTlNJREVCQU5LIiwiYmVuZWZpY2lhcnkiOnsiaW5zaWRlIjp7ImFjY291bnQiOnsiYWNjb3VudE51bWJlciI6IkE0NkE0NlAxMDAyMTEiLCJiZW5lZmljaWFyeU5hbWUiOiJBREFNIDI1MTkzIn19fSwiYW1vdW50Ijp7InNvdXJjZUN1cnJlbmN5IjoiVk5EIiwidGFyZ2V0Q3VycmVuY3kiOiJWTkQiLCJhbW91bnQiOiIxMDAwMCIsImV4Y2hhbmdlUmF0ZSI6IjEiLCJleGNoYW5nZUFtb3VudCI6IjEwMDAwIn0sInJlbWFya3MiOiJ0ZXN0cyJ9LHsidHJhbnNhY3Rpb25UcmFjZU51bWJlciI6ImliZnQxNzY1MzkzODU0IiwidHJhbnNhY3Rpb25UeXBlIjoiSUJGVCIsImJlbmVmaWNpYXJ5Ijp7ImludGVyYmFuayI6eyJhY2NvdW50TnVtYmVyIjoiMDEyOTgzNzI5NCIsImJlbmVmaWNpYXJ5TmFtZSI6Ik5HVVlFTiBWQU4gQSBWTkJDIiwiYmFuayI6eyJuYXBhc0NvZGUiOiI5NzA0MDYifX19LCJhbW91bnQiOnsic291cmNlQ3VycmVuY3kiOiJWTkQiLCJ0YXJnZXRDdXJyZW5jeSI6IlZORCIsImFtb3VudCI6IjEwMDAwIiwiZXhjaGFuZ2VSYXRlIjoiMSIsImV4Y2hhbmdlQW1vdW50IjoiMTAwMDAifSwicmVtYXJrcyI6InRlc3QgIn0seyJ0cmFuc2FjdGlvblRyYWNlTnVtYmVyIjoiY2l0YWQxMjgwOTA1NjkwIiwidHJhbnNhY3Rpb25UeXBlIjoiQ0lUQUQiLCJiZW5lZmljaWFyeSI6eyJjaXRhZCI6eyJiYW5rIjp7ImNpdGFkQ29kZSI6IjAxMjAxMDAxIn0sInRhcmdldCI6eyJhY2NvdW50Ijp7ImFjY291bnROdW1iZXIiOiIxMDE1Njk5MzI5IiwiYmVuZWZpY2lhcnlOYW1lIjoiTkdVWUVOIFZBTiBDIn19fX0sImFtb3VudCI6eyJzb3VyY2VDdXJyZW5jeSI6IlZORCIsInRhcmdldEN1cnJlbmN5IjoiVk5EIiwiYW1vdW50IjoiMjAwMDAwIiwiZXhjaGFuZ2VSYXRlIjoiMSIsImV4Y2hhbmdlQW1vdW50IjoiMjAwMDAwIn0sInJlbWFya3MiOiJDaGkgZG9uICJ9XX0=
2025-04-14 03:26:48 [main] INFO  API_TEST - SHA-256 Hex Data: 212138f617f1e70707ca520b585d74512fdbed86e37e3239710aba34c19bf9c9
2025-04-14 03:26:48 [main] INFO  API_TEST - Generated Signature for cuong pham b10: MIAGCSqGSIb3DQEHAqCAMIACAQExCzAJBgUrDgMCGgUAMIAGCSqGSIb3DQEHAaCAJIAEgYAyADEAMgAxADMAOABmADYAMQA3AGYAMQBlADcAMAA3ADAANwBjAGEANQAyADAAYgA1ADgANQBkADcANAA1ADEAMgBmAGQAYgBlAGQAOAA2AGUAMwA3AGUAMwAyADMAOQA3ADEAMABhAGIAYQAzADQAYwAxADkAYgBmADkAYwA5AAAAAAAAAKCAMIIDRDCCAiygAwIBAgIEY4V53jANBgkqhkiG9w0BAQsFADBkMQswCQYDVQQGEwJWTjEMMAoGA1UECAwDSENNMQwwCgYDVQQHDANIQ00xDDAKBgNVBAoMA0FDQjESMBAGA1UECwwJSVQgLSBEVktOMRcwFQYDVQQDDA5DdW9uZyBQaGFtIEIxMDAeFw0yMjExMjkwMzE3NTBaFw0zMjExMjkwMzE3NTBaMGQxCzAJBgNVBAYTAlZOMQwwCgYDVQQIDANIQ00xDDAKBgNVBAcMA0hDTTEMMAoGA1UECgwDQUNCMRIwEAYDVQQLDAlJVCAtIERWS04xFzAVBgNVBAMMDkN1b25nIFBoYW0gQjEwMIIBIjANBgkqhkiG9w0BAQEFAAOCAQ8AMIIBCgKCAQEAorTh+kRlrLfQSt/ZqHxTDlPZaqzJFDWYgybIn95f21WnQYZeQJBNAE9N+aEZlLXT8pcPy3fkfUVdc34NEI1GDCcXxa9EdBPupFFiW+1rU9Do0I12x6VqWDvEj+7YVW8Gd/0kn7AY5YfqjSVPpa7+I69kpa/vHqo8HBjkl97j16nSO1sYj3aN2v2XYInac5TiIouykdxlv3b2y+iTf5KTnqus/9w5IUn33zNJ42A8woZW4SD7Lcv0ZxL6JiX59wKz90nRWeTAxi+Bf4wMYV9y0WzzNaLAnbmThoyjWcL11IHIJWLV1UqV30X9m4hvfI/zDIUIhdXu1WIlvBXDDn4f9QIDAQABMA0GCSqGSIb3DQEBCwUAA4IBAQBjAzbybbHskE2gogcTwUHvkKgJRcP/vAJgTLpeytB4pIdscLmeKDMwQCqGxYDC90kvmtRtWfSfeu3aUDA2ICtTQLvryDgvhlXqQ1PXAT7jSp2/XO1Ips4wNBPDazrgX9pVNCk1itiO1bx+fMPLtliyAxbDOkRt3CWFFgo2pimLCgyQeUY2QqpRmNP7HK0MYlIVJW2u0YeI/QH4KTjj0vLdDte6byz5TTaa0zi2z4Rr303rrmmia5zw8674plWyLJU6GHzC+PrAe14DfzFA4cK2Ip8Ya7eicrCWk1/DM+HKKR0253WIoi8o5yMs0q5JJSM7lvFpYLu+sYtRXl5Pm1L6AAAxggIeMIICGgIBATBsMGQxCzAJBgNVBAYTAlZOMQwwCgYDVQQIDANIQ00xDDAKBgNVBAcMA0hDTTEMMAoGA1UECgwDQUNCMRIwEAYDVQQLDAlJVCAtIERWS04xFzAVBgNVBAMMDkN1b25nIFBoYW0gQjEwAgRjhXneMAkGBSsOAwIaBQCggYgwGAYJKoZIhvcNAQkDMQsGCSqGSIb3DQEHATAcBgkqhkiG9w0BCQUxDxcNMjUwNDEzMjAyNjQ4WjAjBgkqhkiG9w0BCQQxFgQUkhhxjJaEKHvfQcBQbNeXHvQqHLwwKQYJKoZIhvcNAQk0MRwwGjAJBgUrDgMCGgUAoQ0GCSqGSIb3DQEBAQUAMA0GCSqGSIb3DQEBAQUABIIBAB629LygdPDO9z7Z7+zATWvSRT2ZpgYn13oiovspyp1A4oRaCl9+97TYEiKoe99BPAJEcZ6ST6B/bKNIqXGz3613dJ2gnlh+xwzv6FMbyJpCigLT28KMy554RDmHiHunl09GzVJimAkcLw6fgZTkjEh31gQJxRW4ulgYGdQzenyD6tIBxFbKEcVhjWw/K6ic2peS4awax6OuYKhhobI1IQhnfdpaaklnuZPVH2g1dMzeH3FLSnbj4nZPUNx9+ZA3jtmuXac3ke5tvab6HguvADN8Do7JpPhmZqDQVuEAxtbTgJU+83VSs8TRSQ0sJEcsv6c7+gB8qrsBH6i3mNmpQRkAAAAAAAA=
2025-04-14 03:26:48 [main] INFO  API_TEST - Updated Request Body after adding authorizationString for authorizationId: 72d9c963-4a20-40f3-bef1-9b773369826b: 
{
  "requestTrace" : "008228af-0706-48b4-a665-595f0c094cc3",
  "requestDateTime" : "2025-04-14T03:26:48.620011+07:00",
  "requestParameters" : {
    "data" : {
      "bulkTraceNumber" : "pika4522638765",
      "sourceAccountNumber" : "80061959",
      "transactions" : [ {
        "transactionTraceNumber" : "inside1083482986",
        "transactionType" : "INSIDEBANK",
        "beneficiary" : {
          "inside" : {
            "account" : {
              "accountNumber" : "A46A46P100211",
              "beneficiaryName" : "ADAM 25193"
            }
          }
        },
        "amount" : {
          "sourceCurrency" : "VND",
          "targetCurrency" : "VND",
          "amount" : "10000",
          "exchangeRate" : "1",
          "exchangeAmount" : "10000"
        },
        "remarks" : "tests"
      }, {
        "transactionTraceNumber" : "ibft1765393854",
        "transactionType" : "IBFT",
        "beneficiary" : {
          "interbank" : {
            "accountNumber" : "0129837294",
            "beneficiaryName" : "NGUYEN VAN A VNBC",
            "bank" : {
              "napasCode" : "970406"
            }
          }
        },
        "amount" : {
          "sourceCurrency" : "VND",
          "targetCurrency" : "VND",
          "amount" : "10000",
          "exchangeRate" : "1",
          "exchangeAmount" : "10000"
        },
        "remarks" : "test "
      }, {
        "transactionTraceNumber" : "citad1280905690",
        "transactionType" : "CITAD",
        "beneficiary" : {
          "citad" : {
            "bank" : {
              "citadCode" : "01201001"
            },
            "target" : {
              "account" : {
                "accountNumber" : "1015699329",
                "beneficiaryName" : "NGUYEN VAN C"
              }
            }
          }
        },
        "amount" : {
          "sourceCurrency" : "VND",
          "targetCurrency" : "VND",
          "amount" : "200000",
          "exchangeRate" : "1",
          "exchangeAmount" : "200000"
        },
        "remarks" : "Chi don "
      } ]
    },
    "authorizations" : [ {
      "authorizationString" : "MIAGCSqGSIb3DQEHAqCAMIACAQExCzAJBgUrDgMCGgUAMIAGCSqGSIb3DQEHAaCAJIAEgYAyADEAMgAxADMAOABmADYAMQA3AGYAMQBlADcAMAA3ADAANwBjAGEANQAyADAAYgA1ADgANQBkADcANAA1ADEAMgBmAGQAYgBlAGQAOAA2AGUAMwA3AGUAMwAyADMAOQA3ADEAMABhAGIAYQAzADQAYwAxADkAYgBmADkAYwA5AAAAAAAAAKCAMIIDRDCCAiygAwIBAgIEY4V5pDANBgkqhkiG9w0BAQsFADBkMQswCQYDVQQGEwJWTjEMMAoGA1UECAwDSENNMQwwCgYDVQQHDANIQ00xDDAKBgNVBAoMA0FDQjESMBAGA1UECwwJSVQgLSBEVktOMRcwFQYDVQQDDA5DdW9uZyBQaGFtIEExMDAeFw0yMjExMjkwMzE2NTJaFw0zMjExMjkwMzE2NTJaMGQxCzAJBgNVBAYTAlZOMQwwCgYDVQQIDANIQ00xDDAKBgNVBAcMA0hDTTEMMAoGA1UECgwDQUNCMRIwEAYDVQQLDAlJVCAtIERWS04xFzAVBgNVBAMMDkN1b25nIFBoYW0gQTEwMIIBIjANBgkqhkiG9w0BAQEFAAOCAQ8AMIIBCgKCAQEAiNUdY2zCxZnyFHO81b2OQAqW5rHylxlD+kLVDcwMUtSYEVVdxOtVK0fWni8e+9dz6wXuJI6bs/NgsLl4jPZVfzzLhDstrc8fWj0+BdIoQJe9CZuew8GLQc/pZ0mTH97ol6GWezL97ODZpf7PSsrA0b9UCV9n1PnAmBb7sM2AiEJy/ZuqSkPe0b8KRnyuE0ED94ScVoaiz6axYVISeF7QPRH00Gvi4fdJCdTiFlukp/0i9ZuhJxDO0JZ1eZlj2YI80vPo6WHeMDKeJ4JP2WPc4hfh8knNg+iKH2AoX2Co8T8DUhJjNDfFy6vO2Ej7B2qxZ4xXr+nSpcRdX1r0M3sr9QIDAQABMA0GCSqGSIb3DQEBCwUAA4IBAQBAXikxeNOzMknfMZsJg+vXUsMy5KXF2Jf5xm1FCRCbBVxmZXE1+6njsGaCixS1Lpi4/KbfwQ6XC1k8Dv40Pd6Koscnx5BuSjkLYkFFMlzHdchmLTJxrn86c6UMnb/MUXoQtqJ3bYBdwlc//YDc3XVKBDsOipZ0QY8zDpsz/4GaRQ3ua3UL2VyD94u1WKUB7JYPCxeRcDDgszLExOQ6FOHFGvZiF+yrQLXfYpktg4cgBXx4J6cDlvha8YBDM1DYX6sLwDy2XixDlACLtNxcRODC3rpVS/bSHC4WQkfTadwfkHoFB6iBm22P4KdxcHV2VP5YnHJ/Vaza4ghv/fEgxIWLAAAxggIeMIICGgIBATBsMGQxCzAJBgNVBAYTAlZOMQwwCgYDVQQIDANIQ00xDDAKBgNVBAcMA0hDTTEMMAoGA1UECgwDQUNCMRIwEAYDVQQLDAlJVCAtIERWS04xFzAVBgNVBAMMDkN1b25nIFBoYW0gQTEwAgRjhXmkMAkGBSsOAwIaBQCggYgwGAYJKoZIhvcNAQkDMQsGCSqGSIb3DQEHATAcBgkqhkiG9w0BCQUxDxcNMjUwNDEzMjAyNjQ4WjAjBgkqhkiG9w0BCQQxFgQUkhhxjJaEKHvfQcBQbNeXHvQqHLwwKQYJKoZIhvcNAQk0MRwwGjAJBgUrDgMCGgUAoQ0GCSqGSIb3DQEBAQUAMA0GCSqGSIb3DQEBAQUABIIBAIIUqa3uLp8v1136qKfSW2UiLSvxwB9wDjuAHV7h4Ddpl0MLQExHc91dWC00vXK/0hlxzWIahb0/89ljfS3b1qYMaLhW5tVebNeGefKzC3p1MrC538V6/xPSJA73i9JqfN9o6CayF8LiPUfdgBX/jgA//iin4VC00Apt8W17RS/5wzl/QGnpyqSAdFtHAcJ8X+BAzryHQYtLzIl81Z1vJ6nzQHhSaiU522iLNFduzWrMe3qvv5q+xNYa46QKFC464sCmXHSR/rpr5Ox+jq1exbBKHlWKnUnZQFoVt1ndb5y2rhrvaxVCrybo8GqrTKU7NoR0WGUjhGDeFKcffj3TJdMAAAAAAAA=",
      "authorizationId" : "1526fa6a-4388-4234-99e5-846ba2c6e328"
    }, {
      "authorizationString" : "MIAGCSqGSIb3DQEHAqCAMIACAQExCzAJBgUrDgMCGgUAMIAGCSqGSIb3DQEHAaCAJIAEgYAyADEAMgAxADMAOABmADYAMQA3AGYAMQBlADcAMAA3ADAANwBjAGEANQAyADAAYgA1ADgANQBkADcANAA1ADEAMgBmAGQAYgBlAGQAOAA2AGUAMwA3AGUAMwAyADMAOQA3ADEAMABhAGIAYQAzADQAYwAxADkAYgBmADkAYwA5AAAAAAAAAKCAMIIDRDCCAiygAwIBAgIEY4V53jANBgkqhkiG9w0BAQsFADBkMQswCQYDVQQGEwJWTjEMMAoGA1UECAwDSENNMQwwCgYDVQQHDANIQ00xDDAKBgNVBAoMA0FDQjESMBAGA1UECwwJSVQgLSBEVktOMRcwFQYDVQQDDA5DdW9uZyBQaGFtIEIxMDAeFw0yMjExMjkwMzE3NTBaFw0zMjExMjkwMzE3NTBaMGQxCzAJBgNVBAYTAlZOMQwwCgYDVQQIDANIQ00xDDAKBgNVBAcMA0hDTTEMMAoGA1UECgwDQUNCMRIwEAYDVQQLDAlJVCAtIERWS04xFzAVBgNVBAMMDkN1b25nIFBoYW0gQjEwMIIBIjANBgkqhkiG9w0BAQEFAAOCAQ8AMIIBCgKCAQEAorTh+kRlrLfQSt/ZqHxTDlPZaqzJFDWYgybIn95f21WnQYZeQJBNAE9N+aEZlLXT8pcPy3fkfUVdc34NEI1GDCcXxa9EdBPupFFiW+1rU9Do0I12x6VqWDvEj+7YVW8Gd/0kn7AY5YfqjSVPpa7+I69kpa/vHqo8HBjkl97j16nSO1sYj3aN2v2XYInac5TiIouykdxlv3b2y+iTf5KTnqus/9w5IUn33zNJ42A8woZW4SD7Lcv0ZxL6JiX59wKz90nRWeTAxi+Bf4wMYV9y0WzzNaLAnbmThoyjWcL11IHIJWLV1UqV30X9m4hvfI/zDIUIhdXu1WIlvBXDDn4f9QIDAQABMA0GCSqGSIb3DQEBCwUAA4IBAQBjAzbybbHskE2gogcTwUHvkKgJRcP/vAJgTLpeytB4pIdscLmeKDMwQCqGxYDC90kvmtRtWfSfeu3aUDA2ICtTQLvryDgvhlXqQ1PXAT7jSp2/XO1Ips4wNBPDazrgX9pVNCk1itiO1bx+fMPLtliyAxbDOkRt3CWFFgo2pimLCgyQeUY2QqpRmNP7HK0MYlIVJW2u0YeI/QH4KTjj0vLdDte6byz5TTaa0zi2z4Rr303rrmmia5zw8674plWyLJU6GHzC+PrAe14DfzFA4cK2Ip8Ya7eicrCWk1/DM+HKKR0253WIoi8o5yMs0q5JJSM7lvFpYLu+sYtRXl5Pm1L6AAAxggIeMIICGgIBATBsMGQxCzAJBgNVBAYTAlZOMQwwCgYDVQQIDANIQ00xDDAKBgNVBAcMA0hDTTEMMAoGA1UECgwDQUNCMRIwEAYDVQQLDAlJVCAtIERWS04xFzAVBgNVBAMMDkN1b25nIFBoYW0gQjEwAgRjhXneMAkGBSsOAwIaBQCggYgwGAYJKoZIhvcNAQkDMQsGCSqGSIb3DQEHATAcBgkqhkiG9w0BCQUxDxcNMjUwNDEzMjAyNjQ4WjAjBgkqhkiG9w0BCQQxFgQUkhhxjJaEKHvfQcBQbNeXHvQqHLwwKQYJKoZIhvcNAQk0MRwwGjAJBgUrDgMCGgUAoQ0GCSqGSIb3DQEBAQUAMA0GCSqGSIb3DQEBAQUABIIBAB629LygdPDO9z7Z7+zATWvSRT2ZpgYn13oiovspyp1A4oRaCl9+97TYEiKoe99BPAJEcZ6ST6B/bKNIqXGz3613dJ2gnlh+xwzv6FMbyJpCigLT28KMy554RDmHiHunl09GzVJimAkcLw6fgZTkjEh31gQJxRW4ulgYGdQzenyD6tIBxFbKEcVhjWw/K6ic2peS4awax6OuYKhhobI1IQhnfdpaaklnuZPVH2g1dMzeH3FLSnbj4nZPUNx9+ZA3jtmuXac3ke5tvab6HguvADN8Do7JpPhmZqDQVuEAxtbTgJU+83VSs8TRSQ0sJEcsv6c7+gB8qrsBH6i3mNmpQRkAAAAAAAA=",
      "authorizationId" : "72d9c963-4a20-40f3-bef1-9b773369826b"
    } ]
  }
}
2025-04-14 03:26:48 [main] INFO  API_TEST - Sending Bulk Transaction Request to: https://sandbox.acb.com.vn/acb/open/payments/payment-order/v2/bulk-transaction
2025-04-14 03:26:48 [main] INFO  API_TEST - Request Headers: io.restassured.internal.RequestSpecificationImpl@404009df
2025-04-14 03:26:48 [main] INFO  API_TEST - Request Body: 
{
  "requestTrace" : "008228af-0706-48b4-a665-595f0c094cc3",
  "requestDateTime" : "2025-04-14T03:26:48.620011+07:00",
  "requestParameters" : {
    "data" : {
      "bulkTraceNumber" : "pika4522638765",
      "sourceAccountNumber" : "80061959",
      "transactions" : [ {
        "transactionTraceNumber" : "inside1083482986",
        "transactionType" : "INSIDEBANK",
        "beneficiary" : {
          "inside" : {
            "account" : {
              "accountNumber" : "A46A46P100211",
              "beneficiaryName" : "ADAM 25193"
            }
          }
        },
        "amount" : {
          "sourceCurrency" : "VND",
          "targetCurrency" : "VND",
          "amount" : "10000",
          "exchangeRate" : "1",
          "exchangeAmount" : "10000"
        },
        "remarks" : "tests"
      }, {
        "transactionTraceNumber" : "ibft1765393854",
        "transactionType" : "IBFT",
        "beneficiary" : {
          "interbank" : {
            "accountNumber" : "0129837294",
            "beneficiaryName" : "NGUYEN VAN A VNBC",
            "bank" : {
              "napasCode" : "970406"
            }
          }
        },
        "amount" : {
          "sourceCurrency" : "VND",
          "targetCurrency" : "VND",
          "amount" : "10000",
          "exchangeRate" : "1",
          "exchangeAmount" : "10000"
        },
        "remarks" : "test "
      }, {
        "transactionTraceNumber" : "citad1280905690",
        "transactionType" : "CITAD",
        "beneficiary" : {
          "citad" : {
            "bank" : {
              "citadCode" : "01201001"
            },
            "target" : {
              "account" : {
                "accountNumber" : "1015699329",
                "beneficiaryName" : "NGUYEN VAN C"
              }
            }
          }
        },
        "amount" : {
          "sourceCurrency" : "VND",
          "targetCurrency" : "VND",
          "amount" : "200000",
          "exchangeRate" : "1",
          "exchangeAmount" : "200000"
        },
        "remarks" : "Chi don "
      } ]
    },
    "authorizations" : [ {
      "authorizationString" : "MIAGCSqGSIb3DQEHAqCAMIACAQExCzAJBgUrDgMCGgUAMIAGCSqGSIb3DQEHAaCAJIAEgYAyADEAMgAxADMAOABmADYAMQA3AGYAMQBlADcAMAA3ADAANwBjAGEANQAyADAAYgA1ADgANQBkADcANAA1ADEAMgBmAGQAYgBlAGQAOAA2AGUAMwA3AGUAMwAyADMAOQA3ADEAMABhAGIAYQAzADQAYwAxADkAYgBmADkAYwA5AAAAAAAAAKCAMIIDRDCCAiygAwIBAgIEY4V5pDANBgkqhkiG9w0BAQsFADBkMQswCQYDVQQGEwJWTjEMMAoGA1UECAwDSENNMQwwCgYDVQQHDANIQ00xDDAKBgNVBAoMA0FDQjESMBAGA1UECwwJSVQgLSBEVktOMRcwFQYDVQQDDA5DdW9uZyBQaGFtIEExMDAeFw0yMjExMjkwMzE2NTJaFw0zMjExMjkwMzE2NTJaMGQxCzAJBgNVBAYTAlZOMQwwCgYDVQQIDANIQ00xDDAKBgNVBAcMA0hDTTEMMAoGA1UECgwDQUNCMRIwEAYDVQQLDAlJVCAtIERWS04xFzAVBgNVBAMMDkN1b25nIFBoYW0gQTEwMIIBIjANBgkqhkiG9w0BAQEFAAOCAQ8AMIIBCgKCAQEAiNUdY2zCxZnyFHO81b2OQAqW5rHylxlD+kLVDcwMUtSYEVVdxOtVK0fWni8e+9dz6wXuJI6bs/NgsLl4jPZVfzzLhDstrc8fWj0+BdIoQJe9CZuew8GLQc/pZ0mTH97ol6GWezL97ODZpf7PSsrA0b9UCV9n1PnAmBb7sM2AiEJy/ZuqSkPe0b8KRnyuE0ED94ScVoaiz6axYVISeF7QPRH00Gvi4fdJCdTiFlukp/0i9ZuhJxDO0JZ1eZlj2YI80vPo6WHeMDKeJ4JP2WPc4hfh8knNg+iKH2AoX2Co8T8DUhJjNDfFy6vO2Ej7B2qxZ4xXr+nSpcRdX1r0M3sr9QIDAQABMA0GCSqGSIb3DQEBCwUAA4IBAQBAXikxeNOzMknfMZsJg+vXUsMy5KXF2Jf5xm1FCRCbBVxmZXE1+6njsGaCixS1Lpi4/KbfwQ6XC1k8Dv40Pd6Koscnx5BuSjkLYkFFMlzHdchmLTJxrn86c6UMnb/MUXoQtqJ3bYBdwlc//YDc3XVKBDsOipZ0QY8zDpsz/4GaRQ3ua3UL2VyD94u1WKUB7JYPCxeRcDDgszLExOQ6FOHFGvZiF+yrQLXfYpktg4cgBXx4J6cDlvha8YBDM1DYX6sLwDy2XixDlACLtNxcRODC3rpVS/bSHC4WQkfTadwfkHoFB6iBm22P4KdxcHV2VP5YnHJ/Vaza4ghv/fEgxIWLAAAxggIeMIICGgIBATBsMGQxCzAJBgNVBAYTAlZOMQwwCgYDVQQIDANIQ00xDDAKBgNVBAcMA0hDTTEMMAoGA1UECgwDQUNCMRIwEAYDVQQLDAlJVCAtIERWS04xFzAVBgNVBAMMDkN1b25nIFBoYW0gQTEwAgRjhXmkMAkGBSsOAwIaBQCggYgwGAYJKoZIhvcNAQkDMQsGCSqGSIb3DQEHATAcBgkqhkiG9w0BCQUxDxcNMjUwNDEzMjAyNjQ4WjAjBgkqhkiG9w0BCQQxFgQUkhhxjJaEKHvfQcBQbNeXHvQqHLwwKQYJKoZIhvcNAQk0MRwwGjAJBgUrDgMCGgUAoQ0GCSqGSIb3DQEBAQUAMA0GCSqGSIb3DQEBAQUABIIBAIIUqa3uLp8v1136qKfSW2UiLSvxwB9wDjuAHV7h4Ddpl0MLQExHc91dWC00vXK/0hlxzWIahb0/89ljfS3b1qYMaLhW5tVebNeGefKzC3p1MrC538V6/xPSJA73i9JqfN9o6CayF8LiPUfdgBX/jgA//iin4VC00Apt8W17RS/5wzl/QGnpyqSAdFtHAcJ8X+BAzryHQYtLzIl81Z1vJ6nzQHhSaiU522iLNFduzWrMe3qvv5q+xNYa46QKFC464sCmXHSR/rpr5Ox+jq1exbBKHlWKnUnZQFoVt1ndb5y2rhrvaxVCrybo8GqrTKU7NoR0WGUjhGDeFKcffj3TJdMAAAAAAAA=",
      "authorizationId" : "1526fa6a-4388-4234-99e5-846ba2c6e328"
    }, {
      "authorizationString" : "MIAGCSqGSIb3DQEHAqCAMIACAQExCzAJBgUrDgMCGgUAMIAGCSqGSIb3DQEHAaCAJIAEgYAyADEAMgAxADMAOABmADYAMQA3AGYAMQBlADcAMAA3ADAANwBjAGEANQAyADAAYgA1ADgANQBkADcANAA1ADEAMgBmAGQAYgBlAGQAOAA2AGUAMwA3AGUAMwAyADMAOQA3ADEAMABhAGIAYQAzADQAYwAxADkAYgBmADkAYwA5AAAAAAAAAKCAMIIDRDCCAiygAwIBAgIEY4V53jANBgkqhkiG9w0BAQsFADBkMQswCQYDVQQGEwJWTjEMMAoGA1UECAwDSENNMQwwCgYDVQQHDANIQ00xDDAKBgNVBAoMA0FDQjESMBAGA1UECwwJSVQgLSBEVktOMRcwFQYDVQQDDA5DdW9uZyBQaGFtIEIxMDAeFw0yMjExMjkwMzE3NTBaFw0zMjExMjkwMzE3NTBaMGQxCzAJBgNVBAYTAlZOMQwwCgYDVQQIDANIQ00xDDAKBgNVBAcMA0hDTTEMMAoGA1UECgwDQUNCMRIwEAYDVQQLDAlJVCAtIERWS04xFzAVBgNVBAMMDkN1b25nIFBoYW0gQjEwMIIBIjANBgkqhkiG9w0BAQEFAAOCAQ8AMIIBCgKCAQEAorTh+kRlrLfQSt/ZqHxTDlPZaqzJFDWYgybIn95f21WnQYZeQJBNAE9N+aEZlLXT8pcPy3fkfUVdc34NEI1GDCcXxa9EdBPupFFiW+1rU9Do0I12x6VqWDvEj+7YVW8Gd/0kn7AY5YfqjSVPpa7+I69kpa/vHqo8HBjkl97j16nSO1sYj3aN2v2XYInac5TiIouykdxlv3b2y+iTf5KTnqus/9w5IUn33zNJ42A8woZW4SD7Lcv0ZxL6JiX59wKz90nRWeTAxi+Bf4wMYV9y0WzzNaLAnbmThoyjWcL11IHIJWLV1UqV30X9m4hvfI/zDIUIhdXu1WIlvBXDDn4f9QIDAQABMA0GCSqGSIb3DQEBCwUAA4IBAQBjAzbybbHskE2gogcTwUHvkKgJRcP/vAJgTLpeytB4pIdscLmeKDMwQCqGxYDC90kvmtRtWfSfeu3aUDA2ICtTQLvryDgvhlXqQ1PXAT7jSp2/XO1Ips4wNBPDazrgX9pVNCk1itiO1bx+fMPLtliyAxbDOkRt3CWFFgo2pimLCgyQeUY2QqpRmNP7HK0MYlIVJW2u0YeI/QH4KTjj0vLdDte6byz5TTaa0zi2z4Rr303rrmmia5zw8674plWyLJU6GHzC+PrAe14DfzFA4cK2Ip8Ya7eicrCWk1/DM+HKKR0253WIoi8o5yMs0q5JJSM7lvFpYLu+sYtRXl5Pm1L6AAAxggIeMIICGgIBATBsMGQxCzAJBgNVBAYTAlZOMQwwCgYDVQQIDANIQ00xDDAKBgNVBAcMA0hDTTEMMAoGA1UECgwDQUNCMRIwEAYDVQQLDAlJVCAtIERWS04xFzAVBgNVBAMMDkN1b25nIFBoYW0gQjEwAgRjhXneMAkGBSsOAwIaBQCggYgwGAYJKoZIhvcNAQkDMQsGCSqGSIb3DQEHATAcBgkqhkiG9w0BCQUxDxcNMjUwNDEzMjAyNjQ4WjAjBgkqhkiG9w0BCQQxFgQUkhhxjJaEKHvfQcBQbNeXHvQqHLwwKQYJKoZIhvcNAQk0MRwwGjAJBgUrDgMCGgUAoQ0GCSqGSIb3DQEBAQUAMA0GCSqGSIb3DQEBAQUABIIBAB629LygdPDO9z7Z7+zATWvSRT2ZpgYn13oiovspyp1A4oRaCl9+97TYEiKoe99BPAJEcZ6ST6B/bKNIqXGz3613dJ2gnlh+xwzv6FMbyJpCigLT28KMy554RDmHiHunl09GzVJimAkcLw6fgZTkjEh31gQJxRW4ulgYGdQzenyD6tIBxFbKEcVhjWw/K6ic2peS4awax6OuYKhhobI1IQhnfdpaaklnuZPVH2g1dMzeH3FLSnbj4nZPUNx9+ZA3jtmuXac3ke5tvab6HguvADN8Do7JpPhmZqDQVuEAxtbTgJU+83VSs8TRSQ0sJEcsv6c7+gB8qrsBH6i3mNmpQRkAAAAAAAA=",
      "authorizationId" : "72d9c963-4a20-40f3-bef1-9b773369826b"
    } ]
  }
}
Headers:		Authorization=Bearer eyJhbGciOiJSUzI1NiIsInR5cCIgOiAiSldUIiwia2lkIiA6ICIyTDR2cFBsXzVQRUY5clljdksxb3dWbkZYeW1GeklyT3VJN3NOZkhSUC1zIn0.eyJleHAiOjE3NDQ2MDQ3NzEsImlhdCI6MTc0NDU3NTk3MSwianRpIjoiMjEwMTAzYWQtODA5NS00NzBmLTk1MGUtYmViMjJkOGI4YWMxIiwiaXNzIjoiaHR0cHM6Ly9pZC5hY2Iudm4vYXV0aC9yZWFsbXMvc29iYSIsInN1YiI6ImQxNWJiYjNhLTgxNTEtNGVhOC1hYTM1LTAxMmJiZjJhZTc0OSIsInR5cCI6IkJlYXJlciIsImF6cCI6IjJmNGUxMzc5YWRkYjJjNmYwNTlkNTNmNjIyYjZiZjgwIiwic2Vzc2lvbl9zdGF0ZSI6ImNmNjIxZjkyLTYzMTMtNDBhZC04MjhkLWE4YTk2YmU3NTM0OCIsImFjciI6IjEiLCJzY29wZSI6InNlcnZpY2U6cGF5bWVudC1vcmRlciBzZXJ2aWNlOnZpcnR1YWwtYWNjb3VudCBzZXJ2aWNlOmJlbmVmaWNpYXJ5IHNlcnZpY2U6dHJhbnNhY3Rpb24taGlzdG9yeSBzZXJ2aWNlOmFjY291bnQtaW5mb3JtYXRpb24gc2VydmljZTp0cmFuc2FjdGlvbi1ub3RpZmljYXRpb24gc2VydmljZTphdXRoZW50aWNhdGlvbiBzZXJ2aWNlOmV3YWxsZXQgc29iYS1hcGkgc2VydmljZTptZXJjaGFudC1zb2x1dGlvbiIsImN1c3RvbWVyX3R5cGUiOiJPUkciLCJjbGllbnRJZCI6IjJmNGUxMzc5YWRkYjJjNmYwNTlkNTNmNjIyYjZiZjgwIiwiY2xpZW50SG9zdCI6IjEyNy4wLjAuMSIsImFjY291bnRfbWFqb3JzIjoiQ0siLCJzZXJ2aWNlX3Byb3ZpZGVyIjp0cnVlLCJhY2NvdW50X21pbm9ycyI6IkcwMTEiLCJjbGllbnRBZGRyZXNzIjoiMTI3LjAuMC4xIiwic2VnbWVudDEiOiJQSUtBIiwiZXdhbGxldF9zcCI6IlBJS0EiLCJjdXN0b21lcl9hY2NvdW50cyI6IjgwMDYxOTU5IiwicHJvdmlkZXJfaWQiOiJQSUtBIiwiY3VzdG9tZXJfaWQiOiI4MDExNzEiLCJwcm92aWRlcl9uYW1lIjoiUElLQSJ9.rqzOC5n2tfpV9hytWKKizyOtxgIeL_FGj0TdQ8pB9T38n152zbxdtPh8ncB2QCkvW6kEJmay5ybgDOMQ_oSXJKRuU9ZYcw17NcjZV8jpYt8HIrKWZIchdtHz5Ob9GvxkZQmT1oyntMCNoa4zxX0VcbDZbiVd5AMw3KhErrGZdAVAA3ErKCnCeevDKYvB1S7CwqKxTb34wkwk-dg3N63Bmih43zdUw0xZgVF5-aWq4GW3yKxwrifpEjb4dd_IUCpxQABl2RqUtE9_AQaxkaVr3cg4V3sbxTLcOHFSBr_IjLnWEs4uzekVuqqBQ4WXgNUXWYFgN7Wk7REsR01iDC1Z8sil7FHTSDRXL1AWsT1a_IRy9zZbLcNBZGVrNNrcZFsha1KQkJ94m58hUMIEZNx5_H7xpBpmSqd-p8K_JVkqI6w0R4x-DWjqw54wJIm4VF-EbXfChPJalfHXz0HIqLWd5nM4ekQKaBvTjRGxCjhbAUJH77U6VHEC4HeX1tvKHIBcJmTlvO12qfYLf5V9uHyaDc_yobly8gh34id1902Q1FKJUoFBHhpyyzu75OmBi2i6nGr84GNxUf_nKeqAhh_YHtnNAsdLd_vl89kB01V2qvSuqaCe7KPb-Y-BNb03v4tLDGyUzKutxpwAjeUZl5OmmrVbFfQEKIypnTQFaMR7FIk
				X-Channel=SOBA
				X-Client-ID=2f4e1379addb2c6f059d53f622b6bf80
				X-Provider-ID=PIKA
				X-Request-ID=604cce61-6af6-48c5-8aa0-08a44cf180a8
				Accept=*/*
				Content-Type=application/json
Headers:		Authorization=Bearer eyJhbGciOiJSUzI1NiIsInR5cCIgOiAiSldUIiwia2lkIiA6ICIyTDR2cFBsXzVQRUY5clljdksxb3dWbkZYeW1GeklyT3VJN3NOZkhSUC1zIn0.eyJleHAiOjE3NDQ2MDQ3NzEsImlhdCI6MTc0NDU3NTk3MSwianRpIjoiMjEwMTAzYWQtODA5NS00NzBmLTk1MGUtYmViMjJkOGI4YWMxIiwiaXNzIjoiaHR0cHM6Ly9pZC5hY2Iudm4vYXV0aC9yZWFsbXMvc29iYSIsInN1YiI6ImQxNWJiYjNhLTgxNTEtNGVhOC1hYTM1LTAxMmJiZjJhZTc0OSIsInR5cCI6IkJlYXJlciIsImF6cCI6IjJmNGUxMzc5YWRkYjJjNmYwNTlkNTNmNjIyYjZiZjgwIiwic2Vzc2lvbl9zdGF0ZSI6ImNmNjIxZjkyLTYzMTMtNDBhZC04MjhkLWE4YTk2YmU3NTM0OCIsImFjciI6IjEiLCJzY29wZSI6InNlcnZpY2U6cGF5bWVudC1vcmRlciBzZXJ2aWNlOnZpcnR1YWwtYWNjb3VudCBzZXJ2aWNlOmJlbmVmaWNpYXJ5IHNlcnZpY2U6dHJhbnNhY3Rpb24taGlzdG9yeSBzZXJ2aWNlOmFjY291bnQtaW5mb3JtYXRpb24gc2VydmljZTp0cmFuc2FjdGlvbi1ub3RpZmljYXRpb24gc2VydmljZTphdXRoZW50aWNhdGlvbiBzZXJ2aWNlOmV3YWxsZXQgc29iYS1hcGkgc2VydmljZTptZXJjaGFudC1zb2x1dGlvbiIsImN1c3RvbWVyX3R5cGUiOiJPUkciLCJjbGllbnRJZCI6IjJmNGUxMzc5YWRkYjJjNmYwNTlkNTNmNjIyYjZiZjgwIiwiY2xpZW50SG9zdCI6IjEyNy4wLjAuMSIsImFjY291bnRfbWFqb3JzIjoiQ0siLCJzZXJ2aWNlX3Byb3ZpZGVyIjp0cnVlLCJhY2NvdW50X21pbm9ycyI6IkcwMTEiLCJjbGllbnRBZGRyZXNzIjoiMTI3LjAuMC4xIiwic2VnbWVudDEiOiJQSUtBIiwiZXdhbGxldF9zcCI6IlBJS0EiLCJjdXN0b21lcl9hY2NvdW50cyI6IjgwMDYxOTU5IiwicHJvdmlkZXJfaWQiOiJQSUtBIiwiY3VzdG9tZXJfaWQiOiI4MDExNzEiLCJwcm92aWRlcl9uYW1lIjoiUElLQSJ9.rqzOC5n2tfpV9hytWKKizyOtxgIeL_FGj0TdQ8pB9T38n152zbxdtPh8ncB2QCkvW6kEJmay5ybgDOMQ_oSXJKRuU9ZYcw17NcjZV8jpYt8HIrKWZIchdtHz5Ob9GvxkZQmT1oyntMCNoa4zxX0VcbDZbiVd5AMw3KhErrGZdAVAA3ErKCnCeevDKYvB1S7CwqKxTb34wkwk-dg3N63Bmih43zdUw0xZgVF5-aWq4GW3yKxwrifpEjb4dd_IUCpxQABl2RqUtE9_AQaxkaVr3cg4V3sbxTLcOHFSBr_IjLnWEs4uzekVuqqBQ4WXgNUXWYFgN7Wk7REsR01iDC1Z8sil7FHTSDRXL1AWsT1a_IRy9zZbLcNBZGVrNNrcZFsha1KQkJ94m58hUMIEZNx5_H7xpBpmSqd-p8K_JVkqI6w0R4x-DWjqw54wJIm4VF-EbXfChPJalfHXz0HIqLWd5nM4ekQKaBvTjRGxCjhbAUJH77U6VHEC4HeX1tvKHIBcJmTlvO12qfYLf5V9uHyaDc_yobly8gh34id1902Q1FKJUoFBHhpyyzu75OmBi2i6nGr84GNxUf_nKeqAhh_YHtnNAsdLd_vl89kB01V2qvSuqaCe7KPb-Y-BNb03v4tLDGyUzKutxpwAjeUZl5OmmrVbFfQEKIypnTQFaMR7FIk
				X-Channel=SOBA
				X-Client-ID=2f4e1379addb2c6f059d53f622b6bf80
				X-Provider-ID=PIKA
				X-Request-ID=604cce61-6af6-48c5-8aa0-08a44cf180a8
				Accept=*/*
				Content-Type=application/json
2025-04-14 03:26:49 [main] INFO  API_TEST - Bulk Transaction Response - Status Code: 200
2025-04-14 03:26:49 [main] INFO  API_TEST - Bulk Transaction Response - Headers: Connection=Keep-Alive
Transfer-Encoding=chunked
Date=Sun, 13 Apr 2025 20:26:49 GMT
Content-Type=application/json; charset=utf-8
X-Powered-By=Express
X-Request-Id=604cce61-6af6-48c5-8aa0-08a44cf180a8
ETag=W/"167-DrkD+MFgSFdHcs9aOIntf+kf99U"
Strict-Transport-Security=max-age=63072000; includeSubDomains; preload
X-Global-Transaction-ID=09cb96d367fc1d6c04ca6b42
X-RateLimit-Limit=name=Default rate-limit,200;
X-RateLimit-Remaining=name=Default rate-limit,195;
X-BurstLimit-Limit=name=Default burst-limit,10;
X-BurstLimit-Remaining=name=Default burst-limit,7;
Content-Encoding=gzip
Set-Cookie=acb=386078986.58148.0000; path=/; Httponly; Secure
2025-04-14 03:26:49 [main] INFO  API_TEST - Bulk Transaction Response - Body: 
{
    "requestTrace": "008228af-0706-48b4-a665-595f0c094cc3",
    "responseDateTime": "2025-04-14T03:26:49+07:00",
    "responseStatus": {
        "responseCode": "00000000",
        "responseMessage": "success"
    },
    "responseData": {
        "bulkTransaction": {
            "bulkTraceNumber": "pika4522638765",
            "bulkStatus": "ORIG",
            "stats": {
                "total_item": 3,
                "total_amount": 220000
            },
            "createdDateTime": "2025-04-13T20:26:48.000Z"
        }
    }
}
2025-04-14 03:26:49 [main] INFO  API_TEST - Sending Request Body: 
{
  "requestTrace" : "008228af-0706-48b4-a665-595f0c094cc3",
  "requestDateTime" : "2025-04-14T03:26:48.620011+07:00",
  "requestParameters" : {
    "data" : {
      "bulkTraceNumber" : "pika4522638765",
      "sourceAccountNumber" : "80061959",
      "transactions" : [ {
        "transactionTraceNumber" : "inside1083482986",
        "transactionType" : "INSIDEBANK",
        "beneficiary" : {
          "inside" : {
            "account" : {
              "accountNumber" : "A46A46P100211",
              "beneficiaryName" : "ADAM 25193"
            }
          }
        },
        "amount" : {
          "sourceCurrency" : "VND",
          "targetCurrency" : "VND",
          "amount" : "10000",
          "exchangeRate" : "1",
          "exchangeAmount" : "10000"
        },
        "remarks" : "tests"
      }, {
        "transactionTraceNumber" : "ibft1765393854",
        "transactionType" : "IBFT",
        "beneficiary" : {
          "interbank" : {
            "accountNumber" : "0129837294",
            "beneficiaryName" : "NGUYEN VAN A VNBC",
            "bank" : {
              "napasCode" : "970406"
            }
          }
        },
        "amount" : {
          "sourceCurrency" : "VND",
          "targetCurrency" : "VND",
          "amount" : "10000",
          "exchangeRate" : "1",
          "exchangeAmount" : "10000"
        },
        "remarks" : "test "
      }, {
        "transactionTraceNumber" : "citad1280905690",
        "transactionType" : "CITAD",
        "beneficiary" : {
          "citad" : {
            "bank" : {
              "citadCode" : "01201001"
            },
            "target" : {
              "account" : {
                "accountNumber" : "1015699329",
                "beneficiaryName" : "NGUYEN VAN C"
              }
            }
          }
        },
        "amount" : {
          "sourceCurrency" : "VND",
          "targetCurrency" : "VND",
          "amount" : "200000",
          "exchangeRate" : "1",
          "exchangeAmount" : "200000"
        },
        "remarks" : "Chi don "
      } ]
    },
    "authorizations" : [ {
      "authorizationString" : "MIAGCSqGSIb3DQEHAqCAMIACAQExCzAJBgUrDgMCGgUAMIAGCSqGSIb3DQEHAaCAJIAEgYAyADEAMgAxADMAOABmADYAMQA3AGYAMQBlADcAMAA3ADAANwBjAGEANQAyADAAYgA1ADgANQBkADcANAA1ADEAMgBmAGQAYgBlAGQAOAA2AGUAMwA3AGUAMwAyADMAOQA3ADEAMABhAGIAYQAzADQAYwAxADkAYgBmADkAYwA5AAAAAAAAAKCAMIIDRDCCAiygAwIBAgIEY4V5pDANBgkqhkiG9w0BAQsFADBkMQswCQYDVQQGEwJWTjEMMAoGA1UECAwDSENNMQwwCgYDVQQHDANIQ00xDDAKBgNVBAoMA0FDQjESMBAGA1UECwwJSVQgLSBEVktOMRcwFQYDVQQDDA5DdW9uZyBQaGFtIEExMDAeFw0yMjExMjkwMzE2NTJaFw0zMjExMjkwMzE2NTJaMGQxCzAJBgNVBAYTAlZOMQwwCgYDVQQIDANIQ00xDDAKBgNVBAcMA0hDTTEMMAoGA1UECgwDQUNCMRIwEAYDVQQLDAlJVCAtIERWS04xFzAVBgNVBAMMDkN1b25nIFBoYW0gQTEwMIIBIjANBgkqhkiG9w0BAQEFAAOCAQ8AMIIBCgKCAQEAiNUdY2zCxZnyFHO81b2OQAqW5rHylxlD+kLVDcwMUtSYEVVdxOtVK0fWni8e+9dz6wXuJI6bs/NgsLl4jPZVfzzLhDstrc8fWj0+BdIoQJe9CZuew8GLQc/pZ0mTH97ol6GWezL97ODZpf7PSsrA0b9UCV9n1PnAmBb7sM2AiEJy/ZuqSkPe0b8KRnyuE0ED94ScVoaiz6axYVISeF7QPRH00Gvi4fdJCdTiFlukp/0i9ZuhJxDO0JZ1eZlj2YI80vPo6WHeMDKeJ4JP2WPc4hfh8knNg+iKH2AoX2Co8T8DUhJjNDfFy6vO2Ej7B2qxZ4xXr+nSpcRdX1r0M3sr9QIDAQABMA0GCSqGSIb3DQEBCwUAA4IBAQBAXikxeNOzMknfMZsJg+vXUsMy5KXF2Jf5xm1FCRCbBVxmZXE1+6njsGaCixS1Lpi4/KbfwQ6XC1k8Dv40Pd6Koscnx5BuSjkLYkFFMlzHdchmLTJxrn86c6UMnb/MUXoQtqJ3bYBdwlc//YDc3XVKBDsOipZ0QY8zDpsz/4GaRQ3ua3UL2VyD94u1WKUB7JYPCxeRcDDgszLExOQ6FOHFGvZiF+yrQLXfYpktg4cgBXx4J6cDlvha8YBDM1DYX6sLwDy2XixDlACLtNxcRODC3rpVS/bSHC4WQkfTadwfkHoFB6iBm22P4KdxcHV2VP5YnHJ/Vaza4ghv/fEgxIWLAAAxggIeMIICGgIBATBsMGQxCzAJBgNVBAYTAlZOMQwwCgYDVQQIDANIQ00xDDAKBgNVBAcMA0hDTTEMMAoGA1UECgwDQUNCMRIwEAYDVQQLDAlJVCAtIERWS04xFzAVBgNVBAMMDkN1b25nIFBoYW0gQTEwAgRjhXmkMAkGBSsOAwIaBQCggYgwGAYJKoZIhvcNAQkDMQsGCSqGSIb3DQEHATAcBgkqhkiG9w0BCQUxDxcNMjUwNDEzMjAyNjQ4WjAjBgkqhkiG9w0BCQQxFgQUkhhxjJaEKHvfQcBQbNeXHvQqHLwwKQYJKoZIhvcNAQk0MRwwGjAJBgUrDgMCGgUAoQ0GCSqGSIb3DQEBAQUAMA0GCSqGSIb3DQEBAQUABIIBAIIUqa3uLp8v1136qKfSW2UiLSvxwB9wDjuAHV7h4Ddpl0MLQExHc91dWC00vXK/0hlxzWIahb0/89ljfS3b1qYMaLhW5tVebNeGefKzC3p1MrC538V6/xPSJA73i9JqfN9o6CayF8LiPUfdgBX/jgA//iin4VC00Apt8W17RS/5wzl/QGnpyqSAdFtHAcJ8X+BAzryHQYtLzIl81Z1vJ6nzQHhSaiU522iLNFduzWrMe3qvv5q+xNYa46QKFC464sCmXHSR/rpr5Ox+jq1exbBKHlWKnUnZQFoVt1ndb5y2rhrvaxVCrybo8GqrTKU7NoR0WGUjhGDeFKcffj3TJdMAAAAAAAA=",
      "authorizationId" : "1526fa6a-4388-4234-99e5-846ba2c6e328"
    }, {
      "authorizationString" : "MIAGCSqGSIb3DQEHAqCAMIACAQExCzAJBgUrDgMCGgUAMIAGCSqGSIb3DQEHAaCAJIAEgYAyADEAMgAxADMAOABmADYAMQA3AGYAMQBlADcAMAA3ADAANwBjAGEANQAyADAAYgA1ADgANQBkADcANAA1ADEAMgBmAGQAYgBlAGQAOAA2AGUAMwA3AGUAMwAyADMAOQA3ADEAMABhAGIAYQAzADQAYwAxADkAYgBmADkAYwA5AAAAAAAAAKCAMIIDRDCCAiygAwIBAgIEY4V53jANBgkqhkiG9w0BAQsFADBkMQswCQYDVQQGEwJWTjEMMAoGA1UECAwDSENNMQwwCgYDVQQHDANIQ00xDDAKBgNVBAoMA0FDQjESMBAGA1UECwwJSVQgLSBEVktOMRcwFQYDVQQDDA5DdW9uZyBQaGFtIEIxMDAeFw0yMjExMjkwMzE3NTBaFw0zMjExMjkwMzE3NTBaMGQxCzAJBgNVBAYTAlZOMQwwCgYDVQQIDANIQ00xDDAKBgNVBAcMA0hDTTEMMAoGA1UECgwDQUNCMRIwEAYDVQQLDAlJVCAtIERWS04xFzAVBgNVBAMMDkN1b25nIFBoYW0gQjEwMIIBIjANBgkqhkiG9w0BAQEFAAOCAQ8AMIIBCgKCAQEAorTh+kRlrLfQSt/ZqHxTDlPZaqzJFDWYgybIn95f21WnQYZeQJBNAE9N+aEZlLXT8pcPy3fkfUVdc34NEI1GDCcXxa9EdBPupFFiW+1rU9Do0I12x6VqWDvEj+7YVW8Gd/0kn7AY5YfqjSVPpa7+I69kpa/vHqo8HBjkl97j16nSO1sYj3aN2v2XYInac5TiIouykdxlv3b2y+iTf5KTnqus/9w5IUn33zNJ42A8woZW4SD7Lcv0ZxL6JiX59wKz90nRWeTAxi+Bf4wMYV9y0WzzNaLAnbmThoyjWcL11IHIJWLV1UqV30X9m4hvfI/zDIUIhdXu1WIlvBXDDn4f9QIDAQABMA0GCSqGSIb3DQEBCwUAA4IBAQBjAzbybbHskE2gogcTwUHvkKgJRcP/vAJgTLpeytB4pIdscLmeKDMwQCqGxYDC90kvmtRtWfSfeu3aUDA2ICtTQLvryDgvhlXqQ1PXAT7jSp2/XO1Ips4wNBPDazrgX9pVNCk1itiO1bx+fMPLtliyAxbDOkRt3CWFFgo2pimLCgyQeUY2QqpRmNP7HK0MYlIVJW2u0YeI/QH4KTjj0vLdDte6byz5TTaa0zi2z4Rr303rrmmia5zw8674plWyLJU6GHzC+PrAe14DfzFA4cK2Ip8Ya7eicrCWk1/DM+HKKR0253WIoi8o5yMs0q5JJSM7lvFpYLu+sYtRXl5Pm1L6AAAxggIeMIICGgIBATBsMGQxCzAJBgNVBAYTAlZOMQwwCgYDVQQIDANIQ00xDDAKBgNVBAcMA0hDTTEMMAoGA1UECgwDQUNCMRIwEAYDVQQLDAlJVCAtIERWS04xFzAVBgNVBAMMDkN1b25nIFBoYW0gQjEwAgRjhXneMAkGBSsOAwIaBQCggYgwGAYJKoZIhvcNAQkDMQsGCSqGSIb3DQEHATAcBgkqhkiG9w0BCQUxDxcNMjUwNDEzMjAyNjQ4WjAjBgkqhkiG9w0BCQQxFgQUkhhxjJaEKHvfQcBQbNeXHvQqHLwwKQYJKoZIhvcNAQk0MRwwGjAJBgUrDgMCGgUAoQ0GCSqGSIb3DQEBAQUAMA0GCSqGSIb3DQEBAQUABIIBAB629LygdPDO9z7Z7+zATWvSRT2ZpgYn13oiovspyp1A4oRaCl9+97TYEiKoe99BPAJEcZ6ST6B/bKNIqXGz3613dJ2gnlh+xwzv6FMbyJpCigLT28KMy554RDmHiHunl09GzVJimAkcLw6fgZTkjEh31gQJxRW4ulgYGdQzenyD6tIBxFbKEcVhjWw/K6ic2peS4awax6OuYKhhobI1IQhnfdpaaklnuZPVH2g1dMzeH3FLSnbj4nZPUNx9+ZA3jtmuXac3ke5tvab6HguvADN8Do7JpPhmZqDQVuEAxtbTgJU+83VSs8TRSQ0sJEcsv6c7+gB8qrsBH6i3mNmpQRkAAAAAAAA=",
      "authorizationId" : "72d9c963-4a20-40f3-bef1-9b773369826b"
    } ]
  }
}
2025-04-14 03:26:49 [main] INFO  API_TEST - Response - Status Code: 200
2025-04-14 03:26:49 [main] INFO  API_TEST - Response - Headers: Connection=Keep-Alive
Transfer-Encoding=chunked
Date=Sun, 13 Apr 2025 20:26:49 GMT
Content-Type=application/json; charset=utf-8
X-Powered-By=Express
X-Request-Id=604cce61-6af6-48c5-8aa0-08a44cf180a8
ETag=W/"167-DrkD+MFgSFdHcs9aOIntf+kf99U"
Strict-Transport-Security=max-age=63072000; includeSubDomains; preload
X-Global-Transaction-ID=09cb96d367fc1d6c04ca6b42
X-RateLimit-Limit=name=Default rate-limit,200;
X-RateLimit-Remaining=name=Default rate-limit,195;
X-BurstLimit-Limit=name=Default burst-limit,10;
X-BurstLimit-Remaining=name=Default burst-limit,7;
Content-Encoding=gzip
Set-Cookie=acb=386078986.58148.0000; path=/; Httponly; Secure
2025-04-14 03:26:49 [main] INFO  API_TEST - Response - Body: 
{
    "requestTrace": "008228af-0706-48b4-a665-595f0c094cc3",
    "responseDateTime": "2025-04-14T03:26:49+07:00",
    "responseStatus": {
        "responseCode": "00000000",
        "responseMessage": "success"
    },
    "responseData": {
        "bulkTransaction": {
            "bulkTraceNumber": "pika4522638765",
            "bulkStatus": "ORIG",
            "stats": {
                "total_item": 3,
                "total_amount": 220000
            },
            "createdDateTime": "2025-04-13T20:26:48.000Z"
        }
    }
}
2025-04-14 03:26:49 [main] INFO  API_TEST - Create Response Body: 
{
    "requestTrace": "008228af-0706-48b4-a665-595f0c094cc3",
    "responseDateTime": "2025-04-14T03:26:49+07:00",
    "responseStatus": {
        "responseCode": "00000000",
        "responseMessage": "success"
    },
    "responseData": {
        "bulkTransaction": {
            "bulkTraceNumber": "pika4522638765",
            "bulkStatus": "ORIG",
            "stats": {
                "total_item": 3,
                "total_amount": 220000
            },
            "createdDateTime": "2025-04-13T20:26:48.000Z"
        }
    }
}
2025-04-14 03:26:49 [main] INFO  API_TEST - Received bulkTraceNumber from create response: pika4522638765
2025-04-14 03:26:49 [main] INFO  API_TEST - Waiting 15 seconds (15000 ms) before querying bulk transaction
2025-04-14 03:27:04 [main] INFO  API_TEST - fromDate not specified in test case, using current date: 2025-04-14
2025-04-14 03:27:04 [main] INFO  API_TEST - toDate not specified in test case, using current date: 2025-04-14
2025-04-14 03:27:04 [main] INFO  API_TEST - Sending Bulk Transaction Query Request - bulkTraceNumber: pika4522638765, fromDate: 2025-04-14, toDate: 2025-04-14
2025-04-14 03:27:04 [main] INFO  API_TEST - Bulk Transaction Query Request Body: None (GET request)
2025-04-14 03:27:04 [main] INFO  API_TEST - Sending Bulk Transaction History Request to: https://sandbox.acb.com.vn/acb/open/payments/payment-order/v2/bulk-transaction
2025-04-14 03:27:04 [main] INFO  API_TEST - Request Headers: io.restassured.internal.RequestSpecificationImpl@5f166f2e
2025-04-14 03:27:04 [main] INFO  API_TEST - Request Query Params: bulkTraceNumber=pika4522638765, fromDate=2025-04-14, toDate=2025-04-14, channel=SOBA, providerId=BULK-TRANSACTION
Headers:		Authorization=Bearer eyJhbGciOiJSUzI1NiIsInR5cCIgOiAiSldUIiwia2lkIiA6ICIyTDR2cFBsXzVQRUY5clljdksxb3dWbkZYeW1GeklyT3VJN3NOZkhSUC1zIn0.eyJleHAiOjE3NDQ2MDQ3NzEsImlhdCI6MTc0NDU3NTk3MSwianRpIjoiMjEwMTAzYWQtODA5NS00NzBmLTk1MGUtYmViMjJkOGI4YWMxIiwiaXNzIjoiaHR0cHM6Ly9pZC5hY2Iudm4vYXV0aC9yZWFsbXMvc29iYSIsInN1YiI6ImQxNWJiYjNhLTgxNTEtNGVhOC1hYTM1LTAxMmJiZjJhZTc0OSIsInR5cCI6IkJlYXJlciIsImF6cCI6IjJmNGUxMzc5YWRkYjJjNmYwNTlkNTNmNjIyYjZiZjgwIiwic2Vzc2lvbl9zdGF0ZSI6ImNmNjIxZjkyLTYzMTMtNDBhZC04MjhkLWE4YTk2YmU3NTM0OCIsImFjciI6IjEiLCJzY29wZSI6InNlcnZpY2U6cGF5bWVudC1vcmRlciBzZXJ2aWNlOnZpcnR1YWwtYWNjb3VudCBzZXJ2aWNlOmJlbmVmaWNpYXJ5IHNlcnZpY2U6dHJhbnNhY3Rpb24taGlzdG9yeSBzZXJ2aWNlOmFjY291bnQtaW5mb3JtYXRpb24gc2VydmljZTp0cmFuc2FjdGlvbi1ub3RpZmljYXRpb24gc2VydmljZTphdXRoZW50aWNhdGlvbiBzZXJ2aWNlOmV3YWxsZXQgc29iYS1hcGkgc2VydmljZTptZXJjaGFudC1zb2x1dGlvbiIsImN1c3RvbWVyX3R5cGUiOiJPUkciLCJjbGllbnRJZCI6IjJmNGUxMzc5YWRkYjJjNmYwNTlkNTNmNjIyYjZiZjgwIiwiY2xpZW50SG9zdCI6IjEyNy4wLjAuMSIsImFjY291bnRfbWFqb3JzIjoiQ0siLCJzZXJ2aWNlX3Byb3ZpZGVyIjp0cnVlLCJhY2NvdW50X21pbm9ycyI6IkcwMTEiLCJjbGllbnRBZGRyZXNzIjoiMTI3LjAuMC4xIiwic2VnbWVudDEiOiJQSUtBIiwiZXdhbGxldF9zcCI6IlBJS0EiLCJjdXN0b21lcl9hY2NvdW50cyI6IjgwMDYxOTU5IiwicHJvdmlkZXJfaWQiOiJQSUtBIiwiY3VzdG9tZXJfaWQiOiI4MDExNzEiLCJwcm92aWRlcl9uYW1lIjoiUElLQSJ9.rqzOC5n2tfpV9hytWKKizyOtxgIeL_FGj0TdQ8pB9T38n152zbxdtPh8ncB2QCkvW6kEJmay5ybgDOMQ_oSXJKRuU9ZYcw17NcjZV8jpYt8HIrKWZIchdtHz5Ob9GvxkZQmT1oyntMCNoa4zxX0VcbDZbiVd5AMw3KhErrGZdAVAA3ErKCnCeevDKYvB1S7CwqKxTb34wkwk-dg3N63Bmih43zdUw0xZgVF5-aWq4GW3yKxwrifpEjb4dd_IUCpxQABl2RqUtE9_AQaxkaVr3cg4V3sbxTLcOHFSBr_IjLnWEs4uzekVuqqBQ4WXgNUXWYFgN7Wk7REsR01iDC1Z8sil7FHTSDRXL1AWsT1a_IRy9zZbLcNBZGVrNNrcZFsha1KQkJ94m58hUMIEZNx5_H7xpBpmSqd-p8K_JVkqI6w0R4x-DWjqw54wJIm4VF-EbXfChPJalfHXz0HIqLWd5nM4ekQKaBvTjRGxCjhbAUJH77U6VHEC4HeX1tvKHIBcJmTlvO12qfYLf5V9uHyaDc_yobly8gh34id1902Q1FKJUoFBHhpyyzu75OmBi2i6nGr84GNxUf_nKeqAhh_YHtnNAsdLd_vl89kB01V2qvSuqaCe7KPb-Y-BNb03v4tLDGyUzKutxpwAjeUZl5OmmrVbFfQEKIypnTQFaMR7FIk
				X-Channel=SOBA
				X-Client-ID=2f4e1379addb2c6f059d53f622b6bf80
				X-Provider-ID=PIKA
				X-Request-ID=d125539b-51e0-4b10-b8a2-ec88c0b98db9
				Accept=*/*
Headers:		Authorization=Bearer eyJhbGciOiJSUzI1NiIsInR5cCIgOiAiSldUIiwia2lkIiA6ICIyTDR2cFBsXzVQRUY5clljdksxb3dWbkZYeW1GeklyT3VJN3NOZkhSUC1zIn0.eyJleHAiOjE3NDQ2MDQ3NzEsImlhdCI6MTc0NDU3NTk3MSwianRpIjoiMjEwMTAzYWQtODA5NS00NzBmLTk1MGUtYmViMjJkOGI4YWMxIiwiaXNzIjoiaHR0cHM6Ly9pZC5hY2Iudm4vYXV0aC9yZWFsbXMvc29iYSIsInN1YiI6ImQxNWJiYjNhLTgxNTEtNGVhOC1hYTM1LTAxMmJiZjJhZTc0OSIsInR5cCI6IkJlYXJlciIsImF6cCI6IjJmNGUxMzc5YWRkYjJjNmYwNTlkNTNmNjIyYjZiZjgwIiwic2Vzc2lvbl9zdGF0ZSI6ImNmNjIxZjkyLTYzMTMtNDBhZC04MjhkLWE4YTk2YmU3NTM0OCIsImFjciI6IjEiLCJzY29wZSI6InNlcnZpY2U6cGF5bWVudC1vcmRlciBzZXJ2aWNlOnZpcnR1YWwtYWNjb3VudCBzZXJ2aWNlOmJlbmVmaWNpYXJ5IHNlcnZpY2U6dHJhbnNhY3Rpb24taGlzdG9yeSBzZXJ2aWNlOmFjY291bnQtaW5mb3JtYXRpb24gc2VydmljZTp0cmFuc2FjdGlvbi1ub3RpZmljYXRpb24gc2VydmljZTphdXRoZW50aWNhdGlvbiBzZXJ2aWNlOmV3YWxsZXQgc29iYS1hcGkgc2VydmljZTptZXJjaGFudC1zb2x1dGlvbiIsImN1c3RvbWVyX3R5cGUiOiJPUkciLCJjbGllbnRJZCI6IjJmNGUxMzc5YWRkYjJjNmYwNTlkNTNmNjIyYjZiZjgwIiwiY2xpZW50SG9zdCI6IjEyNy4wLjAuMSIsImFjY291bnRfbWFqb3JzIjoiQ0siLCJzZXJ2aWNlX3Byb3ZpZGVyIjp0cnVlLCJhY2NvdW50X21pbm9ycyI6IkcwMTEiLCJjbGllbnRBZGRyZXNzIjoiMTI3LjAuMC4xIiwic2VnbWVudDEiOiJQSUtBIiwiZXdhbGxldF9zcCI6IlBJS0EiLCJjdXN0b21lcl9hY2NvdW50cyI6IjgwMDYxOTU5IiwicHJvdmlkZXJfaWQiOiJQSUtBIiwiY3VzdG9tZXJfaWQiOiI4MDExNzEiLCJwcm92aWRlcl9uYW1lIjoiUElLQSJ9.rqzOC5n2tfpV9hytWKKizyOtxgIeL_FGj0TdQ8pB9T38n152zbxdtPh8ncB2QCkvW6kEJmay5ybgDOMQ_oSXJKRuU9ZYcw17NcjZV8jpYt8HIrKWZIchdtHz5Ob9GvxkZQmT1oyntMCNoa4zxX0VcbDZbiVd5AMw3KhErrGZdAVAA3ErKCnCeevDKYvB1S7CwqKxTb34wkwk-dg3N63Bmih43zdUw0xZgVF5-aWq4GW3yKxwrifpEjb4dd_IUCpxQABl2RqUtE9_AQaxkaVr3cg4V3sbxTLcOHFSBr_IjLnWEs4uzekVuqqBQ4WXgNUXWYFgN7Wk7REsR01iDC1Z8sil7FHTSDRXL1AWsT1a_IRy9zZbLcNBZGVrNNrcZFsha1KQkJ94m58hUMIEZNx5_H7xpBpmSqd-p8K_JVkqI6w0R4x-DWjqw54wJIm4VF-EbXfChPJalfHXz0HIqLWd5nM4ekQKaBvTjRGxCjhbAUJH77U6VHEC4HeX1tvKHIBcJmTlvO12qfYLf5V9uHyaDc_yobly8gh34id1902Q1FKJUoFBHhpyyzu75OmBi2i6nGr84GNxUf_nKeqAhh_YHtnNAsdLd_vl89kB01V2qvSuqaCe7KPb-Y-BNb03v4tLDGyUzKutxpwAjeUZl5OmmrVbFfQEKIypnTQFaMR7FIk
				X-Channel=SOBA
				X-Client-ID=2f4e1379addb2c6f059d53f622b6bf80
				X-Provider-ID=PIKA
				X-Request-ID=d125539b-51e0-4b10-b8a2-ec88c0b98db9
				Accept=*/*
2025-04-14 03:27:04 [main] INFO  API_TEST - Bulk Transaction History Response - Status Code: 200
2025-04-14 03:27:04 [main] INFO  API_TEST - Bulk Transaction History Response - Headers: Connection=Keep-Alive
Transfer-Encoding=chunked
Date=Sun, 13 Apr 2025 20:27:04 GMT
Content-Type=application/json; charset=utf-8
X-Powered-By=Express
X-Request-Id=d125539b-51e0-4b10-b8a2-ec88c0b98db9
ETag=W/"1a3-eiWy5ccmAtTtT3sI0eS+PXAgvS8"
Strict-Transport-Security=max-age=63072000; includeSubDomains; preload
X-Global-Transaction-ID=09cb96d367fc1d7b04ca6be2
X-RateLimit-Limit=name=Default rate-limit,200;
X-RateLimit-Remaining=name=Default rate-limit,194;
X-BurstLimit-Limit=name=Default burst-limit,10;
X-BurstLimit-Remaining=name=Default burst-limit,9;
Content-Encoding=gzip
Set-Cookie=acb=386078986.58148.0000; path=/; Httponly; Secure
2025-04-14 03:27:04 [main] INFO  API_TEST - Bulk Transaction History Response - Body: 
{
    "responseDateTime": "2025-04-14T03:27:04+07:00",
    "responseStatus": {
        "responseCode": "00000000",
        "responseMessage": "success"
    },
    "responseData": {
        "bulkTransactions": [
            {
                "bulkTraceNumber": "pika4522638765",
                "bulkStatus": "COMP",
                "stats": {
                    "totalItem": 3,
                    "totalAmount": 220000,
                    "totalServiceChargeAmount": 0,
                    "totalAmountTransfer": 220000,
                    "totalServiceChargeAmountTransfer": 0
                }
            }
        ],
        "pagination": {
            "totalRows": 1,
            "totalPages": 1,
            "page": 1,
            "size": 20
        }
    }
}
2025-04-14 03:27:04 [main] INFO  API_TEST - Sending Request Body: 
None (GET request)
2025-04-14 03:27:04 [main] INFO  API_TEST - Response - Status Code: 200
2025-04-14 03:27:04 [main] INFO  API_TEST - Response - Headers: Connection=Keep-Alive
Transfer-Encoding=chunked
Date=Sun, 13 Apr 2025 20:27:04 GMT
Content-Type=application/json; charset=utf-8
X-Powered-By=Express
X-Request-Id=d125539b-51e0-4b10-b8a2-ec88c0b98db9
ETag=W/"1a3-eiWy5ccmAtTtT3sI0eS+PXAgvS8"
Strict-Transport-Security=max-age=63072000; includeSubDomains; preload
X-Global-Transaction-ID=09cb96d367fc1d7b04ca6be2
X-RateLimit-Limit=name=Default rate-limit,200;
X-RateLimit-Remaining=name=Default rate-limit,194;
X-BurstLimit-Limit=name=Default burst-limit,10;
X-BurstLimit-Remaining=name=Default burst-limit,9;
Content-Encoding=gzip
Set-Cookie=acb=386078986.58148.0000; path=/; Httponly; Secure
2025-04-14 03:27:04 [main] INFO  API_TEST - Response - Body: 
{
    "responseDateTime": "2025-04-14T03:27:04+07:00",
    "responseStatus": {
        "responseCode": "00000000",
        "responseMessage": "success"
    },
    "responseData": {
        "bulkTransactions": [
            {
                "bulkTraceNumber": "pika4522638765",
                "bulkStatus": "COMP",
                "stats": {
                    "totalItem": 3,
                    "totalAmount": 220000,
                    "totalServiceChargeAmount": 0,
                    "totalAmountTransfer": 220000,
                    "totalServiceChargeAmountTransfer": 0
                }
            }
        ],
        "pagination": {
            "totalRows": 1,
            "totalPages": 1,
            "page": 1,
            "size": 20
        }
    }
}
2025-04-14 03:27:04 [main] INFO  API_TEST - Query Response Body: 
{
    "responseDateTime": "2025-04-14T03:27:04+07:00",
    "responseStatus": {
        "responseCode": "00000000",
        "responseMessage": "success"
    },
    "responseData": {
        "bulkTransactions": [
            {
                "bulkTraceNumber": "pika4522638765",
                "bulkStatus": "COMP",
                "stats": {
                    "totalItem": 3,
                    "totalAmount": 220000,
                    "totalServiceChargeAmount": 0,
                    "totalAmountTransfer": 220000,
                    "totalServiceChargeAmountTransfer": 0
                }
            }
        ],
        "pagination": {
            "totalRows": 1,
            "totalPages": 1,
            "page": 1,
            "size": 20
        }
    }
}
]]></system-out>
  </testcase>
</testsuite>