<?xml version="1.0" encoding="UTF-8"?>
<testsuite xmlns:xsi="http://www.w3.org/2001/XMLSchema-instance" xsi:noNamespaceSchemaLocation="https://maven.apache.org/surefire/maven-surefire-plugin/xsd/surefire-test-report-3.0.xsd" version="3.0" name="com.example.tests.APITests" time="22.146" tests="5" errors="0" skipped="0" failures="3">
  <properties>
    <property name="java.specification.version" value="17"/>
    <property name="sun.jnu.encoding" value="UTF-8"/>
    <property name="java.class.path" value="/Users/kimphung/PaymentOrderAPI/target/test-classes:/Users/kimphung/PaymentOrderAPI/target/classes:/Users/kimphung/.m2/repository/org/junit/jupiter/junit-jupiter-api/5.10.2/junit-jupiter-api-5.10.2.jar:/Users/kimphung/.m2/repository/org/opentest4j/opentest4j/1.3.0/opentest4j-1.3.0.jar:/Users/kimphung/.m2/repository/org/junit/platform/junit-platform-commons/1.10.2/junit-platform-commons-1.10.2.jar:/Users/kimphung/.m2/repository/org/apiguardian/apiguardian-api/1.1.2/apiguardian-api-1.1.2.jar:/Users/kimphung/.m2/repository/org/junit/jupiter/junit-jupiter-engine/5.10.2/junit-jupiter-engine-5.10.2.jar:/Users/kimphung/.m2/repository/org/junit/platform/junit-platform-engine/1.10.2/junit-platform-engine-1.10.2.jar:/Users/kimphung/.m2/repository/ch/qos/logback/logback-classic/1.4.14/logback-classic-1.4.14.jar:/Users/kimphung/.m2/repository/ch/qos/logback/logback-core/1.4.14/logback-core-1.4.14.jar:/Users/kimphung/.m2/repository/org/slf4j/slf4j-api/2.0.7/slf4j-api-2.0.7.jar:/Users/kimphung/.m2/repository/com/fasterxml/jackson/core/jackson-databind/2.15.2/jackson-databind-2.15.2.jar:/Users/kimphung/.m2/repository/com/fasterxml/jackson/core/jackson-annotations/2.15.2/jackson-annotations-2.15.2.jar:/Users/kimphung/.m2/repository/com/fasterxml/jackson/core/jackson-core/2.15.2/jackson-core-2.15.2.jar:/Users/kimphung/.m2/repository/commons-codec/commons-codec/1.16.0/commons-codec-1.16.0.jar:/Users/kimphung/.m2/repository/io/qameta/allure/allure-junit5/2.27.0/allure-junit5-2.27.0.jar:/Users/kimphung/.m2/repository/io/qameta/allure/allure-junit-platform/2.27.0/allure-junit-platform-2.27.0.jar:/Users/kimphung/.m2/repository/io/qameta/allure/allure-test-filter/2.27.0/allure-test-filter-2.27.0.jar:/Users/kimphung/.m2/repository/org/junit/platform/junit-platform-launcher/1.9.2/junit-platform-launcher-1.9.2.jar:/Users/kimphung/.m2/repository/io/qameta/allure/allure-maven/2.12.0/allure-maven-2.12.0.jar:/Users/kimphung/.m2/repository/org/apache/httpcomponents/httpclient/4.5.13/httpclient-4.5.13.jar:/Users/kimphung/.m2/repository/org/apache/httpcomponents/httpcore/4.4.13/httpcore-4.4.13.jar:/Users/kimphung/.m2/repository/commons-logging/commons-logging/1.2/commons-logging-1.2.jar:/Users/kimphung/.m2/repository/org/apache/maven/maven-plugin-api/3.8.6/maven-plugin-api-3.8.6.jar:/Users/kimphung/.m2/repository/org/codehaus/plexus/plexus-utils/3.3.1/plexus-utils-3.3.1.jar:/Users/kimphung/.m2/repository/org/codehaus/plexus/plexus-classworlds/2.6.0/plexus-classworlds-2.6.0.jar:/Users/kimphung/.m2/repository/org/apache/maven/maven-core/3.8.6/maven-core-3.8.6.jar:/Users/kimphung/.m2/repository/org/apache/maven/maven-model/3.8.6/maven-model-3.8.6.jar:/Users/kimphung/.m2/repository/org/apache/maven/maven-settings/3.8.6/maven-settings-3.8.6.jar:/Users/kimphung/.m2/repository/org/apache/maven/maven-settings-builder/3.8.6/maven-settings-builder-3.8.6.jar:/Users/kimphung/.m2/repository/org/codehaus/plexus/plexus-sec-dispatcher/2.0/plexus-sec-dispatcher-2.0.jar:/Users/kimphung/.m2/repository/org/codehaus/plexus/plexus-cipher/2.0/plexus-cipher-2.0.jar:/Users/kimphung/.m2/repository/org/apache/maven/maven-builder-support/3.8.6/maven-builder-support-3.8.6.jar:/Users/kimphung/.m2/repository/org/apache/maven/maven-repository-metadata/3.8.6/maven-repository-metadata-3.8.6.jar:/Users/kimphung/.m2/repository/org/apache/maven/maven-artifact/3.8.6/maven-artifact-3.8.6.jar:/Users/kimphung/.m2/repository/org/apache/maven/maven-model-builder/3.8.6/maven-model-builder-3.8.6.jar:/Users/kimphung/.m2/repository/org/apache/maven/maven-resolver-provider/3.8.6/maven-resolver-provider-3.8.6.jar:/Users/kimphung/.m2/repository/org/apache/maven/resolver/maven-resolver-impl/1.6.3/maven-resolver-impl-1.6.3.jar:/Users/kimphung/.m2/repository/org/apache/maven/resolver/maven-resolver-api/1.6.3/maven-resolver-api-1.6.3.jar:/Users/kimphung/.m2/repository/org/apache/maven/resolver/maven-resolver-spi/1.6.3/maven-resolver-spi-1.6.3.jar:/Users/kimphung/.m2/repository/org/apache/maven/resolver/maven-resolver-util/1.6.3/maven-resolver-util-1.6.3.jar:/Users/kimphung/.m2/repository/org/apache/maven/shared/maven-shared-utils/3.3.4/maven-shared-utils-3.3.4.jar:/Users/kimphung/.m2/repository/commons-io/commons-io/2.6/commons-io-2.6.jar:/Users/kimphung/.m2/repository/org/eclipse/sisu/org.eclipse.sisu.plexus/0.3.5/org.eclipse.sisu.plexus-0.3.5.jar:/Users/kimphung/.m2/repository/javax/annotation/javax.annotation-api/1.2/javax.annotation-api-1.2.jar:/Users/kimphung/.m2/repository/org/eclipse/sisu/org.eclipse.sisu.inject/0.3.5/org.eclipse.sisu.inject-0.3.5.jar:/Users/kimphung/.m2/repository/com/google/inject/guice/4.2.2/guice-4.2.2-no_aop.jar:/Users/kimphung/.m2/repository/aopalliance/aopalliance/1.0/aopalliance-1.0.jar:/Users/kimphung/.m2/repository/com/google/guava/guava/25.1-android/guava-25.1-android.jar:/Users/kimphung/.m2/repository/com/google/code/findbugs/jsr305/3.0.2/jsr305-3.0.2.jar:/Users/kimphung/.m2/repository/org/checkerframework/checker-compat-qual/2.0.0/checker-compat-qual-2.0.0.jar:/Users/kimphung/.m2/repository/com/google/errorprone/error_prone_annotations/2.1.3/error_prone_annotations-2.1.3.jar:/Users/kimphung/.m2/repository/com/google/j2objc/j2objc-annotations/1.1/j2objc-annotations-1.1.jar:/Users/kimphung/.m2/repository/org/codehaus/mojo/animal-sniffer-annotations/1.14/animal-sniffer-annotations-1.14.jar:/Users/kimphung/.m2/repository/javax/inject/javax.inject/1/javax.inject-1.jar:/Users/kimphung/.m2/repository/org/codehaus/plexus/plexus-interpolation/1.26/plexus-interpolation-1.26.jar:/Users/kimphung/.m2/repository/org/codehaus/plexus/plexus-component-annotations/2.1.0/plexus-component-annotations-2.1.0.jar:/Users/kimphung/.m2/repository/org/apache/commons/commons-lang3/3.8.1/commons-lang3-3.8.1.jar:/Users/kimphung/.m2/repository/org/apache/maven/reporting/maven-reporting-impl/3.0.0/maven-reporting-impl-3.0.0.jar:/Users/kimphung/.m2/repository/org/apache/maven/reporting/maven-reporting-api/3.0/maven-reporting-api-3.0.jar:/Users/kimphung/.m2/repository/org/apache/maven/doxia/doxia-sink-api/1.7/doxia-sink-api-1.7.jar:/Users/kimphung/.m2/repository/org/apache/maven/doxia/doxia-logging-api/1.7/doxia-logging-api-1.7.jar:/Users/kimphung/.m2/repository/org/apache/maven/doxia/doxia-decoration-model/1.7.4/doxia-decoration-model-1.7.4.jar:/Users/kimphung/.m2/repository/org/apache/maven/doxia/doxia-core/1.7/doxia-core-1.7.jar:/Users/kimphung/.m2/repository/org/codehaus/plexus/plexus-container-default/1.0-alpha-30/plexus-container-default-1.0-alpha-30.jar:/Users/kimphung/.m2/repository/junit/junit/3.8.1/junit-3.8.1.jar:/Users/kimphung/.m2/repository/commons-lang/commons-lang/2.4/commons-lang-2.4.jar:/Users/kimphung/.m2/repository/xmlunit/xmlunit/1.5/xmlunit-1.5.jar:/Users/kimphung/.m2/repository/org/apache/maven/doxia/doxia-site-renderer/1.7.4/doxia-site-renderer-1.7.4.jar:/Users/kimphung/.m2/repository/org/apache/maven/doxia/doxia-skin-model/1.7.4/doxia-skin-model-1.7.4.jar:/Users/kimphung/.m2/repository/org/apache/maven/doxia/doxia-module-xhtml/1.7/doxia-module-xhtml-1.7.jar:/Users/kimphung/.m2/repository/org/codehaus/plexus/plexus-i18n/1.0-beta-7/plexus-i18n-1.0-beta-7.jar:/Users/kimphung/.m2/repository/org/codehaus/plexus/plexus-velocity/1.2/plexus-velocity-1.2.jar:/Users/kimphung/.m2/repository/org/apache/velocity/velocity/1.7/velocity-1.7.jar:/Users/kimphung/.m2/repository/org/apache/velocity/velocity-tools/2.0/velocity-tools-2.0.jar:/Users/kimphung/.m2/repository/commons-digester/commons-digester/1.8/commons-digester-1.8.jar:/Users/kimphung/.m2/repository/commons-chain/commons-chain/1.1/commons-chain-1.1.jar:/Users/kimphung/.m2/repository/commons-validator/commons-validator/1.3.1/commons-validator-1.3.1.jar:/Users/kimphung/.m2/repository/dom4j/dom4j/1.1/dom4j-1.1.jar:/Users/kimphung/.m2/repository/oro/oro/2.0.8/oro-2.0.8.jar:/Users/kimphung/.m2/repository/sslext/sslext/1.2-0/sslext-1.2-0.jar:/Users/kimphung/.m2/repository/org/apache/struts/struts-core/1.3.8/struts-core-1.3.8.jar:/Users/kimphung/.m2/repository/antlr/antlr/2.7.2/antlr-2.7.2.jar:/Users/kimphung/.m2/repository/org/apache/struts/struts-taglib/1.3.8/struts-taglib-1.3.8.jar:/Users/kimphung/.m2/repository/org/apache/struts/struts-tiles/1.3.8/struts-tiles-1.3.8.jar:/Users/kimphung/.m2/repository/org/apache/maven/shared/maven-artifact-transfer/0.13.1/maven-artifact-transfer-0.13.1.jar:/Users/kimphung/.m2/repository/org/apache/maven/shared/maven-common-artifact-filters/3.1.0/maven-common-artifact-filters-3.1.0.jar:/Users/kimphung/.m2/repository/org/sonatype/sisu/sisu-inject-plexus/1.4.2/sisu-inject-plexus-1.4.2.jar:/Users/kimphung/.m2/repository/org/sonatype/sisu/sisu-inject-bean/1.4.2/sisu-inject-bean-1.4.2.jar:/Users/kimphung/.m2/repository/org/sonatype/sisu/sisu-guice/2.1.7/sisu-guice-2.1.7-noaop.jar:/Users/kimphung/.m2/repository/commons-beanutils/commons-beanutils/1.9.4/commons-beanutils-1.9.4.jar:/Users/kimphung/.m2/repository/commons-collections/commons-collections/3.2.2/commons-collections-3.2.2.jar:/Users/kimphung/.m2/repository/net/lingala/zip4j/zip4j/1.3.3/zip4j-1.3.3.jar:/Users/kimphung/.m2/repository/org/apache/commons/commons-exec/1.3/commons-exec-1.3.jar:/Users/kimphung/.m2/repository/org/apache/maven/plugin-tools/maven-plugin-annotations/3.7.0/maven-plugin-annotations-3.7.0.jar:/Users/kimphung/.m2/repository/org/apache/maven/plugins/maven-jxr-plugin/3.3.0/maven-jxr-plugin-3.3.0.jar:/Users/kimphung/.m2/repository/org/apache/maven/maven-jxr/3.3.0/maven-jxr-3.3.0.jar:/Users/kimphung/.m2/repository/org/apache/maven/wagon/wagon-provider-api/2.8/wagon-provider-api-2.8.jar:/Users/kimphung/.m2/repository/org/codehaus/plexus/plexus-java/1.1.1/plexus-java-1.1.1.jar:/Users/kimphung/.m2/repository/org/ow2/asm/asm/9.2/asm-9.2.jar:/Users/kimphung/.m2/repository/com/thoughtworks/qdox/qdox/2.0.1/qdox-2.0.1.jar:/Users/kimphung/.m2/repository/io/rest-assured/rest-assured/5.1.1/rest-assured-5.1.1.jar:/Users/kimphung/.m2/repository/org/apache/groovy/groovy/4.0.1/groovy-4.0.1.jar:/Users/kimphung/.m2/repository/org/apache/groovy/groovy-xml/4.0.1/groovy-xml-4.0.1.jar:/Users/kimphung/.m2/repository/org/apache/httpcomponents/httpmime/4.5.13/httpmime-4.5.13.jar:/Users/kimphung/.m2/repository/org/hamcrest/hamcrest/2.1/hamcrest-2.1.jar:/Users/kimphung/.m2/repository/org/ccil/cowan/tagsoup/tagsoup/1.2.1/tagsoup-1.2.1.jar:/Users/kimphung/.m2/repository/io/rest-assured/json-path/5.1.1/json-path-5.1.1.jar:/Users/kimphung/.m2/repository/org/apache/groovy/groovy-json/4.0.1/groovy-json-4.0.1.jar:/Users/kimphung/.m2/repository/io/rest-assured/rest-assured-common/5.1.1/rest-assured-common-5.1.1.jar:/Users/kimphung/.m2/repository/io/rest-assured/xml-path/5.1.1/xml-path-5.1.1.jar:/Users/kimphung/.m2/repository/org/bouncycastle/bcpkix-jdk18on/1.78/bcpkix-jdk18on-1.78.jar:/Users/kimphung/.m2/repository/org/bouncycastle/bcprov-jdk18on/1.78/bcprov-jdk18on-1.78.jar:/Users/kimphung/.m2/repository/org/bouncycastle/bcutil-jdk18on/1.78/bcutil-jdk18on-1.78.jar:/Users/kimphung/.m2/repository/io/qameta/allure/allure-java-commons/2.27.0/allure-java-commons-2.27.0.jar:/Users/kimphung/.m2/repository/io/qameta/allure/allure-model/2.27.0/allure-model-2.27.0.jar:"/>
    <property name="java.vm.vendor" value="Oracle Corporation"/>
    <property name="sun.arch.data.model" value="64"/>
    <property name="java.vendor.url" value="https://java.oracle.com/"/>
    <property name="user.timezone" value="Asia/Ho_Chi_Minh"/>
    <property name="os.name" value="Mac OS X"/>
    <property name="java.vm.specification.version" value="17"/>
    <property name="sun.java.launcher" value="SUN_STANDARD"/>
    <property name="user.country" value="VN"/>
    <property name="sun.boot.library.path" value="/Library/Java/JavaVirtualMachines/jdk-17.jdk/Contents/Home/lib"/>
    <property name="sun.java.command" value="/Users/kimphung/PaymentOrderAPI/target/surefire/surefirebooter-20250410174619701_3.jar /Users/kimphung/PaymentOrderAPI/target/surefire 2025-04-10T17-46-19_661-jvmRun1 surefire-20250410174619701_1tmp surefire_0-20250410174619701_2tmp"/>
    <property name="http.nonProxyHosts" value="local|*.local|169.254/16|*.169.254/16"/>
    <property name="jdk.debug" value="release"/>
    <property name="surefire.test.class.path" value="/Users/kimphung/PaymentOrderAPI/target/test-classes:/Users/kimphung/PaymentOrderAPI/target/classes:/Users/kimphung/.m2/repository/org/junit/jupiter/junit-jupiter-api/5.10.2/junit-jupiter-api-5.10.2.jar:/Users/kimphung/.m2/repository/org/opentest4j/opentest4j/1.3.0/opentest4j-1.3.0.jar:/Users/kimphung/.m2/repository/org/junit/platform/junit-platform-commons/1.10.2/junit-platform-commons-1.10.2.jar:/Users/kimphung/.m2/repository/org/apiguardian/apiguardian-api/1.1.2/apiguardian-api-1.1.2.jar:/Users/kimphung/.m2/repository/org/junit/jupiter/junit-jupiter-engine/5.10.2/junit-jupiter-engine-5.10.2.jar:/Users/kimphung/.m2/repository/org/junit/platform/junit-platform-engine/1.10.2/junit-platform-engine-1.10.2.jar:/Users/kimphung/.m2/repository/ch/qos/logback/logback-classic/1.4.14/logback-classic-1.4.14.jar:/Users/kimphung/.m2/repository/ch/qos/logback/logback-core/1.4.14/logback-core-1.4.14.jar:/Users/kimphung/.m2/repository/org/slf4j/slf4j-api/2.0.7/slf4j-api-2.0.7.jar:/Users/kimphung/.m2/repository/com/fasterxml/jackson/core/jackson-databind/2.15.2/jackson-databind-2.15.2.jar:/Users/kimphung/.m2/repository/com/fasterxml/jackson/core/jackson-annotations/2.15.2/jackson-annotations-2.15.2.jar:/Users/kimphung/.m2/repository/com/fasterxml/jackson/core/jackson-core/2.15.2/jackson-core-2.15.2.jar:/Users/kimphung/.m2/repository/commons-codec/commons-codec/1.16.0/commons-codec-1.16.0.jar:/Users/kimphung/.m2/repository/io/qameta/allure/allure-junit5/2.27.0/allure-junit5-2.27.0.jar:/Users/kimphung/.m2/repository/io/qameta/allure/allure-junit-platform/2.27.0/allure-junit-platform-2.27.0.jar:/Users/kimphung/.m2/repository/io/qameta/allure/allure-test-filter/2.27.0/allure-test-filter-2.27.0.jar:/Users/kimphung/.m2/repository/org/junit/platform/junit-platform-launcher/1.9.2/junit-platform-launcher-1.9.2.jar:/Users/kimphung/.m2/repository/io/qameta/allure/allure-maven/2.12.0/allure-maven-2.12.0.jar:/Users/kimphung/.m2/repository/org/apache/httpcomponents/httpclient/4.5.13/httpclient-4.5.13.jar:/Users/kimphung/.m2/repository/org/apache/httpcomponents/httpcore/4.4.13/httpcore-4.4.13.jar:/Users/kimphung/.m2/repository/commons-logging/commons-logging/1.2/commons-logging-1.2.jar:/Users/kimphung/.m2/repository/org/apache/maven/maven-plugin-api/3.8.6/maven-plugin-api-3.8.6.jar:/Users/kimphung/.m2/repository/org/codehaus/plexus/plexus-utils/3.3.1/plexus-utils-3.3.1.jar:/Users/kimphung/.m2/repository/org/codehaus/plexus/plexus-classworlds/2.6.0/plexus-classworlds-2.6.0.jar:/Users/kimphung/.m2/repository/org/apache/maven/maven-core/3.8.6/maven-core-3.8.6.jar:/Users/kimphung/.m2/repository/org/apache/maven/maven-model/3.8.6/maven-model-3.8.6.jar:/Users/kimphung/.m2/repository/org/apache/maven/maven-settings/3.8.6/maven-settings-3.8.6.jar:/Users/kimphung/.m2/repository/org/apache/maven/maven-settings-builder/3.8.6/maven-settings-builder-3.8.6.jar:/Users/kimphung/.m2/repository/org/codehaus/plexus/plexus-sec-dispatcher/2.0/plexus-sec-dispatcher-2.0.jar:/Users/kimphung/.m2/repository/org/codehaus/plexus/plexus-cipher/2.0/plexus-cipher-2.0.jar:/Users/kimphung/.m2/repository/org/apache/maven/maven-builder-support/3.8.6/maven-builder-support-3.8.6.jar:/Users/kimphung/.m2/repository/org/apache/maven/maven-repository-metadata/3.8.6/maven-repository-metadata-3.8.6.jar:/Users/kimphung/.m2/repository/org/apache/maven/maven-artifact/3.8.6/maven-artifact-3.8.6.jar:/Users/kimphung/.m2/repository/org/apache/maven/maven-model-builder/3.8.6/maven-model-builder-3.8.6.jar:/Users/kimphung/.m2/repository/org/apache/maven/maven-resolver-provider/3.8.6/maven-resolver-provider-3.8.6.jar:/Users/kimphung/.m2/repository/org/apache/maven/resolver/maven-resolver-impl/1.6.3/maven-resolver-impl-1.6.3.jar:/Users/kimphung/.m2/repository/org/apache/maven/resolver/maven-resolver-api/1.6.3/maven-resolver-api-1.6.3.jar:/Users/kimphung/.m2/repository/org/apache/maven/resolver/maven-resolver-spi/1.6.3/maven-resolver-spi-1.6.3.jar:/Users/kimphung/.m2/repository/org/apache/maven/resolver/maven-resolver-util/1.6.3/maven-resolver-util-1.6.3.jar:/Users/kimphung/.m2/repository/org/apache/maven/shared/maven-shared-utils/3.3.4/maven-shared-utils-3.3.4.jar:/Users/kimphung/.m2/repository/commons-io/commons-io/2.6/commons-io-2.6.jar:/Users/kimphung/.m2/repository/org/eclipse/sisu/org.eclipse.sisu.plexus/0.3.5/org.eclipse.sisu.plexus-0.3.5.jar:/Users/kimphung/.m2/repository/javax/annotation/javax.annotation-api/1.2/javax.annotation-api-1.2.jar:/Users/kimphung/.m2/repository/org/eclipse/sisu/org.eclipse.sisu.inject/0.3.5/org.eclipse.sisu.inject-0.3.5.jar:/Users/kimphung/.m2/repository/com/google/inject/guice/4.2.2/guice-4.2.2-no_aop.jar:/Users/kimphung/.m2/repository/aopalliance/aopalliance/1.0/aopalliance-1.0.jar:/Users/kimphung/.m2/repository/com/google/guava/guava/25.1-android/guava-25.1-android.jar:/Users/kimphung/.m2/repository/com/google/code/findbugs/jsr305/3.0.2/jsr305-3.0.2.jar:/Users/kimphung/.m2/repository/org/checkerframework/checker-compat-qual/2.0.0/checker-compat-qual-2.0.0.jar:/Users/kimphung/.m2/repository/com/google/errorprone/error_prone_annotations/2.1.3/error_prone_annotations-2.1.3.jar:/Users/kimphung/.m2/repository/com/google/j2objc/j2objc-annotations/1.1/j2objc-annotations-1.1.jar:/Users/kimphung/.m2/repository/org/codehaus/mojo/animal-sniffer-annotations/1.14/animal-sniffer-annotations-1.14.jar:/Users/kimphung/.m2/repository/javax/inject/javax.inject/1/javax.inject-1.jar:/Users/kimphung/.m2/repository/org/codehaus/plexus/plexus-interpolation/1.26/plexus-interpolation-1.26.jar:/Users/kimphung/.m2/repository/org/codehaus/plexus/plexus-component-annotations/2.1.0/plexus-component-annotations-2.1.0.jar:/Users/kimphung/.m2/repository/org/apache/commons/commons-lang3/3.8.1/commons-lang3-3.8.1.jar:/Users/kimphung/.m2/repository/org/apache/maven/reporting/maven-reporting-impl/3.0.0/maven-reporting-impl-3.0.0.jar:/Users/kimphung/.m2/repository/org/apache/maven/reporting/maven-reporting-api/3.0/maven-reporting-api-3.0.jar:/Users/kimphung/.m2/repository/org/apache/maven/doxia/doxia-sink-api/1.7/doxia-sink-api-1.7.jar:/Users/kimphung/.m2/repository/org/apache/maven/doxia/doxia-logging-api/1.7/doxia-logging-api-1.7.jar:/Users/kimphung/.m2/repository/org/apache/maven/doxia/doxia-decoration-model/1.7.4/doxia-decoration-model-1.7.4.jar:/Users/kimphung/.m2/repository/org/apache/maven/doxia/doxia-core/1.7/doxia-core-1.7.jar:/Users/kimphung/.m2/repository/org/codehaus/plexus/plexus-container-default/1.0-alpha-30/plexus-container-default-1.0-alpha-30.jar:/Users/kimphung/.m2/repository/junit/junit/3.8.1/junit-3.8.1.jar:/Users/kimphung/.m2/repository/commons-lang/commons-lang/2.4/commons-lang-2.4.jar:/Users/kimphung/.m2/repository/xmlunit/xmlunit/1.5/xmlunit-1.5.jar:/Users/kimphung/.m2/repository/org/apache/maven/doxia/doxia-site-renderer/1.7.4/doxia-site-renderer-1.7.4.jar:/Users/kimphung/.m2/repository/org/apache/maven/doxia/doxia-skin-model/1.7.4/doxia-skin-model-1.7.4.jar:/Users/kimphung/.m2/repository/org/apache/maven/doxia/doxia-module-xhtml/1.7/doxia-module-xhtml-1.7.jar:/Users/kimphung/.m2/repository/org/codehaus/plexus/plexus-i18n/1.0-beta-7/plexus-i18n-1.0-beta-7.jar:/Users/kimphung/.m2/repository/org/codehaus/plexus/plexus-velocity/1.2/plexus-velocity-1.2.jar:/Users/kimphung/.m2/repository/org/apache/velocity/velocity/1.7/velocity-1.7.jar:/Users/kimphung/.m2/repository/org/apache/velocity/velocity-tools/2.0/velocity-tools-2.0.jar:/Users/kimphung/.m2/repository/commons-digester/commons-digester/1.8/commons-digester-1.8.jar:/Users/kimphung/.m2/repository/commons-chain/commons-chain/1.1/commons-chain-1.1.jar:/Users/kimphung/.m2/repository/commons-validator/commons-validator/1.3.1/commons-validator-1.3.1.jar:/Users/kimphung/.m2/repository/dom4j/dom4j/1.1/dom4j-1.1.jar:/Users/kimphung/.m2/repository/oro/oro/2.0.8/oro-2.0.8.jar:/Users/kimphung/.m2/repository/sslext/sslext/1.2-0/sslext-1.2-0.jar:/Users/kimphung/.m2/repository/org/apache/struts/struts-core/1.3.8/struts-core-1.3.8.jar:/Users/kimphung/.m2/repository/antlr/antlr/2.7.2/antlr-2.7.2.jar:/Users/kimphung/.m2/repository/org/apache/struts/struts-taglib/1.3.8/struts-taglib-1.3.8.jar:/Users/kimphung/.m2/repository/org/apache/struts/struts-tiles/1.3.8/struts-tiles-1.3.8.jar:/Users/kimphung/.m2/repository/org/apache/maven/shared/maven-artifact-transfer/0.13.1/maven-artifact-transfer-0.13.1.jar:/Users/kimphung/.m2/repository/org/apache/maven/shared/maven-common-artifact-filters/3.1.0/maven-common-artifact-filters-3.1.0.jar:/Users/kimphung/.m2/repository/org/sonatype/sisu/sisu-inject-plexus/1.4.2/sisu-inject-plexus-1.4.2.jar:/Users/kimphung/.m2/repository/org/sonatype/sisu/sisu-inject-bean/1.4.2/sisu-inject-bean-1.4.2.jar:/Users/kimphung/.m2/repository/org/sonatype/sisu/sisu-guice/2.1.7/sisu-guice-2.1.7-noaop.jar:/Users/kimphung/.m2/repository/commons-beanutils/commons-beanutils/1.9.4/commons-beanutils-1.9.4.jar:/Users/kimphung/.m2/repository/commons-collections/commons-collections/3.2.2/commons-collections-3.2.2.jar:/Users/kimphung/.m2/repository/net/lingala/zip4j/zip4j/1.3.3/zip4j-1.3.3.jar:/Users/kimphung/.m2/repository/org/apache/commons/commons-exec/1.3/commons-exec-1.3.jar:/Users/kimphung/.m2/repository/org/apache/maven/plugin-tools/maven-plugin-annotations/3.7.0/maven-plugin-annotations-3.7.0.jar:/Users/kimphung/.m2/repository/org/apache/maven/plugins/maven-jxr-plugin/3.3.0/maven-jxr-plugin-3.3.0.jar:/Users/kimphung/.m2/repository/org/apache/maven/maven-jxr/3.3.0/maven-jxr-3.3.0.jar:/Users/kimphung/.m2/repository/org/apache/maven/wagon/wagon-provider-api/2.8/wagon-provider-api-2.8.jar:/Users/kimphung/.m2/repository/org/codehaus/plexus/plexus-java/1.1.1/plexus-java-1.1.1.jar:/Users/kimphung/.m2/repository/org/ow2/asm/asm/9.2/asm-9.2.jar:/Users/kimphung/.m2/repository/com/thoughtworks/qdox/qdox/2.0.1/qdox-2.0.1.jar:/Users/kimphung/.m2/repository/io/rest-assured/rest-assured/5.1.1/rest-assured-5.1.1.jar:/Users/kimphung/.m2/repository/org/apache/groovy/groovy/4.0.1/groovy-4.0.1.jar:/Users/kimphung/.m2/repository/org/apache/groovy/groovy-xml/4.0.1/groovy-xml-4.0.1.jar:/Users/kimphung/.m2/repository/org/apache/httpcomponents/httpmime/4.5.13/httpmime-4.5.13.jar:/Users/kimphung/.m2/repository/org/hamcrest/hamcrest/2.1/hamcrest-2.1.jar:/Users/kimphung/.m2/repository/org/ccil/cowan/tagsoup/tagsoup/1.2.1/tagsoup-1.2.1.jar:/Users/kimphung/.m2/repository/io/rest-assured/json-path/5.1.1/json-path-5.1.1.jar:/Users/kimphung/.m2/repository/org/apache/groovy/groovy-json/4.0.1/groovy-json-4.0.1.jar:/Users/kimphung/.m2/repository/io/rest-assured/rest-assured-common/5.1.1/rest-assured-common-5.1.1.jar:/Users/kimphung/.m2/repository/io/rest-assured/xml-path/5.1.1/xml-path-5.1.1.jar:/Users/kimphung/.m2/repository/org/bouncycastle/bcpkix-jdk18on/1.78/bcpkix-jdk18on-1.78.jar:/Users/kimphung/.m2/repository/org/bouncycastle/bcprov-jdk18on/1.78/bcprov-jdk18on-1.78.jar:/Users/kimphung/.m2/repository/org/bouncycastle/bcutil-jdk18on/1.78/bcutil-jdk18on-1.78.jar:/Users/kimphung/.m2/repository/io/qameta/allure/allure-java-commons/2.27.0/allure-java-commons-2.27.0.jar:/Users/kimphung/.m2/repository/io/qameta/allure/allure-model/2.27.0/allure-model-2.27.0.jar:"/>
    <property name="sun.cpu.endian" value="little"/>
    <property name="user.home" value="/Users/kimphung"/>
    <property name="user.language" value="en"/>
    <property name="java.specification.vendor" value="Oracle Corporation"/>
    <property name="java.version.date" value="2024-07-16"/>
    <property name="java.home" value="/Library/Java/JavaVirtualMachines/jdk-17.jdk/Contents/Home"/>
    <property name="file.separator" value="/"/>
    <property name="basedir" value="/Users/kimphung/PaymentOrderAPI"/>
    <property name="java.vm.compressedOopsMode" value="Zero based"/>
    <property name="line.separator" value="&#10;"/>
    <property name="java.specification.name" value="Java Platform API Specification"/>
    <property name="java.vm.specification.vendor" value="Oracle Corporation"/>
    <property name="surefire.real.class.path" value="/Users/kimphung/PaymentOrderAPI/target/surefire/surefirebooter-20250410174619701_3.jar"/>
    <property name="sun.management.compiler" value="HotSpot 64-Bit Tiered Compilers"/>
    <property name="ftp.nonProxyHosts" value="local|*.local|169.254/16|*.169.254/16"/>
    <property name="java.runtime.version" value="17.0.12+8-LTS-286"/>
    <property name="user.name" value="kimphung"/>
    <property name="path.separator" value=":"/>
    <property name="os.version" value="15.0.1"/>
    <property name="java.runtime.name" value="Java(TM) SE Runtime Environment"/>
    <property name="file.encoding" value="UTF-8"/>
    <property name="java.vm.name" value="Java HotSpot(TM) 64-Bit Server VM"/>
    <property name="localRepository" value="/Users/kimphung/.m2/repository"/>
    <property name="java.vendor.url.bug" value="https://bugreport.java.com/bugreport/"/>
    <property name="java.io.tmpdir" value="/var/folders/8c/w60q5lkd7gvdpnb27fxhxlpw0000gn/T/"/>
    <property name="java.version" value="17.0.12"/>
    <property name="user.dir" value="/Users/kimphung/PaymentOrderAPI"/>
    <property name="os.arch" value="aarch64"/>
    <property name="java.vm.specification.name" value="Java Virtual Machine Specification"/>
    <property name="native.encoding" value="UTF-8"/>
    <property name="java.library.path" value="/Users/kimphung/Library/Java/Extensions:/Library/Java/Extensions:/Network/Library/Java/Extensions:/System/Library/Java/Extensions:/usr/lib/java:."/>
    <property name="java.vm.info" value="mixed mode, sharing"/>
    <property name="java.vendor" value="Oracle Corporation"/>
    <property name="java.vm.version" value="17.0.12+8-LTS-286"/>
    <property name="sun.io.unicode.encoding" value="UnicodeBig"/>
    <property name="socksNonProxyHosts" value="local|*.local|169.254/16|*.169.254/16"/>
    <property name="java.class.version" value="61.0"/>
  </properties>
  <testcase name="testAllPaymentOrders" classname="com.example.tests.APITests" time="0.963">
    <system-out><![CDATA[2025-04-10 17:46:20 [main] INFO  API_TEST - Sending Token Request to: https://sandbox.acb.com.vn/acb/open/iam/id/v1/auth/realms/soba/protocol/openid-connect/token
2025-04-10 17:46:20 [main] INFO  API_TEST - Access Token: eyJhbGciOiJSUzI1NiIsInR5cCIgOiAiSldUIiwia2lkIiA6ICIyTDR2cFBsXzVQRUY5clljdksxb3dWbkZYeW1GeklyT3VJN3NOZkhSUC1zIn0.eyJleHAiOjE3NDQzMTA3ODAsImlhdCI6MTc0NDI4MTk4MCwianRpIjoiNDgwNjk2YzEtNjAzNi00MTNkLTkwZmMtMGE5YzhiMGE3YTcwIiwiaXNzIjoiaHR0cHM6Ly9pZC5hY2Iudm4vYXV0aC9yZWFsbXMvc29iYSIsInN1YiI6ImQxNWJiYjNhLTgxNTEtNGVhOC1hYTM1LTAxMmJiZjJhZTc0OSIsInR5cCI6IkJlYXJlciIsImF6cCI6IjJmNGUxMzc5YWRkYjJjNmYwNTlkNTNmNjIyYjZiZjgwIiwic2Vzc2lvbl9zdGF0ZSI6IjEwZDFiMjcwLTk1ZTUtNDVjNy05NTY4LWU2ODA0ZTcyZTRlNiIsImFjciI6IjEiLCJzY29wZSI6InNlcnZpY2U6cGF5bWVudC1vcmRlciBzZXJ2aWNlOnZpcnR1YWwtYWNjb3VudCBzZXJ2aWNlOmJlbmVmaWNpYXJ5IHNlcnZpY2U6dHJhbnNhY3Rpb24taGlzdG9yeSBzZXJ2aWNlOmFjY291bnQtaW5mb3JtYXRpb24gc2VydmljZTp0cmFuc2FjdGlvbi1ub3RpZmljYXRpb24gc2VydmljZTphdXRoZW50aWNhdGlvbiBzZXJ2aWNlOmV3YWxsZXQgc29iYS1hcGkgc2VydmljZTptZXJjaGFudC1zb2x1dGlvbiIsImN1c3RvbWVyX3R5cGUiOiJPUkciLCJjbGllbnRJZCI6IjJmNGUxMzc5YWRkYjJjNmYwNTlkNTNmNjIyYjZiZjgwIiwiY2xpZW50SG9zdCI6IjEyNy4wLjAuMSIsImFjY291bnRfbWFqb3JzIjoiQ0siLCJzZXJ2aWNlX3Byb3ZpZGVyIjp0cnVlLCJhY2NvdW50X21pbm9ycyI6IkcwMTEiLCJjbGllbnRBZGRyZXNzIjoiMTI3LjAuMC4xIiwic2VnbWVudDEiOiJQSUtBIiwiZXdhbGxldF9zcCI6IlBJS0EiLCJjdXN0b21lcl9hY2NvdW50cyI6IjgwMDYxOTU5IiwicHJvdmlkZXJfaWQiOiJQSUtBIiwiY3VzdG9tZXJfaWQiOiI4MDExNzEiLCJwcm92aWRlcl9uYW1lIjoiUElLQSJ9.hxPm7xu2EsP4QLReFpw1sBxC-HY9lql30AC6VIrCRrAYa1Epfeq1qW0l24AeZN81Czj0diuKzLbsN3v8w0AeHYMwfTMrzMvzAbicYp8IRn7GHvFvA-PF4xYrMbZpEpvkXaO7EiiRh_QLCNatlQ_9VHAkAJLKBJUzV0quASF7mS731dnNVlrNrq5-S0GaasCpBto1C-zQdspJd42Uyg9rAUAbhBDInQG9nd8l9TplfiXybUhnRoNPTh2bgTmJeo5J5tK4QkPnt2Q6zzjQSugthMsRe7sIC4iBf2XA52aNBcVVUPDIr6DnFDyljp149MOrTOeTTBBFFlxzspuXu4tZBkzahIc5z7F9oHRmoFUJm1CkgAoeorfVsLzjUzLb2M7NGpNw3ZBweeBBv9tGCbLUcCkQ3yQ49gt_wU48467EFmkeJonjLTZ0MzwObNgGusXEcEb6LNPJXU0zX3EpP1pJDId6dgiILUb3Llq7SFJlCoacEIk_rF3ujjg6rg6RrPaJFyEhsB0avOXCUljxLLm2PWoE3cNw8Fkf_zxkdpaOKk5j301mZ5ZSPsnRlwCFTZJ2xIYzD5RmenaNop7H7-b-XmcjX4K14e3l5unApIbhWoL6LAAUPnOrMofpzDzClTEAq5h8Nd62p3AjsfBfPUluNuBn-ctH0XtK1bL6D9zQ2fM
2025-04-10 17:46:21 [main] INFO  com.example.utils.FileUtil - Reading test cases from file: all-payment-tests.json
2025-04-10 17:46:21 [main] INFO  com.example.utils.FileUtil - Successfully read 5 test cases from file: all-payment-tests.json
2025-04-10 17:46:21 [main] INFO  API_TEST - TEST_CASE_ID from environment: null
2025-04-10 17:46:21 [main] INFO  API_TEST - No TEST_CASE_ID specified, running all test cases
2025-04-10 17:46:21 [main] INFO  com.example.utils.FileUtil - Reading request template from file: requestTemplates/inside.json
2025-04-10 17:46:21 [main] INFO  com.example.utils.FileUtil - Successfully read template from file: requestTemplates/inside.json
2025-04-10 17:46:21 [main] INFO  API_TEST - Generating authorizationString for authorizationId: 1526fa6a-4388-4234-99e5-846ba2c6e328
2025-04-10 17:46:21 [main] INFO  API_TEST - Base64 Data: eyJzb3VyY2VBY2NvdW50TnVtYmVyIjoiODAwNjE5NTkiLCJ0cmFuc2FjdGlvbiI6eyJ0cmFuc2FjdGlvblRyYWNlTnVtYmVyIjoiVFJBQ0UxNzQ0MjgxOTgxMDY0NDU5IiwidHJhbnNhY3Rpb25UeXBlIjoiSU5TSURFQkFOSyIsImJlbmVmaWNpYXJ5Ijp7Imluc2lkZSI6eyJhY2NvdW50Ijp7ImFjY291bnROdW1iZXIiOiJBNDZBNDZQMTAwMjExIiwiYmVuZWZpY2lhcnlOYW1lIjoiQURBTSAyNTE5MyJ9fX0sImFtb3VudCI6eyJzb3VyY2VDdXJyZW5jeSI6IlZORCIsInRhcmdldEN1cnJlbmN5IjoiVk5EIiwiYW1vdW50IjoiMjAwMDAwIiwiZXhjaGFuZ2VSYXRlIjoiMSIsImV4Y2hhbmdlQW1vdW50IjoiMjAwMDAwIn0sInJlbWFya3MiOiJDaGkgZG9uIn19
2025-04-10 17:46:21 [main] INFO  API_TEST - SHA-256 Hex Data: 228c9e0cae3019c87aa1b5f6492b2b526c32793e509d3396c5e215ce27ad7e81
2025-04-10 17:46:21 [main] INFO  API_TEST - Generated Signature for cuong pham a10: MIAGCSqGSIb3DQEHAqCAMIACAQExCzAJBgUrDgMCGgUAMIAGCSqGSIb3DQEHAaCAJIAEgYAyADIAOABjADkAZQAwAGMAYQBlADMAMAAxADkAYwA4ADcAYQBhADEAYgA1AGYANgA0ADkAMgBiADIAYgA1ADIANgBjADMAMgA3ADkAMwBlADUAMAA5AGQAMwAzADkANgBjADUAZQAyADEANQBjAGUAMgA3AGEAZAA3AGUAOAAxAAAAAAAAAKCAMIIDRDCCAiygAwIBAgIEY4V5pDANBgkqhkiG9w0BAQsFADBkMQswCQYDVQQGEwJWTjEMMAoGA1UECAwDSENNMQwwCgYDVQQHDANIQ00xDDAKBgNVBAoMA0FDQjESMBAGA1UECwwJSVQgLSBEVktOMRcwFQYDVQQDDA5DdW9uZyBQaGFtIEExMDAeFw0yMjExMjkwMzE2NTJaFw0zMjExMjkwMzE2NTJaMGQxCzAJBgNVBAYTAlZOMQwwCgYDVQQIDANIQ00xDDAKBgNVBAcMA0hDTTEMMAoGA1UECgwDQUNCMRIwEAYDVQQLDAlJVCAtIERWS04xFzAVBgNVBAMMDkN1b25nIFBoYW0gQTEwMIIBIjANBgkqhkiG9w0BAQEFAAOCAQ8AMIIBCgKCAQEAiNUdY2zCxZnyFHO81b2OQAqW5rHylxlD+kLVDcwMUtSYEVVdxOtVK0fWni8e+9dz6wXuJI6bs/NgsLl4jPZVfzzLhDstrc8fWj0+BdIoQJe9CZuew8GLQc/pZ0mTH97ol6GWezL97ODZpf7PSsrA0b9UCV9n1PnAmBb7sM2AiEJy/ZuqSkPe0b8KRnyuE0ED94ScVoaiz6axYVISeF7QPRH00Gvi4fdJCdTiFlukp/0i9ZuhJxDO0JZ1eZlj2YI80vPo6WHeMDKeJ4JP2WPc4hfh8knNg+iKH2AoX2Co8T8DUhJjNDfFy6vO2Ej7B2qxZ4xXr+nSpcRdX1r0M3sr9QIDAQABMA0GCSqGSIb3DQEBCwUAA4IBAQBAXikxeNOzMknfMZsJg+vXUsMy5KXF2Jf5xm1FCRCbBVxmZXE1+6njsGaCixS1Lpi4/KbfwQ6XC1k8Dv40Pd6Koscnx5BuSjkLYkFFMlzHdchmLTJxrn86c6UMnb/MUXoQtqJ3bYBdwlc//YDc3XVKBDsOipZ0QY8zDpsz/4GaRQ3ua3UL2VyD94u1WKUB7JYPCxeRcDDgszLExOQ6FOHFGvZiF+yrQLXfYpktg4cgBXx4J6cDlvha8YBDM1DYX6sLwDy2XixDlACLtNxcRODC3rpVS/bSHC4WQkfTadwfkHoFB6iBm22P4KdxcHV2VP5YnHJ/Vaza4ghv/fEgxIWLAAAxggIeMIICGgIBATBsMGQxCzAJBgNVBAYTAlZOMQwwCgYDVQQIDANIQ00xDDAKBgNVBAcMA0hDTTEMMAoGA1UECgwDQUNCMRIwEAYDVQQLDAlJVCAtIERWS04xFzAVBgNVBAMMDkN1b25nIFBoYW0gQTEwAgRjhXmkMAkGBSsOAwIaBQCggYgwGAYJKoZIhvcNAQkDMQsGCSqGSIb3DQEHATAcBgkqhkiG9w0BCQUxDxcNMjUwNDEwMTA0NjIxWjAjBgkqhkiG9w0BCQQxFgQU2LoHKCOFW6gQ9kHAk8V2TYwtlrMwKQYJKoZIhvcNAQk0MRwwGjAJBgUrDgMCGgUAoQ0GCSqGSIb3DQEBAQUAMA0GCSqGSIb3DQEBAQUABIIBAAyc6oAwSlCaaQAk0HooCP2LtJlFSs083aHoxPUpSBCa8chgRX6hGkz+QRi3ClnFEs8xv2sKEmOL+KeC1Meh78EZEu9feo1MMcavMlyoyvUuY2rLkxaUPNW0UVqriVRs90vPn0fBPvlkeRfUH857iTNOJNibbWvTwn6bzIbQUaWEcZhX54Bar9A+Od+sJlmCrAv3/TMHH9El0qQSmVHZEnsrkvyNLMaRzpZSuLArjrJajbIJm2zNToeWE/nzj4vv2Hkp4cWPq2eA4hLlU5BJo2oRBSC0KTtfot5qCP5nd4qTReGBFGllE8ceEC1g/SFWZsae/htpmyE7MjqWjVFJGrsAAAAAAAA=
2025-04-10 17:46:21 [main] INFO  API_TEST - Updated Request Body after adding authorizationString for authorizationId: 1526fa6a-4388-4234-99e5-846ba2c6e328: 
{
  "requestTrace" : "4b39a87c-2ce0-4c7e-9e90-942cfd02465a",
  "requestDateTime" : "2025-04-10T17:46:21.064628+07:00",
  "requestParameters" : {
    "data" : {
      "sourceAccountNumber" : "80061959",
      "transaction" : {
        "transactionTraceNumber" : "TRACE1744281981064459",
        "transactionType" : "INSIDEBANK",
        "beneficiary" : {
          "inside" : {
            "account" : {
              "accountNumber" : "A46A46P100211",
              "beneficiaryName" : "ADAM 25193"
            }
          }
        },
        "amount" : {
          "sourceCurrency" : "VND",
          "targetCurrency" : "VND",
          "amount" : "200000",
          "exchangeRate" : "1",
          "exchangeAmount" : "200000"
        },
        "remarks" : "Chi don"
      }
    },
    "authorizations" : [ {
      "authorizationString" : "MIAGCSqGSIb3DQEHAqCAMIACAQExCzAJBgUrDgMCGgUAMIAGCSqGSIb3DQEHAaCAJIAEgYAyADIAOABjADkAZQAwAGMAYQBlADMAMAAxADkAYwA4ADcAYQBhADEAYgA1AGYANgA0ADkAMgBiADIAYgA1ADIANgBjADMAMgA3ADkAMwBlADUAMAA5AGQAMwAzADkANgBjADUAZQAyADEANQBjAGUAMgA3AGEAZAA3AGUAOAAxAAAAAAAAAKCAMIIDRDCCAiygAwIBAgIEY4V5pDANBgkqhkiG9w0BAQsFADBkMQswCQYDVQQGEwJWTjEMMAoGA1UECAwDSENNMQwwCgYDVQQHDANIQ00xDDAKBgNVBAoMA0FDQjESMBAGA1UECwwJSVQgLSBEVktOMRcwFQYDVQQDDA5DdW9uZyBQaGFtIEExMDAeFw0yMjExMjkwMzE2NTJaFw0zMjExMjkwMzE2NTJaMGQxCzAJBgNVBAYTAlZOMQwwCgYDVQQIDANIQ00xDDAKBgNVBAcMA0hDTTEMMAoGA1UECgwDQUNCMRIwEAYDVQQLDAlJVCAtIERWS04xFzAVBgNVBAMMDkN1b25nIFBoYW0gQTEwMIIBIjANBgkqhkiG9w0BAQEFAAOCAQ8AMIIBCgKCAQEAiNUdY2zCxZnyFHO81b2OQAqW5rHylxlD+kLVDcwMUtSYEVVdxOtVK0fWni8e+9dz6wXuJI6bs/NgsLl4jPZVfzzLhDstrc8fWj0+BdIoQJe9CZuew8GLQc/pZ0mTH97ol6GWezL97ODZpf7PSsrA0b9UCV9n1PnAmBb7sM2AiEJy/ZuqSkPe0b8KRnyuE0ED94ScVoaiz6axYVISeF7QPRH00Gvi4fdJCdTiFlukp/0i9ZuhJxDO0JZ1eZlj2YI80vPo6WHeMDKeJ4JP2WPc4hfh8knNg+iKH2AoX2Co8T8DUhJjNDfFy6vO2Ej7B2qxZ4xXr+nSpcRdX1r0M3sr9QIDAQABMA0GCSqGSIb3DQEBCwUAA4IBAQBAXikxeNOzMknfMZsJg+vXUsMy5KXF2Jf5xm1FCRCbBVxmZXE1+6njsGaCixS1Lpi4/KbfwQ6XC1k8Dv40Pd6Koscnx5BuSjkLYkFFMlzHdchmLTJxrn86c6UMnb/MUXoQtqJ3bYBdwlc//YDc3XVKBDsOipZ0QY8zDpsz/4GaRQ3ua3UL2VyD94u1WKUB7JYPCxeRcDDgszLExOQ6FOHFGvZiF+yrQLXfYpktg4cgBXx4J6cDlvha8YBDM1DYX6sLwDy2XixDlACLtNxcRODC3rpVS/bSHC4WQkfTadwfkHoFB6iBm22P4KdxcHV2VP5YnHJ/Vaza4ghv/fEgxIWLAAAxggIeMIICGgIBATBsMGQxCzAJBgNVBAYTAlZOMQwwCgYDVQQIDANIQ00xDDAKBgNVBAcMA0hDTTEMMAoGA1UECgwDQUNCMRIwEAYDVQQLDAlJVCAtIERWS04xFzAVBgNVBAMMDkN1b25nIFBoYW0gQTEwAgRjhXmkMAkGBSsOAwIaBQCggYgwGAYJKoZIhvcNAQkDMQsGCSqGSIb3DQEHATAcBgkqhkiG9w0BCQUxDxcNMjUwNDEwMTA0NjIxWjAjBgkqhkiG9w0BCQQxFgQU2LoHKCOFW6gQ9kHAk8V2TYwtlrMwKQYJKoZIhvcNAQk0MRwwGjAJBgUrDgMCGgUAoQ0GCSqGSIb3DQEBAQUAMA0GCSqGSIb3DQEBAQUABIIBAAyc6oAwSlCaaQAk0HooCP2LtJlFSs083aHoxPUpSBCa8chgRX6hGkz+QRi3ClnFEs8xv2sKEmOL+KeC1Meh78EZEu9feo1MMcavMlyoyvUuY2rLkxaUPNW0UVqriVRs90vPn0fBPvlkeRfUH857iTNOJNibbWvTwn6bzIbQUaWEcZhX54Bar9A+Od+sJlmCrAv3/TMHH9El0qQSmVHZEnsrkvyNLMaRzpZSuLArjrJajbIJm2zNToeWE/nzj4vv2Hkp4cWPq2eA4hLlU5BJo2oRBSC0KTtfot5qCP5nd4qTReGBFGllE8ceEC1g/SFWZsae/htpmyE7MjqWjVFJGrsAAAAAAAA=",
      "authorizationId" : "1526fa6a-4388-4234-99e5-846ba2c6e328"
    }, {
      "authorizationString" : "",
      "authorizationId" : "72d9c963-4a20-40f3-bef1-9b773369826b"
    } ]
  }
}
2025-04-10 17:46:21 [main] INFO  API_TEST - Generating authorizationString for authorizationId: 72d9c963-4a20-40f3-bef1-9b773369826b
2025-04-10 17:46:21 [main] INFO  API_TEST - Base64 Data: eyJzb3VyY2VBY2NvdW50TnVtYmVyIjoiODAwNjE5NTkiLCJ0cmFuc2FjdGlvbiI6eyJ0cmFuc2FjdGlvblRyYWNlTnVtYmVyIjoiVFJBQ0UxNzQ0MjgxOTgxMDY0NDU5IiwidHJhbnNhY3Rpb25UeXBlIjoiSU5TSURFQkFOSyIsImJlbmVmaWNpYXJ5Ijp7Imluc2lkZSI6eyJhY2NvdW50Ijp7ImFjY291bnROdW1iZXIiOiJBNDZBNDZQMTAwMjExIiwiYmVuZWZpY2lhcnlOYW1lIjoiQURBTSAyNTE5MyJ9fX0sImFtb3VudCI6eyJzb3VyY2VDdXJyZW5jeSI6IlZORCIsInRhcmdldEN1cnJlbmN5IjoiVk5EIiwiYW1vdW50IjoiMjAwMDAwIiwiZXhjaGFuZ2VSYXRlIjoiMSIsImV4Y2hhbmdlQW1vdW50IjoiMjAwMDAwIn0sInJlbWFya3MiOiJDaGkgZG9uIn19
2025-04-10 17:46:21 [main] INFO  API_TEST - SHA-256 Hex Data: 228c9e0cae3019c87aa1b5f6492b2b526c32793e509d3396c5e215ce27ad7e81
2025-04-10 17:46:21 [main] INFO  API_TEST - Generated Signature for cuong pham b10: MIAGCSqGSIb3DQEHAqCAMIACAQExCzAJBgUrDgMCGgUAMIAGCSqGSIb3DQEHAaCAJIAEgYAyADIAOABjADkAZQAwAGMAYQBlADMAMAAxADkAYwA4ADcAYQBhADEAYgA1AGYANgA0ADkAMgBiADIAYgA1ADIANgBjADMAMgA3ADkAMwBlADUAMAA5AGQAMwAzADkANgBjADUAZQAyADEANQBjAGUAMgA3AGEAZAA3AGUAOAAxAAAAAAAAAKCAMIIDRDCCAiygAwIBAgIEY4V53jANBgkqhkiG9w0BAQsFADBkMQswCQYDVQQGEwJWTjEMMAoGA1UECAwDSENNMQwwCgYDVQQHDANIQ00xDDAKBgNVBAoMA0FDQjESMBAGA1UECwwJSVQgLSBEVktOMRcwFQYDVQQDDA5DdW9uZyBQaGFtIEIxMDAeFw0yMjExMjkwMzE3NTBaFw0zMjExMjkwMzE3NTBaMGQxCzAJBgNVBAYTAlZOMQwwCgYDVQQIDANIQ00xDDAKBgNVBAcMA0hDTTEMMAoGA1UECgwDQUNCMRIwEAYDVQQLDAlJVCAtIERWS04xFzAVBgNVBAMMDkN1b25nIFBoYW0gQjEwMIIBIjANBgkqhkiG9w0BAQEFAAOCAQ8AMIIBCgKCAQEAorTh+kRlrLfQSt/ZqHxTDlPZaqzJFDWYgybIn95f21WnQYZeQJBNAE9N+aEZlLXT8pcPy3fkfUVdc34NEI1GDCcXxa9EdBPupFFiW+1rU9Do0I12x6VqWDvEj+7YVW8Gd/0kn7AY5YfqjSVPpa7+I69kpa/vHqo8HBjkl97j16nSO1sYj3aN2v2XYInac5TiIouykdxlv3b2y+iTf5KTnqus/9w5IUn33zNJ42A8woZW4SD7Lcv0ZxL6JiX59wKz90nRWeTAxi+Bf4wMYV9y0WzzNaLAnbmThoyjWcL11IHIJWLV1UqV30X9m4hvfI/zDIUIhdXu1WIlvBXDDn4f9QIDAQABMA0GCSqGSIb3DQEBCwUAA4IBAQBjAzbybbHskE2gogcTwUHvkKgJRcP/vAJgTLpeytB4pIdscLmeKDMwQCqGxYDC90kvmtRtWfSfeu3aUDA2ICtTQLvryDgvhlXqQ1PXAT7jSp2/XO1Ips4wNBPDazrgX9pVNCk1itiO1bx+fMPLtliyAxbDOkRt3CWFFgo2pimLCgyQeUY2QqpRmNP7HK0MYlIVJW2u0YeI/QH4KTjj0vLdDte6byz5TTaa0zi2z4Rr303rrmmia5zw8674plWyLJU6GHzC+PrAe14DfzFA4cK2Ip8Ya7eicrCWk1/DM+HKKR0253WIoi8o5yMs0q5JJSM7lvFpYLu+sYtRXl5Pm1L6AAAxggIeMIICGgIBATBsMGQxCzAJBgNVBAYTAlZOMQwwCgYDVQQIDANIQ00xDDAKBgNVBAcMA0hDTTEMMAoGA1UECgwDQUNCMRIwEAYDVQQLDAlJVCAtIERWS04xFzAVBgNVBAMMDkN1b25nIFBoYW0gQjEwAgRjhXneMAkGBSsOAwIaBQCggYgwGAYJKoZIhvcNAQkDMQsGCSqGSIb3DQEHATAcBgkqhkiG9w0BCQUxDxcNMjUwNDEwMTA0NjIxWjAjBgkqhkiG9w0BCQQxFgQU2LoHKCOFW6gQ9kHAk8V2TYwtlrMwKQYJKoZIhvcNAQk0MRwwGjAJBgUrDgMCGgUAoQ0GCSqGSIb3DQEBAQUAMA0GCSqGSIb3DQEBAQUABIIBAKFR7gM7dpvhYqm5jnT8xtn55cRkBXI4nTPjJePprWWsSg4EeV2qtAQw9PJQhTqUphpyMhESh1YtLlDQ3MzXffZTRo071SP8ewPT6wLU9qVSuZ/gQadEn/rrN8kYx4Hc7r7JGoLMUR5WoZCuH5asj5NuUKjDmVjWgpDtY4eoKzmwRoUKqoqXMcypqWdZ+aTKsDUR8dPPL0c2Ood7QImr6zE8jJLk/eOQYGypVMkkN1ShYoNBgSWG6INrEtQP0W8CdLG5/O2Gy/KXEYy9719l+YmWOkcP91j3zX4dj9YsaL02Qloh8Hpz2wAO01jNaTqivNvLXL6tT3Nq31M5j+dTUo4AAAAAAAA=
2025-04-10 17:46:21 [main] INFO  API_TEST - Updated Request Body after adding authorizationString for authorizationId: 72d9c963-4a20-40f3-bef1-9b773369826b: 
{
  "requestTrace" : "4b39a87c-2ce0-4c7e-9e90-942cfd02465a",
  "requestDateTime" : "2025-04-10T17:46:21.064628+07:00",
  "requestParameters" : {
    "data" : {
      "sourceAccountNumber" : "80061959",
      "transaction" : {
        "transactionTraceNumber" : "TRACE1744281981064459",
        "transactionType" : "INSIDEBANK",
        "beneficiary" : {
          "inside" : {
            "account" : {
              "accountNumber" : "A46A46P100211",
              "beneficiaryName" : "ADAM 25193"
            }
          }
        },
        "amount" : {
          "sourceCurrency" : "VND",
          "targetCurrency" : "VND",
          "amount" : "200000",
          "exchangeRate" : "1",
          "exchangeAmount" : "200000"
        },
        "remarks" : "Chi don"
      }
    },
    "authorizations" : [ {
      "authorizationString" : "MIAGCSqGSIb3DQEHAqCAMIACAQExCzAJBgUrDgMCGgUAMIAGCSqGSIb3DQEHAaCAJIAEgYAyADIAOABjADkAZQAwAGMAYQBlADMAMAAxADkAYwA4ADcAYQBhADEAYgA1AGYANgA0ADkAMgBiADIAYgA1ADIANgBjADMAMgA3ADkAMwBlADUAMAA5AGQAMwAzADkANgBjADUAZQAyADEANQBjAGUAMgA3AGEAZAA3AGUAOAAxAAAAAAAAAKCAMIIDRDCCAiygAwIBAgIEY4V5pDANBgkqhkiG9w0BAQsFADBkMQswCQYDVQQGEwJWTjEMMAoGA1UECAwDSENNMQwwCgYDVQQHDANIQ00xDDAKBgNVBAoMA0FDQjESMBAGA1UECwwJSVQgLSBEVktOMRcwFQYDVQQDDA5DdW9uZyBQaGFtIEExMDAeFw0yMjExMjkwMzE2NTJaFw0zMjExMjkwMzE2NTJaMGQxCzAJBgNVBAYTAlZOMQwwCgYDVQQIDANIQ00xDDAKBgNVBAcMA0hDTTEMMAoGA1UECgwDQUNCMRIwEAYDVQQLDAlJVCAtIERWS04xFzAVBgNVBAMMDkN1b25nIFBoYW0gQTEwMIIBIjANBgkqhkiG9w0BAQEFAAOCAQ8AMIIBCgKCAQEAiNUdY2zCxZnyFHO81b2OQAqW5rHylxlD+kLVDcwMUtSYEVVdxOtVK0fWni8e+9dz6wXuJI6bs/NgsLl4jPZVfzzLhDstrc8fWj0+BdIoQJe9CZuew8GLQc/pZ0mTH97ol6GWezL97ODZpf7PSsrA0b9UCV9n1PnAmBb7sM2AiEJy/ZuqSkPe0b8KRnyuE0ED94ScVoaiz6axYVISeF7QPRH00Gvi4fdJCdTiFlukp/0i9ZuhJxDO0JZ1eZlj2YI80vPo6WHeMDKeJ4JP2WPc4hfh8knNg+iKH2AoX2Co8T8DUhJjNDfFy6vO2Ej7B2qxZ4xXr+nSpcRdX1r0M3sr9QIDAQABMA0GCSqGSIb3DQEBCwUAA4IBAQBAXikxeNOzMknfMZsJg+vXUsMy5KXF2Jf5xm1FCRCbBVxmZXE1+6njsGaCixS1Lpi4/KbfwQ6XC1k8Dv40Pd6Koscnx5BuSjkLYkFFMlzHdchmLTJxrn86c6UMnb/MUXoQtqJ3bYBdwlc//YDc3XVKBDsOipZ0QY8zDpsz/4GaRQ3ua3UL2VyD94u1WKUB7JYPCxeRcDDgszLExOQ6FOHFGvZiF+yrQLXfYpktg4cgBXx4J6cDlvha8YBDM1DYX6sLwDy2XixDlACLtNxcRODC3rpVS/bSHC4WQkfTadwfkHoFB6iBm22P4KdxcHV2VP5YnHJ/Vaza4ghv/fEgxIWLAAAxggIeMIICGgIBATBsMGQxCzAJBgNVBAYTAlZOMQwwCgYDVQQIDANIQ00xDDAKBgNVBAcMA0hDTTEMMAoGA1UECgwDQUNCMRIwEAYDVQQLDAlJVCAtIERWS04xFzAVBgNVBAMMDkN1b25nIFBoYW0gQTEwAgRjhXmkMAkGBSsOAwIaBQCggYgwGAYJKoZIhvcNAQkDMQsGCSqGSIb3DQEHATAcBgkqhkiG9w0BCQUxDxcNMjUwNDEwMTA0NjIxWjAjBgkqhkiG9w0BCQQxFgQU2LoHKCOFW6gQ9kHAk8V2TYwtlrMwKQYJKoZIhvcNAQk0MRwwGjAJBgUrDgMCGgUAoQ0GCSqGSIb3DQEBAQUAMA0GCSqGSIb3DQEBAQUABIIBAAyc6oAwSlCaaQAk0HooCP2LtJlFSs083aHoxPUpSBCa8chgRX6hGkz+QRi3ClnFEs8xv2sKEmOL+KeC1Meh78EZEu9feo1MMcavMlyoyvUuY2rLkxaUPNW0UVqriVRs90vPn0fBPvlkeRfUH857iTNOJNibbWvTwn6bzIbQUaWEcZhX54Bar9A+Od+sJlmCrAv3/TMHH9El0qQSmVHZEnsrkvyNLMaRzpZSuLArjrJajbIJm2zNToeWE/nzj4vv2Hkp4cWPq2eA4hLlU5BJo2oRBSC0KTtfot5qCP5nd4qTReGBFGllE8ceEC1g/SFWZsae/htpmyE7MjqWjVFJGrsAAAAAAAA=",
      "authorizationId" : "1526fa6a-4388-4234-99e5-846ba2c6e328"
    }, {
      "authorizationString" : "MIAGCSqGSIb3DQEHAqCAMIACAQExCzAJBgUrDgMCGgUAMIAGCSqGSIb3DQEHAaCAJIAEgYAyADIAOABjADkAZQAwAGMAYQBlADMAMAAxADkAYwA4ADcAYQBhADEAYgA1AGYANgA0ADkAMgBiADIAYgA1ADIANgBjADMAMgA3ADkAMwBlADUAMAA5AGQAMwAzADkANgBjADUAZQAyADEANQBjAGUAMgA3AGEAZAA3AGUAOAAxAAAAAAAAAKCAMIIDRDCCAiygAwIBAgIEY4V53jANBgkqhkiG9w0BAQsFADBkMQswCQYDVQQGEwJWTjEMMAoGA1UECAwDSENNMQwwCgYDVQQHDANIQ00xDDAKBgNVBAoMA0FDQjESMBAGA1UECwwJSVQgLSBEVktOMRcwFQYDVQQDDA5DdW9uZyBQaGFtIEIxMDAeFw0yMjExMjkwMzE3NTBaFw0zMjExMjkwMzE3NTBaMGQxCzAJBgNVBAYTAlZOMQwwCgYDVQQIDANIQ00xDDAKBgNVBAcMA0hDTTEMMAoGA1UECgwDQUNCMRIwEAYDVQQLDAlJVCAtIERWS04xFzAVBgNVBAMMDkN1b25nIFBoYW0gQjEwMIIBIjANBgkqhkiG9w0BAQEFAAOCAQ8AMIIBCgKCAQEAorTh+kRlrLfQSt/ZqHxTDlPZaqzJFDWYgybIn95f21WnQYZeQJBNAE9N+aEZlLXT8pcPy3fkfUVdc34NEI1GDCcXxa9EdBPupFFiW+1rU9Do0I12x6VqWDvEj+7YVW8Gd/0kn7AY5YfqjSVPpa7+I69kpa/vHqo8HBjkl97j16nSO1sYj3aN2v2XYInac5TiIouykdxlv3b2y+iTf5KTnqus/9w5IUn33zNJ42A8woZW4SD7Lcv0ZxL6JiX59wKz90nRWeTAxi+Bf4wMYV9y0WzzNaLAnbmThoyjWcL11IHIJWLV1UqV30X9m4hvfI/zDIUIhdXu1WIlvBXDDn4f9QIDAQABMA0GCSqGSIb3DQEBCwUAA4IBAQBjAzbybbHskE2gogcTwUHvkKgJRcP/vAJgTLpeytB4pIdscLmeKDMwQCqGxYDC90kvmtRtWfSfeu3aUDA2ICtTQLvryDgvhlXqQ1PXAT7jSp2/XO1Ips4wNBPDazrgX9pVNCk1itiO1bx+fMPLtliyAxbDOkRt3CWFFgo2pimLCgyQeUY2QqpRmNP7HK0MYlIVJW2u0YeI/QH4KTjj0vLdDte6byz5TTaa0zi2z4Rr303rrmmia5zw8674plWyLJU6GHzC+PrAe14DfzFA4cK2Ip8Ya7eicrCWk1/DM+HKKR0253WIoi8o5yMs0q5JJSM7lvFpYLu+sYtRXl5Pm1L6AAAxggIeMIICGgIBATBsMGQxCzAJBgNVBAYTAlZOMQwwCgYDVQQIDANIQ00xDDAKBgNVBAcMA0hDTTEMMAoGA1UECgwDQUNCMRIwEAYDVQQLDAlJVCAtIERWS04xFzAVBgNVBAMMDkN1b25nIFBoYW0gQjEwAgRjhXneMAkGBSsOAwIaBQCggYgwGAYJKoZIhvcNAQkDMQsGCSqGSIb3DQEHATAcBgkqhkiG9w0BCQUxDxcNMjUwNDEwMTA0NjIxWjAjBgkqhkiG9w0BCQQxFgQU2LoHKCOFW6gQ9kHAk8V2TYwtlrMwKQYJKoZIhvcNAQk0MRwwGjAJBgUrDgMCGgUAoQ0GCSqGSIb3DQEBAQUAMA0GCSqGSIb3DQEBAQUABIIBAKFR7gM7dpvhYqm5jnT8xtn55cRkBXI4nTPjJePprWWsSg4EeV2qtAQw9PJQhTqUphpyMhESh1YtLlDQ3MzXffZTRo071SP8ewPT6wLU9qVSuZ/gQadEn/rrN8kYx4Hc7r7JGoLMUR5WoZCuH5asj5NuUKjDmVjWgpDtY4eoKzmwRoUKqoqXMcypqWdZ+aTKsDUR8dPPL0c2Ood7QImr6zE8jJLk/eOQYGypVMkkN1ShYoNBgSWG6INrEtQP0W8CdLG5/O2Gy/KXEYy9719l+YmWOkcP91j3zX4dj9YsaL02Qloh8Hpz2wAO01jNaTqivNvLXL6tT3Nq31M5j+dTUo4AAAAAAAA=",
      "authorizationId" : "72d9c963-4a20-40f3-bef1-9b773369826b"
    } ]
  }
}
2025-04-10 17:46:21 [main] INFO  API_TEST - Sending Payment Order Request Body: 
{
  "requestTrace" : "4b39a87c-2ce0-4c7e-9e90-942cfd02465a",
  "requestDateTime" : "2025-04-10T17:46:21.064628+07:00",
  "requestParameters" : {
    "data" : {
      "sourceAccountNumber" : "80061959",
      "transaction" : {
        "transactionTraceNumber" : "TRACE1744281981064459",
        "transactionType" : "INSIDEBANK",
        "beneficiary" : {
          "inside" : {
            "account" : {
              "accountNumber" : "A46A46P100211",
              "beneficiaryName" : "ADAM 25193"
            }
          }
        },
        "amount" : {
          "sourceCurrency" : "VND",
          "targetCurrency" : "VND",
          "amount" : "200000",
          "exchangeRate" : "1",
          "exchangeAmount" : "200000"
        },
        "remarks" : "Chi don"
      }
    },
    "authorizations" : [ {
      "authorizationString" : "MIAGCSqGSIb3DQEHAqCAMIACAQExCzAJBgUrDgMCGgUAMIAGCSqGSIb3DQEHAaCAJIAEgYAyADIAOABjADkAZQAwAGMAYQBlADMAMAAxADkAYwA4ADcAYQBhADEAYgA1AGYANgA0ADkAMgBiADIAYgA1ADIANgBjADMAMgA3ADkAMwBlADUAMAA5AGQAMwAzADkANgBjADUAZQAyADEANQBjAGUAMgA3AGEAZAA3AGUAOAAxAAAAAAAAAKCAMIIDRDCCAiygAwIBAgIEY4V5pDANBgkqhkiG9w0BAQsFADBkMQswCQYDVQQGEwJWTjEMMAoGA1UECAwDSENNMQwwCgYDVQQHDANIQ00xDDAKBgNVBAoMA0FDQjESMBAGA1UECwwJSVQgLSBEVktOMRcwFQYDVQQDDA5DdW9uZyBQaGFtIEExMDAeFw0yMjExMjkwMzE2NTJaFw0zMjExMjkwMzE2NTJaMGQxCzAJBgNVBAYTAlZOMQwwCgYDVQQIDANIQ00xDDAKBgNVBAcMA0hDTTEMMAoGA1UECgwDQUNCMRIwEAYDVQQLDAlJVCAtIERWS04xFzAVBgNVBAMMDkN1b25nIFBoYW0gQTEwMIIBIjANBgkqhkiG9w0BAQEFAAOCAQ8AMIIBCgKCAQEAiNUdY2zCxZnyFHO81b2OQAqW5rHylxlD+kLVDcwMUtSYEVVdxOtVK0fWni8e+9dz6wXuJI6bs/NgsLl4jPZVfzzLhDstrc8fWj0+BdIoQJe9CZuew8GLQc/pZ0mTH97ol6GWezL97ODZpf7PSsrA0b9UCV9n1PnAmBb7sM2AiEJy/ZuqSkPe0b8KRnyuE0ED94ScVoaiz6axYVISeF7QPRH00Gvi4fdJCdTiFlukp/0i9ZuhJxDO0JZ1eZlj2YI80vPo6WHeMDKeJ4JP2WPc4hfh8knNg+iKH2AoX2Co8T8DUhJjNDfFy6vO2Ej7B2qxZ4xXr+nSpcRdX1r0M3sr9QIDAQABMA0GCSqGSIb3DQEBCwUAA4IBAQBAXikxeNOzMknfMZsJg+vXUsMy5KXF2Jf5xm1FCRCbBVxmZXE1+6njsGaCixS1Lpi4/KbfwQ6XC1k8Dv40Pd6Koscnx5BuSjkLYkFFMlzHdchmLTJxrn86c6UMnb/MUXoQtqJ3bYBdwlc//YDc3XVKBDsOipZ0QY8zDpsz/4GaRQ3ua3UL2VyD94u1WKUB7JYPCxeRcDDgszLExOQ6FOHFGvZiF+yrQLXfYpktg4cgBXx4J6cDlvha8YBDM1DYX6sLwDy2XixDlACLtNxcRODC3rpVS/bSHC4WQkfTadwfkHoFB6iBm22P4KdxcHV2VP5YnHJ/Vaza4ghv/fEgxIWLAAAxggIeMIICGgIBATBsMGQxCzAJBgNVBAYTAlZOMQwwCgYDVQQIDANIQ00xDDAKBgNVBAcMA0hDTTEMMAoGA1UECgwDQUNCMRIwEAYDVQQLDAlJVCAtIERWS04xFzAVBgNVBAMMDkN1b25nIFBoYW0gQTEwAgRjhXmkMAkGBSsOAwIaBQCggYgwGAYJKoZIhvcNAQkDMQsGCSqGSIb3DQEHATAcBgkqhkiG9w0BCQUxDxcNMjUwNDEwMTA0NjIxWjAjBgkqhkiG9w0BCQQxFgQU2LoHKCOFW6gQ9kHAk8V2TYwtlrMwKQYJKoZIhvcNAQk0MRwwGjAJBgUrDgMCGgUAoQ0GCSqGSIb3DQEBAQUAMA0GCSqGSIb3DQEBAQUABIIBAAyc6oAwSlCaaQAk0HooCP2LtJlFSs083aHoxPUpSBCa8chgRX6hGkz+QRi3ClnFEs8xv2sKEmOL+KeC1Meh78EZEu9feo1MMcavMlyoyvUuY2rLkxaUPNW0UVqriVRs90vPn0fBPvlkeRfUH857iTNOJNibbWvTwn6bzIbQUaWEcZhX54Bar9A+Od+sJlmCrAv3/TMHH9El0qQSmVHZEnsrkvyNLMaRzpZSuLArjrJajbIJm2zNToeWE/nzj4vv2Hkp4cWPq2eA4hLlU5BJo2oRBSC0KTtfot5qCP5nd4qTReGBFGllE8ceEC1g/SFWZsae/htpmyE7MjqWjVFJGrsAAAAAAAA=",
      "authorizationId" : "1526fa6a-4388-4234-99e5-846ba2c6e328"
    }, {
      "authorizationString" : "MIAGCSqGSIb3DQEHAqCAMIACAQExCzAJBgUrDgMCGgUAMIAGCSqGSIb3DQEHAaCAJIAEgYAyADIAOABjADkAZQAwAGMAYQBlADMAMAAxADkAYwA4ADcAYQBhADEAYgA1AGYANgA0ADkAMgBiADIAYgA1ADIANgBjADMAMgA3ADkAMwBlADUAMAA5AGQAMwAzADkANgBjADUAZQAyADEANQBjAGUAMgA3AGEAZAA3AGUAOAAxAAAAAAAAAKCAMIIDRDCCAiygAwIBAgIEY4V53jANBgkqhkiG9w0BAQsFADBkMQswCQYDVQQGEwJWTjEMMAoGA1UECAwDSENNMQwwCgYDVQQHDANIQ00xDDAKBgNVBAoMA0FDQjESMBAGA1UECwwJSVQgLSBEVktOMRcwFQYDVQQDDA5DdW9uZyBQaGFtIEIxMDAeFw0yMjExMjkwMzE3NTBaFw0zMjExMjkwMzE3NTBaMGQxCzAJBgNVBAYTAlZOMQwwCgYDVQQIDANIQ00xDDAKBgNVBAcMA0hDTTEMMAoGA1UECgwDQUNCMRIwEAYDVQQLDAlJVCAtIERWS04xFzAVBgNVBAMMDkN1b25nIFBoYW0gQjEwMIIBIjANBgkqhkiG9w0BAQEFAAOCAQ8AMIIBCgKCAQEAorTh+kRlrLfQSt/ZqHxTDlPZaqzJFDWYgybIn95f21WnQYZeQJBNAE9N+aEZlLXT8pcPy3fkfUVdc34NEI1GDCcXxa9EdBPupFFiW+1rU9Do0I12x6VqWDvEj+7YVW8Gd/0kn7AY5YfqjSVPpa7+I69kpa/vHqo8HBjkl97j16nSO1sYj3aN2v2XYInac5TiIouykdxlv3b2y+iTf5KTnqus/9w5IUn33zNJ42A8woZW4SD7Lcv0ZxL6JiX59wKz90nRWeTAxi+Bf4wMYV9y0WzzNaLAnbmThoyjWcL11IHIJWLV1UqV30X9m4hvfI/zDIUIhdXu1WIlvBXDDn4f9QIDAQABMA0GCSqGSIb3DQEBCwUAA4IBAQBjAzbybbHskE2gogcTwUHvkKgJRcP/vAJgTLpeytB4pIdscLmeKDMwQCqGxYDC90kvmtRtWfSfeu3aUDA2ICtTQLvryDgvhlXqQ1PXAT7jSp2/XO1Ips4wNBPDazrgX9pVNCk1itiO1bx+fMPLtliyAxbDOkRt3CWFFgo2pimLCgyQeUY2QqpRmNP7HK0MYlIVJW2u0YeI/QH4KTjj0vLdDte6byz5TTaa0zi2z4Rr303rrmmia5zw8674plWyLJU6GHzC+PrAe14DfzFA4cK2Ip8Ya7eicrCWk1/DM+HKKR0253WIoi8o5yMs0q5JJSM7lvFpYLu+sYtRXl5Pm1L6AAAxggIeMIICGgIBATBsMGQxCzAJBgNVBAYTAlZOMQwwCgYDVQQIDANIQ00xDDAKBgNVBAcMA0hDTTEMMAoGA1UECgwDQUNCMRIwEAYDVQQLDAlJVCAtIERWS04xFzAVBgNVBAMMDkN1b25nIFBoYW0gQjEwAgRjhXneMAkGBSsOAwIaBQCggYgwGAYJKoZIhvcNAQkDMQsGCSqGSIb3DQEHATAcBgkqhkiG9w0BCQUxDxcNMjUwNDEwMTA0NjIxWjAjBgkqhkiG9w0BCQQxFgQU2LoHKCOFW6gQ9kHAk8V2TYwtlrMwKQYJKoZIhvcNAQk0MRwwGjAJBgUrDgMCGgUAoQ0GCSqGSIb3DQEBAQUAMA0GCSqGSIb3DQEBAQUABIIBAKFR7gM7dpvhYqm5jnT8xtn55cRkBXI4nTPjJePprWWsSg4EeV2qtAQw9PJQhTqUphpyMhESh1YtLlDQ3MzXffZTRo071SP8ewPT6wLU9qVSuZ/gQadEn/rrN8kYx4Hc7r7JGoLMUR5WoZCuH5asj5NuUKjDmVjWgpDtY4eoKzmwRoUKqoqXMcypqWdZ+aTKsDUR8dPPL0c2Ood7QImr6zE8jJLk/eOQYGypVMkkN1ShYoNBgSWG6INrEtQP0W8CdLG5/O2Gy/KXEYy9719l+YmWOkcP91j3zX4dj9YsaL02Qloh8Hpz2wAO01jNaTqivNvLXL6tT3Nq31M5j+dTUo4AAAAAAAA=",
      "authorizationId" : "72d9c963-4a20-40f3-bef1-9b773369826b"
    } ]
  }
}
2025-04-10 17:46:21 [main] INFO  API_TEST - Sending Payment Order Request to: https://sandbox.acb.com.vn/acb/open/payments/payment-order/v2/transaction
2025-04-10 17:46:21 [main] INFO  API_TEST - Request Headers: io.restassured.internal.RequestSpecificationImpl@4cd7d5e1
2025-04-10 17:46:21 [main] INFO  API_TEST - Request Body: 
{
  "requestTrace" : "4b39a87c-2ce0-4c7e-9e90-942cfd02465a",
  "requestDateTime" : "2025-04-10T17:46:21.064628+07:00",
  "requestParameters" : {
    "data" : {
      "sourceAccountNumber" : "80061959",
      "transaction" : {
        "transactionTraceNumber" : "TRACE1744281981064459",
        "transactionType" : "INSIDEBANK",
        "beneficiary" : {
          "inside" : {
            "account" : {
              "accountNumber" : "A46A46P100211",
              "beneficiaryName" : "ADAM 25193"
            }
          }
        },
        "amount" : {
          "sourceCurrency" : "VND",
          "targetCurrency" : "VND",
          "amount" : "200000",
          "exchangeRate" : "1",
          "exchangeAmount" : "200000"
        },
        "remarks" : "Chi don"
      }
    },
    "authorizations" : [ {
      "authorizationString" : "MIAGCSqGSIb3DQEHAqCAMIACAQExCzAJBgUrDgMCGgUAMIAGCSqGSIb3DQEHAaCAJIAEgYAyADIAOABjADkAZQAwAGMAYQBlADMAMAAxADkAYwA4ADcAYQBhADEAYgA1AGYANgA0ADkAMgBiADIAYgA1ADIANgBjADMAMgA3ADkAMwBlADUAMAA5AGQAMwAzADkANgBjADUAZQAyADEANQBjAGUAMgA3AGEAZAA3AGUAOAAxAAAAAAAAAKCAMIIDRDCCAiygAwIBAgIEY4V5pDANBgkqhkiG9w0BAQsFADBkMQswCQYDVQQGEwJWTjEMMAoGA1UECAwDSENNMQwwCgYDVQQHDANIQ00xDDAKBgNVBAoMA0FDQjESMBAGA1UECwwJSVQgLSBEVktOMRcwFQYDVQQDDA5DdW9uZyBQaGFtIEExMDAeFw0yMjExMjkwMzE2NTJaFw0zMjExMjkwMzE2NTJaMGQxCzAJBgNVBAYTAlZOMQwwCgYDVQQIDANIQ00xDDAKBgNVBAcMA0hDTTEMMAoGA1UECgwDQUNCMRIwEAYDVQQLDAlJVCAtIERWS04xFzAVBgNVBAMMDkN1b25nIFBoYW0gQTEwMIIBIjANBgkqhkiG9w0BAQEFAAOCAQ8AMIIBCgKCAQEAiNUdY2zCxZnyFHO81b2OQAqW5rHylxlD+kLVDcwMUtSYEVVdxOtVK0fWni8e+9dz6wXuJI6bs/NgsLl4jPZVfzzLhDstrc8fWj0+BdIoQJe9CZuew8GLQc/pZ0mTH97ol6GWezL97ODZpf7PSsrA0b9UCV9n1PnAmBb7sM2AiEJy/ZuqSkPe0b8KRnyuE0ED94ScVoaiz6axYVISeF7QPRH00Gvi4fdJCdTiFlukp/0i9ZuhJxDO0JZ1eZlj2YI80vPo6WHeMDKeJ4JP2WPc4hfh8knNg+iKH2AoX2Co8T8DUhJjNDfFy6vO2Ej7B2qxZ4xXr+nSpcRdX1r0M3sr9QIDAQABMA0GCSqGSIb3DQEBCwUAA4IBAQBAXikxeNOzMknfMZsJg+vXUsMy5KXF2Jf5xm1FCRCbBVxmZXE1+6njsGaCixS1Lpi4/KbfwQ6XC1k8Dv40Pd6Koscnx5BuSjkLYkFFMlzHdchmLTJxrn86c6UMnb/MUXoQtqJ3bYBdwlc//YDc3XVKBDsOipZ0QY8zDpsz/4GaRQ3ua3UL2VyD94u1WKUB7JYPCxeRcDDgszLExOQ6FOHFGvZiF+yrQLXfYpktg4cgBXx4J6cDlvha8YBDM1DYX6sLwDy2XixDlACLtNxcRODC3rpVS/bSHC4WQkfTadwfkHoFB6iBm22P4KdxcHV2VP5YnHJ/Vaza4ghv/fEgxIWLAAAxggIeMIICGgIBATBsMGQxCzAJBgNVBAYTAlZOMQwwCgYDVQQIDANIQ00xDDAKBgNVBAcMA0hDTTEMMAoGA1UECgwDQUNCMRIwEAYDVQQLDAlJVCAtIERWS04xFzAVBgNVBAMMDkN1b25nIFBoYW0gQTEwAgRjhXmkMAkGBSsOAwIaBQCggYgwGAYJKoZIhvcNAQkDMQsGCSqGSIb3DQEHATAcBgkqhkiG9w0BCQUxDxcNMjUwNDEwMTA0NjIxWjAjBgkqhkiG9w0BCQQxFgQU2LoHKCOFW6gQ9kHAk8V2TYwtlrMwKQYJKoZIhvcNAQk0MRwwGjAJBgUrDgMCGgUAoQ0GCSqGSIb3DQEBAQUAMA0GCSqGSIb3DQEBAQUABIIBAAyc6oAwSlCaaQAk0HooCP2LtJlFSs083aHoxPUpSBCa8chgRX6hGkz+QRi3ClnFEs8xv2sKEmOL+KeC1Meh78EZEu9feo1MMcavMlyoyvUuY2rLkxaUPNW0UVqriVRs90vPn0fBPvlkeRfUH857iTNOJNibbWvTwn6bzIbQUaWEcZhX54Bar9A+Od+sJlmCrAv3/TMHH9El0qQSmVHZEnsrkvyNLMaRzpZSuLArjrJajbIJm2zNToeWE/nzj4vv2Hkp4cWPq2eA4hLlU5BJo2oRBSC0KTtfot5qCP5nd4qTReGBFGllE8ceEC1g/SFWZsae/htpmyE7MjqWjVFJGrsAAAAAAAA=",
      "authorizationId" : "1526fa6a-4388-4234-99e5-846ba2c6e328"
    }, {
      "authorizationString" : "MIAGCSqGSIb3DQEHAqCAMIACAQExCzAJBgUrDgMCGgUAMIAGCSqGSIb3DQEHAaCAJIAEgYAyADIAOABjADkAZQAwAGMAYQBlADMAMAAxADkAYwA4ADcAYQBhADEAYgA1AGYANgA0ADkAMgBiADIAYgA1ADIANgBjADMAMgA3ADkAMwBlADUAMAA5AGQAMwAzADkANgBjADUAZQAyADEANQBjAGUAMgA3AGEAZAA3AGUAOAAxAAAAAAAAAKCAMIIDRDCCAiygAwIBAgIEY4V53jANBgkqhkiG9w0BAQsFADBkMQswCQYDVQQGEwJWTjEMMAoGA1UECAwDSENNMQwwCgYDVQQHDANIQ00xDDAKBgNVBAoMA0FDQjESMBAGA1UECwwJSVQgLSBEVktOMRcwFQYDVQQDDA5DdW9uZyBQaGFtIEIxMDAeFw0yMjExMjkwMzE3NTBaFw0zMjExMjkwMzE3NTBaMGQxCzAJBgNVBAYTAlZOMQwwCgYDVQQIDANIQ00xDDAKBgNVBAcMA0hDTTEMMAoGA1UECgwDQUNCMRIwEAYDVQQLDAlJVCAtIERWS04xFzAVBgNVBAMMDkN1b25nIFBoYW0gQjEwMIIBIjANBgkqhkiG9w0BAQEFAAOCAQ8AMIIBCgKCAQEAorTh+kRlrLfQSt/ZqHxTDlPZaqzJFDWYgybIn95f21WnQYZeQJBNAE9N+aEZlLXT8pcPy3fkfUVdc34NEI1GDCcXxa9EdBPupFFiW+1rU9Do0I12x6VqWDvEj+7YVW8Gd/0kn7AY5YfqjSVPpa7+I69kpa/vHqo8HBjkl97j16nSO1sYj3aN2v2XYInac5TiIouykdxlv3b2y+iTf5KTnqus/9w5IUn33zNJ42A8woZW4SD7Lcv0ZxL6JiX59wKz90nRWeTAxi+Bf4wMYV9y0WzzNaLAnbmThoyjWcL11IHIJWLV1UqV30X9m4hvfI/zDIUIhdXu1WIlvBXDDn4f9QIDAQABMA0GCSqGSIb3DQEBCwUAA4IBAQBjAzbybbHskE2gogcTwUHvkKgJRcP/vAJgTLpeytB4pIdscLmeKDMwQCqGxYDC90kvmtRtWfSfeu3aUDA2ICtTQLvryDgvhlXqQ1PXAT7jSp2/XO1Ips4wNBPDazrgX9pVNCk1itiO1bx+fMPLtliyAxbDOkRt3CWFFgo2pimLCgyQeUY2QqpRmNP7HK0MYlIVJW2u0YeI/QH4KTjj0vLdDte6byz5TTaa0zi2z4Rr303rrmmia5zw8674plWyLJU6GHzC+PrAe14DfzFA4cK2Ip8Ya7eicrCWk1/DM+HKKR0253WIoi8o5yMs0q5JJSM7lvFpYLu+sYtRXl5Pm1L6AAAxggIeMIICGgIBATBsMGQxCzAJBgNVBAYTAlZOMQwwCgYDVQQIDANIQ00xDDAKBgNVBAcMA0hDTTEMMAoGA1UECgwDQUNCMRIwEAYDVQQLDAlJVCAtIERWS04xFzAVBgNVBAMMDkN1b25nIFBoYW0gQjEwAgRjhXneMAkGBSsOAwIaBQCggYgwGAYJKoZIhvcNAQkDMQsGCSqGSIb3DQEHATAcBgkqhkiG9w0BCQUxDxcNMjUwNDEwMTA0NjIxWjAjBgkqhkiG9w0BCQQxFgQU2LoHKCOFW6gQ9kHAk8V2TYwtlrMwKQYJKoZIhvcNAQk0MRwwGjAJBgUrDgMCGgUAoQ0GCSqGSIb3DQEBAQUAMA0GCSqGSIb3DQEBAQUABIIBAKFR7gM7dpvhYqm5jnT8xtn55cRkBXI4nTPjJePprWWsSg4EeV2qtAQw9PJQhTqUphpyMhESh1YtLlDQ3MzXffZTRo071SP8ewPT6wLU9qVSuZ/gQadEn/rrN8kYx4Hc7r7JGoLMUR5WoZCuH5asj5NuUKjDmVjWgpDtY4eoKzmwRoUKqoqXMcypqWdZ+aTKsDUR8dPPL0c2Ood7QImr6zE8jJLk/eOQYGypVMkkN1ShYoNBgSWG6INrEtQP0W8CdLG5/O2Gy/KXEYy9719l+YmWOkcP91j3zX4dj9YsaL02Qloh8Hpz2wAO01jNaTqivNvLXL6tT3Nq31M5j+dTUo4AAAAAAAA=",
      "authorizationId" : "72d9c963-4a20-40f3-bef1-9b773369826b"
    } ]
  }
}
Headers:		Authorization=Bearer eyJhbGciOiJSUzI1NiIsInR5cCIgOiAiSldUIiwia2lkIiA6ICIyTDR2cFBsXzVQRUY5clljdksxb3dWbkZYeW1GeklyT3VJN3NOZkhSUC1zIn0.eyJleHAiOjE3NDQzMTA3ODAsImlhdCI6MTc0NDI4MTk4MCwianRpIjoiNDgwNjk2YzEtNjAzNi00MTNkLTkwZmMtMGE5YzhiMGE3YTcwIiwiaXNzIjoiaHR0cHM6Ly9pZC5hY2Iudm4vYXV0aC9yZWFsbXMvc29iYSIsInN1YiI6ImQxNWJiYjNhLTgxNTEtNGVhOC1hYTM1LTAxMmJiZjJhZTc0OSIsInR5cCI6IkJlYXJlciIsImF6cCI6IjJmNGUxMzc5YWRkYjJjNmYwNTlkNTNmNjIyYjZiZjgwIiwic2Vzc2lvbl9zdGF0ZSI6IjEwZDFiMjcwLTk1ZTUtNDVjNy05NTY4LWU2ODA0ZTcyZTRlNiIsImFjciI6IjEiLCJzY29wZSI6InNlcnZpY2U6cGF5bWVudC1vcmRlciBzZXJ2aWNlOnZpcnR1YWwtYWNjb3VudCBzZXJ2aWNlOmJlbmVmaWNpYXJ5IHNlcnZpY2U6dHJhbnNhY3Rpb24taGlzdG9yeSBzZXJ2aWNlOmFjY291bnQtaW5mb3JtYXRpb24gc2VydmljZTp0cmFuc2FjdGlvbi1ub3RpZmljYXRpb24gc2VydmljZTphdXRoZW50aWNhdGlvbiBzZXJ2aWNlOmV3YWxsZXQgc29iYS1hcGkgc2VydmljZTptZXJjaGFudC1zb2x1dGlvbiIsImN1c3RvbWVyX3R5cGUiOiJPUkciLCJjbGllbnRJZCI6IjJmNGUxMzc5YWRkYjJjNmYwNTlkNTNmNjIyYjZiZjgwIiwiY2xpZW50SG9zdCI6IjEyNy4wLjAuMSIsImFjY291bnRfbWFqb3JzIjoiQ0siLCJzZXJ2aWNlX3Byb3ZpZGVyIjp0cnVlLCJhY2NvdW50X21pbm9ycyI6IkcwMTEiLCJjbGllbnRBZGRyZXNzIjoiMTI3LjAuMC4xIiwic2VnbWVudDEiOiJQSUtBIiwiZXdhbGxldF9zcCI6IlBJS0EiLCJjdXN0b21lcl9hY2NvdW50cyI6IjgwMDYxOTU5IiwicHJvdmlkZXJfaWQiOiJQSUtBIiwiY3VzdG9tZXJfaWQiOiI4MDExNzEiLCJwcm92aWRlcl9uYW1lIjoiUElLQSJ9.hxPm7xu2EsP4QLReFpw1sBxC-HY9lql30AC6VIrCRrAYa1Epfeq1qW0l24AeZN81Czj0diuKzLbsN3v8w0AeHYMwfTMrzMvzAbicYp8IRn7GHvFvA-PF4xYrMbZpEpvkXaO7EiiRh_QLCNatlQ_9VHAkAJLKBJUzV0quASF7mS731dnNVlrNrq5-S0GaasCpBto1C-zQdspJd42Uyg9rAUAbhBDInQG9nd8l9TplfiXybUhnRoNPTh2bgTmJeo5J5tK4QkPnt2Q6zzjQSugthMsRe7sIC4iBf2XA52aNBcVVUPDIr6DnFDyljp149MOrTOeTTBBFFlxzspuXu4tZBkzahIc5z7F9oHRmoFUJm1CkgAoeorfVsLzjUzLb2M7NGpNw3ZBweeBBv9tGCbLUcCkQ3yQ49gt_wU48467EFmkeJonjLTZ0MzwObNgGusXEcEb6LNPJXU0zX3EpP1pJDId6dgiILUb3Llq7SFJlCoacEIk_rF3ujjg6rg6RrPaJFyEhsB0avOXCUljxLLm2PWoE3cNw8Fkf_zxkdpaOKk5j301mZ5ZSPsnRlwCFTZJ2xIYzD5RmenaNop7H7-b-XmcjX4K14e3l5unApIbhWoL6LAAUPnOrMofpzDzClTEAq5h8Nd62p3AjsfBfPUluNuBn-ctH0XtK1bL6D9zQ2fM
				X-Channel=SOBA
				X-Client-ID=2f4e1379addb2c6f059d53f622b6bf80
				X-Provider-ID=PAYMENT-ORDER
				X-Request-ID=3dbf9de1-ebe5-44cd-b21c-fe5b46a80108
				Accept=*/*
				Content-Type=application/json
Headers:		Authorization=Bearer eyJhbGciOiJSUzI1NiIsInR5cCIgOiAiSldUIiwia2lkIiA6ICIyTDR2cFBsXzVQRUY5clljdksxb3dWbkZYeW1GeklyT3VJN3NOZkhSUC1zIn0.eyJleHAiOjE3NDQzMTA3ODAsImlhdCI6MTc0NDI4MTk4MCwianRpIjoiNDgwNjk2YzEtNjAzNi00MTNkLTkwZmMtMGE5YzhiMGE3YTcwIiwiaXNzIjoiaHR0cHM6Ly9pZC5hY2Iudm4vYXV0aC9yZWFsbXMvc29iYSIsInN1YiI6ImQxNWJiYjNhLTgxNTEtNGVhOC1hYTM1LTAxMmJiZjJhZTc0OSIsInR5cCI6IkJlYXJlciIsImF6cCI6IjJmNGUxMzc5YWRkYjJjNmYwNTlkNTNmNjIyYjZiZjgwIiwic2Vzc2lvbl9zdGF0ZSI6IjEwZDFiMjcwLTk1ZTUtNDVjNy05NTY4LWU2ODA0ZTcyZTRlNiIsImFjciI6IjEiLCJzY29wZSI6InNlcnZpY2U6cGF5bWVudC1vcmRlciBzZXJ2aWNlOnZpcnR1YWwtYWNjb3VudCBzZXJ2aWNlOmJlbmVmaWNpYXJ5IHNlcnZpY2U6dHJhbnNhY3Rpb24taGlzdG9yeSBzZXJ2aWNlOmFjY291bnQtaW5mb3JtYXRpb24gc2VydmljZTp0cmFuc2FjdGlvbi1ub3RpZmljYXRpb24gc2VydmljZTphdXRoZW50aWNhdGlvbiBzZXJ2aWNlOmV3YWxsZXQgc29iYS1hcGkgc2VydmljZTptZXJjaGFudC1zb2x1dGlvbiIsImN1c3RvbWVyX3R5cGUiOiJPUkciLCJjbGllbnRJZCI6IjJmNGUxMzc5YWRkYjJjNmYwNTlkNTNmNjIyYjZiZjgwIiwiY2xpZW50SG9zdCI6IjEyNy4wLjAuMSIsImFjY291bnRfbWFqb3JzIjoiQ0siLCJzZXJ2aWNlX3Byb3ZpZGVyIjp0cnVlLCJhY2NvdW50X21pbm9ycyI6IkcwMTEiLCJjbGllbnRBZGRyZXNzIjoiMTI3LjAuMC4xIiwic2VnbWVudDEiOiJQSUtBIiwiZXdhbGxldF9zcCI6IlBJS0EiLCJjdXN0b21lcl9hY2NvdW50cyI6IjgwMDYxOTU5IiwicHJvdmlkZXJfaWQiOiJQSUtBIiwiY3VzdG9tZXJfaWQiOiI4MDExNzEiLCJwcm92aWRlcl9uYW1lIjoiUElLQSJ9.hxPm7xu2EsP4QLReFpw1sBxC-HY9lql30AC6VIrCRrAYa1Epfeq1qW0l24AeZN81Czj0diuKzLbsN3v8w0AeHYMwfTMrzMvzAbicYp8IRn7GHvFvA-PF4xYrMbZpEpvkXaO7EiiRh_QLCNatlQ_9VHAkAJLKBJUzV0quASF7mS731dnNVlrNrq5-S0GaasCpBto1C-zQdspJd42Uyg9rAUAbhBDInQG9nd8l9TplfiXybUhnRoNPTh2bgTmJeo5J5tK4QkPnt2Q6zzjQSugthMsRe7sIC4iBf2XA52aNBcVVUPDIr6DnFDyljp149MOrTOeTTBBFFlxzspuXu4tZBkzahIc5z7F9oHRmoFUJm1CkgAoeorfVsLzjUzLb2M7NGpNw3ZBweeBBv9tGCbLUcCkQ3yQ49gt_wU48467EFmkeJonjLTZ0MzwObNgGusXEcEb6LNPJXU0zX3EpP1pJDId6dgiILUb3Llq7SFJlCoacEIk_rF3ujjg6rg6RrPaJFyEhsB0avOXCUljxLLm2PWoE3cNw8Fkf_zxkdpaOKk5j301mZ5ZSPsnRlwCFTZJ2xIYzD5RmenaNop7H7-b-XmcjX4K14e3l5unApIbhWoL6LAAUPnOrMofpzDzClTEAq5h8Nd62p3AjsfBfPUluNuBn-ctH0XtK1bL6D9zQ2fM
				X-Channel=SOBA
				X-Client-ID=2f4e1379addb2c6f059d53f622b6bf80
				X-Provider-ID=PAYMENT-ORDER
				X-Request-ID=3dbf9de1-ebe5-44cd-b21c-fe5b46a80108
				Accept=*/*
				Content-Type=application/json
2025-04-10 17:46:21 [main] INFO  API_TEST - Payment Order Response - Status Code: 200
2025-04-10 17:46:21 [main] INFO  API_TEST - Payment Order Response - Headers: Connection=Keep-Alive
Transfer-Encoding=chunked
Date=Thu, 10 Apr 2025 10:46:21 GMT
Content-Type=application/json; charset=utf-8
X-Powered-By=Express
X-Request-Id=3dbf9de1-ebe5-44cd-b21c-fe5b46a80108
ETag=W/"166-KClDxlxIDR2Ri2/bM+PlvUdzoEw"
Strict-Transport-Security=max-age=63072000; includeSubDomains; preload
X-Global-Transaction-ID=a528cc0c67f79f7302900224
X-RateLimit-Limit=name=Default rate-limit,200;
X-RateLimit-Remaining=name=Default rate-limit,199;
X-BurstLimit-Limit=name=Default burst-limit,10;
X-BurstLimit-Remaining=name=Default burst-limit,9;
Content-Encoding=gzip
Set-Cookie=acb=369301770.58148.0000; path=/; Httponly; Secure
2025-04-10 17:46:21 [main] INFO  API_TEST - Payment Order Response - Body: 
{
    "requestTrace": "4b39a87c-2ce0-4c7e-9e90-942cfd02465a",
    "responseDateTime": "2025-04-10T17:46:21+07:00",
    "responseStatus": {
        "responseCode": "00000000",
        "responseMessage": "success"
    },
    "responseData": {
        "transaction": {
            "transactionTraceNumber": "TRACE1744281981064459",
            "status": "ORIG",
            "statusMessage": "Waiting for processed",
            "createdDateTime": "2025-04-10T10:46:21.000Z"
        }
    }
}
2025-04-10 17:46:21 [main] INFO  API_TEST - Payment Order Response - Status Code: 200
2025-04-10 17:46:21 [main] INFO  API_TEST - Payment Order Response - Headers: Connection=Keep-Alive
Transfer-Encoding=chunked
Date=Thu, 10 Apr 2025 10:46:21 GMT
Content-Type=application/json; charset=utf-8
X-Powered-By=Express
X-Request-Id=3dbf9de1-ebe5-44cd-b21c-fe5b46a80108
ETag=W/"166-KClDxlxIDR2Ri2/bM+PlvUdzoEw"
Strict-Transport-Security=max-age=63072000; includeSubDomains; preload
X-Global-Transaction-ID=a528cc0c67f79f7302900224
X-RateLimit-Limit=name=Default rate-limit,200;
X-RateLimit-Remaining=name=Default rate-limit,199;
X-BurstLimit-Limit=name=Default burst-limit,10;
X-BurstLimit-Remaining=name=Default burst-limit,9;
Content-Encoding=gzip
Set-Cookie=acb=369301770.58148.0000; path=/; Httponly; Secure
2025-04-10 17:46:21 [main] INFO  API_TEST - Payment Order Response - Body: 
{
    "requestTrace": "4b39a87c-2ce0-4c7e-9e90-942cfd02465a",
    "responseDateTime": "2025-04-10T17:46:21+07:00",
    "responseStatus": {
        "responseCode": "00000000",
        "responseMessage": "success"
    },
    "responseData": {
        "transaction": {
            "transactionTraceNumber": "TRACE1744281981064459",
            "status": "ORIG",
            "statusMessage": "Waiting for processed",
            "createdDateTime": "2025-04-10T10:46:21.000Z"
        }
    }
}
]]></system-out>
  </testcase>
  <testcase name="testAllPaymentOrders" classname="com.example.tests.APITests" time="1.612">
    <system-out><![CDATA[2025-04-10 17:46:22 [main] INFO  API_TEST - Sending Transaction History Request - transactionTraceNumber: trace00020, fromDate: 2025-04-10, toDate: 2025-04-10
2025-04-10 17:46:22 [main] INFO  API_TEST - Transaction History Request Body: None (GET request)
2025-04-10 17:46:22 [main] INFO  API_TEST - Sending Transaction History Request to: https://sandbox.acb.com.vn/acb/open/payments/payment-order/v2/transaction?transactionTraceNumber=trace00020&fromDate=2025-04-10&toDate=2025-04-10
2025-04-10 17:46:22 [main] INFO  API_TEST - Request Headers: X-Channel=SOBA, X-Client-ID=2f4e1379addb2c6f059d53f622b6bf80, X-Provider-ID=PAYMENT-ORDER, X-Request-ID=f45bcaca-83ae-4366-9241-ef5c8e51f914, Authorization=Bearer eyJhbGciOiJSUzI1NiIsInR5cCIgOiAiSldUIiwia2lkIiA6ICIyTDR2cFBsXzVQRUY5clljdksxb3dWbkZYeW1GeklyT3VJN3NOZkhSUC1zIn0.eyJleHAiOjE3NDQzMTA3ODAsImlhdCI6MTc0NDI4MTk4MCwianRpIjoiNDgwNjk2YzEtNjAzNi00MTNkLTkwZmMtMGE5YzhiMGE3YTcwIiwiaXNzIjoiaHR0cHM6Ly9pZC5hY2Iudm4vYXV0aC9yZWFsbXMvc29iYSIsInN1YiI6ImQxNWJiYjNhLTgxNTEtNGVhOC1hYTM1LTAxMmJiZjJhZTc0OSIsInR5cCI6IkJlYXJlciIsImF6cCI6IjJmNGUxMzc5YWRkYjJjNmYwNTlkNTNmNjIyYjZiZjgwIiwic2Vzc2lvbl9zdGF0ZSI6IjEwZDFiMjcwLTk1ZTUtNDVjNy05NTY4LWU2ODA0ZTcyZTRlNiIsImFjciI6IjEiLCJzY29wZSI6InNlcnZpY2U6cGF5bWVudC1vcmRlciBzZXJ2aWNlOnZpcnR1YWwtYWNjb3VudCBzZXJ2aWNlOmJlbmVmaWNpYXJ5IHNlcnZpY2U6dHJhbnNhY3Rpb24taGlzdG9yeSBzZXJ2aWNlOmFjY291bnQtaW5mb3JtYXRpb24gc2VydmljZTp0cmFuc2FjdGlvbi1ub3RpZmljYXRpb24gc2VydmljZTphdXRoZW50aWNhdGlvbiBzZXJ2aWNlOmV3YWxsZXQgc29iYS1hcGkgc2VydmljZTptZXJjaGFudC1zb2x1dGlvbiIsImN1c3RvbWVyX3R5cGUiOiJPUkciLCJjbGllbnRJZCI6IjJmNGUxMzc5YWRkYjJjNmYwNTlkNTNmNjIyYjZiZjgwIiwiY2xpZW50SG9zdCI6IjEyNy4wLjAuMSIsImFjY291bnRfbWFqb3JzIjoiQ0siLCJzZXJ2aWNlX3Byb3ZpZGVyIjp0cnVlLCJhY2NvdW50X21pbm9ycyI6IkcwMTEiLCJjbGllbnRBZGRyZXNzIjoiMTI3LjAuMC4xIiwic2VnbWVudDEiOiJQSUtBIiwiZXdhbGxldF9zcCI6IlBJS0EiLCJjdXN0b21lcl9hY2NvdW50cyI6IjgwMDYxOTU5IiwicHJvdmlkZXJfaWQiOiJQSUtBIiwiY3VzdG9tZXJfaWQiOiI4MDExNzEiLCJwcm92aWRlcl9uYW1lIjoiUElLQSJ9.hxPm7xu2EsP4QLReFpw1sBxC-HY9lql30AC6VIrCRrAYa1Epfeq1qW0l24AeZN81Czj0diuKzLbsN3v8w0AeHYMwfTMrzMvzAbicYp8IRn7GHvFvA-PF4xYrMbZpEpvkXaO7EiiRh_QLCNatlQ_9VHAkAJLKBJUzV0quASF7mS731dnNVlrNrq5-S0GaasCpBto1C-zQdspJd42Uyg9rAUAbhBDInQG9nd8l9TplfiXybUhnRoNPTh2bgTmJeo5J5tK4QkPnt2Q6zzjQSugthMsRe7sIC4iBf2XA52aNBcVVUPDIr6DnFDyljp149MOrTOeTTBBFFlxzspuXu4tZBkzahIc5z7F9oHRmoFUJm1CkgAoeorfVsLzjUzLb2M7NGpNw3ZBweeBBv9tGCbLUcCkQ3yQ49gt_wU48467EFmkeJonjLTZ0MzwObNgGusXEcEb6LNPJXU0zX3EpP1pJDId6dgiILUb3Llq7SFJlCoacEIk_rF3ujjg6rg6RrPaJFyEhsB0avOXCUljxLLm2PWoE3cNw8Fkf_zxkdpaOKk5j301mZ5ZSPsnRlwCFTZJ2xIYzD5RmenaNop7H7-b-XmcjX4K14e3l5unApIbhWoL6LAAUPnOrMofpzDzClTEAq5h8Nd62p3AjsfBfPUluNuBn-ctH0XtK1bL6D9zQ2fM
2025-04-10 17:46:23 [main] INFO  API_TEST - Response Status Code: 200
2025-04-10 17:46:23 [main] INFO  API_TEST - Response Headers: Connection=Keep-Alive
Transfer-Encoding=chunked
Date=Thu, 10 Apr 2025 10:46:23 GMT
Content-Type=application/json; charset=utf-8
X-Powered-By=Express
X-Request-Id=f45bcaca-83ae-4366-9241-ef5c8e51f914
ETag=W/"2a5-SZ/DTVloRnt4GveNlSO3U/xwvf8"
Strict-Transport-Security=max-age=63072000; includeSubDomains; preload
X-Global-Transaction-ID=a528cc0c67f79f7402900234
X-RateLimit-Limit=name=Default rate-limit,200;
X-RateLimit-Remaining=name=Default rate-limit,198;
X-BurstLimit-Limit=name=Default burst-limit,10;
X-BurstLimit-Remaining=name=Default burst-limit,8;
Content-Encoding=gzip
Set-Cookie=acb=369301770.58148.0000; path=/; Httponly; Secure
2025-04-10 17:46:23 [main] INFO  API_TEST - Response Body: {"responseDateTime":"2025-04-10T17:46:23+07:00","responseStatus":{"responseCode":"00000000","responseMessage":"success"},"responseData":{"transactions":[{"transactionTraceNumber":"trace00020","status":"TRAN","statusMessage":"Success transfer transaction","serviceChargeAmount":0,"sourceAcocuntNumber":"80061959","transactionNumber":13232,"amount":{"sourceCurrency":"VND","targetCurrency":"VND","amount":"200000","exchangeRate":"1","exchangeAmount":"200000"},"remarks":"Chi don","transactionType":"INSIDEBANK","beneficiary":{"inside":{"account":{"accountNumber":"A46A46P100211","beneficiaryName":"ADAM 25193"}}}}],"pagination":{"totalRows":1,"totalPages":1,"page":1,"size":20}}}
2025-04-10 17:46:23 [main] INFO  API_TEST - Transaction History Response - Status Code: 200
2025-04-10 17:46:23 [main] INFO  API_TEST - Transaction History Response - Headers: Connection=Keep-Alive
Transfer-Encoding=chunked
Date=Thu, 10 Apr 2025 10:46:23 GMT
Content-Type=application/json; charset=utf-8
X-Powered-By=Express
X-Request-Id=f45bcaca-83ae-4366-9241-ef5c8e51f914
ETag=W/"2a5-SZ/DTVloRnt4GveNlSO3U/xwvf8"
Strict-Transport-Security=max-age=63072000; includeSubDomains; preload
X-Global-Transaction-ID=a528cc0c67f79f7402900234
X-RateLimit-Limit=name=Default rate-limit,200;
X-RateLimit-Remaining=name=Default rate-limit,198;
X-BurstLimit-Limit=name=Default burst-limit,10;
X-BurstLimit-Remaining=name=Default burst-limit,8;
Content-Encoding=gzip
Set-Cookie=acb=369301770.58148.0000; path=/; Httponly; Secure
2025-04-10 17:46:23 [main] INFO  API_TEST - Transaction History Response - Body: 
{
    "responseDateTime": "2025-04-10T17:46:23+07:00",
    "responseStatus": {
        "responseCode": "00000000",
        "responseMessage": "success"
    },
    "responseData": {
        "transactions": [
            {
                "transactionTraceNumber": "trace00020",
                "status": "TRAN",
                "statusMessage": "Success transfer transaction",
                "serviceChargeAmount": 0,
                "sourceAcocuntNumber": "80061959",
                "transactionNumber": 13232,
                "amount": {
                    "sourceCurrency": "VND",
                    "targetCurrency": "VND",
                    "amount": "200000",
                    "exchangeRate": "1",
                    "exchangeAmount": "200000"
                },
                "remarks": "Chi don",
                "transactionType": "INSIDEBANK",
                "beneficiary": {
                    "inside": {
                        "account": {
                            "accountNumber": "A46A46P100211",
                            "beneficiaryName": "ADAM 25193"
                        }
                    }
                }
            }
        ],
        "pagination": {
            "totalRows": 1,
            "totalPages": 1,
            "page": 1,
            "size": 20
        }
    }
}
]]></system-out>
  </testcase>
  <testcase name="testAllPaymentOrders" classname="com.example.tests.APITests" time="6.15">
    <failure message="Transaction history status should be TRAN&#10;Expected: &quot;TRAN&quot;&#10;     but: was &quot;ORIG&quot;" type="java.lang.AssertionError"><![CDATA[java.lang.AssertionError: 
Transaction history status should be TRAN
Expected: "TRAN"
     but: was "ORIG"
	at org.hamcrest.MatcherAssert.assertThat(MatcherAssert.java:18)
	at com.example.tests.APITests.lambda$testAllPaymentOrders$2(APITests.java:153)
	at org.junit.jupiter.engine.descriptor.DynamicTestTestDescriptor.lambda$execute$0(DynamicTestTestDescriptor.java:53)
	at org.junit.jupiter.engine.execution.InvocationInterceptorChain$ValidatingInvocation.proceed(InvocationInterceptorChain.java:131)
	at org.junit.jupiter.api.extension.InvocationInterceptor.interceptDynamicTest(InvocationInterceptor.java:168)
	at org.junit.jupiter.api.extension.InvocationInterceptor.interceptDynamicTest(InvocationInterceptor.java:185)
	at org.junit.jupiter.engine.descriptor.DynamicTestTestDescriptor.lambda$execute$1(DynamicTestTestDescriptor.java:61)
	at org.junit.jupiter.engine.execution.InvocationInterceptorChain$InterceptorCall.lambda$ofVoid$0(InvocationInterceptorChain.java:78)
	at org.junit.jupiter.engine.execution.InvocationInterceptorChain$InterceptedInvocation.proceed(InvocationInterceptorChain.java:106)
	at org.junit.jupiter.engine.execution.InvocationInterceptorChain.proceed(InvocationInterceptorChain.java:64)
	at org.junit.jupiter.engine.execution.InvocationInterceptorChain.chainAndInvoke(InvocationInterceptorChain.java:45)
	at org.junit.jupiter.engine.execution.InvocationInterceptorChain.invoke(InvocationInterceptorChain.java:37)
	at org.junit.jupiter.engine.descriptor.DynamicTestTestDescriptor.execute(DynamicTestTestDescriptor.java:60)
	at org.junit.jupiter.engine.descriptor.DynamicTestTestDescriptor.execute(DynamicTestTestDescriptor.java:32)
	at org.junit.platform.engine.support.hierarchical.NodeTestTask.lambda$executeRecursively$6(NodeTestTask.java:151)
	at org.junit.platform.engine.support.hierarchical.ThrowableCollector.execute(ThrowableCollector.java:73)
	at org.junit.platform.engine.support.hierarchical.NodeTestTask.lambda$executeRecursively$8(NodeTestTask.java:141)
	at org.junit.platform.engine.support.hierarchical.Node.around(Node.java:137)
	at org.junit.platform.engine.support.hierarchical.NodeTestTask.lambda$executeRecursively$9(NodeTestTask.java:139)
	at org.junit.platform.engine.support.hierarchical.ThrowableCollector.execute(ThrowableCollector.java:73)
	at org.junit.platform.engine.support.hierarchical.NodeTestTask.executeRecursively(NodeTestTask.java:138)
	at org.junit.platform.engine.support.hierarchical.NodeTestTask.execute(NodeTestTask.java:95)
	at org.junit.platform.engine.support.hierarchical.SameThreadHierarchicalTestExecutorService.submit(SameThreadHierarchicalTestExecutorService.java:35)
	at org.junit.platform.engine.support.hierarchical.NodeTestTask$DefaultDynamicTestExecutor.execute(NodeTestTask.java:226)
	at org.junit.platform.engine.support.hierarchical.NodeTestTask$DefaultDynamicTestExecutor.execute(NodeTestTask.java:204)
	at java.base/java.util.Optional.ifPresent(Optional.java:178)
	at org.junit.jupiter.engine.descriptor.TestFactoryTestDescriptor.lambda$invokeTestMethod$1(TestFactoryTestDescriptor.java:108)
	at org.junit.platform.engine.support.hierarchical.ThrowableCollector.execute(ThrowableCollector.java:73)
	at org.junit.jupiter.engine.descriptor.TestFactoryTestDescriptor.invokeTestMethod(TestFactoryTestDescriptor.java:95)
	at org.junit.jupiter.engine.descriptor.TestMethodTestDescriptor.execute(TestMethodTestDescriptor.java:139)
	at org.junit.jupiter.engine.descriptor.TestMethodTestDescriptor.execute(TestMethodTestDescriptor.java:69)
	at org.junit.platform.engine.support.hierarchical.NodeTestTask.lambda$executeRecursively$6(NodeTestTask.java:151)
	at org.junit.platform.engine.support.hierarchical.ThrowableCollector.execute(ThrowableCollector.java:73)
	at org.junit.platform.engine.support.hierarchical.NodeTestTask.lambda$executeRecursively$8(NodeTestTask.java:141)
	at org.junit.platform.engine.support.hierarchical.Node.around(Node.java:137)
	at org.junit.platform.engine.support.hierarchical.NodeTestTask.lambda$executeRecursively$9(NodeTestTask.java:139)
	at org.junit.platform.engine.support.hierarchical.ThrowableCollector.execute(ThrowableCollector.java:73)
	at org.junit.platform.engine.support.hierarchical.NodeTestTask.executeRecursively(NodeTestTask.java:138)
	at org.junit.platform.engine.support.hierarchical.NodeTestTask.execute(NodeTestTask.java:95)
	at java.base/java.util.ArrayList.forEach(ArrayList.java:1511)
	at org.junit.platform.engine.support.hierarchical.SameThreadHierarchicalTestExecutorService.invokeAll(SameThreadHierarchicalTestExecutorService.java:41)
	at org.junit.platform.engine.support.hierarchical.NodeTestTask.lambda$executeRecursively$6(NodeTestTask.java:155)
	at org.junit.platform.engine.support.hierarchical.ThrowableCollector.execute(ThrowableCollector.java:73)
	at org.junit.platform.engine.support.hierarchical.NodeTestTask.lambda$executeRecursively$8(NodeTestTask.java:141)
	at org.junit.platform.engine.support.hierarchical.Node.around(Node.java:137)
	at org.junit.platform.engine.support.hierarchical.NodeTestTask.lambda$executeRecursively$9(NodeTestTask.java:139)
	at org.junit.platform.engine.support.hierarchical.ThrowableCollector.execute(ThrowableCollector.java:73)
	at org.junit.platform.engine.support.hierarchical.NodeTestTask.executeRecursively(NodeTestTask.java:138)
	at org.junit.platform.engine.support.hierarchical.NodeTestTask.execute(NodeTestTask.java:95)
	at java.base/java.util.ArrayList.forEach(ArrayList.java:1511)
	at org.junit.platform.engine.support.hierarchical.SameThreadHierarchicalTestExecutorService.invokeAll(SameThreadHierarchicalTestExecutorService.java:41)
	at org.junit.platform.engine.support.hierarchical.NodeTestTask.lambda$executeRecursively$6(NodeTestTask.java:155)
	at org.junit.platform.engine.support.hierarchical.ThrowableCollector.execute(ThrowableCollector.java:73)
	at org.junit.platform.engine.support.hierarchical.NodeTestTask.lambda$executeRecursively$8(NodeTestTask.java:141)
	at org.junit.platform.engine.support.hierarchical.Node.around(Node.java:137)
	at org.junit.platform.engine.support.hierarchical.NodeTestTask.lambda$executeRecursively$9(NodeTestTask.java:139)
	at org.junit.platform.engine.support.hierarchical.ThrowableCollector.execute(ThrowableCollector.java:73)
	at org.junit.platform.engine.support.hierarchical.NodeTestTask.executeRecursively(NodeTestTask.java:138)
	at org.junit.platform.engine.support.hierarchical.NodeTestTask.execute(NodeTestTask.java:95)
	at org.junit.platform.engine.support.hierarchical.SameThreadHierarchicalTestExecutorService.submit(SameThreadHierarchicalTestExecutorService.java:35)
	at org.junit.platform.engine.support.hierarchical.HierarchicalTestExecutor.execute(HierarchicalTestExecutor.java:57)
	at org.junit.platform.engine.support.hierarchical.HierarchicalTestEngine.execute(HierarchicalTestEngine.java:54)
	at org.junit.platform.launcher.core.EngineExecutionOrchestrator.execute(EngineExecutionOrchestrator.java:147)
	at org.junit.platform.launcher.core.EngineExecutionOrchestrator.execute(EngineExecutionOrchestrator.java:127)
	at org.junit.platform.launcher.core.EngineExecutionOrchestrator.execute(EngineExecutionOrchestrator.java:90)
	at org.junit.platform.launcher.core.EngineExecutionOrchestrator.lambda$execute$0(EngineExecutionOrchestrator.java:55)
	at org.junit.platform.launcher.core.EngineExecutionOrchestrator.withInterceptedStreams(EngineExecutionOrchestrator.java:102)
	at org.junit.platform.launcher.core.EngineExecutionOrchestrator.execute(EngineExecutionOrchestrator.java:54)
	at org.junit.platform.launcher.core.DefaultLauncher.execute(DefaultLauncher.java:114)
	at org.junit.platform.launcher.core.DefaultLauncher.execute(DefaultLauncher.java:86)
	at org.junit.platform.launcher.core.DefaultLauncherSession$DelegatingLauncher.execute(DefaultLauncherSession.java:86)
	at org.apache.maven.surefire.junitplatform.LazyLauncher.execute(LazyLauncher.java:56)
	at org.apache.maven.surefire.junitplatform.JUnitPlatformProvider.execute(JUnitPlatformProvider.java:184)
	at org.apache.maven.surefire.junitplatform.JUnitPlatformProvider.invokeAllTests(JUnitPlatformProvider.java:148)
	at org.apache.maven.surefire.junitplatform.JUnitPlatformProvider.invoke(JUnitPlatformProvider.java:122)
	at org.apache.maven.surefire.booter.ForkedBooter.runSuitesInProcess(ForkedBooter.java:385)
	at org.apache.maven.surefire.booter.ForkedBooter.execute(ForkedBooter.java:162)
	at org.apache.maven.surefire.booter.ForkedBooter.run(ForkedBooter.java:507)
	at org.apache.maven.surefire.booter.ForkedBooter.main(ForkedBooter.java:495)
]]></failure>
    <system-out><![CDATA[2025-04-10 17:46:23 [main] INFO  com.example.utils.FileUtil - Reading request template from file: requestTemplates/inside.json
2025-04-10 17:46:23 [main] INFO  com.example.utils.FileUtil - Successfully read template from file: requestTemplates/inside.json
2025-04-10 17:46:23 [main] INFO  API_TEST - Generating authorizationString for authorizationId: 1526fa6a-4388-4234-99e5-846ba2c6e328
2025-04-10 17:46:23 [main] INFO  API_TEST - Base64 Data: eyJzb3VyY2VBY2NvdW50TnVtYmVyIjoiODAwNjE5NTkiLCJ0cmFuc2FjdGlvbiI6eyJ0cmFuc2FjdGlvblRyYWNlTnVtYmVyIjoiVFJBQ0UxNzQ0MjgxOTgzNjM0NjIiLCJ0cmFuc2FjdGlvblR5cGUiOiJJTlNJREVCQU5LIiwiYmVuZWZpY2lhcnkiOnsiaW5zaWRlIjp7ImFjY291bnQiOnsiYWNjb3VudE51bWJlciI6IkE0NkE0NlAxMDAyMTEiLCJiZW5lZmljaWFyeU5hbWUiOiJBREFNIDI1MTkzIn19fSwiYW1vdW50Ijp7InNvdXJjZUN1cnJlbmN5IjoiVk5EIiwidGFyZ2V0Q3VycmVuY3kiOiJWTkQiLCJhbW91bnQiOiIyMDAwMDAiLCJleGNoYW5nZVJhdGUiOiIxIiwiZXhjaGFuZ2VBbW91bnQiOiIyMDAwMDAifSwicmVtYXJrcyI6IkNoaSBkb24ifX0=
2025-04-10 17:46:23 [main] INFO  API_TEST - SHA-256 Hex Data: 83a08e30b171cae11430e151d4a94dabb0b1d8e5cf48f339681ee67a7cb6d742
2025-04-10 17:46:23 [main] INFO  API_TEST - Generated Signature for cuong pham a10: MIAGCSqGSIb3DQEHAqCAMIACAQExCzAJBgUrDgMCGgUAMIAGCSqGSIb3DQEHAaCAJIAEgYA4ADMAYQAwADgAZQAzADAAYgAxADcAMQBjAGEAZQAxADEANAAzADAAZQAxADUAMQBkADQAYQA5ADQAZABhAGIAYgAwAGIAMQBkADgAZQA1AGMAZgA0ADgAZgAzADMAOQA2ADgAMQBlAGUANgA3AGEANwBjAGIANgBkADcANAAyAAAAAAAAAKCAMIIDRDCCAiygAwIBAgIEY4V5pDANBgkqhkiG9w0BAQsFADBkMQswCQYDVQQGEwJWTjEMMAoGA1UECAwDSENNMQwwCgYDVQQHDANIQ00xDDAKBgNVBAoMA0FDQjESMBAGA1UECwwJSVQgLSBEVktOMRcwFQYDVQQDDA5DdW9uZyBQaGFtIEExMDAeFw0yMjExMjkwMzE2NTJaFw0zMjExMjkwMzE2NTJaMGQxCzAJBgNVBAYTAlZOMQwwCgYDVQQIDANIQ00xDDAKBgNVBAcMA0hDTTEMMAoGA1UECgwDQUNCMRIwEAYDVQQLDAlJVCAtIERWS04xFzAVBgNVBAMMDkN1b25nIFBoYW0gQTEwMIIBIjANBgkqhkiG9w0BAQEFAAOCAQ8AMIIBCgKCAQEAiNUdY2zCxZnyFHO81b2OQAqW5rHylxlD+kLVDcwMUtSYEVVdxOtVK0fWni8e+9dz6wXuJI6bs/NgsLl4jPZVfzzLhDstrc8fWj0+BdIoQJe9CZuew8GLQc/pZ0mTH97ol6GWezL97ODZpf7PSsrA0b9UCV9n1PnAmBb7sM2AiEJy/ZuqSkPe0b8KRnyuE0ED94ScVoaiz6axYVISeF7QPRH00Gvi4fdJCdTiFlukp/0i9ZuhJxDO0JZ1eZlj2YI80vPo6WHeMDKeJ4JP2WPc4hfh8knNg+iKH2AoX2Co8T8DUhJjNDfFy6vO2Ej7B2qxZ4xXr+nSpcRdX1r0M3sr9QIDAQABMA0GCSqGSIb3DQEBCwUAA4IBAQBAXikxeNOzMknfMZsJg+vXUsMy5KXF2Jf5xm1FCRCbBVxmZXE1+6njsGaCixS1Lpi4/KbfwQ6XC1k8Dv40Pd6Koscnx5BuSjkLYkFFMlzHdchmLTJxrn86c6UMnb/MUXoQtqJ3bYBdwlc//YDc3XVKBDsOipZ0QY8zDpsz/4GaRQ3ua3UL2VyD94u1WKUB7JYPCxeRcDDgszLExOQ6FOHFGvZiF+yrQLXfYpktg4cgBXx4J6cDlvha8YBDM1DYX6sLwDy2XixDlACLtNxcRODC3rpVS/bSHC4WQkfTadwfkHoFB6iBm22P4KdxcHV2VP5YnHJ/Vaza4ghv/fEgxIWLAAAxggIeMIICGgIBATBsMGQxCzAJBgNVBAYTAlZOMQwwCgYDVQQIDANIQ00xDDAKBgNVBAcMA0hDTTEMMAoGA1UECgwDQUNCMRIwEAYDVQQLDAlJVCAtIERWS04xFzAVBgNVBAMMDkN1b25nIFBoYW0gQTEwAgRjhXmkMAkGBSsOAwIaBQCggYgwGAYJKoZIhvcNAQkDMQsGCSqGSIb3DQEHATAcBgkqhkiG9w0BCQUxDxcNMjUwNDEwMTA0NjIzWjAjBgkqhkiG9w0BCQQxFgQU2tU7ZrcUKOLnafP+URSfBIs3ETowKQYJKoZIhvcNAQk0MRwwGjAJBgUrDgMCGgUAoQ0GCSqGSIb3DQEBAQUAMA0GCSqGSIb3DQEBAQUABIIBAGpLE/XNMkhF/OjZ7/jyJ+Ew4WlDma/eOuxQCuXAi9jkH87XscmU+MsAK6YD9myLBSx46kC1PuXHA8Rh1L4UOojOqTowYXe4HqCHTzkb+Gk+YO+rzKQQWEez1jAsbJGmI1fZ5NB41fRXkSc+uQAjYjUhhB/5DIqGODQbYDuAoiReEs47gvqH6E1hqvXptAnE3/qKrwLuikzv/JUY+pl2+fxrJYL7irT9LGNlq0jpYl6prGFDvMk9VGculR91GLGZ1BDq7zbqv1RyzcvGO5Q7QsQjOAJmSxpefP2Ls0Vq5Miudt7JylvvHtAH+cw+wE5v4iLijP5YN5KDLSFm5WnSy8oAAAAAAAA=
2025-04-10 17:46:23 [main] INFO  API_TEST - Updated Request Body after adding authorizationString for authorizationId: 1526fa6a-4388-4234-99e5-846ba2c6e328: 
{
  "requestTrace" : "482589f3-4796-4620-a2b8-c980e2cc00bb",
  "requestDateTime" : "2025-04-10T17:46:23.634647+07:00",
  "requestParameters" : {
    "data" : {
      "sourceAccountNumber" : "80061959",
      "transaction" : {
        "transactionTraceNumber" : "TRACE174428198363462",
        "transactionType" : "INSIDEBANK",
        "beneficiary" : {
          "inside" : {
            "account" : {
              "accountNumber" : "A46A46P100211",
              "beneficiaryName" : "ADAM 25193"
            }
          }
        },
        "amount" : {
          "sourceCurrency" : "VND",
          "targetCurrency" : "VND",
          "amount" : "200000",
          "exchangeRate" : "1",
          "exchangeAmount" : "200000"
        },
        "remarks" : "Chi don"
      }
    },
    "authorizations" : [ {
      "authorizationString" : "MIAGCSqGSIb3DQEHAqCAMIACAQExCzAJBgUrDgMCGgUAMIAGCSqGSIb3DQEHAaCAJIAEgYA4ADMAYQAwADgAZQAzADAAYgAxADcAMQBjAGEAZQAxADEANAAzADAAZQAxADUAMQBkADQAYQA5ADQAZABhAGIAYgAwAGIAMQBkADgAZQA1AGMAZgA0ADgAZgAzADMAOQA2ADgAMQBlAGUANgA3AGEANwBjAGIANgBkADcANAAyAAAAAAAAAKCAMIIDRDCCAiygAwIBAgIEY4V5pDANBgkqhkiG9w0BAQsFADBkMQswCQYDVQQGEwJWTjEMMAoGA1UECAwDSENNMQwwCgYDVQQHDANIQ00xDDAKBgNVBAoMA0FDQjESMBAGA1UECwwJSVQgLSBEVktOMRcwFQYDVQQDDA5DdW9uZyBQaGFtIEExMDAeFw0yMjExMjkwMzE2NTJaFw0zMjExMjkwMzE2NTJaMGQxCzAJBgNVBAYTAlZOMQwwCgYDVQQIDANIQ00xDDAKBgNVBAcMA0hDTTEMMAoGA1UECgwDQUNCMRIwEAYDVQQLDAlJVCAtIERWS04xFzAVBgNVBAMMDkN1b25nIFBoYW0gQTEwMIIBIjANBgkqhkiG9w0BAQEFAAOCAQ8AMIIBCgKCAQEAiNUdY2zCxZnyFHO81b2OQAqW5rHylxlD+kLVDcwMUtSYEVVdxOtVK0fWni8e+9dz6wXuJI6bs/NgsLl4jPZVfzzLhDstrc8fWj0+BdIoQJe9CZuew8GLQc/pZ0mTH97ol6GWezL97ODZpf7PSsrA0b9UCV9n1PnAmBb7sM2AiEJy/ZuqSkPe0b8KRnyuE0ED94ScVoaiz6axYVISeF7QPRH00Gvi4fdJCdTiFlukp/0i9ZuhJxDO0JZ1eZlj2YI80vPo6WHeMDKeJ4JP2WPc4hfh8knNg+iKH2AoX2Co8T8DUhJjNDfFy6vO2Ej7B2qxZ4xXr+nSpcRdX1r0M3sr9QIDAQABMA0GCSqGSIb3DQEBCwUAA4IBAQBAXikxeNOzMknfMZsJg+vXUsMy5KXF2Jf5xm1FCRCbBVxmZXE1+6njsGaCixS1Lpi4/KbfwQ6XC1k8Dv40Pd6Koscnx5BuSjkLYkFFMlzHdchmLTJxrn86c6UMnb/MUXoQtqJ3bYBdwlc//YDc3XVKBDsOipZ0QY8zDpsz/4GaRQ3ua3UL2VyD94u1WKUB7JYPCxeRcDDgszLExOQ6FOHFGvZiF+yrQLXfYpktg4cgBXx4J6cDlvha8YBDM1DYX6sLwDy2XixDlACLtNxcRODC3rpVS/bSHC4WQkfTadwfkHoFB6iBm22P4KdxcHV2VP5YnHJ/Vaza4ghv/fEgxIWLAAAxggIeMIICGgIBATBsMGQxCzAJBgNVBAYTAlZOMQwwCgYDVQQIDANIQ00xDDAKBgNVBAcMA0hDTTEMMAoGA1UECgwDQUNCMRIwEAYDVQQLDAlJVCAtIERWS04xFzAVBgNVBAMMDkN1b25nIFBoYW0gQTEwAgRjhXmkMAkGBSsOAwIaBQCggYgwGAYJKoZIhvcNAQkDMQsGCSqGSIb3DQEHATAcBgkqhkiG9w0BCQUxDxcNMjUwNDEwMTA0NjIzWjAjBgkqhkiG9w0BCQQxFgQU2tU7ZrcUKOLnafP+URSfBIs3ETowKQYJKoZIhvcNAQk0MRwwGjAJBgUrDgMCGgUAoQ0GCSqGSIb3DQEBAQUAMA0GCSqGSIb3DQEBAQUABIIBAGpLE/XNMkhF/OjZ7/jyJ+Ew4WlDma/eOuxQCuXAi9jkH87XscmU+MsAK6YD9myLBSx46kC1PuXHA8Rh1L4UOojOqTowYXe4HqCHTzkb+Gk+YO+rzKQQWEez1jAsbJGmI1fZ5NB41fRXkSc+uQAjYjUhhB/5DIqGODQbYDuAoiReEs47gvqH6E1hqvXptAnE3/qKrwLuikzv/JUY+pl2+fxrJYL7irT9LGNlq0jpYl6prGFDvMk9VGculR91GLGZ1BDq7zbqv1RyzcvGO5Q7QsQjOAJmSxpefP2Ls0Vq5Miudt7JylvvHtAH+cw+wE5v4iLijP5YN5KDLSFm5WnSy8oAAAAAAAA=",
      "authorizationId" : "1526fa6a-4388-4234-99e5-846ba2c6e328"
    }, {
      "authorizationString" : "",
      "authorizationId" : "72d9c963-4a20-40f3-bef1-9b773369826b"
    } ]
  }
}
2025-04-10 17:46:23 [main] INFO  API_TEST - Generating authorizationString for authorizationId: 72d9c963-4a20-40f3-bef1-9b773369826b
2025-04-10 17:46:23 [main] INFO  API_TEST - Base64 Data: eyJzb3VyY2VBY2NvdW50TnVtYmVyIjoiODAwNjE5NTkiLCJ0cmFuc2FjdGlvbiI6eyJ0cmFuc2FjdGlvblRyYWNlTnVtYmVyIjoiVFJBQ0UxNzQ0MjgxOTgzNjM0NjIiLCJ0cmFuc2FjdGlvblR5cGUiOiJJTlNJREVCQU5LIiwiYmVuZWZpY2lhcnkiOnsiaW5zaWRlIjp7ImFjY291bnQiOnsiYWNjb3VudE51bWJlciI6IkE0NkE0NlAxMDAyMTEiLCJiZW5lZmljaWFyeU5hbWUiOiJBREFNIDI1MTkzIn19fSwiYW1vdW50Ijp7InNvdXJjZUN1cnJlbmN5IjoiVk5EIiwidGFyZ2V0Q3VycmVuY3kiOiJWTkQiLCJhbW91bnQiOiIyMDAwMDAiLCJleGNoYW5nZVJhdGUiOiIxIiwiZXhjaGFuZ2VBbW91bnQiOiIyMDAwMDAifSwicmVtYXJrcyI6IkNoaSBkb24ifX0=
2025-04-10 17:46:23 [main] INFO  API_TEST - SHA-256 Hex Data: 83a08e30b171cae11430e151d4a94dabb0b1d8e5cf48f339681ee67a7cb6d742
2025-04-10 17:46:23 [main] INFO  API_TEST - Generated Signature for cuong pham b10: MIAGCSqGSIb3DQEHAqCAMIACAQExCzAJBgUrDgMCGgUAMIAGCSqGSIb3DQEHAaCAJIAEgYA4ADMAYQAwADgAZQAzADAAYgAxADcAMQBjAGEAZQAxADEANAAzADAAZQAxADUAMQBkADQAYQA5ADQAZABhAGIAYgAwAGIAMQBkADgAZQA1AGMAZgA0ADgAZgAzADMAOQA2ADgAMQBlAGUANgA3AGEANwBjAGIANgBkADcANAAyAAAAAAAAAKCAMIIDRDCCAiygAwIBAgIEY4V53jANBgkqhkiG9w0BAQsFADBkMQswCQYDVQQGEwJWTjEMMAoGA1UECAwDSENNMQwwCgYDVQQHDANIQ00xDDAKBgNVBAoMA0FDQjESMBAGA1UECwwJSVQgLSBEVktOMRcwFQYDVQQDDA5DdW9uZyBQaGFtIEIxMDAeFw0yMjExMjkwMzE3NTBaFw0zMjExMjkwMzE3NTBaMGQxCzAJBgNVBAYTAlZOMQwwCgYDVQQIDANIQ00xDDAKBgNVBAcMA0hDTTEMMAoGA1UECgwDQUNCMRIwEAYDVQQLDAlJVCAtIERWS04xFzAVBgNVBAMMDkN1b25nIFBoYW0gQjEwMIIBIjANBgkqhkiG9w0BAQEFAAOCAQ8AMIIBCgKCAQEAorTh+kRlrLfQSt/ZqHxTDlPZaqzJFDWYgybIn95f21WnQYZeQJBNAE9N+aEZlLXT8pcPy3fkfUVdc34NEI1GDCcXxa9EdBPupFFiW+1rU9Do0I12x6VqWDvEj+7YVW8Gd/0kn7AY5YfqjSVPpa7+I69kpa/vHqo8HBjkl97j16nSO1sYj3aN2v2XYInac5TiIouykdxlv3b2y+iTf5KTnqus/9w5IUn33zNJ42A8woZW4SD7Lcv0ZxL6JiX59wKz90nRWeTAxi+Bf4wMYV9y0WzzNaLAnbmThoyjWcL11IHIJWLV1UqV30X9m4hvfI/zDIUIhdXu1WIlvBXDDn4f9QIDAQABMA0GCSqGSIb3DQEBCwUAA4IBAQBjAzbybbHskE2gogcTwUHvkKgJRcP/vAJgTLpeytB4pIdscLmeKDMwQCqGxYDC90kvmtRtWfSfeu3aUDA2ICtTQLvryDgvhlXqQ1PXAT7jSp2/XO1Ips4wNBPDazrgX9pVNCk1itiO1bx+fMPLtliyAxbDOkRt3CWFFgo2pimLCgyQeUY2QqpRmNP7HK0MYlIVJW2u0YeI/QH4KTjj0vLdDte6byz5TTaa0zi2z4Rr303rrmmia5zw8674plWyLJU6GHzC+PrAe14DfzFA4cK2Ip8Ya7eicrCWk1/DM+HKKR0253WIoi8o5yMs0q5JJSM7lvFpYLu+sYtRXl5Pm1L6AAAxggIeMIICGgIBATBsMGQxCzAJBgNVBAYTAlZOMQwwCgYDVQQIDANIQ00xDDAKBgNVBAcMA0hDTTEMMAoGA1UECgwDQUNCMRIwEAYDVQQLDAlJVCAtIERWS04xFzAVBgNVBAMMDkN1b25nIFBoYW0gQjEwAgRjhXneMAkGBSsOAwIaBQCggYgwGAYJKoZIhvcNAQkDMQsGCSqGSIb3DQEHATAcBgkqhkiG9w0BCQUxDxcNMjUwNDEwMTA0NjIzWjAjBgkqhkiG9w0BCQQxFgQU2tU7ZrcUKOLnafP+URSfBIs3ETowKQYJKoZIhvcNAQk0MRwwGjAJBgUrDgMCGgUAoQ0GCSqGSIb3DQEBAQUAMA0GCSqGSIb3DQEBAQUABIIBACJRQ4T9X8q6xqS1B38ZrIf0hYVafuj+HcdrtAW/u5NumYI0QV/ZehT19+zTEtuyWixwu0QTbB8dibZrZbQwe+PFJziE3Vu1BVob5Ri4CqBiHeXpSb8vFvII7pxEl0TyV3LUQkOjfY1XS4Krj74DgHei3iWVhgUhigPu+3ZJVh9Tiz3EjjNcJPNQjpEmNLlXs3NkhaAFez6LACZuiGuZLWgkhlX4x5lzOrNYBa2is3MyWEQUXu+7UaapnbgzT0uPS2Fd2VHQhtNJzwe18sN06tHPscIUcCJ6aLFpXYhEMbcb8BmKPG0rvKmVtU9M1e5KlT9WYKQ3JwXghSx7E2W44SAAAAAAAAA=
2025-04-10 17:46:23 [main] INFO  API_TEST - Updated Request Body after adding authorizationString for authorizationId: 72d9c963-4a20-40f3-bef1-9b773369826b: 
{
  "requestTrace" : "482589f3-4796-4620-a2b8-c980e2cc00bb",
  "requestDateTime" : "2025-04-10T17:46:23.634647+07:00",
  "requestParameters" : {
    "data" : {
      "sourceAccountNumber" : "80061959",
      "transaction" : {
        "transactionTraceNumber" : "TRACE174428198363462",
        "transactionType" : "INSIDEBANK",
        "beneficiary" : {
          "inside" : {
            "account" : {
              "accountNumber" : "A46A46P100211",
              "beneficiaryName" : "ADAM 25193"
            }
          }
        },
        "amount" : {
          "sourceCurrency" : "VND",
          "targetCurrency" : "VND",
          "amount" : "200000",
          "exchangeRate" : "1",
          "exchangeAmount" : "200000"
        },
        "remarks" : "Chi don"
      }
    },
    "authorizations" : [ {
      "authorizationString" : "MIAGCSqGSIb3DQEHAqCAMIACAQExCzAJBgUrDgMCGgUAMIAGCSqGSIb3DQEHAaCAJIAEgYA4ADMAYQAwADgAZQAzADAAYgAxADcAMQBjAGEAZQAxADEANAAzADAAZQAxADUAMQBkADQAYQA5ADQAZABhAGIAYgAwAGIAMQBkADgAZQA1AGMAZgA0ADgAZgAzADMAOQA2ADgAMQBlAGUANgA3AGEANwBjAGIANgBkADcANAAyAAAAAAAAAKCAMIIDRDCCAiygAwIBAgIEY4V5pDANBgkqhkiG9w0BAQsFADBkMQswCQYDVQQGEwJWTjEMMAoGA1UECAwDSENNMQwwCgYDVQQHDANIQ00xDDAKBgNVBAoMA0FDQjESMBAGA1UECwwJSVQgLSBEVktOMRcwFQYDVQQDDA5DdW9uZyBQaGFtIEExMDAeFw0yMjExMjkwMzE2NTJaFw0zMjExMjkwMzE2NTJaMGQxCzAJBgNVBAYTAlZOMQwwCgYDVQQIDANIQ00xDDAKBgNVBAcMA0hDTTEMMAoGA1UECgwDQUNCMRIwEAYDVQQLDAlJVCAtIERWS04xFzAVBgNVBAMMDkN1b25nIFBoYW0gQTEwMIIBIjANBgkqhkiG9w0BAQEFAAOCAQ8AMIIBCgKCAQEAiNUdY2zCxZnyFHO81b2OQAqW5rHylxlD+kLVDcwMUtSYEVVdxOtVK0fWni8e+9dz6wXuJI6bs/NgsLl4jPZVfzzLhDstrc8fWj0+BdIoQJe9CZuew8GLQc/pZ0mTH97ol6GWezL97ODZpf7PSsrA0b9UCV9n1PnAmBb7sM2AiEJy/ZuqSkPe0b8KRnyuE0ED94ScVoaiz6axYVISeF7QPRH00Gvi4fdJCdTiFlukp/0i9ZuhJxDO0JZ1eZlj2YI80vPo6WHeMDKeJ4JP2WPc4hfh8knNg+iKH2AoX2Co8T8DUhJjNDfFy6vO2Ej7B2qxZ4xXr+nSpcRdX1r0M3sr9QIDAQABMA0GCSqGSIb3DQEBCwUAA4IBAQBAXikxeNOzMknfMZsJg+vXUsMy5KXF2Jf5xm1FCRCbBVxmZXE1+6njsGaCixS1Lpi4/KbfwQ6XC1k8Dv40Pd6Koscnx5BuSjkLYkFFMlzHdchmLTJxrn86c6UMnb/MUXoQtqJ3bYBdwlc//YDc3XVKBDsOipZ0QY8zDpsz/4GaRQ3ua3UL2VyD94u1WKUB7JYPCxeRcDDgszLExOQ6FOHFGvZiF+yrQLXfYpktg4cgBXx4J6cDlvha8YBDM1DYX6sLwDy2XixDlACLtNxcRODC3rpVS/bSHC4WQkfTadwfkHoFB6iBm22P4KdxcHV2VP5YnHJ/Vaza4ghv/fEgxIWLAAAxggIeMIICGgIBATBsMGQxCzAJBgNVBAYTAlZOMQwwCgYDVQQIDANIQ00xDDAKBgNVBAcMA0hDTTEMMAoGA1UECgwDQUNCMRIwEAYDVQQLDAlJVCAtIERWS04xFzAVBgNVBAMMDkN1b25nIFBoYW0gQTEwAgRjhXmkMAkGBSsOAwIaBQCggYgwGAYJKoZIhvcNAQkDMQsGCSqGSIb3DQEHATAcBgkqhkiG9w0BCQUxDxcNMjUwNDEwMTA0NjIzWjAjBgkqhkiG9w0BCQQxFgQU2tU7ZrcUKOLnafP+URSfBIs3ETowKQYJKoZIhvcNAQk0MRwwGjAJBgUrDgMCGgUAoQ0GCSqGSIb3DQEBAQUAMA0GCSqGSIb3DQEBAQUABIIBAGpLE/XNMkhF/OjZ7/jyJ+Ew4WlDma/eOuxQCuXAi9jkH87XscmU+MsAK6YD9myLBSx46kC1PuXHA8Rh1L4UOojOqTowYXe4HqCHTzkb+Gk+YO+rzKQQWEez1jAsbJGmI1fZ5NB41fRXkSc+uQAjYjUhhB/5DIqGODQbYDuAoiReEs47gvqH6E1hqvXptAnE3/qKrwLuikzv/JUY+pl2+fxrJYL7irT9LGNlq0jpYl6prGFDvMk9VGculR91GLGZ1BDq7zbqv1RyzcvGO5Q7QsQjOAJmSxpefP2Ls0Vq5Miudt7JylvvHtAH+cw+wE5v4iLijP5YN5KDLSFm5WnSy8oAAAAAAAA=",
      "authorizationId" : "1526fa6a-4388-4234-99e5-846ba2c6e328"
    }, {
      "authorizationString" : "MIAGCSqGSIb3DQEHAqCAMIACAQExCzAJBgUrDgMCGgUAMIAGCSqGSIb3DQEHAaCAJIAEgYA4ADMAYQAwADgAZQAzADAAYgAxADcAMQBjAGEAZQAxADEANAAzADAAZQAxADUAMQBkADQAYQA5ADQAZABhAGIAYgAwAGIAMQBkADgAZQA1AGMAZgA0ADgAZgAzADMAOQA2ADgAMQBlAGUANgA3AGEANwBjAGIANgBkADcANAAyAAAAAAAAAKCAMIIDRDCCAiygAwIBAgIEY4V53jANBgkqhkiG9w0BAQsFADBkMQswCQYDVQQGEwJWTjEMMAoGA1UECAwDSENNMQwwCgYDVQQHDANIQ00xDDAKBgNVBAoMA0FDQjESMBAGA1UECwwJSVQgLSBEVktOMRcwFQYDVQQDDA5DdW9uZyBQaGFtIEIxMDAeFw0yMjExMjkwMzE3NTBaFw0zMjExMjkwMzE3NTBaMGQxCzAJBgNVBAYTAlZOMQwwCgYDVQQIDANIQ00xDDAKBgNVBAcMA0hDTTEMMAoGA1UECgwDQUNCMRIwEAYDVQQLDAlJVCAtIERWS04xFzAVBgNVBAMMDkN1b25nIFBoYW0gQjEwMIIBIjANBgkqhkiG9w0BAQEFAAOCAQ8AMIIBCgKCAQEAorTh+kRlrLfQSt/ZqHxTDlPZaqzJFDWYgybIn95f21WnQYZeQJBNAE9N+aEZlLXT8pcPy3fkfUVdc34NEI1GDCcXxa9EdBPupFFiW+1rU9Do0I12x6VqWDvEj+7YVW8Gd/0kn7AY5YfqjSVPpa7+I69kpa/vHqo8HBjkl97j16nSO1sYj3aN2v2XYInac5TiIouykdxlv3b2y+iTf5KTnqus/9w5IUn33zNJ42A8woZW4SD7Lcv0ZxL6JiX59wKz90nRWeTAxi+Bf4wMYV9y0WzzNaLAnbmThoyjWcL11IHIJWLV1UqV30X9m4hvfI/zDIUIhdXu1WIlvBXDDn4f9QIDAQABMA0GCSqGSIb3DQEBCwUAA4IBAQBjAzbybbHskE2gogcTwUHvkKgJRcP/vAJgTLpeytB4pIdscLmeKDMwQCqGxYDC90kvmtRtWfSfeu3aUDA2ICtTQLvryDgvhlXqQ1PXAT7jSp2/XO1Ips4wNBPDazrgX9pVNCk1itiO1bx+fMPLtliyAxbDOkRt3CWFFgo2pimLCgyQeUY2QqpRmNP7HK0MYlIVJW2u0YeI/QH4KTjj0vLdDte6byz5TTaa0zi2z4Rr303rrmmia5zw8674plWyLJU6GHzC+PrAe14DfzFA4cK2Ip8Ya7eicrCWk1/DM+HKKR0253WIoi8o5yMs0q5JJSM7lvFpYLu+sYtRXl5Pm1L6AAAxggIeMIICGgIBATBsMGQxCzAJBgNVBAYTAlZOMQwwCgYDVQQIDANIQ00xDDAKBgNVBAcMA0hDTTEMMAoGA1UECgwDQUNCMRIwEAYDVQQLDAlJVCAtIERWS04xFzAVBgNVBAMMDkN1b25nIFBoYW0gQjEwAgRjhXneMAkGBSsOAwIaBQCggYgwGAYJKoZIhvcNAQkDMQsGCSqGSIb3DQEHATAcBgkqhkiG9w0BCQUxDxcNMjUwNDEwMTA0NjIzWjAjBgkqhkiG9w0BCQQxFgQU2tU7ZrcUKOLnafP+URSfBIs3ETowKQYJKoZIhvcNAQk0MRwwGjAJBgUrDgMCGgUAoQ0GCSqGSIb3DQEBAQUAMA0GCSqGSIb3DQEBAQUABIIBACJRQ4T9X8q6xqS1B38ZrIf0hYVafuj+HcdrtAW/u5NumYI0QV/ZehT19+zTEtuyWixwu0QTbB8dibZrZbQwe+PFJziE3Vu1BVob5Ri4CqBiHeXpSb8vFvII7pxEl0TyV3LUQkOjfY1XS4Krj74DgHei3iWVhgUhigPu+3ZJVh9Tiz3EjjNcJPNQjpEmNLlXs3NkhaAFez6LACZuiGuZLWgkhlX4x5lzOrNYBa2is3MyWEQUXu+7UaapnbgzT0uPS2Fd2VHQhtNJzwe18sN06tHPscIUcCJ6aLFpXYhEMbcb8BmKPG0rvKmVtU9M1e5KlT9WYKQ3JwXghSx7E2W44SAAAAAAAAA=",
      "authorizationId" : "72d9c963-4a20-40f3-bef1-9b773369826b"
    } ]
  }
}
2025-04-10 17:46:23 [main] INFO  API_TEST - Sending Payment Order Request Body: 
{
  "requestTrace" : "482589f3-4796-4620-a2b8-c980e2cc00bb",
  "requestDateTime" : "2025-04-10T17:46:23.634647+07:00",
  "requestParameters" : {
    "data" : {
      "sourceAccountNumber" : "80061959",
      "transaction" : {
        "transactionTraceNumber" : "TRACE174428198363462",
        "transactionType" : "INSIDEBANK",
        "beneficiary" : {
          "inside" : {
            "account" : {
              "accountNumber" : "A46A46P100211",
              "beneficiaryName" : "ADAM 25193"
            }
          }
        },
        "amount" : {
          "sourceCurrency" : "VND",
          "targetCurrency" : "VND",
          "amount" : "200000",
          "exchangeRate" : "1",
          "exchangeAmount" : "200000"
        },
        "remarks" : "Chi don"
      }
    },
    "authorizations" : [ {
      "authorizationString" : "MIAGCSqGSIb3DQEHAqCAMIACAQExCzAJBgUrDgMCGgUAMIAGCSqGSIb3DQEHAaCAJIAEgYA4ADMAYQAwADgAZQAzADAAYgAxADcAMQBjAGEAZQAxADEANAAzADAAZQAxADUAMQBkADQAYQA5ADQAZABhAGIAYgAwAGIAMQBkADgAZQA1AGMAZgA0ADgAZgAzADMAOQA2ADgAMQBlAGUANgA3AGEANwBjAGIANgBkADcANAAyAAAAAAAAAKCAMIIDRDCCAiygAwIBAgIEY4V5pDANBgkqhkiG9w0BAQsFADBkMQswCQYDVQQGEwJWTjEMMAoGA1UECAwDSENNMQwwCgYDVQQHDANIQ00xDDAKBgNVBAoMA0FDQjESMBAGA1UECwwJSVQgLSBEVktOMRcwFQYDVQQDDA5DdW9uZyBQaGFtIEExMDAeFw0yMjExMjkwMzE2NTJaFw0zMjExMjkwMzE2NTJaMGQxCzAJBgNVBAYTAlZOMQwwCgYDVQQIDANIQ00xDDAKBgNVBAcMA0hDTTEMMAoGA1UECgwDQUNCMRIwEAYDVQQLDAlJVCAtIERWS04xFzAVBgNVBAMMDkN1b25nIFBoYW0gQTEwMIIBIjANBgkqhkiG9w0BAQEFAAOCAQ8AMIIBCgKCAQEAiNUdY2zCxZnyFHO81b2OQAqW5rHylxlD+kLVDcwMUtSYEVVdxOtVK0fWni8e+9dz6wXuJI6bs/NgsLl4jPZVfzzLhDstrc8fWj0+BdIoQJe9CZuew8GLQc/pZ0mTH97ol6GWezL97ODZpf7PSsrA0b9UCV9n1PnAmBb7sM2AiEJy/ZuqSkPe0b8KRnyuE0ED94ScVoaiz6axYVISeF7QPRH00Gvi4fdJCdTiFlukp/0i9ZuhJxDO0JZ1eZlj2YI80vPo6WHeMDKeJ4JP2WPc4hfh8knNg+iKH2AoX2Co8T8DUhJjNDfFy6vO2Ej7B2qxZ4xXr+nSpcRdX1r0M3sr9QIDAQABMA0GCSqGSIb3DQEBCwUAA4IBAQBAXikxeNOzMknfMZsJg+vXUsMy5KXF2Jf5xm1FCRCbBVxmZXE1+6njsGaCixS1Lpi4/KbfwQ6XC1k8Dv40Pd6Koscnx5BuSjkLYkFFMlzHdchmLTJxrn86c6UMnb/MUXoQtqJ3bYBdwlc//YDc3XVKBDsOipZ0QY8zDpsz/4GaRQ3ua3UL2VyD94u1WKUB7JYPCxeRcDDgszLExOQ6FOHFGvZiF+yrQLXfYpktg4cgBXx4J6cDlvha8YBDM1DYX6sLwDy2XixDlACLtNxcRODC3rpVS/bSHC4WQkfTadwfkHoFB6iBm22P4KdxcHV2VP5YnHJ/Vaza4ghv/fEgxIWLAAAxggIeMIICGgIBATBsMGQxCzAJBgNVBAYTAlZOMQwwCgYDVQQIDANIQ00xDDAKBgNVBAcMA0hDTTEMMAoGA1UECgwDQUNCMRIwEAYDVQQLDAlJVCAtIERWS04xFzAVBgNVBAMMDkN1b25nIFBoYW0gQTEwAgRjhXmkMAkGBSsOAwIaBQCggYgwGAYJKoZIhvcNAQkDMQsGCSqGSIb3DQEHATAcBgkqhkiG9w0BCQUxDxcNMjUwNDEwMTA0NjIzWjAjBgkqhkiG9w0BCQQxFgQU2tU7ZrcUKOLnafP+URSfBIs3ETowKQYJKoZIhvcNAQk0MRwwGjAJBgUrDgMCGgUAoQ0GCSqGSIb3DQEBAQUAMA0GCSqGSIb3DQEBAQUABIIBAGpLE/XNMkhF/OjZ7/jyJ+Ew4WlDma/eOuxQCuXAi9jkH87XscmU+MsAK6YD9myLBSx46kC1PuXHA8Rh1L4UOojOqTowYXe4HqCHTzkb+Gk+YO+rzKQQWEez1jAsbJGmI1fZ5NB41fRXkSc+uQAjYjUhhB/5DIqGODQbYDuAoiReEs47gvqH6E1hqvXptAnE3/qKrwLuikzv/JUY+pl2+fxrJYL7irT9LGNlq0jpYl6prGFDvMk9VGculR91GLGZ1BDq7zbqv1RyzcvGO5Q7QsQjOAJmSxpefP2Ls0Vq5Miudt7JylvvHtAH+cw+wE5v4iLijP5YN5KDLSFm5WnSy8oAAAAAAAA=",
      "authorizationId" : "1526fa6a-4388-4234-99e5-846ba2c6e328"
    }, {
      "authorizationString" : "MIAGCSqGSIb3DQEHAqCAMIACAQExCzAJBgUrDgMCGgUAMIAGCSqGSIb3DQEHAaCAJIAEgYA4ADMAYQAwADgAZQAzADAAYgAxADcAMQBjAGEAZQAxADEANAAzADAAZQAxADUAMQBkADQAYQA5ADQAZABhAGIAYgAwAGIAMQBkADgAZQA1AGMAZgA0ADgAZgAzADMAOQA2ADgAMQBlAGUANgA3AGEANwBjAGIANgBkADcANAAyAAAAAAAAAKCAMIIDRDCCAiygAwIBAgIEY4V53jANBgkqhkiG9w0BAQsFADBkMQswCQYDVQQGEwJWTjEMMAoGA1UECAwDSENNMQwwCgYDVQQHDANIQ00xDDAKBgNVBAoMA0FDQjESMBAGA1UECwwJSVQgLSBEVktOMRcwFQYDVQQDDA5DdW9uZyBQaGFtIEIxMDAeFw0yMjExMjkwMzE3NTBaFw0zMjExMjkwMzE3NTBaMGQxCzAJBgNVBAYTAlZOMQwwCgYDVQQIDANIQ00xDDAKBgNVBAcMA0hDTTEMMAoGA1UECgwDQUNCMRIwEAYDVQQLDAlJVCAtIERWS04xFzAVBgNVBAMMDkN1b25nIFBoYW0gQjEwMIIBIjANBgkqhkiG9w0BAQEFAAOCAQ8AMIIBCgKCAQEAorTh+kRlrLfQSt/ZqHxTDlPZaqzJFDWYgybIn95f21WnQYZeQJBNAE9N+aEZlLXT8pcPy3fkfUVdc34NEI1GDCcXxa9EdBPupFFiW+1rU9Do0I12x6VqWDvEj+7YVW8Gd/0kn7AY5YfqjSVPpa7+I69kpa/vHqo8HBjkl97j16nSO1sYj3aN2v2XYInac5TiIouykdxlv3b2y+iTf5KTnqus/9w5IUn33zNJ42A8woZW4SD7Lcv0ZxL6JiX59wKz90nRWeTAxi+Bf4wMYV9y0WzzNaLAnbmThoyjWcL11IHIJWLV1UqV30X9m4hvfI/zDIUIhdXu1WIlvBXDDn4f9QIDAQABMA0GCSqGSIb3DQEBCwUAA4IBAQBjAzbybbHskE2gogcTwUHvkKgJRcP/vAJgTLpeytB4pIdscLmeKDMwQCqGxYDC90kvmtRtWfSfeu3aUDA2ICtTQLvryDgvhlXqQ1PXAT7jSp2/XO1Ips4wNBPDazrgX9pVNCk1itiO1bx+fMPLtliyAxbDOkRt3CWFFgo2pimLCgyQeUY2QqpRmNP7HK0MYlIVJW2u0YeI/QH4KTjj0vLdDte6byz5TTaa0zi2z4Rr303rrmmia5zw8674plWyLJU6GHzC+PrAe14DfzFA4cK2Ip8Ya7eicrCWk1/DM+HKKR0253WIoi8o5yMs0q5JJSM7lvFpYLu+sYtRXl5Pm1L6AAAxggIeMIICGgIBATBsMGQxCzAJBgNVBAYTAlZOMQwwCgYDVQQIDANIQ00xDDAKBgNVBAcMA0hDTTEMMAoGA1UECgwDQUNCMRIwEAYDVQQLDAlJVCAtIERWS04xFzAVBgNVBAMMDkN1b25nIFBoYW0gQjEwAgRjhXneMAkGBSsOAwIaBQCggYgwGAYJKoZIhvcNAQkDMQsGCSqGSIb3DQEHATAcBgkqhkiG9w0BCQUxDxcNMjUwNDEwMTA0NjIzWjAjBgkqhkiG9w0BCQQxFgQU2tU7ZrcUKOLnafP+URSfBIs3ETowKQYJKoZIhvcNAQk0MRwwGjAJBgUrDgMCGgUAoQ0GCSqGSIb3DQEBAQUAMA0GCSqGSIb3DQEBAQUABIIBACJRQ4T9X8q6xqS1B38ZrIf0hYVafuj+HcdrtAW/u5NumYI0QV/ZehT19+zTEtuyWixwu0QTbB8dibZrZbQwe+PFJziE3Vu1BVob5Ri4CqBiHeXpSb8vFvII7pxEl0TyV3LUQkOjfY1XS4Krj74DgHei3iWVhgUhigPu+3ZJVh9Tiz3EjjNcJPNQjpEmNLlXs3NkhaAFez6LACZuiGuZLWgkhlX4x5lzOrNYBa2is3MyWEQUXu+7UaapnbgzT0uPS2Fd2VHQhtNJzwe18sN06tHPscIUcCJ6aLFpXYhEMbcb8BmKPG0rvKmVtU9M1e5KlT9WYKQ3JwXghSx7E2W44SAAAAAAAAA=",
      "authorizationId" : "72d9c963-4a20-40f3-bef1-9b773369826b"
    } ]
  }
}
2025-04-10 17:46:23 [main] INFO  API_TEST - Sending Payment Order Request to: https://sandbox.acb.com.vn/acb/open/payments/payment-order/v2/transaction
2025-04-10 17:46:23 [main] INFO  API_TEST - Request Headers: io.restassured.internal.RequestSpecificationImpl@3a2bb026
2025-04-10 17:46:23 [main] INFO  API_TEST - Request Body: 
{
  "requestTrace" : "482589f3-4796-4620-a2b8-c980e2cc00bb",
  "requestDateTime" : "2025-04-10T17:46:23.634647+07:00",
  "requestParameters" : {
    "data" : {
      "sourceAccountNumber" : "80061959",
      "transaction" : {
        "transactionTraceNumber" : "TRACE174428198363462",
        "transactionType" : "INSIDEBANK",
        "beneficiary" : {
          "inside" : {
            "account" : {
              "accountNumber" : "A46A46P100211",
              "beneficiaryName" : "ADAM 25193"
            }
          }
        },
        "amount" : {
          "sourceCurrency" : "VND",
          "targetCurrency" : "VND",
          "amount" : "200000",
          "exchangeRate" : "1",
          "exchangeAmount" : "200000"
        },
        "remarks" : "Chi don"
      }
    },
    "authorizations" : [ {
      "authorizationString" : "MIAGCSqGSIb3DQEHAqCAMIACAQExCzAJBgUrDgMCGgUAMIAGCSqGSIb3DQEHAaCAJIAEgYA4ADMAYQAwADgAZQAzADAAYgAxADcAMQBjAGEAZQAxADEANAAzADAAZQAxADUAMQBkADQAYQA5ADQAZABhAGIAYgAwAGIAMQBkADgAZQA1AGMAZgA0ADgAZgAzADMAOQA2ADgAMQBlAGUANgA3AGEANwBjAGIANgBkADcANAAyAAAAAAAAAKCAMIIDRDCCAiygAwIBAgIEY4V5pDANBgkqhkiG9w0BAQsFADBkMQswCQYDVQQGEwJWTjEMMAoGA1UECAwDSENNMQwwCgYDVQQHDANIQ00xDDAKBgNVBAoMA0FDQjESMBAGA1UECwwJSVQgLSBEVktOMRcwFQYDVQQDDA5DdW9uZyBQaGFtIEExMDAeFw0yMjExMjkwMzE2NTJaFw0zMjExMjkwMzE2NTJaMGQxCzAJBgNVBAYTAlZOMQwwCgYDVQQIDANIQ00xDDAKBgNVBAcMA0hDTTEMMAoGA1UECgwDQUNCMRIwEAYDVQQLDAlJVCAtIERWS04xFzAVBgNVBAMMDkN1b25nIFBoYW0gQTEwMIIBIjANBgkqhkiG9w0BAQEFAAOCAQ8AMIIBCgKCAQEAiNUdY2zCxZnyFHO81b2OQAqW5rHylxlD+kLVDcwMUtSYEVVdxOtVK0fWni8e+9dz6wXuJI6bs/NgsLl4jPZVfzzLhDstrc8fWj0+BdIoQJe9CZuew8GLQc/pZ0mTH97ol6GWezL97ODZpf7PSsrA0b9UCV9n1PnAmBb7sM2AiEJy/ZuqSkPe0b8KRnyuE0ED94ScVoaiz6axYVISeF7QPRH00Gvi4fdJCdTiFlukp/0i9ZuhJxDO0JZ1eZlj2YI80vPo6WHeMDKeJ4JP2WPc4hfh8knNg+iKH2AoX2Co8T8DUhJjNDfFy6vO2Ej7B2qxZ4xXr+nSpcRdX1r0M3sr9QIDAQABMA0GCSqGSIb3DQEBCwUAA4IBAQBAXikxeNOzMknfMZsJg+vXUsMy5KXF2Jf5xm1FCRCbBVxmZXE1+6njsGaCixS1Lpi4/KbfwQ6XC1k8Dv40Pd6Koscnx5BuSjkLYkFFMlzHdchmLTJxrn86c6UMnb/MUXoQtqJ3bYBdwlc//YDc3XVKBDsOipZ0QY8zDpsz/4GaRQ3ua3UL2VyD94u1WKUB7JYPCxeRcDDgszLExOQ6FOHFGvZiF+yrQLXfYpktg4cgBXx4J6cDlvha8YBDM1DYX6sLwDy2XixDlACLtNxcRODC3rpVS/bSHC4WQkfTadwfkHoFB6iBm22P4KdxcHV2VP5YnHJ/Vaza4ghv/fEgxIWLAAAxggIeMIICGgIBATBsMGQxCzAJBgNVBAYTAlZOMQwwCgYDVQQIDANIQ00xDDAKBgNVBAcMA0hDTTEMMAoGA1UECgwDQUNCMRIwEAYDVQQLDAlJVCAtIERWS04xFzAVBgNVBAMMDkN1b25nIFBoYW0gQTEwAgRjhXmkMAkGBSsOAwIaBQCggYgwGAYJKoZIhvcNAQkDMQsGCSqGSIb3DQEHATAcBgkqhkiG9w0BCQUxDxcNMjUwNDEwMTA0NjIzWjAjBgkqhkiG9w0BCQQxFgQU2tU7ZrcUKOLnafP+URSfBIs3ETowKQYJKoZIhvcNAQk0MRwwGjAJBgUrDgMCGgUAoQ0GCSqGSIb3DQEBAQUAMA0GCSqGSIb3DQEBAQUABIIBAGpLE/XNMkhF/OjZ7/jyJ+Ew4WlDma/eOuxQCuXAi9jkH87XscmU+MsAK6YD9myLBSx46kC1PuXHA8Rh1L4UOojOqTowYXe4HqCHTzkb+Gk+YO+rzKQQWEez1jAsbJGmI1fZ5NB41fRXkSc+uQAjYjUhhB/5DIqGODQbYDuAoiReEs47gvqH6E1hqvXptAnE3/qKrwLuikzv/JUY+pl2+fxrJYL7irT9LGNlq0jpYl6prGFDvMk9VGculR91GLGZ1BDq7zbqv1RyzcvGO5Q7QsQjOAJmSxpefP2Ls0Vq5Miudt7JylvvHtAH+cw+wE5v4iLijP5YN5KDLSFm5WnSy8oAAAAAAAA=",
      "authorizationId" : "1526fa6a-4388-4234-99e5-846ba2c6e328"
    }, {
      "authorizationString" : "MIAGCSqGSIb3DQEHAqCAMIACAQExCzAJBgUrDgMCGgUAMIAGCSqGSIb3DQEHAaCAJIAEgYA4ADMAYQAwADgAZQAzADAAYgAxADcAMQBjAGEAZQAxADEANAAzADAAZQAxADUAMQBkADQAYQA5ADQAZABhAGIAYgAwAGIAMQBkADgAZQA1AGMAZgA0ADgAZgAzADMAOQA2ADgAMQBlAGUANgA3AGEANwBjAGIANgBkADcANAAyAAAAAAAAAKCAMIIDRDCCAiygAwIBAgIEY4V53jANBgkqhkiG9w0BAQsFADBkMQswCQYDVQQGEwJWTjEMMAoGA1UECAwDSENNMQwwCgYDVQQHDANIQ00xDDAKBgNVBAoMA0FDQjESMBAGA1UECwwJSVQgLSBEVktOMRcwFQYDVQQDDA5DdW9uZyBQaGFtIEIxMDAeFw0yMjExMjkwMzE3NTBaFw0zMjExMjkwMzE3NTBaMGQxCzAJBgNVBAYTAlZOMQwwCgYDVQQIDANIQ00xDDAKBgNVBAcMA0hDTTEMMAoGA1UECgwDQUNCMRIwEAYDVQQLDAlJVCAtIERWS04xFzAVBgNVBAMMDkN1b25nIFBoYW0gQjEwMIIBIjANBgkqhkiG9w0BAQEFAAOCAQ8AMIIBCgKCAQEAorTh+kRlrLfQSt/ZqHxTDlPZaqzJFDWYgybIn95f21WnQYZeQJBNAE9N+aEZlLXT8pcPy3fkfUVdc34NEI1GDCcXxa9EdBPupFFiW+1rU9Do0I12x6VqWDvEj+7YVW8Gd/0kn7AY5YfqjSVPpa7+I69kpa/vHqo8HBjkl97j16nSO1sYj3aN2v2XYInac5TiIouykdxlv3b2y+iTf5KTnqus/9w5IUn33zNJ42A8woZW4SD7Lcv0ZxL6JiX59wKz90nRWeTAxi+Bf4wMYV9y0WzzNaLAnbmThoyjWcL11IHIJWLV1UqV30X9m4hvfI/zDIUIhdXu1WIlvBXDDn4f9QIDAQABMA0GCSqGSIb3DQEBCwUAA4IBAQBjAzbybbHskE2gogcTwUHvkKgJRcP/vAJgTLpeytB4pIdscLmeKDMwQCqGxYDC90kvmtRtWfSfeu3aUDA2ICtTQLvryDgvhlXqQ1PXAT7jSp2/XO1Ips4wNBPDazrgX9pVNCk1itiO1bx+fMPLtliyAxbDOkRt3CWFFgo2pimLCgyQeUY2QqpRmNP7HK0MYlIVJW2u0YeI/QH4KTjj0vLdDte6byz5TTaa0zi2z4Rr303rrmmia5zw8674plWyLJU6GHzC+PrAe14DfzFA4cK2Ip8Ya7eicrCWk1/DM+HKKR0253WIoi8o5yMs0q5JJSM7lvFpYLu+sYtRXl5Pm1L6AAAxggIeMIICGgIBATBsMGQxCzAJBgNVBAYTAlZOMQwwCgYDVQQIDANIQ00xDDAKBgNVBAcMA0hDTTEMMAoGA1UECgwDQUNCMRIwEAYDVQQLDAlJVCAtIERWS04xFzAVBgNVBAMMDkN1b25nIFBoYW0gQjEwAgRjhXneMAkGBSsOAwIaBQCggYgwGAYJKoZIhvcNAQkDMQsGCSqGSIb3DQEHATAcBgkqhkiG9w0BCQUxDxcNMjUwNDEwMTA0NjIzWjAjBgkqhkiG9w0BCQQxFgQU2tU7ZrcUKOLnafP+URSfBIs3ETowKQYJKoZIhvcNAQk0MRwwGjAJBgUrDgMCGgUAoQ0GCSqGSIb3DQEBAQUAMA0GCSqGSIb3DQEBAQUABIIBACJRQ4T9X8q6xqS1B38ZrIf0hYVafuj+HcdrtAW/u5NumYI0QV/ZehT19+zTEtuyWixwu0QTbB8dibZrZbQwe+PFJziE3Vu1BVob5Ri4CqBiHeXpSb8vFvII7pxEl0TyV3LUQkOjfY1XS4Krj74DgHei3iWVhgUhigPu+3ZJVh9Tiz3EjjNcJPNQjpEmNLlXs3NkhaAFez6LACZuiGuZLWgkhlX4x5lzOrNYBa2is3MyWEQUXu+7UaapnbgzT0uPS2Fd2VHQhtNJzwe18sN06tHPscIUcCJ6aLFpXYhEMbcb8BmKPG0rvKmVtU9M1e5KlT9WYKQ3JwXghSx7E2W44SAAAAAAAAA=",
      "authorizationId" : "72d9c963-4a20-40f3-bef1-9b773369826b"
    } ]
  }
}
Headers:		Authorization=Bearer eyJhbGciOiJSUzI1NiIsInR5cCIgOiAiSldUIiwia2lkIiA6ICIyTDR2cFBsXzVQRUY5clljdksxb3dWbkZYeW1GeklyT3VJN3NOZkhSUC1zIn0.eyJleHAiOjE3NDQzMTA3ODAsImlhdCI6MTc0NDI4MTk4MCwianRpIjoiNDgwNjk2YzEtNjAzNi00MTNkLTkwZmMtMGE5YzhiMGE3YTcwIiwiaXNzIjoiaHR0cHM6Ly9pZC5hY2Iudm4vYXV0aC9yZWFsbXMvc29iYSIsInN1YiI6ImQxNWJiYjNhLTgxNTEtNGVhOC1hYTM1LTAxMmJiZjJhZTc0OSIsInR5cCI6IkJlYXJlciIsImF6cCI6IjJmNGUxMzc5YWRkYjJjNmYwNTlkNTNmNjIyYjZiZjgwIiwic2Vzc2lvbl9zdGF0ZSI6IjEwZDFiMjcwLTk1ZTUtNDVjNy05NTY4LWU2ODA0ZTcyZTRlNiIsImFjciI6IjEiLCJzY29wZSI6InNlcnZpY2U6cGF5bWVudC1vcmRlciBzZXJ2aWNlOnZpcnR1YWwtYWNjb3VudCBzZXJ2aWNlOmJlbmVmaWNpYXJ5IHNlcnZpY2U6dHJhbnNhY3Rpb24taGlzdG9yeSBzZXJ2aWNlOmFjY291bnQtaW5mb3JtYXRpb24gc2VydmljZTp0cmFuc2FjdGlvbi1ub3RpZmljYXRpb24gc2VydmljZTphdXRoZW50aWNhdGlvbiBzZXJ2aWNlOmV3YWxsZXQgc29iYS1hcGkgc2VydmljZTptZXJjaGFudC1zb2x1dGlvbiIsImN1c3RvbWVyX3R5cGUiOiJPUkciLCJjbGllbnRJZCI6IjJmNGUxMzc5YWRkYjJjNmYwNTlkNTNmNjIyYjZiZjgwIiwiY2xpZW50SG9zdCI6IjEyNy4wLjAuMSIsImFjY291bnRfbWFqb3JzIjoiQ0siLCJzZXJ2aWNlX3Byb3ZpZGVyIjp0cnVlLCJhY2NvdW50X21pbm9ycyI6IkcwMTEiLCJjbGllbnRBZGRyZXNzIjoiMTI3LjAuMC4xIiwic2VnbWVudDEiOiJQSUtBIiwiZXdhbGxldF9zcCI6IlBJS0EiLCJjdXN0b21lcl9hY2NvdW50cyI6IjgwMDYxOTU5IiwicHJvdmlkZXJfaWQiOiJQSUtBIiwiY3VzdG9tZXJfaWQiOiI4MDExNzEiLCJwcm92aWRlcl9uYW1lIjoiUElLQSJ9.hxPm7xu2EsP4QLReFpw1sBxC-HY9lql30AC6VIrCRrAYa1Epfeq1qW0l24AeZN81Czj0diuKzLbsN3v8w0AeHYMwfTMrzMvzAbicYp8IRn7GHvFvA-PF4xYrMbZpEpvkXaO7EiiRh_QLCNatlQ_9VHAkAJLKBJUzV0quASF7mS731dnNVlrNrq5-S0GaasCpBto1C-zQdspJd42Uyg9rAUAbhBDInQG9nd8l9TplfiXybUhnRoNPTh2bgTmJeo5J5tK4QkPnt2Q6zzjQSugthMsRe7sIC4iBf2XA52aNBcVVUPDIr6DnFDyljp149MOrTOeTTBBFFlxzspuXu4tZBkzahIc5z7F9oHRmoFUJm1CkgAoeorfVsLzjUzLb2M7NGpNw3ZBweeBBv9tGCbLUcCkQ3yQ49gt_wU48467EFmkeJonjLTZ0MzwObNgGusXEcEb6LNPJXU0zX3EpP1pJDId6dgiILUb3Llq7SFJlCoacEIk_rF3ujjg6rg6RrPaJFyEhsB0avOXCUljxLLm2PWoE3cNw8Fkf_zxkdpaOKk5j301mZ5ZSPsnRlwCFTZJ2xIYzD5RmenaNop7H7-b-XmcjX4K14e3l5unApIbhWoL6LAAUPnOrMofpzDzClTEAq5h8Nd62p3AjsfBfPUluNuBn-ctH0XtK1bL6D9zQ2fM
				X-Channel=SOBA
				X-Client-ID=2f4e1379addb2c6f059d53f622b6bf80
				X-Provider-ID=PAYMENT-ORDER
				X-Request-ID=2a5dbd52-d806-4573-a84a-73c6aee74bd3
				Accept=*/*
				Content-Type=application/json
Headers:		Authorization=Bearer eyJhbGciOiJSUzI1NiIsInR5cCIgOiAiSldUIiwia2lkIiA6ICIyTDR2cFBsXzVQRUY5clljdksxb3dWbkZYeW1GeklyT3VJN3NOZkhSUC1zIn0.eyJleHAiOjE3NDQzMTA3ODAsImlhdCI6MTc0NDI4MTk4MCwianRpIjoiNDgwNjk2YzEtNjAzNi00MTNkLTkwZmMtMGE5YzhiMGE3YTcwIiwiaXNzIjoiaHR0cHM6Ly9pZC5hY2Iudm4vYXV0aC9yZWFsbXMvc29iYSIsInN1YiI6ImQxNWJiYjNhLTgxNTEtNGVhOC1hYTM1LTAxMmJiZjJhZTc0OSIsInR5cCI6IkJlYXJlciIsImF6cCI6IjJmNGUxMzc5YWRkYjJjNmYwNTlkNTNmNjIyYjZiZjgwIiwic2Vzc2lvbl9zdGF0ZSI6IjEwZDFiMjcwLTk1ZTUtNDVjNy05NTY4LWU2ODA0ZTcyZTRlNiIsImFjciI6IjEiLCJzY29wZSI6InNlcnZpY2U6cGF5bWVudC1vcmRlciBzZXJ2aWNlOnZpcnR1YWwtYWNjb3VudCBzZXJ2aWNlOmJlbmVmaWNpYXJ5IHNlcnZpY2U6dHJhbnNhY3Rpb24taGlzdG9yeSBzZXJ2aWNlOmFjY291bnQtaW5mb3JtYXRpb24gc2VydmljZTp0cmFuc2FjdGlvbi1ub3RpZmljYXRpb24gc2VydmljZTphdXRoZW50aWNhdGlvbiBzZXJ2aWNlOmV3YWxsZXQgc29iYS1hcGkgc2VydmljZTptZXJjaGFudC1zb2x1dGlvbiIsImN1c3RvbWVyX3R5cGUiOiJPUkciLCJjbGllbnRJZCI6IjJmNGUxMzc5YWRkYjJjNmYwNTlkNTNmNjIyYjZiZjgwIiwiY2xpZW50SG9zdCI6IjEyNy4wLjAuMSIsImFjY291bnRfbWFqb3JzIjoiQ0siLCJzZXJ2aWNlX3Byb3ZpZGVyIjp0cnVlLCJhY2NvdW50X21pbm9ycyI6IkcwMTEiLCJjbGllbnRBZGRyZXNzIjoiMTI3LjAuMC4xIiwic2VnbWVudDEiOiJQSUtBIiwiZXdhbGxldF9zcCI6IlBJS0EiLCJjdXN0b21lcl9hY2NvdW50cyI6IjgwMDYxOTU5IiwicHJvdmlkZXJfaWQiOiJQSUtBIiwiY3VzdG9tZXJfaWQiOiI4MDExNzEiLCJwcm92aWRlcl9uYW1lIjoiUElLQSJ9.hxPm7xu2EsP4QLReFpw1sBxC-HY9lql30AC6VIrCRrAYa1Epfeq1qW0l24AeZN81Czj0diuKzLbsN3v8w0AeHYMwfTMrzMvzAbicYp8IRn7GHvFvA-PF4xYrMbZpEpvkXaO7EiiRh_QLCNatlQ_9VHAkAJLKBJUzV0quASF7mS731dnNVlrNrq5-S0GaasCpBto1C-zQdspJd42Uyg9rAUAbhBDInQG9nd8l9TplfiXybUhnRoNPTh2bgTmJeo5J5tK4QkPnt2Q6zzjQSugthMsRe7sIC4iBf2XA52aNBcVVUPDIr6DnFDyljp149MOrTOeTTBBFFlxzspuXu4tZBkzahIc5z7F9oHRmoFUJm1CkgAoeorfVsLzjUzLb2M7NGpNw3ZBweeBBv9tGCbLUcCkQ3yQ49gt_wU48467EFmkeJonjLTZ0MzwObNgGusXEcEb6LNPJXU0zX3EpP1pJDId6dgiILUb3Llq7SFJlCoacEIk_rF3ujjg6rg6RrPaJFyEhsB0avOXCUljxLLm2PWoE3cNw8Fkf_zxkdpaOKk5j301mZ5ZSPsnRlwCFTZJ2xIYzD5RmenaNop7H7-b-XmcjX4K14e3l5unApIbhWoL6LAAUPnOrMofpzDzClTEAq5h8Nd62p3AjsfBfPUluNuBn-ctH0XtK1bL6D9zQ2fM
				X-Channel=SOBA
				X-Client-ID=2f4e1379addb2c6f059d53f622b6bf80
				X-Provider-ID=PAYMENT-ORDER
				X-Request-ID=2a5dbd52-d806-4573-a84a-73c6aee74bd3
				Accept=*/*
				Content-Type=application/json
2025-04-10 17:46:24 [main] INFO  API_TEST - Payment Order Response - Status Code: 200
2025-04-10 17:46:24 [main] INFO  API_TEST - Payment Order Response - Headers: Connection=Keep-Alive
Transfer-Encoding=chunked
Date=Thu, 10 Apr 2025 10:46:24 GMT
Content-Type=application/json; charset=utf-8
X-Powered-By=Express
X-Request-Id=2a5dbd52-d806-4573-a84a-73c6aee74bd3
ETag=W/"165-cQIT1Ee5gHd4c/rLn/5+lxA1fbA"
Strict-Transport-Security=max-age=63072000; includeSubDomains; preload
X-Global-Transaction-ID=a528cc0c67f79f7501722f85
X-RateLimit-Limit=name=Default rate-limit,200;
X-RateLimit-Remaining=name=Default rate-limit,197;
X-BurstLimit-Limit=name=Default burst-limit,10;
X-BurstLimit-Remaining=name=Default burst-limit,9;
Content-Encoding=gzip
Set-Cookie=acb=369301770.58148.0000; path=/; Httponly; Secure
2025-04-10 17:46:24 [main] INFO  API_TEST - Payment Order Response - Body: 
{
    "requestTrace": "482589f3-4796-4620-a2b8-c980e2cc00bb",
    "responseDateTime": "2025-04-10T17:46:24+07:00",
    "responseStatus": {
        "responseCode": "00000000",
        "responseMessage": "success"
    },
    "responseData": {
        "transaction": {
            "transactionTraceNumber": "TRACE174428198363462",
            "status": "ORIG",
            "statusMessage": "Waiting for processed",
            "createdDateTime": "2025-04-10T10:46:23.000Z"
        }
    }
}
2025-04-10 17:46:24 [main] INFO  API_TEST - Payment Order Response - Status Code: 200
2025-04-10 17:46:24 [main] INFO  API_TEST - Payment Order Response - Headers: Connection=Keep-Alive
Transfer-Encoding=chunked
Date=Thu, 10 Apr 2025 10:46:24 GMT
Content-Type=application/json; charset=utf-8
X-Powered-By=Express
X-Request-Id=2a5dbd52-d806-4573-a84a-73c6aee74bd3
ETag=W/"165-cQIT1Ee5gHd4c/rLn/5+lxA1fbA"
Strict-Transport-Security=max-age=63072000; includeSubDomains; preload
X-Global-Transaction-ID=a528cc0c67f79f7501722f85
X-RateLimit-Limit=name=Default rate-limit,200;
X-RateLimit-Remaining=name=Default rate-limit,197;
X-BurstLimit-Limit=name=Default burst-limit,10;
X-BurstLimit-Remaining=name=Default burst-limit,9;
Content-Encoding=gzip
Set-Cookie=acb=369301770.58148.0000; path=/; Httponly; Secure
2025-04-10 17:46:24 [main] INFO  API_TEST - Payment Order Response - Body: 
{
    "requestTrace": "482589f3-4796-4620-a2b8-c980e2cc00bb",
    "responseDateTime": "2025-04-10T17:46:24+07:00",
    "responseStatus": {
        "responseCode": "00000000",
        "responseMessage": "success"
    },
    "responseData": {
        "transaction": {
            "transactionTraceNumber": "TRACE174428198363462",
            "status": "ORIG",
            "statusMessage": "Waiting for processed",
            "createdDateTime": "2025-04-10T10:46:23.000Z"
        }
    }
}
2025-04-10 17:46:29 [main] INFO  API_TEST - Sending Transaction History Request - transactionTraceNumber: TRACE174428198363462, fromDate: 2025-04-10, toDate: 2025-04-10
2025-04-10 17:46:29 [main] INFO  API_TEST - Transaction History Request Body: None (GET request)
2025-04-10 17:46:29 [main] INFO  API_TEST - Sending Transaction History Request to: https://sandbox.acb.com.vn/acb/open/payments/payment-order/v2/transaction?transactionTraceNumber=TRACE174428198363462&fromDate=2025-04-10&toDate=2025-04-10
2025-04-10 17:46:29 [main] INFO  API_TEST - Request Headers: X-Channel=SOBA, X-Client-ID=2f4e1379addb2c6f059d53f622b6bf80, X-Provider-ID=PAYMENT-ORDER, X-Request-ID=5f124834-7534-47e6-ab82-5bf8c269533e, Authorization=Bearer eyJhbGciOiJSUzI1NiIsInR5cCIgOiAiSldUIiwia2lkIiA6ICIyTDR2cFBsXzVQRUY5clljdksxb3dWbkZYeW1GeklyT3VJN3NOZkhSUC1zIn0.eyJleHAiOjE3NDQzMTA3ODAsImlhdCI6MTc0NDI4MTk4MCwianRpIjoiNDgwNjk2YzEtNjAzNi00MTNkLTkwZmMtMGE5YzhiMGE3YTcwIiwiaXNzIjoiaHR0cHM6Ly9pZC5hY2Iudm4vYXV0aC9yZWFsbXMvc29iYSIsInN1YiI6ImQxNWJiYjNhLTgxNTEtNGVhOC1hYTM1LTAxMmJiZjJhZTc0OSIsInR5cCI6IkJlYXJlciIsImF6cCI6IjJmNGUxMzc5YWRkYjJjNmYwNTlkNTNmNjIyYjZiZjgwIiwic2Vzc2lvbl9zdGF0ZSI6IjEwZDFiMjcwLTk1ZTUtNDVjNy05NTY4LWU2ODA0ZTcyZTRlNiIsImFjciI6IjEiLCJzY29wZSI6InNlcnZpY2U6cGF5bWVudC1vcmRlciBzZXJ2aWNlOnZpcnR1YWwtYWNjb3VudCBzZXJ2aWNlOmJlbmVmaWNpYXJ5IHNlcnZpY2U6dHJhbnNhY3Rpb24taGlzdG9yeSBzZXJ2aWNlOmFjY291bnQtaW5mb3JtYXRpb24gc2VydmljZTp0cmFuc2FjdGlvbi1ub3RpZmljYXRpb24gc2VydmljZTphdXRoZW50aWNhdGlvbiBzZXJ2aWNlOmV3YWxsZXQgc29iYS1hcGkgc2VydmljZTptZXJjaGFudC1zb2x1dGlvbiIsImN1c3RvbWVyX3R5cGUiOiJPUkciLCJjbGllbnRJZCI6IjJmNGUxMzc5YWRkYjJjNmYwNTlkNTNmNjIyYjZiZjgwIiwiY2xpZW50SG9zdCI6IjEyNy4wLjAuMSIsImFjY291bnRfbWFqb3JzIjoiQ0siLCJzZXJ2aWNlX3Byb3ZpZGVyIjp0cnVlLCJhY2NvdW50X21pbm9ycyI6IkcwMTEiLCJjbGllbnRBZGRyZXNzIjoiMTI3LjAuMC4xIiwic2VnbWVudDEiOiJQSUtBIiwiZXdhbGxldF9zcCI6IlBJS0EiLCJjdXN0b21lcl9hY2NvdW50cyI6IjgwMDYxOTU5IiwicHJvdmlkZXJfaWQiOiJQSUtBIiwiY3VzdG9tZXJfaWQiOiI4MDExNzEiLCJwcm92aWRlcl9uYW1lIjoiUElLQSJ9.hxPm7xu2EsP4QLReFpw1sBxC-HY9lql30AC6VIrCRrAYa1Epfeq1qW0l24AeZN81Czj0diuKzLbsN3v8w0AeHYMwfTMrzMvzAbicYp8IRn7GHvFvA-PF4xYrMbZpEpvkXaO7EiiRh_QLCNatlQ_9VHAkAJLKBJUzV0quASF7mS731dnNVlrNrq5-S0GaasCpBto1C-zQdspJd42Uyg9rAUAbhBDInQG9nd8l9TplfiXybUhnRoNPTh2bgTmJeo5J5tK4QkPnt2Q6zzjQSugthMsRe7sIC4iBf2XA52aNBcVVUPDIr6DnFDyljp149MOrTOeTTBBFFlxzspuXu4tZBkzahIc5z7F9oHRmoFUJm1CkgAoeorfVsLzjUzLb2M7NGpNw3ZBweeBBv9tGCbLUcCkQ3yQ49gt_wU48467EFmkeJonjLTZ0MzwObNgGusXEcEb6LNPJXU0zX3EpP1pJDId6dgiILUb3Llq7SFJlCoacEIk_rF3ujjg6rg6RrPaJFyEhsB0avOXCUljxLLm2PWoE3cNw8Fkf_zxkdpaOKk5j301mZ5ZSPsnRlwCFTZJ2xIYzD5RmenaNop7H7-b-XmcjX4K14e3l5unApIbhWoL6LAAUPnOrMofpzDzClTEAq5h8Nd62p3AjsfBfPUluNuBn-ctH0XtK1bL6D9zQ2fM
2025-04-10 17:46:29 [main] INFO  API_TEST - Response Status Code: 200
2025-04-10 17:46:29 [main] INFO  API_TEST - Response Headers: Connection=Keep-Alive
Transfer-Encoding=chunked
Date=Thu, 10 Apr 2025 10:46:29 GMT
Content-Type=application/json; charset=utf-8
X-Powered-By=Express
X-Request-Id=5f124834-7534-47e6-ab82-5bf8c269533e
ETag=W/"297-TfXaIDo3q0QXtUW8greiaidpi0U"
Strict-Transport-Security=max-age=63072000; includeSubDomains; preload
X-Global-Transaction-ID=a528cc0c67f79f7b029002c4
X-RateLimit-Limit=name=Default rate-limit,200;
X-RateLimit-Remaining=name=Default rate-limit,196;
X-BurstLimit-Limit=name=Default burst-limit,10;
X-BurstLimit-Remaining=name=Default burst-limit,9;
Content-Encoding=gzip
Set-Cookie=acb=369301770.58148.0000; path=/; Httponly; Secure
2025-04-10 17:46:29 [main] INFO  API_TEST - Response Body: {"responseDateTime":"2025-04-10T17:46:29+07:00","responseStatus":{"responseCode":"00000000","responseMessage":"success"},"responseData":{"transactions":[{"transactionTraceNumber":"TRACE174428198363462","status":"ORIG","statusMessage":null,"serviceChargeAmount":null,"sourceAcocuntNumber":"80061959","transactionNumber":null,"amount":{"sourceCurrency":"VND","targetCurrency":"VND","amount":"200000","exchangeRate":"1","exchangeAmount":"200000"},"remarks":"Chi don","transactionType":"INSIDEBANK","beneficiary":{"inside":{"account":{"accountNumber":"A46A46P100211","beneficiaryName":"ADAM 25193"}}}}],"pagination":{"totalRows":1,"totalPages":1,"page":1,"size":20}}}
2025-04-10 17:46:29 [main] INFO  API_TEST - Transaction History Response - Status Code: 200
2025-04-10 17:46:29 [main] INFO  API_TEST - Transaction History Response - Headers: Connection=Keep-Alive
Transfer-Encoding=chunked
Date=Thu, 10 Apr 2025 10:46:29 GMT
Content-Type=application/json; charset=utf-8
X-Powered-By=Express
X-Request-Id=5f124834-7534-47e6-ab82-5bf8c269533e
ETag=W/"297-TfXaIDo3q0QXtUW8greiaidpi0U"
Strict-Transport-Security=max-age=63072000; includeSubDomains; preload
X-Global-Transaction-ID=a528cc0c67f79f7b029002c4
X-RateLimit-Limit=name=Default rate-limit,200;
X-RateLimit-Remaining=name=Default rate-limit,196;
X-BurstLimit-Limit=name=Default burst-limit,10;
X-BurstLimit-Remaining=name=Default burst-limit,9;
Content-Encoding=gzip
Set-Cookie=acb=369301770.58148.0000; path=/; Httponly; Secure
2025-04-10 17:46:29 [main] INFO  API_TEST - Transaction History Response - Body: 
{
    "responseDateTime": "2025-04-10T17:46:29+07:00",
    "responseStatus": {
        "responseCode": "00000000",
        "responseMessage": "success"
    },
    "responseData": {
        "transactions": [
            {
                "transactionTraceNumber": "TRACE174428198363462",
                "status": "ORIG",
                "statusMessage": null,
                "serviceChargeAmount": null,
                "sourceAcocuntNumber": "80061959",
                "transactionNumber": null,
                "amount": {
                    "sourceCurrency": "VND",
                    "targetCurrency": "VND",
                    "amount": "200000",
                    "exchangeRate": "1",
                    "exchangeAmount": "200000"
                },
                "remarks": "Chi don",
                "transactionType": "INSIDEBANK",
                "beneficiary": {
                    "inside": {
                        "account": {
                            "accountNumber": "A46A46P100211",
                            "beneficiaryName": "ADAM 25193"
                        }
                    }
                }
            }
        ],
        "pagination": {
            "totalRows": 1,
            "totalPages": 1,
            "page": 1,
            "size": 20
        }
    }
}
]]></system-out>
  </testcase>
  <testcase name="testAllPaymentOrders" classname="com.example.tests.APITests" time="6.22">
    <failure message="Transaction history status should be TRAN&#10;Expected: &quot;TRAN&quot;&#10;     but: was &quot;ORIG&quot;" type="java.lang.AssertionError"><![CDATA[java.lang.AssertionError: 
Transaction history status should be TRAN
Expected: "TRAN"
     but: was "ORIG"
	at org.hamcrest.MatcherAssert.assertThat(MatcherAssert.java:18)
	at com.example.tests.APITests.lambda$testAllPaymentOrders$2(APITests.java:153)
	at org.junit.jupiter.engine.descriptor.DynamicTestTestDescriptor.lambda$execute$0(DynamicTestTestDescriptor.java:53)
	at org.junit.jupiter.engine.execution.InvocationInterceptorChain$ValidatingInvocation.proceed(InvocationInterceptorChain.java:131)
	at org.junit.jupiter.api.extension.InvocationInterceptor.interceptDynamicTest(InvocationInterceptor.java:168)
	at org.junit.jupiter.api.extension.InvocationInterceptor.interceptDynamicTest(InvocationInterceptor.java:185)
	at org.junit.jupiter.engine.descriptor.DynamicTestTestDescriptor.lambda$execute$1(DynamicTestTestDescriptor.java:61)
	at org.junit.jupiter.engine.execution.InvocationInterceptorChain$InterceptorCall.lambda$ofVoid$0(InvocationInterceptorChain.java:78)
	at org.junit.jupiter.engine.execution.InvocationInterceptorChain$InterceptedInvocation.proceed(InvocationInterceptorChain.java:106)
	at org.junit.jupiter.engine.execution.InvocationInterceptorChain.proceed(InvocationInterceptorChain.java:64)
	at org.junit.jupiter.engine.execution.InvocationInterceptorChain.chainAndInvoke(InvocationInterceptorChain.java:45)
	at org.junit.jupiter.engine.execution.InvocationInterceptorChain.invoke(InvocationInterceptorChain.java:37)
	at org.junit.jupiter.engine.descriptor.DynamicTestTestDescriptor.execute(DynamicTestTestDescriptor.java:60)
	at org.junit.jupiter.engine.descriptor.DynamicTestTestDescriptor.execute(DynamicTestTestDescriptor.java:32)
	at org.junit.platform.engine.support.hierarchical.NodeTestTask.lambda$executeRecursively$6(NodeTestTask.java:151)
	at org.junit.platform.engine.support.hierarchical.ThrowableCollector.execute(ThrowableCollector.java:73)
	at org.junit.platform.engine.support.hierarchical.NodeTestTask.lambda$executeRecursively$8(NodeTestTask.java:141)
	at org.junit.platform.engine.support.hierarchical.Node.around(Node.java:137)
	at org.junit.platform.engine.support.hierarchical.NodeTestTask.lambda$executeRecursively$9(NodeTestTask.java:139)
	at org.junit.platform.engine.support.hierarchical.ThrowableCollector.execute(ThrowableCollector.java:73)
	at org.junit.platform.engine.support.hierarchical.NodeTestTask.executeRecursively(NodeTestTask.java:138)
	at org.junit.platform.engine.support.hierarchical.NodeTestTask.execute(NodeTestTask.java:95)
	at org.junit.platform.engine.support.hierarchical.SameThreadHierarchicalTestExecutorService.submit(SameThreadHierarchicalTestExecutorService.java:35)
	at org.junit.platform.engine.support.hierarchical.NodeTestTask$DefaultDynamicTestExecutor.execute(NodeTestTask.java:226)
	at org.junit.platform.engine.support.hierarchical.NodeTestTask$DefaultDynamicTestExecutor.execute(NodeTestTask.java:204)
	at java.base/java.util.Optional.ifPresent(Optional.java:178)
	at org.junit.jupiter.engine.descriptor.TestFactoryTestDescriptor.lambda$invokeTestMethod$1(TestFactoryTestDescriptor.java:108)
	at org.junit.platform.engine.support.hierarchical.ThrowableCollector.execute(ThrowableCollector.java:73)
	at org.junit.jupiter.engine.descriptor.TestFactoryTestDescriptor.invokeTestMethod(TestFactoryTestDescriptor.java:95)
	at org.junit.jupiter.engine.descriptor.TestMethodTestDescriptor.execute(TestMethodTestDescriptor.java:139)
	at org.junit.jupiter.engine.descriptor.TestMethodTestDescriptor.execute(TestMethodTestDescriptor.java:69)
	at org.junit.platform.engine.support.hierarchical.NodeTestTask.lambda$executeRecursively$6(NodeTestTask.java:151)
	at org.junit.platform.engine.support.hierarchical.ThrowableCollector.execute(ThrowableCollector.java:73)
	at org.junit.platform.engine.support.hierarchical.NodeTestTask.lambda$executeRecursively$8(NodeTestTask.java:141)
	at org.junit.platform.engine.support.hierarchical.Node.around(Node.java:137)
	at org.junit.platform.engine.support.hierarchical.NodeTestTask.lambda$executeRecursively$9(NodeTestTask.java:139)
	at org.junit.platform.engine.support.hierarchical.ThrowableCollector.execute(ThrowableCollector.java:73)
	at org.junit.platform.engine.support.hierarchical.NodeTestTask.executeRecursively(NodeTestTask.java:138)
	at org.junit.platform.engine.support.hierarchical.NodeTestTask.execute(NodeTestTask.java:95)
	at java.base/java.util.ArrayList.forEach(ArrayList.java:1511)
	at org.junit.platform.engine.support.hierarchical.SameThreadHierarchicalTestExecutorService.invokeAll(SameThreadHierarchicalTestExecutorService.java:41)
	at org.junit.platform.engine.support.hierarchical.NodeTestTask.lambda$executeRecursively$6(NodeTestTask.java:155)
	at org.junit.platform.engine.support.hierarchical.ThrowableCollector.execute(ThrowableCollector.java:73)
	at org.junit.platform.engine.support.hierarchical.NodeTestTask.lambda$executeRecursively$8(NodeTestTask.java:141)
	at org.junit.platform.engine.support.hierarchical.Node.around(Node.java:137)
	at org.junit.platform.engine.support.hierarchical.NodeTestTask.lambda$executeRecursively$9(NodeTestTask.java:139)
	at org.junit.platform.engine.support.hierarchical.ThrowableCollector.execute(ThrowableCollector.java:73)
	at org.junit.platform.engine.support.hierarchical.NodeTestTask.executeRecursively(NodeTestTask.java:138)
	at org.junit.platform.engine.support.hierarchical.NodeTestTask.execute(NodeTestTask.java:95)
	at java.base/java.util.ArrayList.forEach(ArrayList.java:1511)
	at org.junit.platform.engine.support.hierarchical.SameThreadHierarchicalTestExecutorService.invokeAll(SameThreadHierarchicalTestExecutorService.java:41)
	at org.junit.platform.engine.support.hierarchical.NodeTestTask.lambda$executeRecursively$6(NodeTestTask.java:155)
	at org.junit.platform.engine.support.hierarchical.ThrowableCollector.execute(ThrowableCollector.java:73)
	at org.junit.platform.engine.support.hierarchical.NodeTestTask.lambda$executeRecursively$8(NodeTestTask.java:141)
	at org.junit.platform.engine.support.hierarchical.Node.around(Node.java:137)
	at org.junit.platform.engine.support.hierarchical.NodeTestTask.lambda$executeRecursively$9(NodeTestTask.java:139)
	at org.junit.platform.engine.support.hierarchical.ThrowableCollector.execute(ThrowableCollector.java:73)
	at org.junit.platform.engine.support.hierarchical.NodeTestTask.executeRecursively(NodeTestTask.java:138)
	at org.junit.platform.engine.support.hierarchical.NodeTestTask.execute(NodeTestTask.java:95)
	at org.junit.platform.engine.support.hierarchical.SameThreadHierarchicalTestExecutorService.submit(SameThreadHierarchicalTestExecutorService.java:35)
	at org.junit.platform.engine.support.hierarchical.HierarchicalTestExecutor.execute(HierarchicalTestExecutor.java:57)
	at org.junit.platform.engine.support.hierarchical.HierarchicalTestEngine.execute(HierarchicalTestEngine.java:54)
	at org.junit.platform.launcher.core.EngineExecutionOrchestrator.execute(EngineExecutionOrchestrator.java:147)
	at org.junit.platform.launcher.core.EngineExecutionOrchestrator.execute(EngineExecutionOrchestrator.java:127)
	at org.junit.platform.launcher.core.EngineExecutionOrchestrator.execute(EngineExecutionOrchestrator.java:90)
	at org.junit.platform.launcher.core.EngineExecutionOrchestrator.lambda$execute$0(EngineExecutionOrchestrator.java:55)
	at org.junit.platform.launcher.core.EngineExecutionOrchestrator.withInterceptedStreams(EngineExecutionOrchestrator.java:102)
	at org.junit.platform.launcher.core.EngineExecutionOrchestrator.execute(EngineExecutionOrchestrator.java:54)
	at org.junit.platform.launcher.core.DefaultLauncher.execute(DefaultLauncher.java:114)
	at org.junit.platform.launcher.core.DefaultLauncher.execute(DefaultLauncher.java:86)
	at org.junit.platform.launcher.core.DefaultLauncherSession$DelegatingLauncher.execute(DefaultLauncherSession.java:86)
	at org.apache.maven.surefire.junitplatform.LazyLauncher.execute(LazyLauncher.java:56)
	at org.apache.maven.surefire.junitplatform.JUnitPlatformProvider.execute(JUnitPlatformProvider.java:184)
	at org.apache.maven.surefire.junitplatform.JUnitPlatformProvider.invokeAllTests(JUnitPlatformProvider.java:148)
	at org.apache.maven.surefire.junitplatform.JUnitPlatformProvider.invoke(JUnitPlatformProvider.java:122)
	at org.apache.maven.surefire.booter.ForkedBooter.runSuitesInProcess(ForkedBooter.java:385)
	at org.apache.maven.surefire.booter.ForkedBooter.execute(ForkedBooter.java:162)
	at org.apache.maven.surefire.booter.ForkedBooter.run(ForkedBooter.java:507)
	at org.apache.maven.surefire.booter.ForkedBooter.main(ForkedBooter.java:495)
]]></failure>
    <system-out><![CDATA[2025-04-10 17:46:29 [main] INFO  com.example.utils.FileUtil - Reading request template from file: requestTemplates/ibft.json
2025-04-10 17:46:29 [main] INFO  com.example.utils.FileUtil - Successfully read template from file: requestTemplates/ibft.json
2025-04-10 17:46:29 [main] INFO  API_TEST - Generating authorizationString for authorizationId: 1526fa6a-4388-4234-99e5-846ba2c6e328
2025-04-10 17:46:29 [main] INFO  API_TEST - Base64 Data: eyJzb3VyY2VBY2NvdW50TnVtYmVyIjoiODAwNjE5NTkiLCJ0cmFuc2FjdGlvbiI6eyJ0cmFuc2FjdGlvblRyYWNlTnVtYmVyIjoiVFJBQ0UxNzQ0MjgxOTg5Nzg4NTYyIiwidHJhbnNhY3Rpb25UeXBlIjoiSUJGVCIsImJlbmVmaWNpYXJ5Ijp7ImludGVyYmFuayI6eyJhY2NvdW50TnVtYmVyIjoiMDEyOTgzNzI5NCIsImJlbmVmaWNpYXJ5TmFtZSI6Ik5HVVlFTiBWQU4gQSBWTkJDIiwiYmFuayI6eyJuYXBhc0NvZGUiOiI5NzA0MDYifX19LCJhbW91bnQiOnsic291cmNlQ3VycmVuY3kiOiJWTkQiLCJ0YXJnZXRDdXJyZW5jeSI6IlZORCIsImFtb3VudCI6IjIwMDAwMCIsImV4Y2hhbmdlUmF0ZSI6IjEiLCJleGNoYW5nZUFtb3VudCI6IjIwMDAwMCJ9LCJyZW1hcmtzIjoiQ2hpIGRvbiAifX0=
2025-04-10 17:46:29 [main] INFO  API_TEST - SHA-256 Hex Data: c3423f2c6db11ca221bf086ce08ab8180c31e079bd79628e3b8f7e1f51181ee1
2025-04-10 17:46:29 [main] INFO  API_TEST - Generated Signature for cuong pham a10: MIAGCSqGSIb3DQEHAqCAMIACAQExCzAJBgUrDgMCGgUAMIAGCSqGSIb3DQEHAaCAJIAEgYBjADMANAAyADMAZgAyAGMANgBkAGIAMQAxAGMAYQAyADIAMQBiAGYAMAA4ADYAYwBlADAAOABhAGIAOAAxADgAMABjADMAMQBlADAANwA5AGIAZAA3ADkANgAyADgAZQAzAGIAOABmADcAZQAxAGYANQAxADEAOAAxAGUAZQAxAAAAAAAAAKCAMIIDRDCCAiygAwIBAgIEY4V5pDANBgkqhkiG9w0BAQsFADBkMQswCQYDVQQGEwJWTjEMMAoGA1UECAwDSENNMQwwCgYDVQQHDANIQ00xDDAKBgNVBAoMA0FDQjESMBAGA1UECwwJSVQgLSBEVktOMRcwFQYDVQQDDA5DdW9uZyBQaGFtIEExMDAeFw0yMjExMjkwMzE2NTJaFw0zMjExMjkwMzE2NTJaMGQxCzAJBgNVBAYTAlZOMQwwCgYDVQQIDANIQ00xDDAKBgNVBAcMA0hDTTEMMAoGA1UECgwDQUNCMRIwEAYDVQQLDAlJVCAtIERWS04xFzAVBgNVBAMMDkN1b25nIFBoYW0gQTEwMIIBIjANBgkqhkiG9w0BAQEFAAOCAQ8AMIIBCgKCAQEAiNUdY2zCxZnyFHO81b2OQAqW5rHylxlD+kLVDcwMUtSYEVVdxOtVK0fWni8e+9dz6wXuJI6bs/NgsLl4jPZVfzzLhDstrc8fWj0+BdIoQJe9CZuew8GLQc/pZ0mTH97ol6GWezL97ODZpf7PSsrA0b9UCV9n1PnAmBb7sM2AiEJy/ZuqSkPe0b8KRnyuE0ED94ScVoaiz6axYVISeF7QPRH00Gvi4fdJCdTiFlukp/0i9ZuhJxDO0JZ1eZlj2YI80vPo6WHeMDKeJ4JP2WPc4hfh8knNg+iKH2AoX2Co8T8DUhJjNDfFy6vO2Ej7B2qxZ4xXr+nSpcRdX1r0M3sr9QIDAQABMA0GCSqGSIb3DQEBCwUAA4IBAQBAXikxeNOzMknfMZsJg+vXUsMy5KXF2Jf5xm1FCRCbBVxmZXE1+6njsGaCixS1Lpi4/KbfwQ6XC1k8Dv40Pd6Koscnx5BuSjkLYkFFMlzHdchmLTJxrn86c6UMnb/MUXoQtqJ3bYBdwlc//YDc3XVKBDsOipZ0QY8zDpsz/4GaRQ3ua3UL2VyD94u1WKUB7JYPCxeRcDDgszLExOQ6FOHFGvZiF+yrQLXfYpktg4cgBXx4J6cDlvha8YBDM1DYX6sLwDy2XixDlACLtNxcRODC3rpVS/bSHC4WQkfTadwfkHoFB6iBm22P4KdxcHV2VP5YnHJ/Vaza4ghv/fEgxIWLAAAxggIeMIICGgIBATBsMGQxCzAJBgNVBAYTAlZOMQwwCgYDVQQIDANIQ00xDDAKBgNVBAcMA0hDTTEMMAoGA1UECgwDQUNCMRIwEAYDVQQLDAlJVCAtIERWS04xFzAVBgNVBAMMDkN1b25nIFBoYW0gQTEwAgRjhXmkMAkGBSsOAwIaBQCggYgwGAYJKoZIhvcNAQkDMQsGCSqGSIb3DQEHATAcBgkqhkiG9w0BCQUxDxcNMjUwNDEwMTA0NjI5WjAjBgkqhkiG9w0BCQQxFgQUv9bwTLMD3ahr5ZXqxSbmEy5pZG0wKQYJKoZIhvcNAQk0MRwwGjAJBgUrDgMCGgUAoQ0GCSqGSIb3DQEBAQUAMA0GCSqGSIb3DQEBAQUABIIBAGv7xW6ozSDU8wDUKy5R8a0ackrTd9jqu8NH3sb0dQ9PP5JCr8591M+PKxc9NpYbUyIl/b+e7ToIQN+1aRcr1beA4W4/5eloR8RoFp8gtaQ4PS591yvFEz8L8DbzIOnLUGbeiI2vYM2fsPGw0N3uCES06s3AR0bYvMnZQTFbk0p3c/k348CX+z2l7QS6XUxXdYANc1gTWyARL8YBUx3rEsqaoFQKOer+/Fz0JMGCRBaJpgLC9oBjfpyTU/bOCZeUh9GeHhd1jk3f+3Qja14kdCaS1PoIF5pZlF703pk3OUiobZo4woyaasIT+yl4KHVVu4Uzs6o2dwsSnvetT1aJ8lQAAAAAAAA=
2025-04-10 17:46:29 [main] INFO  API_TEST - Updated Request Body after adding authorizationString for authorizationId: 1526fa6a-4388-4234-99e5-846ba2c6e328: 
{
  "requestTrace" : "cb27bc5f-860b-4c77-a546-0200b9cd6811",
  "requestDateTime" : "2025-04-10T17:46:29.78859+07:00",
  "requestParameters" : {
    "data" : {
      "sourceAccountNumber" : "80061959",
      "transaction" : {
        "transactionTraceNumber" : "TRACE1744281989788562",
        "transactionType" : "IBFT",
        "beneficiary" : {
          "interbank" : {
            "accountNumber" : "0129837294",
            "beneficiaryName" : "NGUYEN VAN A VNBC",
            "bank" : {
              "napasCode" : "970406"
            }
          }
        },
        "amount" : {
          "sourceCurrency" : "VND",
          "targetCurrency" : "VND",
          "amount" : "200000",
          "exchangeRate" : "1",
          "exchangeAmount" : "200000"
        },
        "remarks" : "Chi don "
      }
    },
    "authorizations" : [ {
      "authorizationString" : "MIAGCSqGSIb3DQEHAqCAMIACAQExCzAJBgUrDgMCGgUAMIAGCSqGSIb3DQEHAaCAJIAEgYBjADMANAAyADMAZgAyAGMANgBkAGIAMQAxAGMAYQAyADIAMQBiAGYAMAA4ADYAYwBlADAAOABhAGIAOAAxADgAMABjADMAMQBlADAANwA5AGIAZAA3ADkANgAyADgAZQAzAGIAOABmADcAZQAxAGYANQAxADEAOAAxAGUAZQAxAAAAAAAAAKCAMIIDRDCCAiygAwIBAgIEY4V5pDANBgkqhkiG9w0BAQsFADBkMQswCQYDVQQGEwJWTjEMMAoGA1UECAwDSENNMQwwCgYDVQQHDANIQ00xDDAKBgNVBAoMA0FDQjESMBAGA1UECwwJSVQgLSBEVktOMRcwFQYDVQQDDA5DdW9uZyBQaGFtIEExMDAeFw0yMjExMjkwMzE2NTJaFw0zMjExMjkwMzE2NTJaMGQxCzAJBgNVBAYTAlZOMQwwCgYDVQQIDANIQ00xDDAKBgNVBAcMA0hDTTEMMAoGA1UECgwDQUNCMRIwEAYDVQQLDAlJVCAtIERWS04xFzAVBgNVBAMMDkN1b25nIFBoYW0gQTEwMIIBIjANBgkqhkiG9w0BAQEFAAOCAQ8AMIIBCgKCAQEAiNUdY2zCxZnyFHO81b2OQAqW5rHylxlD+kLVDcwMUtSYEVVdxOtVK0fWni8e+9dz6wXuJI6bs/NgsLl4jPZVfzzLhDstrc8fWj0+BdIoQJe9CZuew8GLQc/pZ0mTH97ol6GWezL97ODZpf7PSsrA0b9UCV9n1PnAmBb7sM2AiEJy/ZuqSkPe0b8KRnyuE0ED94ScVoaiz6axYVISeF7QPRH00Gvi4fdJCdTiFlukp/0i9ZuhJxDO0JZ1eZlj2YI80vPo6WHeMDKeJ4JP2WPc4hfh8knNg+iKH2AoX2Co8T8DUhJjNDfFy6vO2Ej7B2qxZ4xXr+nSpcRdX1r0M3sr9QIDAQABMA0GCSqGSIb3DQEBCwUAA4IBAQBAXikxeNOzMknfMZsJg+vXUsMy5KXF2Jf5xm1FCRCbBVxmZXE1+6njsGaCixS1Lpi4/KbfwQ6XC1k8Dv40Pd6Koscnx5BuSjkLYkFFMlzHdchmLTJxrn86c6UMnb/MUXoQtqJ3bYBdwlc//YDc3XVKBDsOipZ0QY8zDpsz/4GaRQ3ua3UL2VyD94u1WKUB7JYPCxeRcDDgszLExOQ6FOHFGvZiF+yrQLXfYpktg4cgBXx4J6cDlvha8YBDM1DYX6sLwDy2XixDlACLtNxcRODC3rpVS/bSHC4WQkfTadwfkHoFB6iBm22P4KdxcHV2VP5YnHJ/Vaza4ghv/fEgxIWLAAAxggIeMIICGgIBATBsMGQxCzAJBgNVBAYTAlZOMQwwCgYDVQQIDANIQ00xDDAKBgNVBAcMA0hDTTEMMAoGA1UECgwDQUNCMRIwEAYDVQQLDAlJVCAtIERWS04xFzAVBgNVBAMMDkN1b25nIFBoYW0gQTEwAgRjhXmkMAkGBSsOAwIaBQCggYgwGAYJKoZIhvcNAQkDMQsGCSqGSIb3DQEHATAcBgkqhkiG9w0BCQUxDxcNMjUwNDEwMTA0NjI5WjAjBgkqhkiG9w0BCQQxFgQUv9bwTLMD3ahr5ZXqxSbmEy5pZG0wKQYJKoZIhvcNAQk0MRwwGjAJBgUrDgMCGgUAoQ0GCSqGSIb3DQEBAQUAMA0GCSqGSIb3DQEBAQUABIIBAGv7xW6ozSDU8wDUKy5R8a0ackrTd9jqu8NH3sb0dQ9PP5JCr8591M+PKxc9NpYbUyIl/b+e7ToIQN+1aRcr1beA4W4/5eloR8RoFp8gtaQ4PS591yvFEz8L8DbzIOnLUGbeiI2vYM2fsPGw0N3uCES06s3AR0bYvMnZQTFbk0p3c/k348CX+z2l7QS6XUxXdYANc1gTWyARL8YBUx3rEsqaoFQKOer+/Fz0JMGCRBaJpgLC9oBjfpyTU/bOCZeUh9GeHhd1jk3f+3Qja14kdCaS1PoIF5pZlF703pk3OUiobZo4woyaasIT+yl4KHVVu4Uzs6o2dwsSnvetT1aJ8lQAAAAAAAA=",
      "authorizationId" : "1526fa6a-4388-4234-99e5-846ba2c6e328"
    }, {
      "authorizationString" : "",
      "authorizationId" : "72d9c963-4a20-40f3-bef1-9b773369826b"
    } ]
  }
}
2025-04-10 17:46:29 [main] INFO  API_TEST - Generating authorizationString for authorizationId: 72d9c963-4a20-40f3-bef1-9b773369826b
2025-04-10 17:46:29 [main] INFO  API_TEST - Base64 Data: eyJzb3VyY2VBY2NvdW50TnVtYmVyIjoiODAwNjE5NTkiLCJ0cmFuc2FjdGlvbiI6eyJ0cmFuc2FjdGlvblRyYWNlTnVtYmVyIjoiVFJBQ0UxNzQ0MjgxOTg5Nzg4NTYyIiwidHJhbnNhY3Rpb25UeXBlIjoiSUJGVCIsImJlbmVmaWNpYXJ5Ijp7ImludGVyYmFuayI6eyJhY2NvdW50TnVtYmVyIjoiMDEyOTgzNzI5NCIsImJlbmVmaWNpYXJ5TmFtZSI6Ik5HVVlFTiBWQU4gQSBWTkJDIiwiYmFuayI6eyJuYXBhc0NvZGUiOiI5NzA0MDYifX19LCJhbW91bnQiOnsic291cmNlQ3VycmVuY3kiOiJWTkQiLCJ0YXJnZXRDdXJyZW5jeSI6IlZORCIsImFtb3VudCI6IjIwMDAwMCIsImV4Y2hhbmdlUmF0ZSI6IjEiLCJleGNoYW5nZUFtb3VudCI6IjIwMDAwMCJ9LCJyZW1hcmtzIjoiQ2hpIGRvbiAifX0=
2025-04-10 17:46:29 [main] INFO  API_TEST - SHA-256 Hex Data: c3423f2c6db11ca221bf086ce08ab8180c31e079bd79628e3b8f7e1f51181ee1
2025-04-10 17:46:29 [main] INFO  API_TEST - Generated Signature for cuong pham b10: MIAGCSqGSIb3DQEHAqCAMIACAQExCzAJBgUrDgMCGgUAMIAGCSqGSIb3DQEHAaCAJIAEgYBjADMANAAyADMAZgAyAGMANgBkAGIAMQAxAGMAYQAyADIAMQBiAGYAMAA4ADYAYwBlADAAOABhAGIAOAAxADgAMABjADMAMQBlADAANwA5AGIAZAA3ADkANgAyADgAZQAzAGIAOABmADcAZQAxAGYANQAxADEAOAAxAGUAZQAxAAAAAAAAAKCAMIIDRDCCAiygAwIBAgIEY4V53jANBgkqhkiG9w0BAQsFADBkMQswCQYDVQQGEwJWTjEMMAoGA1UECAwDSENNMQwwCgYDVQQHDANIQ00xDDAKBgNVBAoMA0FDQjESMBAGA1UECwwJSVQgLSBEVktOMRcwFQYDVQQDDA5DdW9uZyBQaGFtIEIxMDAeFw0yMjExMjkwMzE3NTBaFw0zMjExMjkwMzE3NTBaMGQxCzAJBgNVBAYTAlZOMQwwCgYDVQQIDANIQ00xDDAKBgNVBAcMA0hDTTEMMAoGA1UECgwDQUNCMRIwEAYDVQQLDAlJVCAtIERWS04xFzAVBgNVBAMMDkN1b25nIFBoYW0gQjEwMIIBIjANBgkqhkiG9w0BAQEFAAOCAQ8AMIIBCgKCAQEAorTh+kRlrLfQSt/ZqHxTDlPZaqzJFDWYgybIn95f21WnQYZeQJBNAE9N+aEZlLXT8pcPy3fkfUVdc34NEI1GDCcXxa9EdBPupFFiW+1rU9Do0I12x6VqWDvEj+7YVW8Gd/0kn7AY5YfqjSVPpa7+I69kpa/vHqo8HBjkl97j16nSO1sYj3aN2v2XYInac5TiIouykdxlv3b2y+iTf5KTnqus/9w5IUn33zNJ42A8woZW4SD7Lcv0ZxL6JiX59wKz90nRWeTAxi+Bf4wMYV9y0WzzNaLAnbmThoyjWcL11IHIJWLV1UqV30X9m4hvfI/zDIUIhdXu1WIlvBXDDn4f9QIDAQABMA0GCSqGSIb3DQEBCwUAA4IBAQBjAzbybbHskE2gogcTwUHvkKgJRcP/vAJgTLpeytB4pIdscLmeKDMwQCqGxYDC90kvmtRtWfSfeu3aUDA2ICtTQLvryDgvhlXqQ1PXAT7jSp2/XO1Ips4wNBPDazrgX9pVNCk1itiO1bx+fMPLtliyAxbDOkRt3CWFFgo2pimLCgyQeUY2QqpRmNP7HK0MYlIVJW2u0YeI/QH4KTjj0vLdDte6byz5TTaa0zi2z4Rr303rrmmia5zw8674plWyLJU6GHzC+PrAe14DfzFA4cK2Ip8Ya7eicrCWk1/DM+HKKR0253WIoi8o5yMs0q5JJSM7lvFpYLu+sYtRXl5Pm1L6AAAxggIeMIICGgIBATBsMGQxCzAJBgNVBAYTAlZOMQwwCgYDVQQIDANIQ00xDDAKBgNVBAcMA0hDTTEMMAoGA1UECgwDQUNCMRIwEAYDVQQLDAlJVCAtIERWS04xFzAVBgNVBAMMDkN1b25nIFBoYW0gQjEwAgRjhXneMAkGBSsOAwIaBQCggYgwGAYJKoZIhvcNAQkDMQsGCSqGSIb3DQEHATAcBgkqhkiG9w0BCQUxDxcNMjUwNDEwMTA0NjI5WjAjBgkqhkiG9w0BCQQxFgQUv9bwTLMD3ahr5ZXqxSbmEy5pZG0wKQYJKoZIhvcNAQk0MRwwGjAJBgUrDgMCGgUAoQ0GCSqGSIb3DQEBAQUAMA0GCSqGSIb3DQEBAQUABIIBAJcdPuDiwraTK6vHSeM5z7t6KYRqe43ZNrlSAI8JLJcY2yP3VGnOPVHZyyovpwuqrThQtWSO0hHrx/X2Hp4vYjEgpc+6WawbkcoHZDCoAF2aYxfWDalqFBJ4hiYGL7rlpz86qLWJ5lFDRwpbaU4/39sQtCIyHB/EeeZIG12VtC3dxHLInPkh7jrhmBcGp+pFUWomgnFJhkEeJyaFpkCX2Q9GYIoL+XTtFnDzwSqkHZIm6wATf8VYhp7cwTkoETesWwJtItqaKTNcKDvhfmdAcY2Lkjki1yyldHU7i8o2QgQA+fXh99PnKnXVueTOA6RSNM75wLAu8Sz3Dhx7GntqPTsAAAAAAAA=
2025-04-10 17:46:29 [main] INFO  API_TEST - Updated Request Body after adding authorizationString for authorizationId: 72d9c963-4a20-40f3-bef1-9b773369826b: 
{
  "requestTrace" : "cb27bc5f-860b-4c77-a546-0200b9cd6811",
  "requestDateTime" : "2025-04-10T17:46:29.78859+07:00",
  "requestParameters" : {
    "data" : {
      "sourceAccountNumber" : "80061959",
      "transaction" : {
        "transactionTraceNumber" : "TRACE1744281989788562",
        "transactionType" : "IBFT",
        "beneficiary" : {
          "interbank" : {
            "accountNumber" : "0129837294",
            "beneficiaryName" : "NGUYEN VAN A VNBC",
            "bank" : {
              "napasCode" : "970406"
            }
          }
        },
        "amount" : {
          "sourceCurrency" : "VND",
          "targetCurrency" : "VND",
          "amount" : "200000",
          "exchangeRate" : "1",
          "exchangeAmount" : "200000"
        },
        "remarks" : "Chi don "
      }
    },
    "authorizations" : [ {
      "authorizationString" : "MIAGCSqGSIb3DQEHAqCAMIACAQExCzAJBgUrDgMCGgUAMIAGCSqGSIb3DQEHAaCAJIAEgYBjADMANAAyADMAZgAyAGMANgBkAGIAMQAxAGMAYQAyADIAMQBiAGYAMAA4ADYAYwBlADAAOABhAGIAOAAxADgAMABjADMAMQBlADAANwA5AGIAZAA3ADkANgAyADgAZQAzAGIAOABmADcAZQAxAGYANQAxADEAOAAxAGUAZQAxAAAAAAAAAKCAMIIDRDCCAiygAwIBAgIEY4V5pDANBgkqhkiG9w0BAQsFADBkMQswCQYDVQQGEwJWTjEMMAoGA1UECAwDSENNMQwwCgYDVQQHDANIQ00xDDAKBgNVBAoMA0FDQjESMBAGA1UECwwJSVQgLSBEVktOMRcwFQYDVQQDDA5DdW9uZyBQaGFtIEExMDAeFw0yMjExMjkwMzE2NTJaFw0zMjExMjkwMzE2NTJaMGQxCzAJBgNVBAYTAlZOMQwwCgYDVQQIDANIQ00xDDAKBgNVBAcMA0hDTTEMMAoGA1UECgwDQUNCMRIwEAYDVQQLDAlJVCAtIERWS04xFzAVBgNVBAMMDkN1b25nIFBoYW0gQTEwMIIBIjANBgkqhkiG9w0BAQEFAAOCAQ8AMIIBCgKCAQEAiNUdY2zCxZnyFHO81b2OQAqW5rHylxlD+kLVDcwMUtSYEVVdxOtVK0fWni8e+9dz6wXuJI6bs/NgsLl4jPZVfzzLhDstrc8fWj0+BdIoQJe9CZuew8GLQc/pZ0mTH97ol6GWezL97ODZpf7PSsrA0b9UCV9n1PnAmBb7sM2AiEJy/ZuqSkPe0b8KRnyuE0ED94ScVoaiz6axYVISeF7QPRH00Gvi4fdJCdTiFlukp/0i9ZuhJxDO0JZ1eZlj2YI80vPo6WHeMDKeJ4JP2WPc4hfh8knNg+iKH2AoX2Co8T8DUhJjNDfFy6vO2Ej7B2qxZ4xXr+nSpcRdX1r0M3sr9QIDAQABMA0GCSqGSIb3DQEBCwUAA4IBAQBAXikxeNOzMknfMZsJg+vXUsMy5KXF2Jf5xm1FCRCbBVxmZXE1+6njsGaCixS1Lpi4/KbfwQ6XC1k8Dv40Pd6Koscnx5BuSjkLYkFFMlzHdchmLTJxrn86c6UMnb/MUXoQtqJ3bYBdwlc//YDc3XVKBDsOipZ0QY8zDpsz/4GaRQ3ua3UL2VyD94u1WKUB7JYPCxeRcDDgszLExOQ6FOHFGvZiF+yrQLXfYpktg4cgBXx4J6cDlvha8YBDM1DYX6sLwDy2XixDlACLtNxcRODC3rpVS/bSHC4WQkfTadwfkHoFB6iBm22P4KdxcHV2VP5YnHJ/Vaza4ghv/fEgxIWLAAAxggIeMIICGgIBATBsMGQxCzAJBgNVBAYTAlZOMQwwCgYDVQQIDANIQ00xDDAKBgNVBAcMA0hDTTEMMAoGA1UECgwDQUNCMRIwEAYDVQQLDAlJVCAtIERWS04xFzAVBgNVBAMMDkN1b25nIFBoYW0gQTEwAgRjhXmkMAkGBSsOAwIaBQCggYgwGAYJKoZIhvcNAQkDMQsGCSqGSIb3DQEHATAcBgkqhkiG9w0BCQUxDxcNMjUwNDEwMTA0NjI5WjAjBgkqhkiG9w0BCQQxFgQUv9bwTLMD3ahr5ZXqxSbmEy5pZG0wKQYJKoZIhvcNAQk0MRwwGjAJBgUrDgMCGgUAoQ0GCSqGSIb3DQEBAQUAMA0GCSqGSIb3DQEBAQUABIIBAGv7xW6ozSDU8wDUKy5R8a0ackrTd9jqu8NH3sb0dQ9PP5JCr8591M+PKxc9NpYbUyIl/b+e7ToIQN+1aRcr1beA4W4/5eloR8RoFp8gtaQ4PS591yvFEz8L8DbzIOnLUGbeiI2vYM2fsPGw0N3uCES06s3AR0bYvMnZQTFbk0p3c/k348CX+z2l7QS6XUxXdYANc1gTWyARL8YBUx3rEsqaoFQKOer+/Fz0JMGCRBaJpgLC9oBjfpyTU/bOCZeUh9GeHhd1jk3f+3Qja14kdCaS1PoIF5pZlF703pk3OUiobZo4woyaasIT+yl4KHVVu4Uzs6o2dwsSnvetT1aJ8lQAAAAAAAA=",
      "authorizationId" : "1526fa6a-4388-4234-99e5-846ba2c6e328"
    }, {
      "authorizationString" : "MIAGCSqGSIb3DQEHAqCAMIACAQExCzAJBgUrDgMCGgUAMIAGCSqGSIb3DQEHAaCAJIAEgYBjADMANAAyADMAZgAyAGMANgBkAGIAMQAxAGMAYQAyADIAMQBiAGYAMAA4ADYAYwBlADAAOABhAGIAOAAxADgAMABjADMAMQBlADAANwA5AGIAZAA3ADkANgAyADgAZQAzAGIAOABmADcAZQAxAGYANQAxADEAOAAxAGUAZQAxAAAAAAAAAKCAMIIDRDCCAiygAwIBAgIEY4V53jANBgkqhkiG9w0BAQsFADBkMQswCQYDVQQGEwJWTjEMMAoGA1UECAwDSENNMQwwCgYDVQQHDANIQ00xDDAKBgNVBAoMA0FDQjESMBAGA1UECwwJSVQgLSBEVktOMRcwFQYDVQQDDA5DdW9uZyBQaGFtIEIxMDAeFw0yMjExMjkwMzE3NTBaFw0zMjExMjkwMzE3NTBaMGQxCzAJBgNVBAYTAlZOMQwwCgYDVQQIDANIQ00xDDAKBgNVBAcMA0hDTTEMMAoGA1UECgwDQUNCMRIwEAYDVQQLDAlJVCAtIERWS04xFzAVBgNVBAMMDkN1b25nIFBoYW0gQjEwMIIBIjANBgkqhkiG9w0BAQEFAAOCAQ8AMIIBCgKCAQEAorTh+kRlrLfQSt/ZqHxTDlPZaqzJFDWYgybIn95f21WnQYZeQJBNAE9N+aEZlLXT8pcPy3fkfUVdc34NEI1GDCcXxa9EdBPupFFiW+1rU9Do0I12x6VqWDvEj+7YVW8Gd/0kn7AY5YfqjSVPpa7+I69kpa/vHqo8HBjkl97j16nSO1sYj3aN2v2XYInac5TiIouykdxlv3b2y+iTf5KTnqus/9w5IUn33zNJ42A8woZW4SD7Lcv0ZxL6JiX59wKz90nRWeTAxi+Bf4wMYV9y0WzzNaLAnbmThoyjWcL11IHIJWLV1UqV30X9m4hvfI/zDIUIhdXu1WIlvBXDDn4f9QIDAQABMA0GCSqGSIb3DQEBCwUAA4IBAQBjAzbybbHskE2gogcTwUHvkKgJRcP/vAJgTLpeytB4pIdscLmeKDMwQCqGxYDC90kvmtRtWfSfeu3aUDA2ICtTQLvryDgvhlXqQ1PXAT7jSp2/XO1Ips4wNBPDazrgX9pVNCk1itiO1bx+fMPLtliyAxbDOkRt3CWFFgo2pimLCgyQeUY2QqpRmNP7HK0MYlIVJW2u0YeI/QH4KTjj0vLdDte6byz5TTaa0zi2z4Rr303rrmmia5zw8674plWyLJU6GHzC+PrAe14DfzFA4cK2Ip8Ya7eicrCWk1/DM+HKKR0253WIoi8o5yMs0q5JJSM7lvFpYLu+sYtRXl5Pm1L6AAAxggIeMIICGgIBATBsMGQxCzAJBgNVBAYTAlZOMQwwCgYDVQQIDANIQ00xDDAKBgNVBAcMA0hDTTEMMAoGA1UECgwDQUNCMRIwEAYDVQQLDAlJVCAtIERWS04xFzAVBgNVBAMMDkN1b25nIFBoYW0gQjEwAgRjhXneMAkGBSsOAwIaBQCggYgwGAYJKoZIhvcNAQkDMQsGCSqGSIb3DQEHATAcBgkqhkiG9w0BCQUxDxcNMjUwNDEwMTA0NjI5WjAjBgkqhkiG9w0BCQQxFgQUv9bwTLMD3ahr5ZXqxSbmEy5pZG0wKQYJKoZIhvcNAQk0MRwwGjAJBgUrDgMCGgUAoQ0GCSqGSIb3DQEBAQUAMA0GCSqGSIb3DQEBAQUABIIBAJcdPuDiwraTK6vHSeM5z7t6KYRqe43ZNrlSAI8JLJcY2yP3VGnOPVHZyyovpwuqrThQtWSO0hHrx/X2Hp4vYjEgpc+6WawbkcoHZDCoAF2aYxfWDalqFBJ4hiYGL7rlpz86qLWJ5lFDRwpbaU4/39sQtCIyHB/EeeZIG12VtC3dxHLInPkh7jrhmBcGp+pFUWomgnFJhkEeJyaFpkCX2Q9GYIoL+XTtFnDzwSqkHZIm6wATf8VYhp7cwTkoETesWwJtItqaKTNcKDvhfmdAcY2Lkjki1yyldHU7i8o2QgQA+fXh99PnKnXVueTOA6RSNM75wLAu8Sz3Dhx7GntqPTsAAAAAAAA=",
      "authorizationId" : "72d9c963-4a20-40f3-bef1-9b773369826b"
    } ]
  }
}
2025-04-10 17:46:29 [main] INFO  API_TEST - Sending Payment Order Request Body: 
{
  "requestTrace" : "cb27bc5f-860b-4c77-a546-0200b9cd6811",
  "requestDateTime" : "2025-04-10T17:46:29.78859+07:00",
  "requestParameters" : {
    "data" : {
      "sourceAccountNumber" : "80061959",
      "transaction" : {
        "transactionTraceNumber" : "TRACE1744281989788562",
        "transactionType" : "IBFT",
        "beneficiary" : {
          "interbank" : {
            "accountNumber" : "0129837294",
            "beneficiaryName" : "NGUYEN VAN A VNBC",
            "bank" : {
              "napasCode" : "970406"
            }
          }
        },
        "amount" : {
          "sourceCurrency" : "VND",
          "targetCurrency" : "VND",
          "amount" : "200000",
          "exchangeRate" : "1",
          "exchangeAmount" : "200000"
        },
        "remarks" : "Chi don "
      }
    },
    "authorizations" : [ {
      "authorizationString" : "MIAGCSqGSIb3DQEHAqCAMIACAQExCzAJBgUrDgMCGgUAMIAGCSqGSIb3DQEHAaCAJIAEgYBjADMANAAyADMAZgAyAGMANgBkAGIAMQAxAGMAYQAyADIAMQBiAGYAMAA4ADYAYwBlADAAOABhAGIAOAAxADgAMABjADMAMQBlADAANwA5AGIAZAA3ADkANgAyADgAZQAzAGIAOABmADcAZQAxAGYANQAxADEAOAAxAGUAZQAxAAAAAAAAAKCAMIIDRDCCAiygAwIBAgIEY4V5pDANBgkqhkiG9w0BAQsFADBkMQswCQYDVQQGEwJWTjEMMAoGA1UECAwDSENNMQwwCgYDVQQHDANIQ00xDDAKBgNVBAoMA0FDQjESMBAGA1UECwwJSVQgLSBEVktOMRcwFQYDVQQDDA5DdW9uZyBQaGFtIEExMDAeFw0yMjExMjkwMzE2NTJaFw0zMjExMjkwMzE2NTJaMGQxCzAJBgNVBAYTAlZOMQwwCgYDVQQIDANIQ00xDDAKBgNVBAcMA0hDTTEMMAoGA1UECgwDQUNCMRIwEAYDVQQLDAlJVCAtIERWS04xFzAVBgNVBAMMDkN1b25nIFBoYW0gQTEwMIIBIjANBgkqhkiG9w0BAQEFAAOCAQ8AMIIBCgKCAQEAiNUdY2zCxZnyFHO81b2OQAqW5rHylxlD+kLVDcwMUtSYEVVdxOtVK0fWni8e+9dz6wXuJI6bs/NgsLl4jPZVfzzLhDstrc8fWj0+BdIoQJe9CZuew8GLQc/pZ0mTH97ol6GWezL97ODZpf7PSsrA0b9UCV9n1PnAmBb7sM2AiEJy/ZuqSkPe0b8KRnyuE0ED94ScVoaiz6axYVISeF7QPRH00Gvi4fdJCdTiFlukp/0i9ZuhJxDO0JZ1eZlj2YI80vPo6WHeMDKeJ4JP2WPc4hfh8knNg+iKH2AoX2Co8T8DUhJjNDfFy6vO2Ej7B2qxZ4xXr+nSpcRdX1r0M3sr9QIDAQABMA0GCSqGSIb3DQEBCwUAA4IBAQBAXikxeNOzMknfMZsJg+vXUsMy5KXF2Jf5xm1FCRCbBVxmZXE1+6njsGaCixS1Lpi4/KbfwQ6XC1k8Dv40Pd6Koscnx5BuSjkLYkFFMlzHdchmLTJxrn86c6UMnb/MUXoQtqJ3bYBdwlc//YDc3XVKBDsOipZ0QY8zDpsz/4GaRQ3ua3UL2VyD94u1WKUB7JYPCxeRcDDgszLExOQ6FOHFGvZiF+yrQLXfYpktg4cgBXx4J6cDlvha8YBDM1DYX6sLwDy2XixDlACLtNxcRODC3rpVS/bSHC4WQkfTadwfkHoFB6iBm22P4KdxcHV2VP5YnHJ/Vaza4ghv/fEgxIWLAAAxggIeMIICGgIBATBsMGQxCzAJBgNVBAYTAlZOMQwwCgYDVQQIDANIQ00xDDAKBgNVBAcMA0hDTTEMMAoGA1UECgwDQUNCMRIwEAYDVQQLDAlJVCAtIERWS04xFzAVBgNVBAMMDkN1b25nIFBoYW0gQTEwAgRjhXmkMAkGBSsOAwIaBQCggYgwGAYJKoZIhvcNAQkDMQsGCSqGSIb3DQEHATAcBgkqhkiG9w0BCQUxDxcNMjUwNDEwMTA0NjI5WjAjBgkqhkiG9w0BCQQxFgQUv9bwTLMD3ahr5ZXqxSbmEy5pZG0wKQYJKoZIhvcNAQk0MRwwGjAJBgUrDgMCGgUAoQ0GCSqGSIb3DQEBAQUAMA0GCSqGSIb3DQEBAQUABIIBAGv7xW6ozSDU8wDUKy5R8a0ackrTd9jqu8NH3sb0dQ9PP5JCr8591M+PKxc9NpYbUyIl/b+e7ToIQN+1aRcr1beA4W4/5eloR8RoFp8gtaQ4PS591yvFEz8L8DbzIOnLUGbeiI2vYM2fsPGw0N3uCES06s3AR0bYvMnZQTFbk0p3c/k348CX+z2l7QS6XUxXdYANc1gTWyARL8YBUx3rEsqaoFQKOer+/Fz0JMGCRBaJpgLC9oBjfpyTU/bOCZeUh9GeHhd1jk3f+3Qja14kdCaS1PoIF5pZlF703pk3OUiobZo4woyaasIT+yl4KHVVu4Uzs6o2dwsSnvetT1aJ8lQAAAAAAAA=",
      "authorizationId" : "1526fa6a-4388-4234-99e5-846ba2c6e328"
    }, {
      "authorizationString" : "MIAGCSqGSIb3DQEHAqCAMIACAQExCzAJBgUrDgMCGgUAMIAGCSqGSIb3DQEHAaCAJIAEgYBjADMANAAyADMAZgAyAGMANgBkAGIAMQAxAGMAYQAyADIAMQBiAGYAMAA4ADYAYwBlADAAOABhAGIAOAAxADgAMABjADMAMQBlADAANwA5AGIAZAA3ADkANgAyADgAZQAzAGIAOABmADcAZQAxAGYANQAxADEAOAAxAGUAZQAxAAAAAAAAAKCAMIIDRDCCAiygAwIBAgIEY4V53jANBgkqhkiG9w0BAQsFADBkMQswCQYDVQQGEwJWTjEMMAoGA1UECAwDSENNMQwwCgYDVQQHDANIQ00xDDAKBgNVBAoMA0FDQjESMBAGA1UECwwJSVQgLSBEVktOMRcwFQYDVQQDDA5DdW9uZyBQaGFtIEIxMDAeFw0yMjExMjkwMzE3NTBaFw0zMjExMjkwMzE3NTBaMGQxCzAJBgNVBAYTAlZOMQwwCgYDVQQIDANIQ00xDDAKBgNVBAcMA0hDTTEMMAoGA1UECgwDQUNCMRIwEAYDVQQLDAlJVCAtIERWS04xFzAVBgNVBAMMDkN1b25nIFBoYW0gQjEwMIIBIjANBgkqhkiG9w0BAQEFAAOCAQ8AMIIBCgKCAQEAorTh+kRlrLfQSt/ZqHxTDlPZaqzJFDWYgybIn95f21WnQYZeQJBNAE9N+aEZlLXT8pcPy3fkfUVdc34NEI1GDCcXxa9EdBPupFFiW+1rU9Do0I12x6VqWDvEj+7YVW8Gd/0kn7AY5YfqjSVPpa7+I69kpa/vHqo8HBjkl97j16nSO1sYj3aN2v2XYInac5TiIouykdxlv3b2y+iTf5KTnqus/9w5IUn33zNJ42A8woZW4SD7Lcv0ZxL6JiX59wKz90nRWeTAxi+Bf4wMYV9y0WzzNaLAnbmThoyjWcL11IHIJWLV1UqV30X9m4hvfI/zDIUIhdXu1WIlvBXDDn4f9QIDAQABMA0GCSqGSIb3DQEBCwUAA4IBAQBjAzbybbHskE2gogcTwUHvkKgJRcP/vAJgTLpeytB4pIdscLmeKDMwQCqGxYDC90kvmtRtWfSfeu3aUDA2ICtTQLvryDgvhlXqQ1PXAT7jSp2/XO1Ips4wNBPDazrgX9pVNCk1itiO1bx+fMPLtliyAxbDOkRt3CWFFgo2pimLCgyQeUY2QqpRmNP7HK0MYlIVJW2u0YeI/QH4KTjj0vLdDte6byz5TTaa0zi2z4Rr303rrmmia5zw8674plWyLJU6GHzC+PrAe14DfzFA4cK2Ip8Ya7eicrCWk1/DM+HKKR0253WIoi8o5yMs0q5JJSM7lvFpYLu+sYtRXl5Pm1L6AAAxggIeMIICGgIBATBsMGQxCzAJBgNVBAYTAlZOMQwwCgYDVQQIDANIQ00xDDAKBgNVBAcMA0hDTTEMMAoGA1UECgwDQUNCMRIwEAYDVQQLDAlJVCAtIERWS04xFzAVBgNVBAMMDkN1b25nIFBoYW0gQjEwAgRjhXneMAkGBSsOAwIaBQCggYgwGAYJKoZIhvcNAQkDMQsGCSqGSIb3DQEHATAcBgkqhkiG9w0BCQUxDxcNMjUwNDEwMTA0NjI5WjAjBgkqhkiG9w0BCQQxFgQUv9bwTLMD3ahr5ZXqxSbmEy5pZG0wKQYJKoZIhvcNAQk0MRwwGjAJBgUrDgMCGgUAoQ0GCSqGSIb3DQEBAQUAMA0GCSqGSIb3DQEBAQUABIIBAJcdPuDiwraTK6vHSeM5z7t6KYRqe43ZNrlSAI8JLJcY2yP3VGnOPVHZyyovpwuqrThQtWSO0hHrx/X2Hp4vYjEgpc+6WawbkcoHZDCoAF2aYxfWDalqFBJ4hiYGL7rlpz86qLWJ5lFDRwpbaU4/39sQtCIyHB/EeeZIG12VtC3dxHLInPkh7jrhmBcGp+pFUWomgnFJhkEeJyaFpkCX2Q9GYIoL+XTtFnDzwSqkHZIm6wATf8VYhp7cwTkoETesWwJtItqaKTNcKDvhfmdAcY2Lkjki1yyldHU7i8o2QgQA+fXh99PnKnXVueTOA6RSNM75wLAu8Sz3Dhx7GntqPTsAAAAAAAA=",
      "authorizationId" : "72d9c963-4a20-40f3-bef1-9b773369826b"
    } ]
  }
}
2025-04-10 17:46:29 [main] INFO  API_TEST - Sending Payment Order Request to: https://sandbox.acb.com.vn/acb/open/payments/payment-order/v2/transaction
2025-04-10 17:46:29 [main] INFO  API_TEST - Request Headers: io.restassured.internal.RequestSpecificationImpl@5a6f6cac
2025-04-10 17:46:29 [main] INFO  API_TEST - Request Body: 
{
  "requestTrace" : "cb27bc5f-860b-4c77-a546-0200b9cd6811",
  "requestDateTime" : "2025-04-10T17:46:29.78859+07:00",
  "requestParameters" : {
    "data" : {
      "sourceAccountNumber" : "80061959",
      "transaction" : {
        "transactionTraceNumber" : "TRACE1744281989788562",
        "transactionType" : "IBFT",
        "beneficiary" : {
          "interbank" : {
            "accountNumber" : "0129837294",
            "beneficiaryName" : "NGUYEN VAN A VNBC",
            "bank" : {
              "napasCode" : "970406"
            }
          }
        },
        "amount" : {
          "sourceCurrency" : "VND",
          "targetCurrency" : "VND",
          "amount" : "200000",
          "exchangeRate" : "1",
          "exchangeAmount" : "200000"
        },
        "remarks" : "Chi don "
      }
    },
    "authorizations" : [ {
      "authorizationString" : "MIAGCSqGSIb3DQEHAqCAMIACAQExCzAJBgUrDgMCGgUAMIAGCSqGSIb3DQEHAaCAJIAEgYBjADMANAAyADMAZgAyAGMANgBkAGIAMQAxAGMAYQAyADIAMQBiAGYAMAA4ADYAYwBlADAAOABhAGIAOAAxADgAMABjADMAMQBlADAANwA5AGIAZAA3ADkANgAyADgAZQAzAGIAOABmADcAZQAxAGYANQAxADEAOAAxAGUAZQAxAAAAAAAAAKCAMIIDRDCCAiygAwIBAgIEY4V5pDANBgkqhkiG9w0BAQsFADBkMQswCQYDVQQGEwJWTjEMMAoGA1UECAwDSENNMQwwCgYDVQQHDANIQ00xDDAKBgNVBAoMA0FDQjESMBAGA1UECwwJSVQgLSBEVktOMRcwFQYDVQQDDA5DdW9uZyBQaGFtIEExMDAeFw0yMjExMjkwMzE2NTJaFw0zMjExMjkwMzE2NTJaMGQxCzAJBgNVBAYTAlZOMQwwCgYDVQQIDANIQ00xDDAKBgNVBAcMA0hDTTEMMAoGA1UECgwDQUNCMRIwEAYDVQQLDAlJVCAtIERWS04xFzAVBgNVBAMMDkN1b25nIFBoYW0gQTEwMIIBIjANBgkqhkiG9w0BAQEFAAOCAQ8AMIIBCgKCAQEAiNUdY2zCxZnyFHO81b2OQAqW5rHylxlD+kLVDcwMUtSYEVVdxOtVK0fWni8e+9dz6wXuJI6bs/NgsLl4jPZVfzzLhDstrc8fWj0+BdIoQJe9CZuew8GLQc/pZ0mTH97ol6GWezL97ODZpf7PSsrA0b9UCV9n1PnAmBb7sM2AiEJy/ZuqSkPe0b8KRnyuE0ED94ScVoaiz6axYVISeF7QPRH00Gvi4fdJCdTiFlukp/0i9ZuhJxDO0JZ1eZlj2YI80vPo6WHeMDKeJ4JP2WPc4hfh8knNg+iKH2AoX2Co8T8DUhJjNDfFy6vO2Ej7B2qxZ4xXr+nSpcRdX1r0M3sr9QIDAQABMA0GCSqGSIb3DQEBCwUAA4IBAQBAXikxeNOzMknfMZsJg+vXUsMy5KXF2Jf5xm1FCRCbBVxmZXE1+6njsGaCixS1Lpi4/KbfwQ6XC1k8Dv40Pd6Koscnx5BuSjkLYkFFMlzHdchmLTJxrn86c6UMnb/MUXoQtqJ3bYBdwlc//YDc3XVKBDsOipZ0QY8zDpsz/4GaRQ3ua3UL2VyD94u1WKUB7JYPCxeRcDDgszLExOQ6FOHFGvZiF+yrQLXfYpktg4cgBXx4J6cDlvha8YBDM1DYX6sLwDy2XixDlACLtNxcRODC3rpVS/bSHC4WQkfTadwfkHoFB6iBm22P4KdxcHV2VP5YnHJ/Vaza4ghv/fEgxIWLAAAxggIeMIICGgIBATBsMGQxCzAJBgNVBAYTAlZOMQwwCgYDVQQIDANIQ00xDDAKBgNVBAcMA0hDTTEMMAoGA1UECgwDQUNCMRIwEAYDVQQLDAlJVCAtIERWS04xFzAVBgNVBAMMDkN1b25nIFBoYW0gQTEwAgRjhXmkMAkGBSsOAwIaBQCggYgwGAYJKoZIhvcNAQkDMQsGCSqGSIb3DQEHATAcBgkqhkiG9w0BCQUxDxcNMjUwNDEwMTA0NjI5WjAjBgkqhkiG9w0BCQQxFgQUv9bwTLMD3ahr5ZXqxSbmEy5pZG0wKQYJKoZIhvcNAQk0MRwwGjAJBgUrDgMCGgUAoQ0GCSqGSIb3DQEBAQUAMA0GCSqGSIb3DQEBAQUABIIBAGv7xW6ozSDU8wDUKy5R8a0ackrTd9jqu8NH3sb0dQ9PP5JCr8591M+PKxc9NpYbUyIl/b+e7ToIQN+1aRcr1beA4W4/5eloR8RoFp8gtaQ4PS591yvFEz8L8DbzIOnLUGbeiI2vYM2fsPGw0N3uCES06s3AR0bYvMnZQTFbk0p3c/k348CX+z2l7QS6XUxXdYANc1gTWyARL8YBUx3rEsqaoFQKOer+/Fz0JMGCRBaJpgLC9oBjfpyTU/bOCZeUh9GeHhd1jk3f+3Qja14kdCaS1PoIF5pZlF703pk3OUiobZo4woyaasIT+yl4KHVVu4Uzs6o2dwsSnvetT1aJ8lQAAAAAAAA=",
      "authorizationId" : "1526fa6a-4388-4234-99e5-846ba2c6e328"
    }, {
      "authorizationString" : "MIAGCSqGSIb3DQEHAqCAMIACAQExCzAJBgUrDgMCGgUAMIAGCSqGSIb3DQEHAaCAJIAEgYBjADMANAAyADMAZgAyAGMANgBkAGIAMQAxAGMAYQAyADIAMQBiAGYAMAA4ADYAYwBlADAAOABhAGIAOAAxADgAMABjADMAMQBlADAANwA5AGIAZAA3ADkANgAyADgAZQAzAGIAOABmADcAZQAxAGYANQAxADEAOAAxAGUAZQAxAAAAAAAAAKCAMIIDRDCCAiygAwIBAgIEY4V53jANBgkqhkiG9w0BAQsFADBkMQswCQYDVQQGEwJWTjEMMAoGA1UECAwDSENNMQwwCgYDVQQHDANIQ00xDDAKBgNVBAoMA0FDQjESMBAGA1UECwwJSVQgLSBEVktOMRcwFQYDVQQDDA5DdW9uZyBQaGFtIEIxMDAeFw0yMjExMjkwMzE3NTBaFw0zMjExMjkwMzE3NTBaMGQxCzAJBgNVBAYTAlZOMQwwCgYDVQQIDANIQ00xDDAKBgNVBAcMA0hDTTEMMAoGA1UECgwDQUNCMRIwEAYDVQQLDAlJVCAtIERWS04xFzAVBgNVBAMMDkN1b25nIFBoYW0gQjEwMIIBIjANBgkqhkiG9w0BAQEFAAOCAQ8AMIIBCgKCAQEAorTh+kRlrLfQSt/ZqHxTDlPZaqzJFDWYgybIn95f21WnQYZeQJBNAE9N+aEZlLXT8pcPy3fkfUVdc34NEI1GDCcXxa9EdBPupFFiW+1rU9Do0I12x6VqWDvEj+7YVW8Gd/0kn7AY5YfqjSVPpa7+I69kpa/vHqo8HBjkl97j16nSO1sYj3aN2v2XYInac5TiIouykdxlv3b2y+iTf5KTnqus/9w5IUn33zNJ42A8woZW4SD7Lcv0ZxL6JiX59wKz90nRWeTAxi+Bf4wMYV9y0WzzNaLAnbmThoyjWcL11IHIJWLV1UqV30X9m4hvfI/zDIUIhdXu1WIlvBXDDn4f9QIDAQABMA0GCSqGSIb3DQEBCwUAA4IBAQBjAzbybbHskE2gogcTwUHvkKgJRcP/vAJgTLpeytB4pIdscLmeKDMwQCqGxYDC90kvmtRtWfSfeu3aUDA2ICtTQLvryDgvhlXqQ1PXAT7jSp2/XO1Ips4wNBPDazrgX9pVNCk1itiO1bx+fMPLtliyAxbDOkRt3CWFFgo2pimLCgyQeUY2QqpRmNP7HK0MYlIVJW2u0YeI/QH4KTjj0vLdDte6byz5TTaa0zi2z4Rr303rrmmia5zw8674plWyLJU6GHzC+PrAe14DfzFA4cK2Ip8Ya7eicrCWk1/DM+HKKR0253WIoi8o5yMs0q5JJSM7lvFpYLu+sYtRXl5Pm1L6AAAxggIeMIICGgIBATBsMGQxCzAJBgNVBAYTAlZOMQwwCgYDVQQIDANIQ00xDDAKBgNVBAcMA0hDTTEMMAoGA1UECgwDQUNCMRIwEAYDVQQLDAlJVCAtIERWS04xFzAVBgNVBAMMDkN1b25nIFBoYW0gQjEwAgRjhXneMAkGBSsOAwIaBQCggYgwGAYJKoZIhvcNAQkDMQsGCSqGSIb3DQEHATAcBgkqhkiG9w0BCQUxDxcNMjUwNDEwMTA0NjI5WjAjBgkqhkiG9w0BCQQxFgQUv9bwTLMD3ahr5ZXqxSbmEy5pZG0wKQYJKoZIhvcNAQk0MRwwGjAJBgUrDgMCGgUAoQ0GCSqGSIb3DQEBAQUAMA0GCSqGSIb3DQEBAQUABIIBAJcdPuDiwraTK6vHSeM5z7t6KYRqe43ZNrlSAI8JLJcY2yP3VGnOPVHZyyovpwuqrThQtWSO0hHrx/X2Hp4vYjEgpc+6WawbkcoHZDCoAF2aYxfWDalqFBJ4hiYGL7rlpz86qLWJ5lFDRwpbaU4/39sQtCIyHB/EeeZIG12VtC3dxHLInPkh7jrhmBcGp+pFUWomgnFJhkEeJyaFpkCX2Q9GYIoL+XTtFnDzwSqkHZIm6wATf8VYhp7cwTkoETesWwJtItqaKTNcKDvhfmdAcY2Lkjki1yyldHU7i8o2QgQA+fXh99PnKnXVueTOA6RSNM75wLAu8Sz3Dhx7GntqPTsAAAAAAAA=",
      "authorizationId" : "72d9c963-4a20-40f3-bef1-9b773369826b"
    } ]
  }
}
Headers:		Authorization=Bearer eyJhbGciOiJSUzI1NiIsInR5cCIgOiAiSldUIiwia2lkIiA6ICIyTDR2cFBsXzVQRUY5clljdksxb3dWbkZYeW1GeklyT3VJN3NOZkhSUC1zIn0.eyJleHAiOjE3NDQzMTA3ODAsImlhdCI6MTc0NDI4MTk4MCwianRpIjoiNDgwNjk2YzEtNjAzNi00MTNkLTkwZmMtMGE5YzhiMGE3YTcwIiwiaXNzIjoiaHR0cHM6Ly9pZC5hY2Iudm4vYXV0aC9yZWFsbXMvc29iYSIsInN1YiI6ImQxNWJiYjNhLTgxNTEtNGVhOC1hYTM1LTAxMmJiZjJhZTc0OSIsInR5cCI6IkJlYXJlciIsImF6cCI6IjJmNGUxMzc5YWRkYjJjNmYwNTlkNTNmNjIyYjZiZjgwIiwic2Vzc2lvbl9zdGF0ZSI6IjEwZDFiMjcwLTk1ZTUtNDVjNy05NTY4LWU2ODA0ZTcyZTRlNiIsImFjciI6IjEiLCJzY29wZSI6InNlcnZpY2U6cGF5bWVudC1vcmRlciBzZXJ2aWNlOnZpcnR1YWwtYWNjb3VudCBzZXJ2aWNlOmJlbmVmaWNpYXJ5IHNlcnZpY2U6dHJhbnNhY3Rpb24taGlzdG9yeSBzZXJ2aWNlOmFjY291bnQtaW5mb3JtYXRpb24gc2VydmljZTp0cmFuc2FjdGlvbi1ub3RpZmljYXRpb24gc2VydmljZTphdXRoZW50aWNhdGlvbiBzZXJ2aWNlOmV3YWxsZXQgc29iYS1hcGkgc2VydmljZTptZXJjaGFudC1zb2x1dGlvbiIsImN1c3RvbWVyX3R5cGUiOiJPUkciLCJjbGllbnRJZCI6IjJmNGUxMzc5YWRkYjJjNmYwNTlkNTNmNjIyYjZiZjgwIiwiY2xpZW50SG9zdCI6IjEyNy4wLjAuMSIsImFjY291bnRfbWFqb3JzIjoiQ0siLCJzZXJ2aWNlX3Byb3ZpZGVyIjp0cnVlLCJhY2NvdW50X21pbm9ycyI6IkcwMTEiLCJjbGllbnRBZGRyZXNzIjoiMTI3LjAuMC4xIiwic2VnbWVudDEiOiJQSUtBIiwiZXdhbGxldF9zcCI6IlBJS0EiLCJjdXN0b21lcl9hY2NvdW50cyI6IjgwMDYxOTU5IiwicHJvdmlkZXJfaWQiOiJQSUtBIiwiY3VzdG9tZXJfaWQiOiI4MDExNzEiLCJwcm92aWRlcl9uYW1lIjoiUElLQSJ9.hxPm7xu2EsP4QLReFpw1sBxC-HY9lql30AC6VIrCRrAYa1Epfeq1qW0l24AeZN81Czj0diuKzLbsN3v8w0AeHYMwfTMrzMvzAbicYp8IRn7GHvFvA-PF4xYrMbZpEpvkXaO7EiiRh_QLCNatlQ_9VHAkAJLKBJUzV0quASF7mS731dnNVlrNrq5-S0GaasCpBto1C-zQdspJd42Uyg9rAUAbhBDInQG9nd8l9TplfiXybUhnRoNPTh2bgTmJeo5J5tK4QkPnt2Q6zzjQSugthMsRe7sIC4iBf2XA52aNBcVVUPDIr6DnFDyljp149MOrTOeTTBBFFlxzspuXu4tZBkzahIc5z7F9oHRmoFUJm1CkgAoeorfVsLzjUzLb2M7NGpNw3ZBweeBBv9tGCbLUcCkQ3yQ49gt_wU48467EFmkeJonjLTZ0MzwObNgGusXEcEb6LNPJXU0zX3EpP1pJDId6dgiILUb3Llq7SFJlCoacEIk_rF3ujjg6rg6RrPaJFyEhsB0avOXCUljxLLm2PWoE3cNw8Fkf_zxkdpaOKk5j301mZ5ZSPsnRlwCFTZJ2xIYzD5RmenaNop7H7-b-XmcjX4K14e3l5unApIbhWoL6LAAUPnOrMofpzDzClTEAq5h8Nd62p3AjsfBfPUluNuBn-ctH0XtK1bL6D9zQ2fM
				X-Channel=SOBA
				X-Client-ID=2f4e1379addb2c6f059d53f622b6bf80
				X-Provider-ID=PAYMENT-ORDER
				X-Request-ID=55cb8f91-cd26-4bdd-86b5-aeb92b119382
				Accept=*/*
				Content-Type=application/json
Headers:		Authorization=Bearer eyJhbGciOiJSUzI1NiIsInR5cCIgOiAiSldUIiwia2lkIiA6ICIyTDR2cFBsXzVQRUY5clljdksxb3dWbkZYeW1GeklyT3VJN3NOZkhSUC1zIn0.eyJleHAiOjE3NDQzMTA3ODAsImlhdCI6MTc0NDI4MTk4MCwianRpIjoiNDgwNjk2YzEtNjAzNi00MTNkLTkwZmMtMGE5YzhiMGE3YTcwIiwiaXNzIjoiaHR0cHM6Ly9pZC5hY2Iudm4vYXV0aC9yZWFsbXMvc29iYSIsInN1YiI6ImQxNWJiYjNhLTgxNTEtNGVhOC1hYTM1LTAxMmJiZjJhZTc0OSIsInR5cCI6IkJlYXJlciIsImF6cCI6IjJmNGUxMzc5YWRkYjJjNmYwNTlkNTNmNjIyYjZiZjgwIiwic2Vzc2lvbl9zdGF0ZSI6IjEwZDFiMjcwLTk1ZTUtNDVjNy05NTY4LWU2ODA0ZTcyZTRlNiIsImFjciI6IjEiLCJzY29wZSI6InNlcnZpY2U6cGF5bWVudC1vcmRlciBzZXJ2aWNlOnZpcnR1YWwtYWNjb3VudCBzZXJ2aWNlOmJlbmVmaWNpYXJ5IHNlcnZpY2U6dHJhbnNhY3Rpb24taGlzdG9yeSBzZXJ2aWNlOmFjY291bnQtaW5mb3JtYXRpb24gc2VydmljZTp0cmFuc2FjdGlvbi1ub3RpZmljYXRpb24gc2VydmljZTphdXRoZW50aWNhdGlvbiBzZXJ2aWNlOmV3YWxsZXQgc29iYS1hcGkgc2VydmljZTptZXJjaGFudC1zb2x1dGlvbiIsImN1c3RvbWVyX3R5cGUiOiJPUkciLCJjbGllbnRJZCI6IjJmNGUxMzc5YWRkYjJjNmYwNTlkNTNmNjIyYjZiZjgwIiwiY2xpZW50SG9zdCI6IjEyNy4wLjAuMSIsImFjY291bnRfbWFqb3JzIjoiQ0siLCJzZXJ2aWNlX3Byb3ZpZGVyIjp0cnVlLCJhY2NvdW50X21pbm9ycyI6IkcwMTEiLCJjbGllbnRBZGRyZXNzIjoiMTI3LjAuMC4xIiwic2VnbWVudDEiOiJQSUtBIiwiZXdhbGxldF9zcCI6IlBJS0EiLCJjdXN0b21lcl9hY2NvdW50cyI6IjgwMDYxOTU5IiwicHJvdmlkZXJfaWQiOiJQSUtBIiwiY3VzdG9tZXJfaWQiOiI4MDExNzEiLCJwcm92aWRlcl9uYW1lIjoiUElLQSJ9.hxPm7xu2EsP4QLReFpw1sBxC-HY9lql30AC6VIrCRrAYa1Epfeq1qW0l24AeZN81Czj0diuKzLbsN3v8w0AeHYMwfTMrzMvzAbicYp8IRn7GHvFvA-PF4xYrMbZpEpvkXaO7EiiRh_QLCNatlQ_9VHAkAJLKBJUzV0quASF7mS731dnNVlrNrq5-S0GaasCpBto1C-zQdspJd42Uyg9rAUAbhBDInQG9nd8l9TplfiXybUhnRoNPTh2bgTmJeo5J5tK4QkPnt2Q6zzjQSugthMsRe7sIC4iBf2XA52aNBcVVUPDIr6DnFDyljp149MOrTOeTTBBFFlxzspuXu4tZBkzahIc5z7F9oHRmoFUJm1CkgAoeorfVsLzjUzLb2M7NGpNw3ZBweeBBv9tGCbLUcCkQ3yQ49gt_wU48467EFmkeJonjLTZ0MzwObNgGusXEcEb6LNPJXU0zX3EpP1pJDId6dgiILUb3Llq7SFJlCoacEIk_rF3ujjg6rg6RrPaJFyEhsB0avOXCUljxLLm2PWoE3cNw8Fkf_zxkdpaOKk5j301mZ5ZSPsnRlwCFTZJ2xIYzD5RmenaNop7H7-b-XmcjX4K14e3l5unApIbhWoL6LAAUPnOrMofpzDzClTEAq5h8Nd62p3AjsfBfPUluNuBn-ctH0XtK1bL6D9zQ2fM
				X-Channel=SOBA
				X-Client-ID=2f4e1379addb2c6f059d53f622b6bf80
				X-Provider-ID=PAYMENT-ORDER
				X-Request-ID=55cb8f91-cd26-4bdd-86b5-aeb92b119382
				Accept=*/*
				Content-Type=application/json
2025-04-10 17:46:30 [main] INFO  API_TEST - Payment Order Response - Status Code: 200
2025-04-10 17:46:30 [main] INFO  API_TEST - Payment Order Response - Headers: Connection=Keep-Alive
Transfer-Encoding=chunked
Date=Thu, 10 Apr 2025 10:46:30 GMT
Content-Type=application/json; charset=utf-8
X-Powered-By=Express
X-Request-Id=55cb8f91-cd26-4bdd-86b5-aeb92b119382
ETag=W/"166-ajQkQV6nfcRJ21L/qD6/1TVux6U"
Strict-Transport-Security=max-age=63072000; includeSubDomains; preload
X-Global-Transaction-ID=a528cc0c67f79f7c029002d4
X-RateLimit-Limit=name=Default rate-limit,200;
X-RateLimit-Remaining=name=Default rate-limit,195;
X-BurstLimit-Limit=name=Default burst-limit,10;
X-BurstLimit-Remaining=name=Default burst-limit,9;
Content-Encoding=gzip
Set-Cookie=acb=369301770.58148.0000; path=/; Httponly; Secure
2025-04-10 17:46:30 [main] INFO  API_TEST - Payment Order Response - Body: 
{
    "requestTrace": "cb27bc5f-860b-4c77-a546-0200b9cd6811",
    "responseDateTime": "2025-04-10T17:46:30+07:00",
    "responseStatus": {
        "responseCode": "00000000",
        "responseMessage": "success"
    },
    "responseData": {
        "transaction": {
            "transactionTraceNumber": "TRACE1744281989788562",
            "status": "ORIG",
            "statusMessage": "Waiting for processed",
            "createdDateTime": "2025-04-10T10:46:30.000Z"
        }
    }
}
2025-04-10 17:46:30 [main] INFO  API_TEST - Payment Order Response - Status Code: 200
2025-04-10 17:46:30 [main] INFO  API_TEST - Payment Order Response - Headers: Connection=Keep-Alive
Transfer-Encoding=chunked
Date=Thu, 10 Apr 2025 10:46:30 GMT
Content-Type=application/json; charset=utf-8
X-Powered-By=Express
X-Request-Id=55cb8f91-cd26-4bdd-86b5-aeb92b119382
ETag=W/"166-ajQkQV6nfcRJ21L/qD6/1TVux6U"
Strict-Transport-Security=max-age=63072000; includeSubDomains; preload
X-Global-Transaction-ID=a528cc0c67f79f7c029002d4
X-RateLimit-Limit=name=Default rate-limit,200;
X-RateLimit-Remaining=name=Default rate-limit,195;
X-BurstLimit-Limit=name=Default burst-limit,10;
X-BurstLimit-Remaining=name=Default burst-limit,9;
Content-Encoding=gzip
Set-Cookie=acb=369301770.58148.0000; path=/; Httponly; Secure
2025-04-10 17:46:30 [main] INFO  API_TEST - Payment Order Response - Body: 
{
    "requestTrace": "cb27bc5f-860b-4c77-a546-0200b9cd6811",
    "responseDateTime": "2025-04-10T17:46:30+07:00",
    "responseStatus": {
        "responseCode": "00000000",
        "responseMessage": "success"
    },
    "responseData": {
        "transaction": {
            "transactionTraceNumber": "TRACE1744281989788562",
            "status": "ORIG",
            "statusMessage": "Waiting for processed",
            "createdDateTime": "2025-04-10T10:46:30.000Z"
        }
    }
}
2025-04-10 17:46:35 [main] INFO  API_TEST - Sending Transaction History Request - transactionTraceNumber: TRACE1744281989788562, fromDate: 2025-04-10, toDate: 2025-04-10
2025-04-10 17:46:35 [main] INFO  API_TEST - Transaction History Request Body: None (GET request)
2025-04-10 17:46:35 [main] INFO  API_TEST - Sending Transaction History Request to: https://sandbox.acb.com.vn/acb/open/payments/payment-order/v2/transaction?transactionTraceNumber=TRACE1744281989788562&fromDate=2025-04-10&toDate=2025-04-10
2025-04-10 17:46:35 [main] INFO  API_TEST - Request Headers: X-Channel=SOBA, X-Client-ID=2f4e1379addb2c6f059d53f622b6bf80, X-Provider-ID=PAYMENT-ORDER, X-Request-ID=4e4383f9-fa2f-4e6b-b2bd-02260fc06808, Authorization=Bearer eyJhbGciOiJSUzI1NiIsInR5cCIgOiAiSldUIiwia2lkIiA6ICIyTDR2cFBsXzVQRUY5clljdksxb3dWbkZYeW1GeklyT3VJN3NOZkhSUC1zIn0.eyJleHAiOjE3NDQzMTA3ODAsImlhdCI6MTc0NDI4MTk4MCwianRpIjoiNDgwNjk2YzEtNjAzNi00MTNkLTkwZmMtMGE5YzhiMGE3YTcwIiwiaXNzIjoiaHR0cHM6Ly9pZC5hY2Iudm4vYXV0aC9yZWFsbXMvc29iYSIsInN1YiI6ImQxNWJiYjNhLTgxNTEtNGVhOC1hYTM1LTAxMmJiZjJhZTc0OSIsInR5cCI6IkJlYXJlciIsImF6cCI6IjJmNGUxMzc5YWRkYjJjNmYwNTlkNTNmNjIyYjZiZjgwIiwic2Vzc2lvbl9zdGF0ZSI6IjEwZDFiMjcwLTk1ZTUtNDVjNy05NTY4LWU2ODA0ZTcyZTRlNiIsImFjciI6IjEiLCJzY29wZSI6InNlcnZpY2U6cGF5bWVudC1vcmRlciBzZXJ2aWNlOnZpcnR1YWwtYWNjb3VudCBzZXJ2aWNlOmJlbmVmaWNpYXJ5IHNlcnZpY2U6dHJhbnNhY3Rpb24taGlzdG9yeSBzZXJ2aWNlOmFjY291bnQtaW5mb3JtYXRpb24gc2VydmljZTp0cmFuc2FjdGlvbi1ub3RpZmljYXRpb24gc2VydmljZTphdXRoZW50aWNhdGlvbiBzZXJ2aWNlOmV3YWxsZXQgc29iYS1hcGkgc2VydmljZTptZXJjaGFudC1zb2x1dGlvbiIsImN1c3RvbWVyX3R5cGUiOiJPUkciLCJjbGllbnRJZCI6IjJmNGUxMzc5YWRkYjJjNmYwNTlkNTNmNjIyYjZiZjgwIiwiY2xpZW50SG9zdCI6IjEyNy4wLjAuMSIsImFjY291bnRfbWFqb3JzIjoiQ0siLCJzZXJ2aWNlX3Byb3ZpZGVyIjp0cnVlLCJhY2NvdW50X21pbm9ycyI6IkcwMTEiLCJjbGllbnRBZGRyZXNzIjoiMTI3LjAuMC4xIiwic2VnbWVudDEiOiJQSUtBIiwiZXdhbGxldF9zcCI6IlBJS0EiLCJjdXN0b21lcl9hY2NvdW50cyI6IjgwMDYxOTU5IiwicHJvdmlkZXJfaWQiOiJQSUtBIiwiY3VzdG9tZXJfaWQiOiI4MDExNzEiLCJwcm92aWRlcl9uYW1lIjoiUElLQSJ9.hxPm7xu2EsP4QLReFpw1sBxC-HY9lql30AC6VIrCRrAYa1Epfeq1qW0l24AeZN81Czj0diuKzLbsN3v8w0AeHYMwfTMrzMvzAbicYp8IRn7GHvFvA-PF4xYrMbZpEpvkXaO7EiiRh_QLCNatlQ_9VHAkAJLKBJUzV0quASF7mS731dnNVlrNrq5-S0GaasCpBto1C-zQdspJd42Uyg9rAUAbhBDInQG9nd8l9TplfiXybUhnRoNPTh2bgTmJeo5J5tK4QkPnt2Q6zzjQSugthMsRe7sIC4iBf2XA52aNBcVVUPDIr6DnFDyljp149MOrTOeTTBBFFlxzspuXu4tZBkzahIc5z7F9oHRmoFUJm1CkgAoeorfVsLzjUzLb2M7NGpNw3ZBweeBBv9tGCbLUcCkQ3yQ49gt_wU48467EFmkeJonjLTZ0MzwObNgGusXEcEb6LNPJXU0zX3EpP1pJDId6dgiILUb3Llq7SFJlCoacEIk_rF3ujjg6rg6RrPaJFyEhsB0avOXCUljxLLm2PWoE3cNw8Fkf_zxkdpaOKk5j301mZ5ZSPsnRlwCFTZJ2xIYzD5RmenaNop7H7-b-XmcjX4K14e3l5unApIbhWoL6LAAUPnOrMofpzDzClTEAq5h8Nd62p3AjsfBfPUluNuBn-ctH0XtK1bL6D9zQ2fM
2025-04-10 17:46:35 [main] INFO  API_TEST - Response Status Code: 200
2025-04-10 17:46:35 [main] INFO  API_TEST - Response Headers: Connection=Keep-Alive
Transfer-Encoding=chunked
Date=Thu, 10 Apr 2025 10:46:35 GMT
Content-Type=application/json; charset=utf-8
X-Powered-By=Express
X-Request-Id=4e4383f9-fa2f-4e6b-b2bd-02260fc06808
ETag=W/"2ac-J8lFxbdQMOX/GPD2bLD+BX8hI4E"
Strict-Transport-Security=max-age=63072000; includeSubDomains; preload
X-Global-Transaction-ID=a528cc0c67f79f8102900364
X-RateLimit-Limit=name=Default rate-limit,200;
X-RateLimit-Remaining=name=Default rate-limit,194;
X-BurstLimit-Limit=name=Default burst-limit,10;
X-BurstLimit-Remaining=name=Default burst-limit,9;
Content-Encoding=gzip
Set-Cookie=acb=369301770.58148.0000; path=/; Httponly; Secure
2025-04-10 17:46:35 [main] INFO  API_TEST - Response Body: {"responseDateTime":"2025-04-10T17:46:35+07:00","responseStatus":{"responseCode":"00000000","responseMessage":"success"},"responseData":{"transactions":[{"transactionTraceNumber":"TRACE1744281989788562","status":"ORIG","statusMessage":null,"serviceChargeAmount":null,"sourceAcocuntNumber":"80061959","transactionNumber":null,"amount":{"sourceCurrency":"VND","targetCurrency":"VND","amount":"200000","exchangeRate":"1","exchangeAmount":"200000"},"remarks":"Chi don ","transactionType":"IBFT","beneficiary":{"interbank":{"accountNumber":"0129837294","beneficiaryName":"NGUYEN VAN A VNBC","bank":{"napasCode":"970406"}}}}],"pagination":{"totalRows":1,"totalPages":1,"page":1,"size":20}}}
2025-04-10 17:46:35 [main] INFO  API_TEST - Transaction History Response - Status Code: 200
2025-04-10 17:46:35 [main] INFO  API_TEST - Transaction History Response - Headers: Connection=Keep-Alive
Transfer-Encoding=chunked
Date=Thu, 10 Apr 2025 10:46:35 GMT
Content-Type=application/json; charset=utf-8
X-Powered-By=Express
X-Request-Id=4e4383f9-fa2f-4e6b-b2bd-02260fc06808
ETag=W/"2ac-J8lFxbdQMOX/GPD2bLD+BX8hI4E"
Strict-Transport-Security=max-age=63072000; includeSubDomains; preload
X-Global-Transaction-ID=a528cc0c67f79f8102900364
X-RateLimit-Limit=name=Default rate-limit,200;
X-RateLimit-Remaining=name=Default rate-limit,194;
X-BurstLimit-Limit=name=Default burst-limit,10;
X-BurstLimit-Remaining=name=Default burst-limit,9;
Content-Encoding=gzip
Set-Cookie=acb=369301770.58148.0000; path=/; Httponly; Secure
2025-04-10 17:46:35 [main] INFO  API_TEST - Transaction History Response - Body: 
{
    "responseDateTime": "2025-04-10T17:46:35+07:00",
    "responseStatus": {
        "responseCode": "00000000",
        "responseMessage": "success"
    },
    "responseData": {
        "transactions": [
            {
                "transactionTraceNumber": "TRACE1744281989788562",
                "status": "ORIG",
                "statusMessage": null,
                "serviceChargeAmount": null,
                "sourceAcocuntNumber": "80061959",
                "transactionNumber": null,
                "amount": {
                    "sourceCurrency": "VND",
                    "targetCurrency": "VND",
                    "amount": "200000",
                    "exchangeRate": "1",
                    "exchangeAmount": "200000"
                },
                "remarks": "Chi don ",
                "transactionType": "IBFT",
                "beneficiary": {
                    "interbank": {
                        "accountNumber": "0129837294",
                        "beneficiaryName": "NGUYEN VAN A VNBC",
                        "bank": {
                            "napasCode": "970406"
                        }
                    }
                }
            }
        ],
        "pagination": {
            "totalRows": 1,
            "totalPages": 1,
            "page": 1,
            "size": 20
        }
    }
}
]]></system-out>
  </testcase>
  <testcase name="testAllPaymentOrders" classname="com.example.tests.APITests" time="6.243">
    <failure message="Transaction history status should be TRAN&#10;Expected: &quot;TRAN&quot;&#10;     but: was &quot;ORIG&quot;" type="java.lang.AssertionError"><![CDATA[java.lang.AssertionError: 
Transaction history status should be TRAN
Expected: "TRAN"
     but: was "ORIG"
	at org.hamcrest.MatcherAssert.assertThat(MatcherAssert.java:18)
	at com.example.tests.APITests.lambda$testAllPaymentOrders$2(APITests.java:153)
	at org.junit.jupiter.engine.descriptor.DynamicTestTestDescriptor.lambda$execute$0(DynamicTestTestDescriptor.java:53)
	at org.junit.jupiter.engine.execution.InvocationInterceptorChain$ValidatingInvocation.proceed(InvocationInterceptorChain.java:131)
	at org.junit.jupiter.api.extension.InvocationInterceptor.interceptDynamicTest(InvocationInterceptor.java:168)
	at org.junit.jupiter.api.extension.InvocationInterceptor.interceptDynamicTest(InvocationInterceptor.java:185)
	at org.junit.jupiter.engine.descriptor.DynamicTestTestDescriptor.lambda$execute$1(DynamicTestTestDescriptor.java:61)
	at org.junit.jupiter.engine.execution.InvocationInterceptorChain$InterceptorCall.lambda$ofVoid$0(InvocationInterceptorChain.java:78)
	at org.junit.jupiter.engine.execution.InvocationInterceptorChain$InterceptedInvocation.proceed(InvocationInterceptorChain.java:106)
	at org.junit.jupiter.engine.execution.InvocationInterceptorChain.proceed(InvocationInterceptorChain.java:64)
	at org.junit.jupiter.engine.execution.InvocationInterceptorChain.chainAndInvoke(InvocationInterceptorChain.java:45)
	at org.junit.jupiter.engine.execution.InvocationInterceptorChain.invoke(InvocationInterceptorChain.java:37)
	at org.junit.jupiter.engine.descriptor.DynamicTestTestDescriptor.execute(DynamicTestTestDescriptor.java:60)
	at org.junit.jupiter.engine.descriptor.DynamicTestTestDescriptor.execute(DynamicTestTestDescriptor.java:32)
	at org.junit.platform.engine.support.hierarchical.NodeTestTask.lambda$executeRecursively$6(NodeTestTask.java:151)
	at org.junit.platform.engine.support.hierarchical.ThrowableCollector.execute(ThrowableCollector.java:73)
	at org.junit.platform.engine.support.hierarchical.NodeTestTask.lambda$executeRecursively$8(NodeTestTask.java:141)
	at org.junit.platform.engine.support.hierarchical.Node.around(Node.java:137)
	at org.junit.platform.engine.support.hierarchical.NodeTestTask.lambda$executeRecursively$9(NodeTestTask.java:139)
	at org.junit.platform.engine.support.hierarchical.ThrowableCollector.execute(ThrowableCollector.java:73)
	at org.junit.platform.engine.support.hierarchical.NodeTestTask.executeRecursively(NodeTestTask.java:138)
	at org.junit.platform.engine.support.hierarchical.NodeTestTask.execute(NodeTestTask.java:95)
	at org.junit.platform.engine.support.hierarchical.SameThreadHierarchicalTestExecutorService.submit(SameThreadHierarchicalTestExecutorService.java:35)
	at org.junit.platform.engine.support.hierarchical.NodeTestTask$DefaultDynamicTestExecutor.execute(NodeTestTask.java:226)
	at org.junit.platform.engine.support.hierarchical.NodeTestTask$DefaultDynamicTestExecutor.execute(NodeTestTask.java:204)
	at java.base/java.util.Optional.ifPresent(Optional.java:178)
	at org.junit.jupiter.engine.descriptor.TestFactoryTestDescriptor.lambda$invokeTestMethod$1(TestFactoryTestDescriptor.java:108)
	at org.junit.platform.engine.support.hierarchical.ThrowableCollector.execute(ThrowableCollector.java:73)
	at org.junit.jupiter.engine.descriptor.TestFactoryTestDescriptor.invokeTestMethod(TestFactoryTestDescriptor.java:95)
	at org.junit.jupiter.engine.descriptor.TestMethodTestDescriptor.execute(TestMethodTestDescriptor.java:139)
	at org.junit.jupiter.engine.descriptor.TestMethodTestDescriptor.execute(TestMethodTestDescriptor.java:69)
	at org.junit.platform.engine.support.hierarchical.NodeTestTask.lambda$executeRecursively$6(NodeTestTask.java:151)
	at org.junit.platform.engine.support.hierarchical.ThrowableCollector.execute(ThrowableCollector.java:73)
	at org.junit.platform.engine.support.hierarchical.NodeTestTask.lambda$executeRecursively$8(NodeTestTask.java:141)
	at org.junit.platform.engine.support.hierarchical.Node.around(Node.java:137)
	at org.junit.platform.engine.support.hierarchical.NodeTestTask.lambda$executeRecursively$9(NodeTestTask.java:139)
	at org.junit.platform.engine.support.hierarchical.ThrowableCollector.execute(ThrowableCollector.java:73)
	at org.junit.platform.engine.support.hierarchical.NodeTestTask.executeRecursively(NodeTestTask.java:138)
	at org.junit.platform.engine.support.hierarchical.NodeTestTask.execute(NodeTestTask.java:95)
	at java.base/java.util.ArrayList.forEach(ArrayList.java:1511)
	at org.junit.platform.engine.support.hierarchical.SameThreadHierarchicalTestExecutorService.invokeAll(SameThreadHierarchicalTestExecutorService.java:41)
	at org.junit.platform.engine.support.hierarchical.NodeTestTask.lambda$executeRecursively$6(NodeTestTask.java:155)
	at org.junit.platform.engine.support.hierarchical.ThrowableCollector.execute(ThrowableCollector.java:73)
	at org.junit.platform.engine.support.hierarchical.NodeTestTask.lambda$executeRecursively$8(NodeTestTask.java:141)
	at org.junit.platform.engine.support.hierarchical.Node.around(Node.java:137)
	at org.junit.platform.engine.support.hierarchical.NodeTestTask.lambda$executeRecursively$9(NodeTestTask.java:139)
	at org.junit.platform.engine.support.hierarchical.ThrowableCollector.execute(ThrowableCollector.java:73)
	at org.junit.platform.engine.support.hierarchical.NodeTestTask.executeRecursively(NodeTestTask.java:138)
	at org.junit.platform.engine.support.hierarchical.NodeTestTask.execute(NodeTestTask.java:95)
	at java.base/java.util.ArrayList.forEach(ArrayList.java:1511)
	at org.junit.platform.engine.support.hierarchical.SameThreadHierarchicalTestExecutorService.invokeAll(SameThreadHierarchicalTestExecutorService.java:41)
	at org.junit.platform.engine.support.hierarchical.NodeTestTask.lambda$executeRecursively$6(NodeTestTask.java:155)
	at org.junit.platform.engine.support.hierarchical.ThrowableCollector.execute(ThrowableCollector.java:73)
	at org.junit.platform.engine.support.hierarchical.NodeTestTask.lambda$executeRecursively$8(NodeTestTask.java:141)
	at org.junit.platform.engine.support.hierarchical.Node.around(Node.java:137)
	at org.junit.platform.engine.support.hierarchical.NodeTestTask.lambda$executeRecursively$9(NodeTestTask.java:139)
	at org.junit.platform.engine.support.hierarchical.ThrowableCollector.execute(ThrowableCollector.java:73)
	at org.junit.platform.engine.support.hierarchical.NodeTestTask.executeRecursively(NodeTestTask.java:138)
	at org.junit.platform.engine.support.hierarchical.NodeTestTask.execute(NodeTestTask.java:95)
	at org.junit.platform.engine.support.hierarchical.SameThreadHierarchicalTestExecutorService.submit(SameThreadHierarchicalTestExecutorService.java:35)
	at org.junit.platform.engine.support.hierarchical.HierarchicalTestExecutor.execute(HierarchicalTestExecutor.java:57)
	at org.junit.platform.engine.support.hierarchical.HierarchicalTestEngine.execute(HierarchicalTestEngine.java:54)
	at org.junit.platform.launcher.core.EngineExecutionOrchestrator.execute(EngineExecutionOrchestrator.java:147)
	at org.junit.platform.launcher.core.EngineExecutionOrchestrator.execute(EngineExecutionOrchestrator.java:127)
	at org.junit.platform.launcher.core.EngineExecutionOrchestrator.execute(EngineExecutionOrchestrator.java:90)
	at org.junit.platform.launcher.core.EngineExecutionOrchestrator.lambda$execute$0(EngineExecutionOrchestrator.java:55)
	at org.junit.platform.launcher.core.EngineExecutionOrchestrator.withInterceptedStreams(EngineExecutionOrchestrator.java:102)
	at org.junit.platform.launcher.core.EngineExecutionOrchestrator.execute(EngineExecutionOrchestrator.java:54)
	at org.junit.platform.launcher.core.DefaultLauncher.execute(DefaultLauncher.java:114)
	at org.junit.platform.launcher.core.DefaultLauncher.execute(DefaultLauncher.java:86)
	at org.junit.platform.launcher.core.DefaultLauncherSession$DelegatingLauncher.execute(DefaultLauncherSession.java:86)
	at org.apache.maven.surefire.junitplatform.LazyLauncher.execute(LazyLauncher.java:56)
	at org.apache.maven.surefire.junitplatform.JUnitPlatformProvider.execute(JUnitPlatformProvider.java:184)
	at org.apache.maven.surefire.junitplatform.JUnitPlatformProvider.invokeAllTests(JUnitPlatformProvider.java:148)
	at org.apache.maven.surefire.junitplatform.JUnitPlatformProvider.invoke(JUnitPlatformProvider.java:122)
	at org.apache.maven.surefire.booter.ForkedBooter.runSuitesInProcess(ForkedBooter.java:385)
	at org.apache.maven.surefire.booter.ForkedBooter.execute(ForkedBooter.java:162)
	at org.apache.maven.surefire.booter.ForkedBooter.run(ForkedBooter.java:507)
	at org.apache.maven.surefire.booter.ForkedBooter.main(ForkedBooter.java:495)
]]></failure>
    <system-out><![CDATA[2025-04-10 17:46:36 [main] INFO  com.example.utils.FileUtil - Reading request template from file: requestTemplates/citad.json
2025-04-10 17:46:36 [main] INFO  com.example.utils.FileUtil - Successfully read template from file: requestTemplates/citad.json
2025-04-10 17:46:36 [main] INFO  API_TEST - Generating authorizationString for authorizationId: 1526fa6a-4388-4234-99e5-846ba2c6e328
2025-04-10 17:46:36 [main] INFO  API_TEST - Base64 Data: eyJzb3VyY2VBY2NvdW50TnVtYmVyIjoiODAwNjE5NTkiLCJ0cmFuc2FjdGlvbiI6eyJ0cmFuc2FjdGlvblRyYWNlTnVtYmVyIjoiVFJBQ0UxNzQ0MjgxOTk2MDEzMzExIiwidHJhbnNhY3Rpb25UeXBlIjoiQ0lUQUQiLCJiZW5lZmljaWFyeSI6eyJjaXRhZCI6eyJiYW5rIjp7ImNpdGFkQ29kZSI6IjAxMjAxMDAxIn0sInRhcmdldCI6eyJhY2NvdW50Ijp7ImFjY291bnROdW1iZXIiOiIxMDE1Njk5MzI5IiwiYmVuZWZpY2lhcnlOYW1lIjoiTkdVWUVOIFZBTiBDIn19fX0sImFtb3VudCI6eyJzb3VyY2VDdXJyZW5jeSI6IlZORCIsInRhcmdldEN1cnJlbmN5IjoiVk5EIiwiYW1vdW50IjoiMjAwMDAwIiwiZXhjaGFuZ2VSYXRlIjoiMSIsImV4Y2hhbmdlQW1vdW50IjoiMjAwMDAwIn0sInJlbWFya3MiOiJDaGkgZG9uICJ9fQ==
2025-04-10 17:46:36 [main] INFO  API_TEST - SHA-256 Hex Data: e36dd6ecb2155e7af1d81526362065b6338ab1a7960d20cdaeceaadab6bbb649
2025-04-10 17:46:36 [main] INFO  API_TEST - Generated Signature for cuong pham a10: MIAGCSqGSIb3DQEHAqCAMIACAQExCzAJBgUrDgMCGgUAMIAGCSqGSIb3DQEHAaCAJIAEgYBlADMANgBkAGQANgBlAGMAYgAyADEANQA1AGUANwBhAGYAMQBkADgAMQA1ADIANgAzADYAMgAwADYANQBiADYAMwAzADgAYQBiADEAYQA3ADkANgAwAGQAMgAwAGMAZABhAGUAYwBlAGEAYQBkAGEAYgA2AGIAYgBiADYANAA5AAAAAAAAAKCAMIIDRDCCAiygAwIBAgIEY4V5pDANBgkqhkiG9w0BAQsFADBkMQswCQYDVQQGEwJWTjEMMAoGA1UECAwDSENNMQwwCgYDVQQHDANIQ00xDDAKBgNVBAoMA0FDQjESMBAGA1UECwwJSVQgLSBEVktOMRcwFQYDVQQDDA5DdW9uZyBQaGFtIEExMDAeFw0yMjExMjkwMzE2NTJaFw0zMjExMjkwMzE2NTJaMGQxCzAJBgNVBAYTAlZOMQwwCgYDVQQIDANIQ00xDDAKBgNVBAcMA0hDTTEMMAoGA1UECgwDQUNCMRIwEAYDVQQLDAlJVCAtIERWS04xFzAVBgNVBAMMDkN1b25nIFBoYW0gQTEwMIIBIjANBgkqhkiG9w0BAQEFAAOCAQ8AMIIBCgKCAQEAiNUdY2zCxZnyFHO81b2OQAqW5rHylxlD+kLVDcwMUtSYEVVdxOtVK0fWni8e+9dz6wXuJI6bs/NgsLl4jPZVfzzLhDstrc8fWj0+BdIoQJe9CZuew8GLQc/pZ0mTH97ol6GWezL97ODZpf7PSsrA0b9UCV9n1PnAmBb7sM2AiEJy/ZuqSkPe0b8KRnyuE0ED94ScVoaiz6axYVISeF7QPRH00Gvi4fdJCdTiFlukp/0i9ZuhJxDO0JZ1eZlj2YI80vPo6WHeMDKeJ4JP2WPc4hfh8knNg+iKH2AoX2Co8T8DUhJjNDfFy6vO2Ej7B2qxZ4xXr+nSpcRdX1r0M3sr9QIDAQABMA0GCSqGSIb3DQEBCwUAA4IBAQBAXikxeNOzMknfMZsJg+vXUsMy5KXF2Jf5xm1FCRCbBVxmZXE1+6njsGaCixS1Lpi4/KbfwQ6XC1k8Dv40Pd6Koscnx5BuSjkLYkFFMlzHdchmLTJxrn86c6UMnb/MUXoQtqJ3bYBdwlc//YDc3XVKBDsOipZ0QY8zDpsz/4GaRQ3ua3UL2VyD94u1WKUB7JYPCxeRcDDgszLExOQ6FOHFGvZiF+yrQLXfYpktg4cgBXx4J6cDlvha8YBDM1DYX6sLwDy2XixDlACLtNxcRODC3rpVS/bSHC4WQkfTadwfkHoFB6iBm22P4KdxcHV2VP5YnHJ/Vaza4ghv/fEgxIWLAAAxggIeMIICGgIBATBsMGQxCzAJBgNVBAYTAlZOMQwwCgYDVQQIDANIQ00xDDAKBgNVBAcMA0hDTTEMMAoGA1UECgwDQUNCMRIwEAYDVQQLDAlJVCAtIERWS04xFzAVBgNVBAMMDkN1b25nIFBoYW0gQTEwAgRjhXmkMAkGBSsOAwIaBQCggYgwGAYJKoZIhvcNAQkDMQsGCSqGSIb3DQEHATAcBgkqhkiG9w0BCQUxDxcNMjUwNDEwMTA0NjM2WjAjBgkqhkiG9w0BCQQxFgQUCeGYhLOqeDqCetpeGkN2hLB2gDMwKQYJKoZIhvcNAQk0MRwwGjAJBgUrDgMCGgUAoQ0GCSqGSIb3DQEBAQUAMA0GCSqGSIb3DQEBAQUABIIBADjqtRmztq1ZsMuXrkpu6MVazlnI8ZPBT8L+EAO6v1sq+V6hlKyGIZ1QWkHppw62vQmmaBVkUdMLPsNEeEL78rV+g4X1RF6jCeztF6/VJGUi29gmNNyvkO77M1844tPuNzVODA/M8Ah7YTxDAI3MIFrxn+gssS1bYiTldj10dxL8RBMnsimvlnIafGJnEW0+39AOwEDg4q97o0ppG+r9PRLjNzbSfMw2qnHUdk4B/mTTg5x6UQnj3Nags6ctZ4HbpWef5haZAWU2BdCRCjJ6SINUU/sWofFiHAxrGDDX72VHDZkEzLvoIB+YP+caezLe/eu7kbEjVWpL74+8VnfEJRsAAAAAAAA=
2025-04-10 17:46:36 [main] INFO  API_TEST - Updated Request Body after adding authorizationString for authorizationId: 1526fa6a-4388-4234-99e5-846ba2c6e328: 
{
  "requestTrace" : "59800b51-a6a0-4c6e-b7ad-92612a21824a",
  "requestDateTime" : "2025-04-10T17:46:36.013654+07:00",
  "requestParameters" : {
    "data" : {
      "sourceAccountNumber" : "80061959",
      "transaction" : {
        "transactionTraceNumber" : "TRACE1744281996013311",
        "transactionType" : "CITAD",
        "beneficiary" : {
          "citad" : {
            "bank" : {
              "citadCode" : "01201001"
            },
            "target" : {
              "account" : {
                "accountNumber" : "1015699329",
                "beneficiaryName" : "NGUYEN VAN C"
              }
            }
          }
        },
        "amount" : {
          "sourceCurrency" : "VND",
          "targetCurrency" : "VND",
          "amount" : "200000",
          "exchangeRate" : "1",
          "exchangeAmount" : "200000"
        },
        "remarks" : "Chi don "
      }
    },
    "authorizations" : [ {
      "authorizationString" : "MIAGCSqGSIb3DQEHAqCAMIACAQExCzAJBgUrDgMCGgUAMIAGCSqGSIb3DQEHAaCAJIAEgYBlADMANgBkAGQANgBlAGMAYgAyADEANQA1AGUANwBhAGYAMQBkADgAMQA1ADIANgAzADYAMgAwADYANQBiADYAMwAzADgAYQBiADEAYQA3ADkANgAwAGQAMgAwAGMAZABhAGUAYwBlAGEAYQBkAGEAYgA2AGIAYgBiADYANAA5AAAAAAAAAKCAMIIDRDCCAiygAwIBAgIEY4V5pDANBgkqhkiG9w0BAQsFADBkMQswCQYDVQQGEwJWTjEMMAoGA1UECAwDSENNMQwwCgYDVQQHDANIQ00xDDAKBgNVBAoMA0FDQjESMBAGA1UECwwJSVQgLSBEVktOMRcwFQYDVQQDDA5DdW9uZyBQaGFtIEExMDAeFw0yMjExMjkwMzE2NTJaFw0zMjExMjkwMzE2NTJaMGQxCzAJBgNVBAYTAlZOMQwwCgYDVQQIDANIQ00xDDAKBgNVBAcMA0hDTTEMMAoGA1UECgwDQUNCMRIwEAYDVQQLDAlJVCAtIERWS04xFzAVBgNVBAMMDkN1b25nIFBoYW0gQTEwMIIBIjANBgkqhkiG9w0BAQEFAAOCAQ8AMIIBCgKCAQEAiNUdY2zCxZnyFHO81b2OQAqW5rHylxlD+kLVDcwMUtSYEVVdxOtVK0fWni8e+9dz6wXuJI6bs/NgsLl4jPZVfzzLhDstrc8fWj0+BdIoQJe9CZuew8GLQc/pZ0mTH97ol6GWezL97ODZpf7PSsrA0b9UCV9n1PnAmBb7sM2AiEJy/ZuqSkPe0b8KRnyuE0ED94ScVoaiz6axYVISeF7QPRH00Gvi4fdJCdTiFlukp/0i9ZuhJxDO0JZ1eZlj2YI80vPo6WHeMDKeJ4JP2WPc4hfh8knNg+iKH2AoX2Co8T8DUhJjNDfFy6vO2Ej7B2qxZ4xXr+nSpcRdX1r0M3sr9QIDAQABMA0GCSqGSIb3DQEBCwUAA4IBAQBAXikxeNOzMknfMZsJg+vXUsMy5KXF2Jf5xm1FCRCbBVxmZXE1+6njsGaCixS1Lpi4/KbfwQ6XC1k8Dv40Pd6Koscnx5BuSjkLYkFFMlzHdchmLTJxrn86c6UMnb/MUXoQtqJ3bYBdwlc//YDc3XVKBDsOipZ0QY8zDpsz/4GaRQ3ua3UL2VyD94u1WKUB7JYPCxeRcDDgszLExOQ6FOHFGvZiF+yrQLXfYpktg4cgBXx4J6cDlvha8YBDM1DYX6sLwDy2XixDlACLtNxcRODC3rpVS/bSHC4WQkfTadwfkHoFB6iBm22P4KdxcHV2VP5YnHJ/Vaza4ghv/fEgxIWLAAAxggIeMIICGgIBATBsMGQxCzAJBgNVBAYTAlZOMQwwCgYDVQQIDANIQ00xDDAKBgNVBAcMA0hDTTEMMAoGA1UECgwDQUNCMRIwEAYDVQQLDAlJVCAtIERWS04xFzAVBgNVBAMMDkN1b25nIFBoYW0gQTEwAgRjhXmkMAkGBSsOAwIaBQCggYgwGAYJKoZIhvcNAQkDMQsGCSqGSIb3DQEHATAcBgkqhkiG9w0BCQUxDxcNMjUwNDEwMTA0NjM2WjAjBgkqhkiG9w0BCQQxFgQUCeGYhLOqeDqCetpeGkN2hLB2gDMwKQYJKoZIhvcNAQk0MRwwGjAJBgUrDgMCGgUAoQ0GCSqGSIb3DQEBAQUAMA0GCSqGSIb3DQEBAQUABIIBADjqtRmztq1ZsMuXrkpu6MVazlnI8ZPBT8L+EAO6v1sq+V6hlKyGIZ1QWkHppw62vQmmaBVkUdMLPsNEeEL78rV+g4X1RF6jCeztF6/VJGUi29gmNNyvkO77M1844tPuNzVODA/M8Ah7YTxDAI3MIFrxn+gssS1bYiTldj10dxL8RBMnsimvlnIafGJnEW0+39AOwEDg4q97o0ppG+r9PRLjNzbSfMw2qnHUdk4B/mTTg5x6UQnj3Nags6ctZ4HbpWef5haZAWU2BdCRCjJ6SINUU/sWofFiHAxrGDDX72VHDZkEzLvoIB+YP+caezLe/eu7kbEjVWpL74+8VnfEJRsAAAAAAAA=",
      "authorizationId" : "1526fa6a-4388-4234-99e5-846ba2c6e328"
    }, {
      "authorizationString" : "",
      "authorizationId" : "72d9c963-4a20-40f3-bef1-9b773369826b"
    } ]
  }
}
2025-04-10 17:46:36 [main] INFO  API_TEST - Generating authorizationString for authorizationId: 72d9c963-4a20-40f3-bef1-9b773369826b
2025-04-10 17:46:36 [main] INFO  API_TEST - Base64 Data: eyJzb3VyY2VBY2NvdW50TnVtYmVyIjoiODAwNjE5NTkiLCJ0cmFuc2FjdGlvbiI6eyJ0cmFuc2FjdGlvblRyYWNlTnVtYmVyIjoiVFJBQ0UxNzQ0MjgxOTk2MDEzMzExIiwidHJhbnNhY3Rpb25UeXBlIjoiQ0lUQUQiLCJiZW5lZmljaWFyeSI6eyJjaXRhZCI6eyJiYW5rIjp7ImNpdGFkQ29kZSI6IjAxMjAxMDAxIn0sInRhcmdldCI6eyJhY2NvdW50Ijp7ImFjY291bnROdW1iZXIiOiIxMDE1Njk5MzI5IiwiYmVuZWZpY2lhcnlOYW1lIjoiTkdVWUVOIFZBTiBDIn19fX0sImFtb3VudCI6eyJzb3VyY2VDdXJyZW5jeSI6IlZORCIsInRhcmdldEN1cnJlbmN5IjoiVk5EIiwiYW1vdW50IjoiMjAwMDAwIiwiZXhjaGFuZ2VSYXRlIjoiMSIsImV4Y2hhbmdlQW1vdW50IjoiMjAwMDAwIn0sInJlbWFya3MiOiJDaGkgZG9uICJ9fQ==
2025-04-10 17:46:36 [main] INFO  API_TEST - SHA-256 Hex Data: e36dd6ecb2155e7af1d81526362065b6338ab1a7960d20cdaeceaadab6bbb649
2025-04-10 17:46:36 [main] INFO  API_TEST - Generated Signature for cuong pham b10: MIAGCSqGSIb3DQEHAqCAMIACAQExCzAJBgUrDgMCGgUAMIAGCSqGSIb3DQEHAaCAJIAEgYBlADMANgBkAGQANgBlAGMAYgAyADEANQA1AGUANwBhAGYAMQBkADgAMQA1ADIANgAzADYAMgAwADYANQBiADYAMwAzADgAYQBiADEAYQA3ADkANgAwAGQAMgAwAGMAZABhAGUAYwBlAGEAYQBkAGEAYgA2AGIAYgBiADYANAA5AAAAAAAAAKCAMIIDRDCCAiygAwIBAgIEY4V53jANBgkqhkiG9w0BAQsFADBkMQswCQYDVQQGEwJWTjEMMAoGA1UECAwDSENNMQwwCgYDVQQHDANIQ00xDDAKBgNVBAoMA0FDQjESMBAGA1UECwwJSVQgLSBEVktOMRcwFQYDVQQDDA5DdW9uZyBQaGFtIEIxMDAeFw0yMjExMjkwMzE3NTBaFw0zMjExMjkwMzE3NTBaMGQxCzAJBgNVBAYTAlZOMQwwCgYDVQQIDANIQ00xDDAKBgNVBAcMA0hDTTEMMAoGA1UECgwDQUNCMRIwEAYDVQQLDAlJVCAtIERWS04xFzAVBgNVBAMMDkN1b25nIFBoYW0gQjEwMIIBIjANBgkqhkiG9w0BAQEFAAOCAQ8AMIIBCgKCAQEAorTh+kRlrLfQSt/ZqHxTDlPZaqzJFDWYgybIn95f21WnQYZeQJBNAE9N+aEZlLXT8pcPy3fkfUVdc34NEI1GDCcXxa9EdBPupFFiW+1rU9Do0I12x6VqWDvEj+7YVW8Gd/0kn7AY5YfqjSVPpa7+I69kpa/vHqo8HBjkl97j16nSO1sYj3aN2v2XYInac5TiIouykdxlv3b2y+iTf5KTnqus/9w5IUn33zNJ42A8woZW4SD7Lcv0ZxL6JiX59wKz90nRWeTAxi+Bf4wMYV9y0WzzNaLAnbmThoyjWcL11IHIJWLV1UqV30X9m4hvfI/zDIUIhdXu1WIlvBXDDn4f9QIDAQABMA0GCSqGSIb3DQEBCwUAA4IBAQBjAzbybbHskE2gogcTwUHvkKgJRcP/vAJgTLpeytB4pIdscLmeKDMwQCqGxYDC90kvmtRtWfSfeu3aUDA2ICtTQLvryDgvhlXqQ1PXAT7jSp2/XO1Ips4wNBPDazrgX9pVNCk1itiO1bx+fMPLtliyAxbDOkRt3CWFFgo2pimLCgyQeUY2QqpRmNP7HK0MYlIVJW2u0YeI/QH4KTjj0vLdDte6byz5TTaa0zi2z4Rr303rrmmia5zw8674plWyLJU6GHzC+PrAe14DfzFA4cK2Ip8Ya7eicrCWk1/DM+HKKR0253WIoi8o5yMs0q5JJSM7lvFpYLu+sYtRXl5Pm1L6AAAxggIeMIICGgIBATBsMGQxCzAJBgNVBAYTAlZOMQwwCgYDVQQIDANIQ00xDDAKBgNVBAcMA0hDTTEMMAoGA1UECgwDQUNCMRIwEAYDVQQLDAlJVCAtIERWS04xFzAVBgNVBAMMDkN1b25nIFBoYW0gQjEwAgRjhXneMAkGBSsOAwIaBQCggYgwGAYJKoZIhvcNAQkDMQsGCSqGSIb3DQEHATAcBgkqhkiG9w0BCQUxDxcNMjUwNDEwMTA0NjM2WjAjBgkqhkiG9w0BCQQxFgQUCeGYhLOqeDqCetpeGkN2hLB2gDMwKQYJKoZIhvcNAQk0MRwwGjAJBgUrDgMCGgUAoQ0GCSqGSIb3DQEBAQUAMA0GCSqGSIb3DQEBAQUABIIBAD0cKQu3r44qfYN237m8yT0jTJvMk7Aw8tza7TwkjbVSD54CfKNfaKqAyvm3jCoMDDzQBwp6Kv/4sUfXLcyI1qzLdLXEyK9LoBaYLnnZ/SDhxkEuk+1d022dsQfBXRh+8PB6SJitTzrQRwx1min/y1NzfE5XFRbihNh8bottTW68juM8mbXbMVPa+SVRIEvzGoNHYuaa0EXedL5uKPwT2hsoQy7PR5F51wK/IsFqNsZQQ0y6dr+D1T5dMulAOy5Pg7zNINNgV9Vgo7l3J3ksQTMOifPmERj569l6qFxtUdYnt/xqypa+7kOzmi2HiYeFrV5h2K49F4l9MOQnQDLlvAAAAAAAAAA=
2025-04-10 17:46:36 [main] INFO  API_TEST - Updated Request Body after adding authorizationString for authorizationId: 72d9c963-4a20-40f3-bef1-9b773369826b: 
{
  "requestTrace" : "59800b51-a6a0-4c6e-b7ad-92612a21824a",
  "requestDateTime" : "2025-04-10T17:46:36.013654+07:00",
  "requestParameters" : {
    "data" : {
      "sourceAccountNumber" : "80061959",
      "transaction" : {
        "transactionTraceNumber" : "TRACE1744281996013311",
        "transactionType" : "CITAD",
        "beneficiary" : {
          "citad" : {
            "bank" : {
              "citadCode" : "01201001"
            },
            "target" : {
              "account" : {
                "accountNumber" : "1015699329",
                "beneficiaryName" : "NGUYEN VAN C"
              }
            }
          }
        },
        "amount" : {
          "sourceCurrency" : "VND",
          "targetCurrency" : "VND",
          "amount" : "200000",
          "exchangeRate" : "1",
          "exchangeAmount" : "200000"
        },
        "remarks" : "Chi don "
      }
    },
    "authorizations" : [ {
      "authorizationString" : "MIAGCSqGSIb3DQEHAqCAMIACAQExCzAJBgUrDgMCGgUAMIAGCSqGSIb3DQEHAaCAJIAEgYBlADMANgBkAGQANgBlAGMAYgAyADEANQA1AGUANwBhAGYAMQBkADgAMQA1ADIANgAzADYAMgAwADYANQBiADYAMwAzADgAYQBiADEAYQA3ADkANgAwAGQAMgAwAGMAZABhAGUAYwBlAGEAYQBkAGEAYgA2AGIAYgBiADYANAA5AAAAAAAAAKCAMIIDRDCCAiygAwIBAgIEY4V5pDANBgkqhkiG9w0BAQsFADBkMQswCQYDVQQGEwJWTjEMMAoGA1UECAwDSENNMQwwCgYDVQQHDANIQ00xDDAKBgNVBAoMA0FDQjESMBAGA1UECwwJSVQgLSBEVktOMRcwFQYDVQQDDA5DdW9uZyBQaGFtIEExMDAeFw0yMjExMjkwMzE2NTJaFw0zMjExMjkwMzE2NTJaMGQxCzAJBgNVBAYTAlZOMQwwCgYDVQQIDANIQ00xDDAKBgNVBAcMA0hDTTEMMAoGA1UECgwDQUNCMRIwEAYDVQQLDAlJVCAtIERWS04xFzAVBgNVBAMMDkN1b25nIFBoYW0gQTEwMIIBIjANBgkqhkiG9w0BAQEFAAOCAQ8AMIIBCgKCAQEAiNUdY2zCxZnyFHO81b2OQAqW5rHylxlD+kLVDcwMUtSYEVVdxOtVK0fWni8e+9dz6wXuJI6bs/NgsLl4jPZVfzzLhDstrc8fWj0+BdIoQJe9CZuew8GLQc/pZ0mTH97ol6GWezL97ODZpf7PSsrA0b9UCV9n1PnAmBb7sM2AiEJy/ZuqSkPe0b8KRnyuE0ED94ScVoaiz6axYVISeF7QPRH00Gvi4fdJCdTiFlukp/0i9ZuhJxDO0JZ1eZlj2YI80vPo6WHeMDKeJ4JP2WPc4hfh8knNg+iKH2AoX2Co8T8DUhJjNDfFy6vO2Ej7B2qxZ4xXr+nSpcRdX1r0M3sr9QIDAQABMA0GCSqGSIb3DQEBCwUAA4IBAQBAXikxeNOzMknfMZsJg+vXUsMy5KXF2Jf5xm1FCRCbBVxmZXE1+6njsGaCixS1Lpi4/KbfwQ6XC1k8Dv40Pd6Koscnx5BuSjkLYkFFMlzHdchmLTJxrn86c6UMnb/MUXoQtqJ3bYBdwlc//YDc3XVKBDsOipZ0QY8zDpsz/4GaRQ3ua3UL2VyD94u1WKUB7JYPCxeRcDDgszLExOQ6FOHFGvZiF+yrQLXfYpktg4cgBXx4J6cDlvha8YBDM1DYX6sLwDy2XixDlACLtNxcRODC3rpVS/bSHC4WQkfTadwfkHoFB6iBm22P4KdxcHV2VP5YnHJ/Vaza4ghv/fEgxIWLAAAxggIeMIICGgIBATBsMGQxCzAJBgNVBAYTAlZOMQwwCgYDVQQIDANIQ00xDDAKBgNVBAcMA0hDTTEMMAoGA1UECgwDQUNCMRIwEAYDVQQLDAlJVCAtIERWS04xFzAVBgNVBAMMDkN1b25nIFBoYW0gQTEwAgRjhXmkMAkGBSsOAwIaBQCggYgwGAYJKoZIhvcNAQkDMQsGCSqGSIb3DQEHATAcBgkqhkiG9w0BCQUxDxcNMjUwNDEwMTA0NjM2WjAjBgkqhkiG9w0BCQQxFgQUCeGYhLOqeDqCetpeGkN2hLB2gDMwKQYJKoZIhvcNAQk0MRwwGjAJBgUrDgMCGgUAoQ0GCSqGSIb3DQEBAQUAMA0GCSqGSIb3DQEBAQUABIIBADjqtRmztq1ZsMuXrkpu6MVazlnI8ZPBT8L+EAO6v1sq+V6hlKyGIZ1QWkHppw62vQmmaBVkUdMLPsNEeEL78rV+g4X1RF6jCeztF6/VJGUi29gmNNyvkO77M1844tPuNzVODA/M8Ah7YTxDAI3MIFrxn+gssS1bYiTldj10dxL8RBMnsimvlnIafGJnEW0+39AOwEDg4q97o0ppG+r9PRLjNzbSfMw2qnHUdk4B/mTTg5x6UQnj3Nags6ctZ4HbpWef5haZAWU2BdCRCjJ6SINUU/sWofFiHAxrGDDX72VHDZkEzLvoIB+YP+caezLe/eu7kbEjVWpL74+8VnfEJRsAAAAAAAA=",
      "authorizationId" : "1526fa6a-4388-4234-99e5-846ba2c6e328"
    }, {
      "authorizationString" : "MIAGCSqGSIb3DQEHAqCAMIACAQExCzAJBgUrDgMCGgUAMIAGCSqGSIb3DQEHAaCAJIAEgYBlADMANgBkAGQANgBlAGMAYgAyADEANQA1AGUANwBhAGYAMQBkADgAMQA1ADIANgAzADYAMgAwADYANQBiADYAMwAzADgAYQBiADEAYQA3ADkANgAwAGQAMgAwAGMAZABhAGUAYwBlAGEAYQBkAGEAYgA2AGIAYgBiADYANAA5AAAAAAAAAKCAMIIDRDCCAiygAwIBAgIEY4V53jANBgkqhkiG9w0BAQsFADBkMQswCQYDVQQGEwJWTjEMMAoGA1UECAwDSENNMQwwCgYDVQQHDANIQ00xDDAKBgNVBAoMA0FDQjESMBAGA1UECwwJSVQgLSBEVktOMRcwFQYDVQQDDA5DdW9uZyBQaGFtIEIxMDAeFw0yMjExMjkwMzE3NTBaFw0zMjExMjkwMzE3NTBaMGQxCzAJBgNVBAYTAlZOMQwwCgYDVQQIDANIQ00xDDAKBgNVBAcMA0hDTTEMMAoGA1UECgwDQUNCMRIwEAYDVQQLDAlJVCAtIERWS04xFzAVBgNVBAMMDkN1b25nIFBoYW0gQjEwMIIBIjANBgkqhkiG9w0BAQEFAAOCAQ8AMIIBCgKCAQEAorTh+kRlrLfQSt/ZqHxTDlPZaqzJFDWYgybIn95f21WnQYZeQJBNAE9N+aEZlLXT8pcPy3fkfUVdc34NEI1GDCcXxa9EdBPupFFiW+1rU9Do0I12x6VqWDvEj+7YVW8Gd/0kn7AY5YfqjSVPpa7+I69kpa/vHqo8HBjkl97j16nSO1sYj3aN2v2XYInac5TiIouykdxlv3b2y+iTf5KTnqus/9w5IUn33zNJ42A8woZW4SD7Lcv0ZxL6JiX59wKz90nRWeTAxi+Bf4wMYV9y0WzzNaLAnbmThoyjWcL11IHIJWLV1UqV30X9m4hvfI/zDIUIhdXu1WIlvBXDDn4f9QIDAQABMA0GCSqGSIb3DQEBCwUAA4IBAQBjAzbybbHskE2gogcTwUHvkKgJRcP/vAJgTLpeytB4pIdscLmeKDMwQCqGxYDC90kvmtRtWfSfeu3aUDA2ICtTQLvryDgvhlXqQ1PXAT7jSp2/XO1Ips4wNBPDazrgX9pVNCk1itiO1bx+fMPLtliyAxbDOkRt3CWFFgo2pimLCgyQeUY2QqpRmNP7HK0MYlIVJW2u0YeI/QH4KTjj0vLdDte6byz5TTaa0zi2z4Rr303rrmmia5zw8674plWyLJU6GHzC+PrAe14DfzFA4cK2Ip8Ya7eicrCWk1/DM+HKKR0253WIoi8o5yMs0q5JJSM7lvFpYLu+sYtRXl5Pm1L6AAAxggIeMIICGgIBATBsMGQxCzAJBgNVBAYTAlZOMQwwCgYDVQQIDANIQ00xDDAKBgNVBAcMA0hDTTEMMAoGA1UECgwDQUNCMRIwEAYDVQQLDAlJVCAtIERWS04xFzAVBgNVBAMMDkN1b25nIFBoYW0gQjEwAgRjhXneMAkGBSsOAwIaBQCggYgwGAYJKoZIhvcNAQkDMQsGCSqGSIb3DQEHATAcBgkqhkiG9w0BCQUxDxcNMjUwNDEwMTA0NjM2WjAjBgkqhkiG9w0BCQQxFgQUCeGYhLOqeDqCetpeGkN2hLB2gDMwKQYJKoZIhvcNAQk0MRwwGjAJBgUrDgMCGgUAoQ0GCSqGSIb3DQEBAQUAMA0GCSqGSIb3DQEBAQUABIIBAD0cKQu3r44qfYN237m8yT0jTJvMk7Aw8tza7TwkjbVSD54CfKNfaKqAyvm3jCoMDDzQBwp6Kv/4sUfXLcyI1qzLdLXEyK9LoBaYLnnZ/SDhxkEuk+1d022dsQfBXRh+8PB6SJitTzrQRwx1min/y1NzfE5XFRbihNh8bottTW68juM8mbXbMVPa+SVRIEvzGoNHYuaa0EXedL5uKPwT2hsoQy7PR5F51wK/IsFqNsZQQ0y6dr+D1T5dMulAOy5Pg7zNINNgV9Vgo7l3J3ksQTMOifPmERj569l6qFxtUdYnt/xqypa+7kOzmi2HiYeFrV5h2K49F4l9MOQnQDLlvAAAAAAAAAA=",
      "authorizationId" : "72d9c963-4a20-40f3-bef1-9b773369826b"
    } ]
  }
}
2025-04-10 17:46:36 [main] INFO  API_TEST - Sending Payment Order Request Body: 
{
  "requestTrace" : "59800b51-a6a0-4c6e-b7ad-92612a21824a",
  "requestDateTime" : "2025-04-10T17:46:36.013654+07:00",
  "requestParameters" : {
    "data" : {
      "sourceAccountNumber" : "80061959",
      "transaction" : {
        "transactionTraceNumber" : "TRACE1744281996013311",
        "transactionType" : "CITAD",
        "beneficiary" : {
          "citad" : {
            "bank" : {
              "citadCode" : "01201001"
            },
            "target" : {
              "account" : {
                "accountNumber" : "1015699329",
                "beneficiaryName" : "NGUYEN VAN C"
              }
            }
          }
        },
        "amount" : {
          "sourceCurrency" : "VND",
          "targetCurrency" : "VND",
          "amount" : "200000",
          "exchangeRate" : "1",
          "exchangeAmount" : "200000"
        },
        "remarks" : "Chi don "
      }
    },
    "authorizations" : [ {
      "authorizationString" : "MIAGCSqGSIb3DQEHAqCAMIACAQExCzAJBgUrDgMCGgUAMIAGCSqGSIb3DQEHAaCAJIAEgYBlADMANgBkAGQANgBlAGMAYgAyADEANQA1AGUANwBhAGYAMQBkADgAMQA1ADIANgAzADYAMgAwADYANQBiADYAMwAzADgAYQBiADEAYQA3ADkANgAwAGQAMgAwAGMAZABhAGUAYwBlAGEAYQBkAGEAYgA2AGIAYgBiADYANAA5AAAAAAAAAKCAMIIDRDCCAiygAwIBAgIEY4V5pDANBgkqhkiG9w0BAQsFADBkMQswCQYDVQQGEwJWTjEMMAoGA1UECAwDSENNMQwwCgYDVQQHDANIQ00xDDAKBgNVBAoMA0FDQjESMBAGA1UECwwJSVQgLSBEVktOMRcwFQYDVQQDDA5DdW9uZyBQaGFtIEExMDAeFw0yMjExMjkwMzE2NTJaFw0zMjExMjkwMzE2NTJaMGQxCzAJBgNVBAYTAlZOMQwwCgYDVQQIDANIQ00xDDAKBgNVBAcMA0hDTTEMMAoGA1UECgwDQUNCMRIwEAYDVQQLDAlJVCAtIERWS04xFzAVBgNVBAMMDkN1b25nIFBoYW0gQTEwMIIBIjANBgkqhkiG9w0BAQEFAAOCAQ8AMIIBCgKCAQEAiNUdY2zCxZnyFHO81b2OQAqW5rHylxlD+kLVDcwMUtSYEVVdxOtVK0fWni8e+9dz6wXuJI6bs/NgsLl4jPZVfzzLhDstrc8fWj0+BdIoQJe9CZuew8GLQc/pZ0mTH97ol6GWezL97ODZpf7PSsrA0b9UCV9n1PnAmBb7sM2AiEJy/ZuqSkPe0b8KRnyuE0ED94ScVoaiz6axYVISeF7QPRH00Gvi4fdJCdTiFlukp/0i9ZuhJxDO0JZ1eZlj2YI80vPo6WHeMDKeJ4JP2WPc4hfh8knNg+iKH2AoX2Co8T8DUhJjNDfFy6vO2Ej7B2qxZ4xXr+nSpcRdX1r0M3sr9QIDAQABMA0GCSqGSIb3DQEBCwUAA4IBAQBAXikxeNOzMknfMZsJg+vXUsMy5KXF2Jf5xm1FCRCbBVxmZXE1+6njsGaCixS1Lpi4/KbfwQ6XC1k8Dv40Pd6Koscnx5BuSjkLYkFFMlzHdchmLTJxrn86c6UMnb/MUXoQtqJ3bYBdwlc//YDc3XVKBDsOipZ0QY8zDpsz/4GaRQ3ua3UL2VyD94u1WKUB7JYPCxeRcDDgszLExOQ6FOHFGvZiF+yrQLXfYpktg4cgBXx4J6cDlvha8YBDM1DYX6sLwDy2XixDlACLtNxcRODC3rpVS/bSHC4WQkfTadwfkHoFB6iBm22P4KdxcHV2VP5YnHJ/Vaza4ghv/fEgxIWLAAAxggIeMIICGgIBATBsMGQxCzAJBgNVBAYTAlZOMQwwCgYDVQQIDANIQ00xDDAKBgNVBAcMA0hDTTEMMAoGA1UECgwDQUNCMRIwEAYDVQQLDAlJVCAtIERWS04xFzAVBgNVBAMMDkN1b25nIFBoYW0gQTEwAgRjhXmkMAkGBSsOAwIaBQCggYgwGAYJKoZIhvcNAQkDMQsGCSqGSIb3DQEHATAcBgkqhkiG9w0BCQUxDxcNMjUwNDEwMTA0NjM2WjAjBgkqhkiG9w0BCQQxFgQUCeGYhLOqeDqCetpeGkN2hLB2gDMwKQYJKoZIhvcNAQk0MRwwGjAJBgUrDgMCGgUAoQ0GCSqGSIb3DQEBAQUAMA0GCSqGSIb3DQEBAQUABIIBADjqtRmztq1ZsMuXrkpu6MVazlnI8ZPBT8L+EAO6v1sq+V6hlKyGIZ1QWkHppw62vQmmaBVkUdMLPsNEeEL78rV+g4X1RF6jCeztF6/VJGUi29gmNNyvkO77M1844tPuNzVODA/M8Ah7YTxDAI3MIFrxn+gssS1bYiTldj10dxL8RBMnsimvlnIafGJnEW0+39AOwEDg4q97o0ppG+r9PRLjNzbSfMw2qnHUdk4B/mTTg5x6UQnj3Nags6ctZ4HbpWef5haZAWU2BdCRCjJ6SINUU/sWofFiHAxrGDDX72VHDZkEzLvoIB+YP+caezLe/eu7kbEjVWpL74+8VnfEJRsAAAAAAAA=",
      "authorizationId" : "1526fa6a-4388-4234-99e5-846ba2c6e328"
    }, {
      "authorizationString" : "MIAGCSqGSIb3DQEHAqCAMIACAQExCzAJBgUrDgMCGgUAMIAGCSqGSIb3DQEHAaCAJIAEgYBlADMANgBkAGQANgBlAGMAYgAyADEANQA1AGUANwBhAGYAMQBkADgAMQA1ADIANgAzADYAMgAwADYANQBiADYAMwAzADgAYQBiADEAYQA3ADkANgAwAGQAMgAwAGMAZABhAGUAYwBlAGEAYQBkAGEAYgA2AGIAYgBiADYANAA5AAAAAAAAAKCAMIIDRDCCAiygAwIBAgIEY4V53jANBgkqhkiG9w0BAQsFADBkMQswCQYDVQQGEwJWTjEMMAoGA1UECAwDSENNMQwwCgYDVQQHDANIQ00xDDAKBgNVBAoMA0FDQjESMBAGA1UECwwJSVQgLSBEVktOMRcwFQYDVQQDDA5DdW9uZyBQaGFtIEIxMDAeFw0yMjExMjkwMzE3NTBaFw0zMjExMjkwMzE3NTBaMGQxCzAJBgNVBAYTAlZOMQwwCgYDVQQIDANIQ00xDDAKBgNVBAcMA0hDTTEMMAoGA1UECgwDQUNCMRIwEAYDVQQLDAlJVCAtIERWS04xFzAVBgNVBAMMDkN1b25nIFBoYW0gQjEwMIIBIjANBgkqhkiG9w0BAQEFAAOCAQ8AMIIBCgKCAQEAorTh+kRlrLfQSt/ZqHxTDlPZaqzJFDWYgybIn95f21WnQYZeQJBNAE9N+aEZlLXT8pcPy3fkfUVdc34NEI1GDCcXxa9EdBPupFFiW+1rU9Do0I12x6VqWDvEj+7YVW8Gd/0kn7AY5YfqjSVPpa7+I69kpa/vHqo8HBjkl97j16nSO1sYj3aN2v2XYInac5TiIouykdxlv3b2y+iTf5KTnqus/9w5IUn33zNJ42A8woZW4SD7Lcv0ZxL6JiX59wKz90nRWeTAxi+Bf4wMYV9y0WzzNaLAnbmThoyjWcL11IHIJWLV1UqV30X9m4hvfI/zDIUIhdXu1WIlvBXDDn4f9QIDAQABMA0GCSqGSIb3DQEBCwUAA4IBAQBjAzbybbHskE2gogcTwUHvkKgJRcP/vAJgTLpeytB4pIdscLmeKDMwQCqGxYDC90kvmtRtWfSfeu3aUDA2ICtTQLvryDgvhlXqQ1PXAT7jSp2/XO1Ips4wNBPDazrgX9pVNCk1itiO1bx+fMPLtliyAxbDOkRt3CWFFgo2pimLCgyQeUY2QqpRmNP7HK0MYlIVJW2u0YeI/QH4KTjj0vLdDte6byz5TTaa0zi2z4Rr303rrmmia5zw8674plWyLJU6GHzC+PrAe14DfzFA4cK2Ip8Ya7eicrCWk1/DM+HKKR0253WIoi8o5yMs0q5JJSM7lvFpYLu+sYtRXl5Pm1L6AAAxggIeMIICGgIBATBsMGQxCzAJBgNVBAYTAlZOMQwwCgYDVQQIDANIQ00xDDAKBgNVBAcMA0hDTTEMMAoGA1UECgwDQUNCMRIwEAYDVQQLDAlJVCAtIERWS04xFzAVBgNVBAMMDkN1b25nIFBoYW0gQjEwAgRjhXneMAkGBSsOAwIaBQCggYgwGAYJKoZIhvcNAQkDMQsGCSqGSIb3DQEHATAcBgkqhkiG9w0BCQUxDxcNMjUwNDEwMTA0NjM2WjAjBgkqhkiG9w0BCQQxFgQUCeGYhLOqeDqCetpeGkN2hLB2gDMwKQYJKoZIhvcNAQk0MRwwGjAJBgUrDgMCGgUAoQ0GCSqGSIb3DQEBAQUAMA0GCSqGSIb3DQEBAQUABIIBAD0cKQu3r44qfYN237m8yT0jTJvMk7Aw8tza7TwkjbVSD54CfKNfaKqAyvm3jCoMDDzQBwp6Kv/4sUfXLcyI1qzLdLXEyK9LoBaYLnnZ/SDhxkEuk+1d022dsQfBXRh+8PB6SJitTzrQRwx1min/y1NzfE5XFRbihNh8bottTW68juM8mbXbMVPa+SVRIEvzGoNHYuaa0EXedL5uKPwT2hsoQy7PR5F51wK/IsFqNsZQQ0y6dr+D1T5dMulAOy5Pg7zNINNgV9Vgo7l3J3ksQTMOifPmERj569l6qFxtUdYnt/xqypa+7kOzmi2HiYeFrV5h2K49F4l9MOQnQDLlvAAAAAAAAAA=",
      "authorizationId" : "72d9c963-4a20-40f3-bef1-9b773369826b"
    } ]
  }
}
2025-04-10 17:46:36 [main] INFO  API_TEST - Sending Payment Order Request to: https://sandbox.acb.com.vn/acb/open/payments/payment-order/v2/transaction
2025-04-10 17:46:36 [main] INFO  API_TEST - Request Headers: io.restassured.internal.RequestSpecificationImpl@fd4459b
2025-04-10 17:46:36 [main] INFO  API_TEST - Request Body: 
{
  "requestTrace" : "59800b51-a6a0-4c6e-b7ad-92612a21824a",
  "requestDateTime" : "2025-04-10T17:46:36.013654+07:00",
  "requestParameters" : {
    "data" : {
      "sourceAccountNumber" : "80061959",
      "transaction" : {
        "transactionTraceNumber" : "TRACE1744281996013311",
        "transactionType" : "CITAD",
        "beneficiary" : {
          "citad" : {
            "bank" : {
              "citadCode" : "01201001"
            },
            "target" : {
              "account" : {
                "accountNumber" : "1015699329",
                "beneficiaryName" : "NGUYEN VAN C"
              }
            }
          }
        },
        "amount" : {
          "sourceCurrency" : "VND",
          "targetCurrency" : "VND",
          "amount" : "200000",
          "exchangeRate" : "1",
          "exchangeAmount" : "200000"
        },
        "remarks" : "Chi don "
      }
    },
    "authorizations" : [ {
      "authorizationString" : "MIAGCSqGSIb3DQEHAqCAMIACAQExCzAJBgUrDgMCGgUAMIAGCSqGSIb3DQEHAaCAJIAEgYBlADMANgBkAGQANgBlAGMAYgAyADEANQA1AGUANwBhAGYAMQBkADgAMQA1ADIANgAzADYAMgAwADYANQBiADYAMwAzADgAYQBiADEAYQA3ADkANgAwAGQAMgAwAGMAZABhAGUAYwBlAGEAYQBkAGEAYgA2AGIAYgBiADYANAA5AAAAAAAAAKCAMIIDRDCCAiygAwIBAgIEY4V5pDANBgkqhkiG9w0BAQsFADBkMQswCQYDVQQGEwJWTjEMMAoGA1UECAwDSENNMQwwCgYDVQQHDANIQ00xDDAKBgNVBAoMA0FDQjESMBAGA1UECwwJSVQgLSBEVktOMRcwFQYDVQQDDA5DdW9uZyBQaGFtIEExMDAeFw0yMjExMjkwMzE2NTJaFw0zMjExMjkwMzE2NTJaMGQxCzAJBgNVBAYTAlZOMQwwCgYDVQQIDANIQ00xDDAKBgNVBAcMA0hDTTEMMAoGA1UECgwDQUNCMRIwEAYDVQQLDAlJVCAtIERWS04xFzAVBgNVBAMMDkN1b25nIFBoYW0gQTEwMIIBIjANBgkqhkiG9w0BAQEFAAOCAQ8AMIIBCgKCAQEAiNUdY2zCxZnyFHO81b2OQAqW5rHylxlD+kLVDcwMUtSYEVVdxOtVK0fWni8e+9dz6wXuJI6bs/NgsLl4jPZVfzzLhDstrc8fWj0+BdIoQJe9CZuew8GLQc/pZ0mTH97ol6GWezL97ODZpf7PSsrA0b9UCV9n1PnAmBb7sM2AiEJy/ZuqSkPe0b8KRnyuE0ED94ScVoaiz6axYVISeF7QPRH00Gvi4fdJCdTiFlukp/0i9ZuhJxDO0JZ1eZlj2YI80vPo6WHeMDKeJ4JP2WPc4hfh8knNg+iKH2AoX2Co8T8DUhJjNDfFy6vO2Ej7B2qxZ4xXr+nSpcRdX1r0M3sr9QIDAQABMA0GCSqGSIb3DQEBCwUAA4IBAQBAXikxeNOzMknfMZsJg+vXUsMy5KXF2Jf5xm1FCRCbBVxmZXE1+6njsGaCixS1Lpi4/KbfwQ6XC1k8Dv40Pd6Koscnx5BuSjkLYkFFMlzHdchmLTJxrn86c6UMnb/MUXoQtqJ3bYBdwlc//YDc3XVKBDsOipZ0QY8zDpsz/4GaRQ3ua3UL2VyD94u1WKUB7JYPCxeRcDDgszLExOQ6FOHFGvZiF+yrQLXfYpktg4cgBXx4J6cDlvha8YBDM1DYX6sLwDy2XixDlACLtNxcRODC3rpVS/bSHC4WQkfTadwfkHoFB6iBm22P4KdxcHV2VP5YnHJ/Vaza4ghv/fEgxIWLAAAxggIeMIICGgIBATBsMGQxCzAJBgNVBAYTAlZOMQwwCgYDVQQIDANIQ00xDDAKBgNVBAcMA0hDTTEMMAoGA1UECgwDQUNCMRIwEAYDVQQLDAlJVCAtIERWS04xFzAVBgNVBAMMDkN1b25nIFBoYW0gQTEwAgRjhXmkMAkGBSsOAwIaBQCggYgwGAYJKoZIhvcNAQkDMQsGCSqGSIb3DQEHATAcBgkqhkiG9w0BCQUxDxcNMjUwNDEwMTA0NjM2WjAjBgkqhkiG9w0BCQQxFgQUCeGYhLOqeDqCetpeGkN2hLB2gDMwKQYJKoZIhvcNAQk0MRwwGjAJBgUrDgMCGgUAoQ0GCSqGSIb3DQEBAQUAMA0GCSqGSIb3DQEBAQUABIIBADjqtRmztq1ZsMuXrkpu6MVazlnI8ZPBT8L+EAO6v1sq+V6hlKyGIZ1QWkHppw62vQmmaBVkUdMLPsNEeEL78rV+g4X1RF6jCeztF6/VJGUi29gmNNyvkO77M1844tPuNzVODA/M8Ah7YTxDAI3MIFrxn+gssS1bYiTldj10dxL8RBMnsimvlnIafGJnEW0+39AOwEDg4q97o0ppG+r9PRLjNzbSfMw2qnHUdk4B/mTTg5x6UQnj3Nags6ctZ4HbpWef5haZAWU2BdCRCjJ6SINUU/sWofFiHAxrGDDX72VHDZkEzLvoIB+YP+caezLe/eu7kbEjVWpL74+8VnfEJRsAAAAAAAA=",
      "authorizationId" : "1526fa6a-4388-4234-99e5-846ba2c6e328"
    }, {
      "authorizationString" : "MIAGCSqGSIb3DQEHAqCAMIACAQExCzAJBgUrDgMCGgUAMIAGCSqGSIb3DQEHAaCAJIAEgYBlADMANgBkAGQANgBlAGMAYgAyADEANQA1AGUANwBhAGYAMQBkADgAMQA1ADIANgAzADYAMgAwADYANQBiADYAMwAzADgAYQBiADEAYQA3ADkANgAwAGQAMgAwAGMAZABhAGUAYwBlAGEAYQBkAGEAYgA2AGIAYgBiADYANAA5AAAAAAAAAKCAMIIDRDCCAiygAwIBAgIEY4V53jANBgkqhkiG9w0BAQsFADBkMQswCQYDVQQGEwJWTjEMMAoGA1UECAwDSENNMQwwCgYDVQQHDANIQ00xDDAKBgNVBAoMA0FDQjESMBAGA1UECwwJSVQgLSBEVktOMRcwFQYDVQQDDA5DdW9uZyBQaGFtIEIxMDAeFw0yMjExMjkwMzE3NTBaFw0zMjExMjkwMzE3NTBaMGQxCzAJBgNVBAYTAlZOMQwwCgYDVQQIDANIQ00xDDAKBgNVBAcMA0hDTTEMMAoGA1UECgwDQUNCMRIwEAYDVQQLDAlJVCAtIERWS04xFzAVBgNVBAMMDkN1b25nIFBoYW0gQjEwMIIBIjANBgkqhkiG9w0BAQEFAAOCAQ8AMIIBCgKCAQEAorTh+kRlrLfQSt/ZqHxTDlPZaqzJFDWYgybIn95f21WnQYZeQJBNAE9N+aEZlLXT8pcPy3fkfUVdc34NEI1GDCcXxa9EdBPupFFiW+1rU9Do0I12x6VqWDvEj+7YVW8Gd/0kn7AY5YfqjSVPpa7+I69kpa/vHqo8HBjkl97j16nSO1sYj3aN2v2XYInac5TiIouykdxlv3b2y+iTf5KTnqus/9w5IUn33zNJ42A8woZW4SD7Lcv0ZxL6JiX59wKz90nRWeTAxi+Bf4wMYV9y0WzzNaLAnbmThoyjWcL11IHIJWLV1UqV30X9m4hvfI/zDIUIhdXu1WIlvBXDDn4f9QIDAQABMA0GCSqGSIb3DQEBCwUAA4IBAQBjAzbybbHskE2gogcTwUHvkKgJRcP/vAJgTLpeytB4pIdscLmeKDMwQCqGxYDC90kvmtRtWfSfeu3aUDA2ICtTQLvryDgvhlXqQ1PXAT7jSp2/XO1Ips4wNBPDazrgX9pVNCk1itiO1bx+fMPLtliyAxbDOkRt3CWFFgo2pimLCgyQeUY2QqpRmNP7HK0MYlIVJW2u0YeI/QH4KTjj0vLdDte6byz5TTaa0zi2z4Rr303rrmmia5zw8674plWyLJU6GHzC+PrAe14DfzFA4cK2Ip8Ya7eicrCWk1/DM+HKKR0253WIoi8o5yMs0q5JJSM7lvFpYLu+sYtRXl5Pm1L6AAAxggIeMIICGgIBATBsMGQxCzAJBgNVBAYTAlZOMQwwCgYDVQQIDANIQ00xDDAKBgNVBAcMA0hDTTEMMAoGA1UECgwDQUNCMRIwEAYDVQQLDAlJVCAtIERWS04xFzAVBgNVBAMMDkN1b25nIFBoYW0gQjEwAgRjhXneMAkGBSsOAwIaBQCggYgwGAYJKoZIhvcNAQkDMQsGCSqGSIb3DQEHATAcBgkqhkiG9w0BCQUxDxcNMjUwNDEwMTA0NjM2WjAjBgkqhkiG9w0BCQQxFgQUCeGYhLOqeDqCetpeGkN2hLB2gDMwKQYJKoZIhvcNAQk0MRwwGjAJBgUrDgMCGgUAoQ0GCSqGSIb3DQEBAQUAMA0GCSqGSIb3DQEBAQUABIIBAD0cKQu3r44qfYN237m8yT0jTJvMk7Aw8tza7TwkjbVSD54CfKNfaKqAyvm3jCoMDDzQBwp6Kv/4sUfXLcyI1qzLdLXEyK9LoBaYLnnZ/SDhxkEuk+1d022dsQfBXRh+8PB6SJitTzrQRwx1min/y1NzfE5XFRbihNh8bottTW68juM8mbXbMVPa+SVRIEvzGoNHYuaa0EXedL5uKPwT2hsoQy7PR5F51wK/IsFqNsZQQ0y6dr+D1T5dMulAOy5Pg7zNINNgV9Vgo7l3J3ksQTMOifPmERj569l6qFxtUdYnt/xqypa+7kOzmi2HiYeFrV5h2K49F4l9MOQnQDLlvAAAAAAAAAA=",
      "authorizationId" : "72d9c963-4a20-40f3-bef1-9b773369826b"
    } ]
  }
}
Headers:		Authorization=Bearer eyJhbGciOiJSUzI1NiIsInR5cCIgOiAiSldUIiwia2lkIiA6ICIyTDR2cFBsXzVQRUY5clljdksxb3dWbkZYeW1GeklyT3VJN3NOZkhSUC1zIn0.eyJleHAiOjE3NDQzMTA3ODAsImlhdCI6MTc0NDI4MTk4MCwianRpIjoiNDgwNjk2YzEtNjAzNi00MTNkLTkwZmMtMGE5YzhiMGE3YTcwIiwiaXNzIjoiaHR0cHM6Ly9pZC5hY2Iudm4vYXV0aC9yZWFsbXMvc29iYSIsInN1YiI6ImQxNWJiYjNhLTgxNTEtNGVhOC1hYTM1LTAxMmJiZjJhZTc0OSIsInR5cCI6IkJlYXJlciIsImF6cCI6IjJmNGUxMzc5YWRkYjJjNmYwNTlkNTNmNjIyYjZiZjgwIiwic2Vzc2lvbl9zdGF0ZSI6IjEwZDFiMjcwLTk1ZTUtNDVjNy05NTY4LWU2ODA0ZTcyZTRlNiIsImFjciI6IjEiLCJzY29wZSI6InNlcnZpY2U6cGF5bWVudC1vcmRlciBzZXJ2aWNlOnZpcnR1YWwtYWNjb3VudCBzZXJ2aWNlOmJlbmVmaWNpYXJ5IHNlcnZpY2U6dHJhbnNhY3Rpb24taGlzdG9yeSBzZXJ2aWNlOmFjY291bnQtaW5mb3JtYXRpb24gc2VydmljZTp0cmFuc2FjdGlvbi1ub3RpZmljYXRpb24gc2VydmljZTphdXRoZW50aWNhdGlvbiBzZXJ2aWNlOmV3YWxsZXQgc29iYS1hcGkgc2VydmljZTptZXJjaGFudC1zb2x1dGlvbiIsImN1c3RvbWVyX3R5cGUiOiJPUkciLCJjbGllbnRJZCI6IjJmNGUxMzc5YWRkYjJjNmYwNTlkNTNmNjIyYjZiZjgwIiwiY2xpZW50SG9zdCI6IjEyNy4wLjAuMSIsImFjY291bnRfbWFqb3JzIjoiQ0siLCJzZXJ2aWNlX3Byb3ZpZGVyIjp0cnVlLCJhY2NvdW50X21pbm9ycyI6IkcwMTEiLCJjbGllbnRBZGRyZXNzIjoiMTI3LjAuMC4xIiwic2VnbWVudDEiOiJQSUtBIiwiZXdhbGxldF9zcCI6IlBJS0EiLCJjdXN0b21lcl9hY2NvdW50cyI6IjgwMDYxOTU5IiwicHJvdmlkZXJfaWQiOiJQSUtBIiwiY3VzdG9tZXJfaWQiOiI4MDExNzEiLCJwcm92aWRlcl9uYW1lIjoiUElLQSJ9.hxPm7xu2EsP4QLReFpw1sBxC-HY9lql30AC6VIrCRrAYa1Epfeq1qW0l24AeZN81Czj0diuKzLbsN3v8w0AeHYMwfTMrzMvzAbicYp8IRn7GHvFvA-PF4xYrMbZpEpvkXaO7EiiRh_QLCNatlQ_9VHAkAJLKBJUzV0quASF7mS731dnNVlrNrq5-S0GaasCpBto1C-zQdspJd42Uyg9rAUAbhBDInQG9nd8l9TplfiXybUhnRoNPTh2bgTmJeo5J5tK4QkPnt2Q6zzjQSugthMsRe7sIC4iBf2XA52aNBcVVUPDIr6DnFDyljp149MOrTOeTTBBFFlxzspuXu4tZBkzahIc5z7F9oHRmoFUJm1CkgAoeorfVsLzjUzLb2M7NGpNw3ZBweeBBv9tGCbLUcCkQ3yQ49gt_wU48467EFmkeJonjLTZ0MzwObNgGusXEcEb6LNPJXU0zX3EpP1pJDId6dgiILUb3Llq7SFJlCoacEIk_rF3ujjg6rg6RrPaJFyEhsB0avOXCUljxLLm2PWoE3cNw8Fkf_zxkdpaOKk5j301mZ5ZSPsnRlwCFTZJ2xIYzD5RmenaNop7H7-b-XmcjX4K14e3l5unApIbhWoL6LAAUPnOrMofpzDzClTEAq5h8Nd62p3AjsfBfPUluNuBn-ctH0XtK1bL6D9zQ2fM
				X-Channel=SOBA
				X-Client-ID=2f4e1379addb2c6f059d53f622b6bf80
				X-Provider-ID=PAYMENT-ORDER
				X-Request-ID=f4817513-7cb5-46d0-ab2d-b4c29ba4295b
				Accept=*/*
				Content-Type=application/json
Headers:		Authorization=Bearer eyJhbGciOiJSUzI1NiIsInR5cCIgOiAiSldUIiwia2lkIiA6ICIyTDR2cFBsXzVQRUY5clljdksxb3dWbkZYeW1GeklyT3VJN3NOZkhSUC1zIn0.eyJleHAiOjE3NDQzMTA3ODAsImlhdCI6MTc0NDI4MTk4MCwianRpIjoiNDgwNjk2YzEtNjAzNi00MTNkLTkwZmMtMGE5YzhiMGE3YTcwIiwiaXNzIjoiaHR0cHM6Ly9pZC5hY2Iudm4vYXV0aC9yZWFsbXMvc29iYSIsInN1YiI6ImQxNWJiYjNhLTgxNTEtNGVhOC1hYTM1LTAxMmJiZjJhZTc0OSIsInR5cCI6IkJlYXJlciIsImF6cCI6IjJmNGUxMzc5YWRkYjJjNmYwNTlkNTNmNjIyYjZiZjgwIiwic2Vzc2lvbl9zdGF0ZSI6IjEwZDFiMjcwLTk1ZTUtNDVjNy05NTY4LWU2ODA0ZTcyZTRlNiIsImFjciI6IjEiLCJzY29wZSI6InNlcnZpY2U6cGF5bWVudC1vcmRlciBzZXJ2aWNlOnZpcnR1YWwtYWNjb3VudCBzZXJ2aWNlOmJlbmVmaWNpYXJ5IHNlcnZpY2U6dHJhbnNhY3Rpb24taGlzdG9yeSBzZXJ2aWNlOmFjY291bnQtaW5mb3JtYXRpb24gc2VydmljZTp0cmFuc2FjdGlvbi1ub3RpZmljYXRpb24gc2VydmljZTphdXRoZW50aWNhdGlvbiBzZXJ2aWNlOmV3YWxsZXQgc29iYS1hcGkgc2VydmljZTptZXJjaGFudC1zb2x1dGlvbiIsImN1c3RvbWVyX3R5cGUiOiJPUkciLCJjbGllbnRJZCI6IjJmNGUxMzc5YWRkYjJjNmYwNTlkNTNmNjIyYjZiZjgwIiwiY2xpZW50SG9zdCI6IjEyNy4wLjAuMSIsImFjY291bnRfbWFqb3JzIjoiQ0siLCJzZXJ2aWNlX3Byb3ZpZGVyIjp0cnVlLCJhY2NvdW50X21pbm9ycyI6IkcwMTEiLCJjbGllbnRBZGRyZXNzIjoiMTI3LjAuMC4xIiwic2VnbWVudDEiOiJQSUtBIiwiZXdhbGxldF9zcCI6IlBJS0EiLCJjdXN0b21lcl9hY2NvdW50cyI6IjgwMDYxOTU5IiwicHJvdmlkZXJfaWQiOiJQSUtBIiwiY3VzdG9tZXJfaWQiOiI4MDExNzEiLCJwcm92aWRlcl9uYW1lIjoiUElLQSJ9.hxPm7xu2EsP4QLReFpw1sBxC-HY9lql30AC6VIrCRrAYa1Epfeq1qW0l24AeZN81Czj0diuKzLbsN3v8w0AeHYMwfTMrzMvzAbicYp8IRn7GHvFvA-PF4xYrMbZpEpvkXaO7EiiRh_QLCNatlQ_9VHAkAJLKBJUzV0quASF7mS731dnNVlrNrq5-S0GaasCpBto1C-zQdspJd42Uyg9rAUAbhBDInQG9nd8l9TplfiXybUhnRoNPTh2bgTmJeo5J5tK4QkPnt2Q6zzjQSugthMsRe7sIC4iBf2XA52aNBcVVUPDIr6DnFDyljp149MOrTOeTTBBFFlxzspuXu4tZBkzahIc5z7F9oHRmoFUJm1CkgAoeorfVsLzjUzLb2M7NGpNw3ZBweeBBv9tGCbLUcCkQ3yQ49gt_wU48467EFmkeJonjLTZ0MzwObNgGusXEcEb6LNPJXU0zX3EpP1pJDId6dgiILUb3Llq7SFJlCoacEIk_rF3ujjg6rg6RrPaJFyEhsB0avOXCUljxLLm2PWoE3cNw8Fkf_zxkdpaOKk5j301mZ5ZSPsnRlwCFTZJ2xIYzD5RmenaNop7H7-b-XmcjX4K14e3l5unApIbhWoL6LAAUPnOrMofpzDzClTEAq5h8Nd62p3AjsfBfPUluNuBn-ctH0XtK1bL6D9zQ2fM
				X-Channel=SOBA
				X-Client-ID=2f4e1379addb2c6f059d53f622b6bf80
				X-Provider-ID=PAYMENT-ORDER
				X-Request-ID=f4817513-7cb5-46d0-ab2d-b4c29ba4295b
				Accept=*/*
				Content-Type=application/json
2025-04-10 17:46:36 [main] INFO  API_TEST - Payment Order Response - Status Code: 200
2025-04-10 17:46:36 [main] INFO  API_TEST - Payment Order Response - Headers: Connection=Keep-Alive
Transfer-Encoding=chunked
Date=Thu, 10 Apr 2025 10:46:36 GMT
Content-Type=application/json; charset=utf-8
X-Powered-By=Express
X-Request-Id=f4817513-7cb5-46d0-ab2d-b4c29ba4295b
ETag=W/"166-7X7IY4XUa2nEa8FoU/lA/gse2mI"
Strict-Transport-Security=max-age=63072000; includeSubDomains; preload
X-Global-Transaction-ID=a528cc0c67f79f8202900374
X-RateLimit-Limit=name=Default rate-limit,200;
X-RateLimit-Remaining=name=Default rate-limit,193;
X-BurstLimit-Limit=name=Default burst-limit,10;
X-BurstLimit-Remaining=name=Default burst-limit,9;
Content-Encoding=gzip
Set-Cookie=acb=369301770.58148.0000; path=/; Httponly; Secure
2025-04-10 17:46:36 [main] INFO  API_TEST - Payment Order Response - Body: 
{
    "requestTrace": "59800b51-a6a0-4c6e-b7ad-92612a21824a",
    "responseDateTime": "2025-04-10T17:46:36+07:00",
    "responseStatus": {
        "responseCode": "00000000",
        "responseMessage": "success"
    },
    "responseData": {
        "transaction": {
            "transactionTraceNumber": "TRACE1744281996013311",
            "status": "ORIG",
            "statusMessage": "Waiting for processed",
            "createdDateTime": "2025-04-10T10:46:36.000Z"
        }
    }
}
2025-04-10 17:46:36 [main] INFO  API_TEST - Payment Order Response - Status Code: 200
2025-04-10 17:46:36 [main] INFO  API_TEST - Payment Order Response - Headers: Connection=Keep-Alive
Transfer-Encoding=chunked
Date=Thu, 10 Apr 2025 10:46:36 GMT
Content-Type=application/json; charset=utf-8
X-Powered-By=Express
X-Request-Id=f4817513-7cb5-46d0-ab2d-b4c29ba4295b
ETag=W/"166-7X7IY4XUa2nEa8FoU/lA/gse2mI"
Strict-Transport-Security=max-age=63072000; includeSubDomains; preload
X-Global-Transaction-ID=a528cc0c67f79f8202900374
X-RateLimit-Limit=name=Default rate-limit,200;
X-RateLimit-Remaining=name=Default rate-limit,193;
X-BurstLimit-Limit=name=Default burst-limit,10;
X-BurstLimit-Remaining=name=Default burst-limit,9;
Content-Encoding=gzip
Set-Cookie=acb=369301770.58148.0000; path=/; Httponly; Secure
2025-04-10 17:46:36 [main] INFO  API_TEST - Payment Order Response - Body: 
{
    "requestTrace": "59800b51-a6a0-4c6e-b7ad-92612a21824a",
    "responseDateTime": "2025-04-10T17:46:36+07:00",
    "responseStatus": {
        "responseCode": "00000000",
        "responseMessage": "success"
    },
    "responseData": {
        "transaction": {
            "transactionTraceNumber": "TRACE1744281996013311",
            "status": "ORIG",
            "statusMessage": "Waiting for processed",
            "createdDateTime": "2025-04-10T10:46:36.000Z"
        }
    }
}
2025-04-10 17:46:41 [main] INFO  API_TEST - Sending Transaction History Request - transactionTraceNumber: TRACE1744281996013311, fromDate: 2025-04-10, toDate: 2025-04-10
2025-04-10 17:46:41 [main] INFO  API_TEST - Transaction History Request Body: None (GET request)
2025-04-10 17:46:41 [main] INFO  API_TEST - Sending Transaction History Request to: https://sandbox.acb.com.vn/acb/open/payments/payment-order/v2/transaction?transactionTraceNumber=TRACE1744281996013311&fromDate=2025-04-10&toDate=2025-04-10
2025-04-10 17:46:41 [main] INFO  API_TEST - Request Headers: X-Channel=SOBA, X-Client-ID=2f4e1379addb2c6f059d53f622b6bf80, X-Provider-ID=PAYMENT-ORDER, X-Request-ID=4a8efd2c-1c2d-4e38-aa98-95512a26ec32, Authorization=Bearer eyJhbGciOiJSUzI1NiIsInR5cCIgOiAiSldUIiwia2lkIiA6ICIyTDR2cFBsXzVQRUY5clljdksxb3dWbkZYeW1GeklyT3VJN3NOZkhSUC1zIn0.eyJleHAiOjE3NDQzMTA3ODAsImlhdCI6MTc0NDI4MTk4MCwianRpIjoiNDgwNjk2YzEtNjAzNi00MTNkLTkwZmMtMGE5YzhiMGE3YTcwIiwiaXNzIjoiaHR0cHM6Ly9pZC5hY2Iudm4vYXV0aC9yZWFsbXMvc29iYSIsInN1YiI6ImQxNWJiYjNhLTgxNTEtNGVhOC1hYTM1LTAxMmJiZjJhZTc0OSIsInR5cCI6IkJlYXJlciIsImF6cCI6IjJmNGUxMzc5YWRkYjJjNmYwNTlkNTNmNjIyYjZiZjgwIiwic2Vzc2lvbl9zdGF0ZSI6IjEwZDFiMjcwLTk1ZTUtNDVjNy05NTY4LWU2ODA0ZTcyZTRlNiIsImFjciI6IjEiLCJzY29wZSI6InNlcnZpY2U6cGF5bWVudC1vcmRlciBzZXJ2aWNlOnZpcnR1YWwtYWNjb3VudCBzZXJ2aWNlOmJlbmVmaWNpYXJ5IHNlcnZpY2U6dHJhbnNhY3Rpb24taGlzdG9yeSBzZXJ2aWNlOmFjY291bnQtaW5mb3JtYXRpb24gc2VydmljZTp0cmFuc2FjdGlvbi1ub3RpZmljYXRpb24gc2VydmljZTphdXRoZW50aWNhdGlvbiBzZXJ2aWNlOmV3YWxsZXQgc29iYS1hcGkgc2VydmljZTptZXJjaGFudC1zb2x1dGlvbiIsImN1c3RvbWVyX3R5cGUiOiJPUkciLCJjbGllbnRJZCI6IjJmNGUxMzc5YWRkYjJjNmYwNTlkNTNmNjIyYjZiZjgwIiwiY2xpZW50SG9zdCI6IjEyNy4wLjAuMSIsImFjY291bnRfbWFqb3JzIjoiQ0siLCJzZXJ2aWNlX3Byb3ZpZGVyIjp0cnVlLCJhY2NvdW50X21pbm9ycyI6IkcwMTEiLCJjbGllbnRBZGRyZXNzIjoiMTI3LjAuMC4xIiwic2VnbWVudDEiOiJQSUtBIiwiZXdhbGxldF9zcCI6IlBJS0EiLCJjdXN0b21lcl9hY2NvdW50cyI6IjgwMDYxOTU5IiwicHJvdmlkZXJfaWQiOiJQSUtBIiwiY3VzdG9tZXJfaWQiOiI4MDExNzEiLCJwcm92aWRlcl9uYW1lIjoiUElLQSJ9.hxPm7xu2EsP4QLReFpw1sBxC-HY9lql30AC6VIrCRrAYa1Epfeq1qW0l24AeZN81Czj0diuKzLbsN3v8w0AeHYMwfTMrzMvzAbicYp8IRn7GHvFvA-PF4xYrMbZpEpvkXaO7EiiRh_QLCNatlQ_9VHAkAJLKBJUzV0quASF7mS731dnNVlrNrq5-S0GaasCpBto1C-zQdspJd42Uyg9rAUAbhBDInQG9nd8l9TplfiXybUhnRoNPTh2bgTmJeo5J5tK4QkPnt2Q6zzjQSugthMsRe7sIC4iBf2XA52aNBcVVUPDIr6DnFDyljp149MOrTOeTTBBFFlxzspuXu4tZBkzahIc5z7F9oHRmoFUJm1CkgAoeorfVsLzjUzLb2M7NGpNw3ZBweeBBv9tGCbLUcCkQ3yQ49gt_wU48467EFmkeJonjLTZ0MzwObNgGusXEcEb6LNPJXU0zX3EpP1pJDId6dgiILUb3Llq7SFJlCoacEIk_rF3ujjg6rg6RrPaJFyEhsB0avOXCUljxLLm2PWoE3cNw8Fkf_zxkdpaOKk5j301mZ5ZSPsnRlwCFTZJ2xIYzD5RmenaNop7H7-b-XmcjX4K14e3l5unApIbhWoL6LAAUPnOrMofpzDzClTEAq5h8Nd62p3AjsfBfPUluNuBn-ctH0XtK1bL6D9zQ2fM
2025-04-10 17:46:42 [main] INFO  API_TEST - Response Status Code: 200
2025-04-10 17:46:42 [main] INFO  API_TEST - Response Headers: Connection=Keep-Alive
Transfer-Encoding=chunked
Date=Thu, 10 Apr 2025 10:46:42 GMT
Content-Type=application/json; charset=utf-8
X-Powered-By=Express
X-Request-Id=4a8efd2c-1c2d-4e38-aa98-95512a26ec32
ETag=W/"2bd-ysaSp5Y+USx7xRzsL1QMdwXbHNY"
Strict-Transport-Security=max-age=63072000; includeSubDomains; preload
X-Global-Transaction-ID=a528cc0c67f79f8701723015
X-RateLimit-Limit=name=Default rate-limit,200;
X-RateLimit-Remaining=name=Default rate-limit,192;
X-BurstLimit-Limit=name=Default burst-limit,10;
X-BurstLimit-Remaining=name=Default burst-limit,9;
Content-Encoding=gzip
Set-Cookie=acb=369301770.58148.0000; path=/; Httponly; Secure
2025-04-10 17:46:42 [main] INFO  API_TEST - Response Body: {"responseDateTime":"2025-04-10T17:46:42+07:00","responseStatus":{"responseCode":"00000000","responseMessage":"success"},"responseData":{"transactions":[{"transactionTraceNumber":"TRACE1744281996013311","status":"ORIG","statusMessage":null,"serviceChargeAmount":null,"sourceAcocuntNumber":"80061959","transactionNumber":null,"amount":{"sourceCurrency":"VND","targetCurrency":"VND","amount":"200000","exchangeRate":"1","exchangeAmount":"200000"},"remarks":"Chi don ","transactionType":"CITAD","beneficiary":{"citad":{"bank":{"citadCode":"01201001"},"target":{"account":{"accountNumber":"1015699329","beneficiaryName":"NGUYEN VAN C"}}}}}],"pagination":{"totalRows":1,"totalPages":1,"page":1,"size":20}}}
2025-04-10 17:46:42 [main] INFO  API_TEST - Transaction History Response - Status Code: 200
2025-04-10 17:46:42 [main] INFO  API_TEST - Transaction History Response - Headers: Connection=Keep-Alive
Transfer-Encoding=chunked
Date=Thu, 10 Apr 2025 10:46:42 GMT
Content-Type=application/json; charset=utf-8
X-Powered-By=Express
X-Request-Id=4a8efd2c-1c2d-4e38-aa98-95512a26ec32
ETag=W/"2bd-ysaSp5Y+USx7xRzsL1QMdwXbHNY"
Strict-Transport-Security=max-age=63072000; includeSubDomains; preload
X-Global-Transaction-ID=a528cc0c67f79f8701723015
X-RateLimit-Limit=name=Default rate-limit,200;
X-RateLimit-Remaining=name=Default rate-limit,192;
X-BurstLimit-Limit=name=Default burst-limit,10;
X-BurstLimit-Remaining=name=Default burst-limit,9;
Content-Encoding=gzip
Set-Cookie=acb=369301770.58148.0000; path=/; Httponly; Secure
2025-04-10 17:46:42 [main] INFO  API_TEST - Transaction History Response - Body: 
{
    "responseDateTime": "2025-04-10T17:46:42+07:00",
    "responseStatus": {
        "responseCode": "00000000",
        "responseMessage": "success"
    },
    "responseData": {
        "transactions": [
            {
                "transactionTraceNumber": "TRACE1744281996013311",
                "status": "ORIG",
                "statusMessage": null,
                "serviceChargeAmount": null,
                "sourceAcocuntNumber": "80061959",
                "transactionNumber": null,
                "amount": {
                    "sourceCurrency": "VND",
                    "targetCurrency": "VND",
                    "amount": "200000",
                    "exchangeRate": "1",
                    "exchangeAmount": "200000"
                },
                "remarks": "Chi don ",
                "transactionType": "CITAD",
                "beneficiary": {
                    "citad": {
                        "bank": {
                            "citadCode": "01201001"
                        },
                        "target": {
                            "account": {
                                "accountNumber": "1015699329",
                                "beneficiaryName": "NGUYEN VAN C"
                            }
                        }
                    }
                }
            }
        ],
        "pagination": {
            "totalRows": 1,
            "totalPages": 1,
            "page": 1,
            "size": 20
        }
    }
}
]]></system-out>
  </testcase>
</testsuite>